------------------------------------------------------------------------------------------------------------------------------
      name:  <unnamed>
       log:  C:\Users\qc18278\OneDrive - University of Bristol\Documents\GitHub\os-sch-children-2021\analysis\log/08_an_tablec
> ontent_HRtable_covid_icu.log
  log type:  text
 opened on:  24 Jul 2021, 14:55:17

. 
. 
. ***********************************************************************************************************************
. *Generic code to ouput the HRs across outcomes for all levels of a particular variables, in the right shape for table
. cap prog drop outputHRsforvar

. prog define outputHRsforvar
  1. syntax, variable(string) min(real) max(real) outcome(string)
  2. foreach period in 1 2 3 {
  3. forvalues x=0/1 {
  4. file write tablecontents ("age") ("`x'") _n
  5. forvalues i=`min'/`max'{
  6. local endwith "_tab"
  7. 
.         *put the varname and condition to left so that alignment can be checked vs shell
.         file write tablecontents ("`variable'") _tab ("`i'") _tab ("`period'") _tab 
  8.         
.         use "$tempdir/cr_create_analysis_dataset_STSET_`outcome'_ageband_`x'.dta", clear
  9.         *put total N, PYFU and Rate in table
.         cou if `variable' == `i' & _d == 1
 10.         local event = r(N)
 11.     bysort `variable': egen total_follow_up = total(_t)
 12.         su total_follow_up if `variable' == `i'
 13.         local person_days = r(mean)
 14.         local person_years=`person_days'/365.25
 15.         local rate = 100000*(`event'/`person_years')
 16.         
.         file write tablecontents (`event') _tab %10.0f (`person_years') _tab %3.2f (`rate') _tab
 17.         drop total_follow_up
 18.         
.         
.         *models
.         foreach modeltype of any minadj demogadj fulladj  {
 19.         
.                 local noestimatesflag 0 /*reset*/
 20. 
. *CHANGE THE OUTCOME BELOW TO LAST IF BRINGING IN MORE COLS
.                 if "`modeltype'"=="fulladj" local endwith "_n"
 21. 
.                 ***********************
.                 *1) GET THE RIGHT ESTIMATES INTO MEMORY
.                 
.                 if "`modeltype'"=="minadj" {
 22.                         cap estimates use ./output/an_univariable_cox_models_`variable'_`outcome'_AGESEX_ageband_`x'_time
> period`period'
 23.                         if _rc!=0 local noestimatesflag 1
 24.                         }
 25.                 if "`modeltype'"=="demogadj" {
 26.                         cap estimates use ./output/an_multivariate_cox_models_`outcome'_`variable'_DEMOGADJ_ageband_`x'_t
> imeperiod`period'
 27.                         if _rc!=0 local noestimatesflag 1
 28.                         }
 29.                 if "`modeltype'"=="fulladj" {
 30.                         cap estimates use ./output/an_multivariate_cox_models_`outcome'_`variable'_MAINFULLYADJMODEL_ageb
> and_`x'_timeperiod`period' 
 31.                         if _rc!=0 local noestimatesflag 1
 32.                         }
 33.                 
.                 ***********************
.                 *2) WRITE THE HRs TO THE OUTPUT FILE
.                 
.                 if `noestimatesflag'==0{
 34.                         cap lincom `i'.`variable', eform
 35.                         if _rc==0 file write tablecontents %4.2f (r(estimate)) (" (") %4.2f (r(lb)) ("-") %4.2f (r(ub)) (
> ")") `endwith'
 36.                                 else file write tablecontents %4.2f ("ERR IN MODEL") `endwith'
 37.                         }
 38.                         else file write tablecontents %4.2f ("DID NOT FIT") `endwith' 
 39.                         
.                 *3) Save the estimates for plotting
.                 if `noestimatesflag'==0{
 40.                         if "`modeltype'"=="fulladj" {
 41.                                 local hr = r(estimate)
 42.                                 local lb = r(lb)
 43.                                 local ub = r(ub)
 44.                                 cap gen `variable'=.
 45.                                 testparm i.`variable'
 46.                                 *drop `variable'
.                                 }
 47.                 }       
 48.                 } /*min adj, full adj*/
 49.                 
. } /*variable levels*/
 50. 
. } /*agebands*/
 51. 
. } /*Waves*/
 52. end

. ***********************************************************************************************************************
. /*Generic code to write a full row of "ref category" to the output file
> cap prog drop refline
> prog define refline
> file write tablecontents _tab _tab ("1.00 (ref)") _tab ("1.00 (ref)")  _n
> end*/
. ***********************************************************************************************************************
. 
. *MAIN CODE TO PRODUCE TABLE CONTENTS
. 
. cap file close tablecontents

. file open tablecontents using ./output/an_tablecontents_HRtable_`outcome'.txt, t w replace 

. 
. *Primary exposure
. outputHRsforvar, variable("kids_cat4") min(0) max(3) outcome(`outcome')
  312

    Variable |        Obs        Mean    Std. Dev.       Min        Max
-------------+---------------------------------------------------------
total_foll~p |        405       43874           0      43874      43874

 ( 1)  1.kids_cat4 = 0
 ( 2)  2.kids_cat4 = 0
 ( 3)  3.kids_cat4 = 0

           chi2(  3) =    2.26
         Prob > chi2 =    0.5199
  1,197

    Variable |        Obs        Mean    Std. Dev.       Min        Max
-------------+---------------------------------------------------------
total_foll~p |      1,561      167355           0     167355     167355

 ( 1)  1.kids_cat4 = 0
 ( 2)  2.kids_cat4 = 0
 ( 3)  3.kids_cat4 = 0

           chi2(  3) =    2.26
         Prob > chi2 =    0.5199
  203

    Variable |        Obs        Mean    Std. Dev.       Min        Max
-------------+---------------------------------------------------------
total_foll~p |        273       31372           0      31372      31372

 ( 1)  1.kids_cat4 = 0
 ( 2)  2.kids_cat4 = 0
 ( 3)  3.kids_cat4 = 0

           chi2(  3) =    2.26
         Prob > chi2 =    0.5199
  10,708

    Variable |        Obs        Mean    Std. Dev.       Min        Max
-------------+---------------------------------------------------------
total_foll~p |     13,768     1461816           0    1461816    1461816

 ( 1)  1.kids_cat4 = 0
 ( 2)  2.kids_cat4 = 0
 ( 3)  3.kids_cat4 = 0

           chi2(  3) =    2.26
         Prob > chi2 =    0.5199
  109

    Variable |        Obs        Mean    Std. Dev.       Min        Max
-------------+---------------------------------------------------------
total_foll~p |        143       14748           0      14748      14748

 ( 1)  1.kids_cat4 = 0
 ( 2)  2.kids_cat4 = 0
 ( 3)  3.kids_cat4 = 0

           chi2(  3) =    0.76
         Prob > chi2 =    0.8600
  342

    Variable |        Obs        Mean    Std. Dev.       Min        Max
-------------+---------------------------------------------------------
total_foll~p |        455       48600           0      48600      48600

 ( 1)  1.kids_cat4 = 0
 ( 2)  2.kids_cat4 = 0
 ( 3)  3.kids_cat4 = 0

           chi2(  3) =    0.76
         Prob > chi2 =    0.8600
  70

    Variable |        Obs        Mean    Std. Dev.       Min        Max
-------------+---------------------------------------------------------
total_foll~p |         85        8666           0       8666       8666

 ( 1)  1.kids_cat4 = 0
 ( 2)  2.kids_cat4 = 0
 ( 3)  3.kids_cat4 = 0

           chi2(  3) =    0.76
         Prob > chi2 =    0.8600
  3,067

    Variable |        Obs        Mean    Std. Dev.       Min        Max
-------------+---------------------------------------------------------
total_foll~p |      3,922      421665           0     421665     421665

 ( 1)  1.kids_cat4 = 0
 ( 2)  2.kids_cat4 = 0
 ( 3)  3.kids_cat4 = 0

           chi2(  3) =    0.76
         Prob > chi2 =    0.8600
  312

    Variable |        Obs        Mean    Std. Dev.       Min        Max
-------------+---------------------------------------------------------
total_foll~p |        405       43874           0      43874      43874

 ( 1)  1.kids_cat4 = 0
 ( 2)  2.kids_cat4 = 0
 ( 3)  3.kids_cat4 = 0

           chi2(  3) =    4.91
         Prob > chi2 =    0.1788
  1,197

    Variable |        Obs        Mean    Std. Dev.       Min        Max
-------------+---------------------------------------------------------
total_foll~p |      1,561      167355           0     167355     167355

 ( 1)  1.kids_cat4 = 0
 ( 2)  2.kids_cat4 = 0
 ( 3)  3.kids_cat4 = 0

           chi2(  3) =    4.91
         Prob > chi2 =    0.1788
  203

    Variable |        Obs        Mean    Std. Dev.       Min        Max
-------------+---------------------------------------------------------
total_foll~p |        273       31372           0      31372      31372

 ( 1)  1.kids_cat4 = 0
 ( 2)  2.kids_cat4 = 0
 ( 3)  3.kids_cat4 = 0

           chi2(  3) =    4.91
         Prob > chi2 =    0.1788
  10,708

    Variable |        Obs        Mean    Std. Dev.       Min        Max
-------------+---------------------------------------------------------
total_foll~p |     13,768     1461816           0    1461816    1461816

 ( 1)  1.kids_cat4 = 0
 ( 2)  2.kids_cat4 = 0
 ( 3)  3.kids_cat4 = 0

           chi2(  3) =    4.91
         Prob > chi2 =    0.1788
  109

    Variable |        Obs        Mean    Std. Dev.       Min        Max
-------------+---------------------------------------------------------
total_foll~p |        143       14748           0      14748      14748

 ( 1)  1.kids_cat4 = 0
 ( 2)  2.kids_cat4 = 0
 ( 3)  3.kids_cat4 = 0

           chi2(  3) =    5.62
         Prob > chi2 =    0.1316
  342

    Variable |        Obs        Mean    Std. Dev.       Min        Max
-------------+---------------------------------------------------------
total_foll~p |        455       48600           0      48600      48600

 ( 1)  1.kids_cat4 = 0
 ( 2)  2.kids_cat4 = 0
 ( 3)  3.kids_cat4 = 0

           chi2(  3) =    5.62
         Prob > chi2 =    0.1316
  70

    Variable |        Obs        Mean    Std. Dev.       Min        Max
-------------+---------------------------------------------------------
total_foll~p |         85        8666           0       8666       8666

 ( 1)  1.kids_cat4 = 0
 ( 2)  2.kids_cat4 = 0
 ( 3)  3.kids_cat4 = 0

           chi2(  3) =    5.62
         Prob > chi2 =    0.1316
  3,067

    Variable |        Obs        Mean    Std. Dev.       Min        Max
-------------+---------------------------------------------------------
total_foll~p |      3,922      421665           0     421665     421665

 ( 1)  1.kids_cat4 = 0
 ( 2)  2.kids_cat4 = 0
 ( 3)  3.kids_cat4 = 0

           chi2(  3) =    5.62
         Prob > chi2 =    0.1316
  312

    Variable |        Obs        Mean    Std. Dev.       Min        Max
-------------+---------------------------------------------------------
total_foll~p |        405       43874           0      43874      43874
  1,197

    Variable |        Obs        Mean    Std. Dev.       Min        Max
-------------+---------------------------------------------------------
total_foll~p |      1,561      167355           0     167355     167355
  203

    Variable |        Obs        Mean    Std. Dev.       Min        Max
-------------+---------------------------------------------------------
total_foll~p |        273       31372           0      31372      31372
  10,708

    Variable |        Obs        Mean    Std. Dev.       Min        Max
-------------+---------------------------------------------------------
total_foll~p |     13,768     1461816           0    1461816    1461816
  109

    Variable |        Obs        Mean    Std. Dev.       Min        Max
-------------+---------------------------------------------------------
total_foll~p |        143       14748           0      14748      14748
  342

    Variable |        Obs        Mean    Std. Dev.       Min        Max
-------------+---------------------------------------------------------
total_foll~p |        455       48600           0      48600      48600
  70

    Variable |        Obs        Mean    Std. Dev.       Min        Max
-------------+---------------------------------------------------------
total_foll~p |         85        8666           0       8666       8666
  3,067

    Variable |        Obs        Mean    Std. Dev.       Min        Max
-------------+---------------------------------------------------------
total_foll~p |      3,922      421665           0     421665     421665

. file write tablecontents _n

. 
. *Number kids
. outputHRsforvar, variable("gp_number_kids") min(0) max(4) outcome(`outcome')
  0

    Variable |        Obs        Mean    Std. Dev.       Min        Max
-------------+---------------------------------------------------------
total_foll~p |          0

 ( 1)  2.gp_number_kids = 0
 ( 2)  3.gp_number_kids = 0
 ( 3)  4.gp_number_kids = 0

           chi2(  3) =    1.42
         Prob > chi2 =    0.7012
  341

    Variable |        Obs        Mean    Std. Dev.       Min        Max
-------------+---------------------------------------------------------
total_foll~p |        424       44959           0      44959      44959

 ( 1)  2.gp_number_kids = 0
 ( 2)  3.gp_number_kids = 0
 ( 3)  4.gp_number_kids = 0

           chi2(  3) =    1.42
         Prob > chi2 =    0.7012
  211

    Variable |        Obs        Mean    Std. Dev.       Min        Max
-------------+---------------------------------------------------------
total_foll~p |        284       30406           0      30406      30406

 ( 1)  2.gp_number_kids = 0
 ( 2)  3.gp_number_kids = 0
 ( 3)  4.gp_number_kids = 0

           chi2(  3) =    1.42
         Prob > chi2 =    0.7012
  205

    Variable |        Obs        Mean    Std. Dev.       Min        Max
-------------+---------------------------------------------------------
total_foll~p |        279       30837           0      30837      30837

 ( 1)  2.gp_number_kids = 0
 ( 2)  3.gp_number_kids = 0
 ( 3)  4.gp_number_kids = 0

           chi2(  3) =    1.42
         Prob > chi2 =    0.7012
  440

    Variable |        Obs        Mean    Std. Dev.       Min        Max
-------------+---------------------------------------------------------
total_foll~p |        574       61153           0      61153      61153

 ( 1)  2.gp_number_kids = 0
 ( 2)  3.gp_number_kids = 0
 ( 3)  4.gp_number_kids = 0

           chi2(  3) =    1.42
         Prob > chi2 =    0.7012
  0

    Variable |        Obs        Mean    Std. Dev.       Min        Max
-------------+---------------------------------------------------------
total_foll~p |          0

 ( 1)  2.gp_number_kids = 0
 ( 2)  3.gp_number_kids = 0
 ( 3)  4.gp_number_kids = 0

           chi2(  3) =    5.23
         Prob > chi2 =    0.1556
  111

    Variable |        Obs        Mean    Std. Dev.       Min        Max
-------------+---------------------------------------------------------
total_foll~p |        136       13890           0      13890      13890

 ( 1)  2.gp_number_kids = 0
 ( 2)  3.gp_number_kids = 0
 ( 3)  4.gp_number_kids = 0

           chi2(  3) =    5.23
         Prob > chi2 =    0.1556
  54

    Variable |        Obs        Mean    Std. Dev.       Min        Max
-------------+---------------------------------------------------------
total_foll~p |         76        8762           0       8762       8762

 ( 1)  2.gp_number_kids = 0
 ( 2)  3.gp_number_kids = 0
 ( 3)  4.gp_number_kids = 0

           chi2(  3) =    5.23
         Prob > chi2 =    0.1556
  58

    Variable |        Obs        Mean    Std. Dev.       Min        Max
-------------+---------------------------------------------------------
total_foll~p |         74        8031           0       8031       8031

 ( 1)  2.gp_number_kids = 0
 ( 2)  3.gp_number_kids = 0
 ( 3)  4.gp_number_kids = 0

           chi2(  3) =    5.23
         Prob > chi2 =    0.1556
  119

    Variable |        Obs        Mean    Std. Dev.       Min        Max
-------------+---------------------------------------------------------
total_foll~p |        169       17917           0      17917      17917

 ( 1)  2.gp_number_kids = 0
 ( 2)  3.gp_number_kids = 0
 ( 3)  4.gp_number_kids = 0

           chi2(  3) =    5.23
         Prob > chi2 =    0.1556
  0

    Variable |        Obs        Mean    Std. Dev.       Min        Max
-------------+---------------------------------------------------------
total_foll~p |          0

 ( 1)  2.gp_number_kids = 0
 ( 2)  3.gp_number_kids = 0
 ( 3)  4.gp_number_kids = 0

           chi2(  3) =    0.15
         Prob > chi2 =    0.9858
  341

    Variable |        Obs        Mean    Std. Dev.       Min        Max
-------------+---------------------------------------------------------
total_foll~p |        424       44959           0      44959      44959

 ( 1)  2.gp_number_kids = 0
 ( 2)  3.gp_number_kids = 0
 ( 3)  4.gp_number_kids = 0

           chi2(  3) =    0.15
         Prob > chi2 =    0.9858
  211

    Variable |        Obs        Mean    Std. Dev.       Min        Max
-------------+---------------------------------------------------------
total_foll~p |        284       30406           0      30406      30406

 ( 1)  2.gp_number_kids = 0
 ( 2)  3.gp_number_kids = 0
 ( 3)  4.gp_number_kids = 0

           chi2(  3) =    0.15
         Prob > chi2 =    0.9858
  205

    Variable |        Obs        Mean    Std. Dev.       Min        Max
-------------+---------------------------------------------------------
total_foll~p |        279       30837           0      30837      30837

 ( 1)  2.gp_number_kids = 0
 ( 2)  3.gp_number_kids = 0
 ( 3)  4.gp_number_kids = 0

           chi2(  3) =    0.15
         Prob > chi2 =    0.9858
  440

    Variable |        Obs        Mean    Std. Dev.       Min        Max
-------------+---------------------------------------------------------
total_foll~p |        574       61153           0      61153      61153

 ( 1)  2.gp_number_kids = 0
 ( 2)  3.gp_number_kids = 0
 ( 3)  4.gp_number_kids = 0

           chi2(  3) =    0.15
         Prob > chi2 =    0.9858
  0

    Variable |        Obs        Mean    Std. Dev.       Min        Max
-------------+---------------------------------------------------------
total_foll~p |          0

 ( 1)  2.gp_number_kids = 0
 ( 2)  3.gp_number_kids = 0
 ( 3)  4.gp_number_kids = 0

           chi2(  3) =    1.97
         Prob > chi2 =    0.5795
  111

    Variable |        Obs        Mean    Std. Dev.       Min        Max
-------------+---------------------------------------------------------
total_foll~p |        136       13890           0      13890      13890

 ( 1)  2.gp_number_kids = 0
 ( 2)  3.gp_number_kids = 0
 ( 3)  4.gp_number_kids = 0

           chi2(  3) =    1.97
         Prob > chi2 =    0.5795
  54

    Variable |        Obs        Mean    Std. Dev.       Min        Max
-------------+---------------------------------------------------------
total_foll~p |         76        8762           0       8762       8762

 ( 1)  2.gp_number_kids = 0
 ( 2)  3.gp_number_kids = 0
 ( 3)  4.gp_number_kids = 0

           chi2(  3) =    1.97
         Prob > chi2 =    0.5795
  58

    Variable |        Obs        Mean    Std. Dev.       Min        Max
-------------+---------------------------------------------------------
total_foll~p |         74        8031           0       8031       8031

 ( 1)  2.gp_number_kids = 0
 ( 2)  3.gp_number_kids = 0
 ( 3)  4.gp_number_kids = 0

           chi2(  3) =    1.97
         Prob > chi2 =    0.5795
  119

    Variable |        Obs        Mean    Std. Dev.       Min        Max
-------------+---------------------------------------------------------
total_foll~p |        169       17917           0      17917      17917

 ( 1)  2.gp_number_kids = 0
 ( 2)  3.gp_number_kids = 0
 ( 3)  4.gp_number_kids = 0

           chi2(  3) =    1.97
         Prob > chi2 =    0.5795
  0

    Variable |        Obs        Mean    Std. Dev.       Min        Max
-------------+---------------------------------------------------------
total_foll~p |          0
  341

    Variable |        Obs        Mean    Std. Dev.       Min        Max
-------------+---------------------------------------------------------
total_foll~p |        424       44959           0      44959      44959
  211

    Variable |        Obs        Mean    Std. Dev.       Min        Max
-------------+---------------------------------------------------------
total_foll~p |        284       30406           0      30406      30406
  205

    Variable |        Obs        Mean    Std. Dev.       Min        Max
-------------+---------------------------------------------------------
total_foll~p |        279       30837           0      30837      30837
  440

    Variable |        Obs        Mean    Std. Dev.       Min        Max
-------------+---------------------------------------------------------
total_foll~p |        574       61153           0      61153      61153
  0

    Variable |        Obs        Mean    Std. Dev.       Min        Max
-------------+---------------------------------------------------------
total_foll~p |          0
  111

    Variable |        Obs        Mean    Std. Dev.       Min        Max
-------------+---------------------------------------------------------
total_foll~p |        136       13890           0      13890      13890
  54

    Variable |        Obs        Mean    Std. Dev.       Min        Max
-------------+---------------------------------------------------------
total_foll~p |         76        8762           0       8762       8762
  58

    Variable |        Obs        Mean    Std. Dev.       Min        Max
-------------+---------------------------------------------------------
total_foll~p |         74        8031           0       8031       8031
  119

    Variable |        Obs        Mean    Std. Dev.       Min        Max
-------------+---------------------------------------------------------
total_foll~p |        169       17917           0      17917      17917

. file write tablecontents _n 

. 
. file close tablecontents

. 
. 
. log close
      name:  <unnamed>
       log:  C:\Users\qc18278\OneDrive - University of Bristol\Documents\GitHub\os-sch-children-2021\analysis\log/08_an_tablec
> ontent_HRtable_covid_icu.log
  log type:  text
 closed on:  24 Jul 2021, 14:55:49
------------------------------------------------------------------------------------------------------------------------------
