------------------------------------------------------------------------------------------------------------------------------
      name:  <unnamed>
       log:  C:\Users\qc18278\OneDrive - University of Bristol\Documents\GitHub\os-sch-children-2021\analysis\log/08_an_tablec
> ontent_HRtable_covidadmission.log
  log type:  text
 opened on:  24 Jul 2021, 14:55:49

. 
. 
. ***********************************************************************************************************************
. *Generic code to ouput the HRs across outcomes for all levels of a particular variables, in the right shape for table
. cap prog drop outputHRsforvar

. prog define outputHRsforvar
  1. syntax, variable(string) min(real) max(real) outcome(string)
  2. foreach period in 1 2 3 {
  3. forvalues x=0/1 {
  4. file write tablecontents ("age") ("`x'") _n
  5. forvalues i=`min'/`max'{
  6. local endwith "_tab"
  7. 
.         *put the varname and condition to left so that alignment can be checked vs shell
.         file write tablecontents ("`variable'") _tab ("`i'") _tab ("`period'") _tab 
  8.         
.         use "$tempdir/cr_create_analysis_dataset_STSET_`outcome'_ageband_`x'.dta", clear
  9.         *put total N, PYFU and Rate in table
.         cou if `variable' == `i' & _d == 1
 10.         local event = r(N)
 11.     bysort `variable': egen total_follow_up = total(_t)
 12.         su total_follow_up if `variable' == `i'
 13.         local person_days = r(mean)
 14.         local person_years=`person_days'/365.25
 15.         local rate = 100000*(`event'/`person_years')
 16.         
.         file write tablecontents (`event') _tab %10.0f (`person_years') _tab %3.2f (`rate') _tab
 17.         drop total_follow_up
 18.         
.         
.         *models
.         foreach modeltype of any minadj demogadj fulladj  {
 19.         
.                 local noestimatesflag 0 /*reset*/
 20. 
. *CHANGE THE OUTCOME BELOW TO LAST IF BRINGING IN MORE COLS
.                 if "`modeltype'"=="fulladj" local endwith "_n"
 21. 
.                 ***********************
.                 *1) GET THE RIGHT ESTIMATES INTO MEMORY
.                 
.                 if "`modeltype'"=="minadj" {
 22.                         cap estimates use ./output/an_univariable_cox_models_`variable'_`outcome'_AGESEX_ageband_`x'_time
> period`period'
 23.                         if _rc!=0 local noestimatesflag 1
 24.                         }
 25.                 if "`modeltype'"=="demogadj" {
 26.                         cap estimates use ./output/an_multivariate_cox_models_`outcome'_`variable'_DEMOGADJ_ageband_`x'_t
> imeperiod`period'
 27.                         if _rc!=0 local noestimatesflag 1
 28.                         }
 29.                 if "`modeltype'"=="fulladj" {
 30.                         cap estimates use ./output/an_multivariate_cox_models_`outcome'_`variable'_MAINFULLYADJMODEL_ageb
> and_`x'_timeperiod`period' 
 31.                         if _rc!=0 local noestimatesflag 1
 32.                         }
 33.                 
.                 ***********************
.                 *2) WRITE THE HRs TO THE OUTPUT FILE
.                 
.                 if `noestimatesflag'==0{
 34.                         cap lincom `i'.`variable', eform
 35.                         if _rc==0 file write tablecontents %4.2f (r(estimate)) (" (") %4.2f (r(lb)) ("-") %4.2f (r(ub)) (
> ")") `endwith'
 36.                                 else file write tablecontents %4.2f ("ERR IN MODEL") `endwith'
 37.                         }
 38.                         else file write tablecontents %4.2f ("DID NOT FIT") `endwith' 
 39.                         
.                 *3) Save the estimates for plotting
.                 if `noestimatesflag'==0{
 40.                         if "`modeltype'"=="fulladj" {
 41.                                 local hr = r(estimate)
 42.                                 local lb = r(lb)
 43.                                 local ub = r(ub)
 44.                                 cap gen `variable'=.
 45.                                 testparm i.`variable'
 46.                                 *drop `variable'
.                                 }
 47.                 }       
 48.                 } /*min adj, full adj*/
 49.                 
. } /*variable levels*/
 50. 
. } /*agebands*/
 51. 
. } /*Waves*/
 52. end

. ***********************************************************************************************************************
. /*Generic code to write a full row of "ref category" to the output file
> cap prog drop refline
> prog define refline
> file write tablecontents _tab _tab ("1.00 (ref)") _tab ("1.00 (ref)")  _n
> end*/
. ***********************************************************************************************************************
. 
. *MAIN CODE TO PRODUCE TABLE CONTENTS
. 
. cap file close tablecontents

. file open tablecontents using ./output/an_tablecontents_HRtable_`outcome'.txt, t w replace 

. 
. *Primary exposure
. outputHRsforvar, variable("kids_cat4") min(0) max(3) outcome(`outcome')
  167

    Variable |        Obs        Mean    Std. Dev.       Min        Max
-------------+---------------------------------------------------------
total_foll~p |        405       41882           0      41882      41882

 ( 1)  1.kids_cat4 = 0
 ( 2)  2.kids_cat4 = 0
 ( 3)  3.kids_cat4 = 0

           chi2(  3) =    1.92
         Prob > chi2 =    0.5894
  694

    Variable |        Obs        Mean    Std. Dev.       Min        Max
-------------+---------------------------------------------------------
total_foll~p |      1,561      163799           0     163799     163799

 ( 1)  1.kids_cat4 = 0
 ( 2)  2.kids_cat4 = 0
 ( 3)  3.kids_cat4 = 0

           chi2(  3) =    1.92
         Prob > chi2 =    0.5894
  124

    Variable |        Obs        Mean    Std. Dev.       Min        Max
-------------+---------------------------------------------------------
total_foll~p |        273       28916           0      28916      28916

 ( 1)  1.kids_cat4 = 0
 ( 2)  2.kids_cat4 = 0
 ( 3)  3.kids_cat4 = 0

           chi2(  3) =    1.92
         Prob > chi2 =    0.5894
  6,168

    Variable |        Obs        Mean    Std. Dev.       Min        Max
-------------+---------------------------------------------------------
total_foll~p |     13,768     1429670           0    1429670    1429670

 ( 1)  1.kids_cat4 = 0
 ( 2)  2.kids_cat4 = 0
 ( 3)  3.kids_cat4 = 0

           chi2(  3) =    1.92
         Prob > chi2 =    0.5894
  52

    Variable |        Obs        Mean    Std. Dev.       Min        Max
-------------+---------------------------------------------------------
total_foll~p |        143       14156           0      14156      14156

 ( 1)  1.kids_cat4 = 0
 ( 2)  2.kids_cat4 = 0
 ( 3)  3.kids_cat4 = 0

           chi2(  3) =    7.37
         Prob > chi2 =    0.0609
  196

    Variable |        Obs        Mean    Std. Dev.       Min        Max
-------------+---------------------------------------------------------
total_foll~p |        455       46437           0      46437      46437

 ( 1)  1.kids_cat4 = 0
 ( 2)  2.kids_cat4 = 0
 ( 3)  3.kids_cat4 = 0

           chi2(  3) =    7.37
         Prob > chi2 =    0.0609
  45

    Variable |        Obs        Mean    Std. Dev.       Min        Max
-------------+---------------------------------------------------------
total_foll~p |         85        8336           0       8336       8336

 ( 1)  1.kids_cat4 = 0
 ( 2)  2.kids_cat4 = 0
 ( 3)  3.kids_cat4 = 0

           chi2(  3) =    7.37
         Prob > chi2 =    0.0609
  1,809

    Variable |        Obs        Mean    Std. Dev.       Min        Max
-------------+---------------------------------------------------------
total_foll~p |      3,922      404353           0     404353     404353

 ( 1)  1.kids_cat4 = 0
 ( 2)  2.kids_cat4 = 0
 ( 3)  3.kids_cat4 = 0

           chi2(  3) =    7.37
         Prob > chi2 =    0.0609
  167

    Variable |        Obs        Mean    Std. Dev.       Min        Max
-------------+---------------------------------------------------------
total_foll~p |        405       41882           0      41882      41882

 ( 1)  1.kids_cat4 = 0
 ( 2)  2.kids_cat4 = 0
 ( 3)  3.kids_cat4 = 0

           chi2(  3) =    3.62
         Prob > chi2 =    0.3053
  694

    Variable |        Obs        Mean    Std. Dev.       Min        Max
-------------+---------------------------------------------------------
total_foll~p |      1,561      163799           0     163799     163799

 ( 1)  1.kids_cat4 = 0
 ( 2)  2.kids_cat4 = 0
 ( 3)  3.kids_cat4 = 0

           chi2(  3) =    3.62
         Prob > chi2 =    0.3053
  124

    Variable |        Obs        Mean    Std. Dev.       Min        Max
-------------+---------------------------------------------------------
total_foll~p |        273       28916           0      28916      28916

 ( 1)  1.kids_cat4 = 0
 ( 2)  2.kids_cat4 = 0
 ( 3)  3.kids_cat4 = 0

           chi2(  3) =    3.62
         Prob > chi2 =    0.3053
  6,168

    Variable |        Obs        Mean    Std. Dev.       Min        Max
-------------+---------------------------------------------------------
total_foll~p |     13,768     1429670           0    1429670    1429670

 ( 1)  1.kids_cat4 = 0
 ( 2)  2.kids_cat4 = 0
 ( 3)  3.kids_cat4 = 0

           chi2(  3) =    3.62
         Prob > chi2 =    0.3053
  52

    Variable |        Obs        Mean    Std. Dev.       Min        Max
-------------+---------------------------------------------------------
total_foll~p |        143       14156           0      14156      14156

 ( 1)  1.kids_cat4 = 0
 ( 2)  2.kids_cat4 = 0
 ( 3)  3.kids_cat4 = 0

           chi2(  3) =    1.69
         Prob > chi2 =    0.6398
  196

    Variable |        Obs        Mean    Std. Dev.       Min        Max
-------------+---------------------------------------------------------
total_foll~p |        455       46437           0      46437      46437

 ( 1)  1.kids_cat4 = 0
 ( 2)  2.kids_cat4 = 0
 ( 3)  3.kids_cat4 = 0

           chi2(  3) =    1.69
         Prob > chi2 =    0.6398
  45

    Variable |        Obs        Mean    Std. Dev.       Min        Max
-------------+---------------------------------------------------------
total_foll~p |         85        8336           0       8336       8336

 ( 1)  1.kids_cat4 = 0
 ( 2)  2.kids_cat4 = 0
 ( 3)  3.kids_cat4 = 0

           chi2(  3) =    1.69
         Prob > chi2 =    0.6398
  1,809

    Variable |        Obs        Mean    Std. Dev.       Min        Max
-------------+---------------------------------------------------------
total_foll~p |      3,922      404353           0     404353     404353

 ( 1)  1.kids_cat4 = 0
 ( 2)  2.kids_cat4 = 0
 ( 3)  3.kids_cat4 = 0

           chi2(  3) =    1.69
         Prob > chi2 =    0.6398
  167

    Variable |        Obs        Mean    Std. Dev.       Min        Max
-------------+---------------------------------------------------------
total_foll~p |        405       41882           0      41882      41882
  694

    Variable |        Obs        Mean    Std. Dev.       Min        Max
-------------+---------------------------------------------------------
total_foll~p |      1,561      163799           0     163799     163799
  124

    Variable |        Obs        Mean    Std. Dev.       Min        Max
-------------+---------------------------------------------------------
total_foll~p |        273       28916           0      28916      28916
  6,168

    Variable |        Obs        Mean    Std. Dev.       Min        Max
-------------+---------------------------------------------------------
total_foll~p |     13,768     1429670           0    1429670    1429670
  52

    Variable |        Obs        Mean    Std. Dev.       Min        Max
-------------+---------------------------------------------------------
total_foll~p |        143       14156           0      14156      14156
  196

    Variable |        Obs        Mean    Std. Dev.       Min        Max
-------------+---------------------------------------------------------
total_foll~p |        455       46437           0      46437      46437
  45

    Variable |        Obs        Mean    Std. Dev.       Min        Max
-------------+---------------------------------------------------------
total_foll~p |         85        8336           0       8336       8336
  1,809

    Variable |        Obs        Mean    Std. Dev.       Min        Max
-------------+---------------------------------------------------------
total_foll~p |      3,922      404353           0     404353     404353

. file write tablecontents _n

. 
. *Number kids
. outputHRsforvar, variable("gp_number_kids") min(0) max(4) outcome(`outcome')
  0

    Variable |        Obs        Mean    Std. Dev.       Min        Max
-------------+---------------------------------------------------------
total_foll~p |          0

 ( 1)  2.gp_number_kids = 0
 ( 2)  3.gp_number_kids = 0
 ( 3)  4.gp_number_kids = 0

           chi2(  3) =    0.71
         Prob > chi2 =    0.8697
  193

    Variable |        Obs        Mean    Std. Dev.       Min        Max
-------------+---------------------------------------------------------
total_foll~p |        424       44305           0      44305      44305

 ( 1)  2.gp_number_kids = 0
 ( 2)  3.gp_number_kids = 0
 ( 3)  4.gp_number_kids = 0

           chi2(  3) =    0.71
         Prob > chi2 =    0.8697
  127

    Variable |        Obs        Mean    Std. Dev.       Min        Max
-------------+---------------------------------------------------------
total_foll~p |        284       29949           0      29949      29949

 ( 1)  2.gp_number_kids = 0
 ( 2)  3.gp_number_kids = 0
 ( 3)  4.gp_number_kids = 0

           chi2(  3) =    0.71
         Prob > chi2 =    0.8697
  127

    Variable |        Obs        Mean    Std. Dev.       Min        Max
-------------+---------------------------------------------------------
total_foll~p |        279       29970           0      29970      29970

 ( 1)  2.gp_number_kids = 0
 ( 2)  3.gp_number_kids = 0
 ( 3)  4.gp_number_kids = 0

           chi2(  3) =    0.71
         Prob > chi2 =    0.8697
  247

    Variable |        Obs        Mean    Std. Dev.       Min        Max
-------------+---------------------------------------------------------
total_foll~p |        574       59575           0      59575      59575

 ( 1)  2.gp_number_kids = 0
 ( 2)  3.gp_number_kids = 0
 ( 3)  4.gp_number_kids = 0

           chi2(  3) =    0.71
         Prob > chi2 =    0.8697
  0

    Variable |        Obs        Mean    Std. Dev.       Min        Max
-------------+---------------------------------------------------------
total_foll~p |          0

 ( 1)  2.gp_number_kids = 0
 ( 2)  3.gp_number_kids = 0
 ( 3)  4.gp_number_kids = 0

           chi2(  3) =    4.50
         Prob > chi2 =    0.2126
  59

    Variable |        Obs        Mean    Std. Dev.       Min        Max
-------------+---------------------------------------------------------
total_foll~p |        136       13218           0      13218      13218

 ( 1)  2.gp_number_kids = 0
 ( 2)  3.gp_number_kids = 0
 ( 3)  4.gp_number_kids = 0

           chi2(  3) =    4.50
         Prob > chi2 =    0.2126
  32

    Variable |        Obs        Mean    Std. Dev.       Min        Max
-------------+---------------------------------------------------------
total_foll~p |         76        8716           0       8716       8716

 ( 1)  2.gp_number_kids = 0
 ( 2)  3.gp_number_kids = 0
 ( 3)  4.gp_number_kids = 0

           chi2(  3) =    4.50
         Prob > chi2 =    0.2126
  38

    Variable |        Obs        Mean    Std. Dev.       Min        Max
-------------+---------------------------------------------------------
total_foll~p |         74        7286           0       7286       7286

 ( 1)  2.gp_number_kids = 0
 ( 2)  3.gp_number_kids = 0
 ( 3)  4.gp_number_kids = 0

           chi2(  3) =    4.50
         Prob > chi2 =    0.2126
  67

    Variable |        Obs        Mean    Std. Dev.       Min        Max
-------------+---------------------------------------------------------
total_foll~p |        169       17217           0      17217      17217

 ( 1)  2.gp_number_kids = 0
 ( 2)  3.gp_number_kids = 0
 ( 3)  4.gp_number_kids = 0

           chi2(  3) =    4.50
         Prob > chi2 =    0.2126
  0

    Variable |        Obs        Mean    Std. Dev.       Min        Max
-------------+---------------------------------------------------------
total_foll~p |          0

 ( 1)  2.gp_number_kids = 0
 ( 2)  3.gp_number_kids = 0
 ( 3)  4.gp_number_kids = 0

           chi2(  3) =    0.61
         Prob > chi2 =    0.8942
  193

    Variable |        Obs        Mean    Std. Dev.       Min        Max
-------------+---------------------------------------------------------
total_foll~p |        424       44305           0      44305      44305

 ( 1)  2.gp_number_kids = 0
 ( 2)  3.gp_number_kids = 0
 ( 3)  4.gp_number_kids = 0

           chi2(  3) =    0.61
         Prob > chi2 =    0.8942
  127

    Variable |        Obs        Mean    Std. Dev.       Min        Max
-------------+---------------------------------------------------------
total_foll~p |        284       29949           0      29949      29949

 ( 1)  2.gp_number_kids = 0
 ( 2)  3.gp_number_kids = 0
 ( 3)  4.gp_number_kids = 0

           chi2(  3) =    0.61
         Prob > chi2 =    0.8942
  127

    Variable |        Obs        Mean    Std. Dev.       Min        Max
-------------+---------------------------------------------------------
total_foll~p |        279       29970           0      29970      29970

 ( 1)  2.gp_number_kids = 0
 ( 2)  3.gp_number_kids = 0
 ( 3)  4.gp_number_kids = 0

           chi2(  3) =    0.61
         Prob > chi2 =    0.8942
  247

    Variable |        Obs        Mean    Std. Dev.       Min        Max
-------------+---------------------------------------------------------
total_foll~p |        574       59575           0      59575      59575

 ( 1)  2.gp_number_kids = 0
 ( 2)  3.gp_number_kids = 0
 ( 3)  4.gp_number_kids = 0

           chi2(  3) =    0.61
         Prob > chi2 =    0.8942
  0

    Variable |        Obs        Mean    Std. Dev.       Min        Max
-------------+---------------------------------------------------------
total_foll~p |          0

 ( 1)  2.gp_number_kids = 0
 ( 2)  3.gp_number_kids = 0
 ( 3)  4.gp_number_kids = 0

           chi2(  3) =   11.36
         Prob > chi2 =    0.0099
  59

    Variable |        Obs        Mean    Std. Dev.       Min        Max
-------------+---------------------------------------------------------
total_foll~p |        136       13218           0      13218      13218

 ( 1)  2.gp_number_kids = 0
 ( 2)  3.gp_number_kids = 0
 ( 3)  4.gp_number_kids = 0

           chi2(  3) =   11.36
         Prob > chi2 =    0.0099
  32

    Variable |        Obs        Mean    Std. Dev.       Min        Max
-------------+---------------------------------------------------------
total_foll~p |         76        8716           0       8716       8716

 ( 1)  2.gp_number_kids = 0
 ( 2)  3.gp_number_kids = 0
 ( 3)  4.gp_number_kids = 0

           chi2(  3) =   11.36
         Prob > chi2 =    0.0099
  38

    Variable |        Obs        Mean    Std. Dev.       Min        Max
-------------+---------------------------------------------------------
total_foll~p |         74        7286           0       7286       7286

 ( 1)  2.gp_number_kids = 0
 ( 2)  3.gp_number_kids = 0
 ( 3)  4.gp_number_kids = 0

           chi2(  3) =   11.36
         Prob > chi2 =    0.0099
  67

    Variable |        Obs        Mean    Std. Dev.       Min        Max
-------------+---------------------------------------------------------
total_foll~p |        169       17217           0      17217      17217

 ( 1)  2.gp_number_kids = 0
 ( 2)  3.gp_number_kids = 0
 ( 3)  4.gp_number_kids = 0

           chi2(  3) =   11.36
         Prob > chi2 =    0.0099
  0

    Variable |        Obs        Mean    Std. Dev.       Min        Max
-------------+---------------------------------------------------------
total_foll~p |          0
  193

    Variable |        Obs        Mean    Std. Dev.       Min        Max
-------------+---------------------------------------------------------
total_foll~p |        424       44305           0      44305      44305
  127

    Variable |        Obs        Mean    Std. Dev.       Min        Max
-------------+---------------------------------------------------------
total_foll~p |        284       29949           0      29949      29949
  127

    Variable |        Obs        Mean    Std. Dev.       Min        Max
-------------+---------------------------------------------------------
total_foll~p |        279       29970           0      29970      29970
  247

    Variable |        Obs        Mean    Std. Dev.       Min        Max
-------------+---------------------------------------------------------
total_foll~p |        574       59575           0      59575      59575
  0

    Variable |        Obs        Mean    Std. Dev.       Min        Max
-------------+---------------------------------------------------------
total_foll~p |          0
  59

    Variable |        Obs        Mean    Std. Dev.       Min        Max
-------------+---------------------------------------------------------
total_foll~p |        136       13218           0      13218      13218
  32

    Variable |        Obs        Mean    Std. Dev.       Min        Max
-------------+---------------------------------------------------------
total_foll~p |         76        8716           0       8716       8716
  38

    Variable |        Obs        Mean    Std. Dev.       Min        Max
-------------+---------------------------------------------------------
total_foll~p |         74        7286           0       7286       7286
  67

    Variable |        Obs        Mean    Std. Dev.       Min        Max
-------------+---------------------------------------------------------
total_foll~p |        169       17217           0      17217      17217

. file write tablecontents _n 

. 
. file close tablecontents

. 
. 
. log close
      name:  <unnamed>
       log:  C:\Users\qc18278\OneDrive - University of Bristol\Documents\GitHub\os-sch-children-2021\analysis\log/08_an_tablec
> ontent_HRtable_covidadmission.log
  log type:  text
 closed on:  24 Jul 2021, 14:56:20
------------------------------------------------------------------------------------------------------------------------------
