------------------------------------------------------------------------------------------------------------------------------
      name:  <unnamed>
       log:  C:\Users\qc18278\OneDrive - University of Bristol\Documents\GitHub\os-sch-children-2021\analysis\log/08_an_tablec
> ontent_HRtable_covid_death.log
  log type:  text
 opened on:  24 Jul 2021, 14:54:40

. 
. 
. ***********************************************************************************************************************
. *Generic code to ouput the HRs across outcomes for all levels of a particular variables, in the right shape for table
. cap prog drop outputHRsforvar

. prog define outputHRsforvar
  1. syntax, variable(string) min(real) max(real) outcome(string)
  2. foreach period in 1 2 3 {
  3. forvalues x=0/1 {
  4. file write tablecontents ("age") ("`x'") _n
  5. forvalues i=`min'/`max'{
  6. local endwith "_tab"
  7. 
.         *put the varname and condition to left so that alignment can be checked vs shell
.         file write tablecontents ("`variable'") _tab ("`i'") _tab ("`period'") _tab 
  8.         
.         use "$tempdir/cr_create_analysis_dataset_STSET_`outcome'_ageband_`x'.dta", clear
  9.         *put total N, PYFU and Rate in table
.         cou if `variable' == `i' & _d == 1
 10.         local event = r(N)
 11.     bysort `variable': egen total_follow_up = total(_t)
 12.         su total_follow_up if `variable' == `i'
 13.         local person_days = r(mean)
 14.         local person_years=`person_days'/365.25
 15.         local rate = 100000*(`event'/`person_years')
 16.         
.         file write tablecontents (`event') _tab %10.0f (`person_years') _tab %3.2f (`rate') _tab
 17.         drop total_follow_up
 18.         
.         
.         *models
.         foreach modeltype of any minadj demogadj fulladj  {
 19.         
.                 local noestimatesflag 0 /*reset*/
 20. 
. *CHANGE THE OUTCOME BELOW TO LAST IF BRINGING IN MORE COLS
.                 if "`modeltype'"=="fulladj" local endwith "_n"
 21. 
.                 ***********************
.                 *1) GET THE RIGHT ESTIMATES INTO MEMORY
.                 
.                 if "`modeltype'"=="minadj" {
 22.                         cap estimates use ./output/an_univariable_cox_models_`variable'_`outcome'_AGESEX_ageband_`x'_time
> period`period'
 23.                         if _rc!=0 local noestimatesflag 1
 24.                         }
 25.                 if "`modeltype'"=="demogadj" {
 26.                         cap estimates use ./output/an_multivariate_cox_models_`outcome'_`variable'_DEMOGADJ_ageband_`x'_t
> imeperiod`period'
 27.                         if _rc!=0 local noestimatesflag 1
 28.                         }
 29.                 if "`modeltype'"=="fulladj" {
 30.                         cap estimates use ./output/an_multivariate_cox_models_`outcome'_`variable'_MAINFULLYADJMODEL_ageb
> and_`x'_timeperiod`period' 
 31.                         if _rc!=0 local noestimatesflag 1
 32.                         }
 33.                 
.                 ***********************
.                 *2) WRITE THE HRs TO THE OUTPUT FILE
.                 
.                 if `noestimatesflag'==0{
 34.                         cap lincom `i'.`variable', eform
 35.                         if _rc==0 file write tablecontents %4.2f (r(estimate)) (" (") %4.2f (r(lb)) ("-") %4.2f (r(ub)) (
> ")") `endwith'
 36.                                 else file write tablecontents %4.2f ("ERR IN MODEL") `endwith'
 37.                         }
 38.                         else file write tablecontents %4.2f ("DID NOT FIT") `endwith' 
 39.                         
.                 *3) Save the estimates for plotting
.                 if `noestimatesflag'==0{
 40.                         if "`modeltype'"=="fulladj" {
 41.                                 local hr = r(estimate)
 42.                                 local lb = r(lb)
 43.                                 local ub = r(ub)
 44.                                 cap gen `variable'=.
 45.                                 testparm i.`variable'
 46.                                 *drop `variable'
.                                 }
 47.                 }       
 48.                 } /*min adj, full adj*/
 49.                 
. } /*variable levels*/
 50. 
. } /*agebands*/
 51. 
. } /*Waves*/
 52. end

. ***********************************************************************************************************************
. /*Generic code to write a full row of "ref category" to the output file
> cap prog drop refline
> prog define refline
> file write tablecontents _tab _tab ("1.00 (ref)") _tab ("1.00 (ref)")  _n
> end*/
. ***********************************************************************************************************************
. 
. *MAIN CODE TO PRODUCE TABLE CONTENTS
. 
. cap file close tablecontents

. file open tablecontents using ./output/an_tablecontents_HRtable_`outcome'.txt, t w replace 

. 
. *Primary exposure
. outputHRsforvar, variable("kids_cat4") min(0) max(3) outcome(`outcome')
  185

    Variable |        Obs        Mean    Std. Dev.       Min        Max
-------------+---------------------------------------------------------
total_foll~p |        405       58773           0      58773      58773

 ( 1)  1.kids_cat4 = 0
 ( 2)  2.kids_cat4 = 0
 ( 3)  3.kids_cat4 = 0

           chi2(  3) =    1.96
         Prob > chi2 =    0.5816
  744

    Variable |        Obs        Mean    Std. Dev.       Min        Max
-------------+---------------------------------------------------------
total_foll~p |      1,561      227146           0     227146     227146

 ( 1)  1.kids_cat4 = 0
 ( 2)  2.kids_cat4 = 0
 ( 3)  3.kids_cat4 = 0

           chi2(  3) =    1.96
         Prob > chi2 =    0.5816
  116

    Variable |        Obs        Mean    Std. Dev.       Min        Max
-------------+---------------------------------------------------------
total_foll~p |        273       40028           0      40028      40028

 ( 1)  1.kids_cat4 = 0
 ( 2)  2.kids_cat4 = 0
 ( 3)  3.kids_cat4 = 0

           chi2(  3) =    1.96
         Prob > chi2 =    0.5816
  6,427

    Variable |        Obs        Mean    Std. Dev.       Min        Max
-------------+---------------------------------------------------------
total_foll~p |     13,768     1994293           0    1994293    1994293

 ( 1)  1.kids_cat4 = 0
 ( 2)  2.kids_cat4 = 0
 ( 3)  3.kids_cat4 = 0

           chi2(  3) =    1.96
         Prob > chi2 =    0.5816
  68

    Variable |        Obs        Mean    Std. Dev.       Min        Max
-------------+---------------------------------------------------------
total_foll~p |        143       19193           0      19193      19193

 ( 1)  1.kids_cat4 = 0
 ( 2)  2.kids_cat4 = 0
 ( 3)  3.kids_cat4 = 0

           chi2(  3) =    0.85
         Prob > chi2 =    0.8381
  198

    Variable |        Obs        Mean    Std. Dev.       Min        Max
-------------+---------------------------------------------------------
total_foll~p |        455       66038           0      66038      66038

 ( 1)  1.kids_cat4 = 0
 ( 2)  2.kids_cat4 = 0
 ( 3)  3.kids_cat4 = 0

           chi2(  3) =    0.85
         Prob > chi2 =    0.8381
  38

    Variable |        Obs        Mean    Std. Dev.       Min        Max
-------------+---------------------------------------------------------
total_foll~p |         85       12240           0      12240      12240

 ( 1)  1.kids_cat4 = 0
 ( 2)  2.kids_cat4 = 0
 ( 3)  3.kids_cat4 = 0

           chi2(  3) =    0.85
         Prob > chi2 =    0.8381
  1,884

    Variable |        Obs        Mean    Std. Dev.       Min        Max
-------------+---------------------------------------------------------
total_foll~p |      3,922      572686           0     572686     572686

 ( 1)  1.kids_cat4 = 0
 ( 2)  2.kids_cat4 = 0
 ( 3)  3.kids_cat4 = 0

           chi2(  3) =    0.85
         Prob > chi2 =    0.8381
  185

    Variable |        Obs        Mean    Std. Dev.       Min        Max
-------------+---------------------------------------------------------
total_foll~p |        405       58773           0      58773      58773

 ( 1)  1.kids_cat4 = 0
 ( 2)  2.kids_cat4 = 0
 ( 3)  3.kids_cat4 = 0

           chi2(  3) =    5.10
         Prob > chi2 =    0.1645
  744

    Variable |        Obs        Mean    Std. Dev.       Min        Max
-------------+---------------------------------------------------------
total_foll~p |      1,561      227146           0     227146     227146

 ( 1)  1.kids_cat4 = 0
 ( 2)  2.kids_cat4 = 0
 ( 3)  3.kids_cat4 = 0

           chi2(  3) =    5.10
         Prob > chi2 =    0.1645
  116

    Variable |        Obs        Mean    Std. Dev.       Min        Max
-------------+---------------------------------------------------------
total_foll~p |        273       40028           0      40028      40028

 ( 1)  1.kids_cat4 = 0
 ( 2)  2.kids_cat4 = 0
 ( 3)  3.kids_cat4 = 0

           chi2(  3) =    5.10
         Prob > chi2 =    0.1645
  6,427

    Variable |        Obs        Mean    Std. Dev.       Min        Max
-------------+---------------------------------------------------------
total_foll~p |     13,768     1994293           0    1994293    1994293

 ( 1)  1.kids_cat4 = 0
 ( 2)  2.kids_cat4 = 0
 ( 3)  3.kids_cat4 = 0

           chi2(  3) =    5.10
         Prob > chi2 =    0.1645
  68

    Variable |        Obs        Mean    Std. Dev.       Min        Max
-------------+---------------------------------------------------------
total_foll~p |        143       19193           0      19193      19193

 ( 1)  1.kids_cat4 = 0
 ( 2)  2.kids_cat4 = 0
 ( 3)  3.kids_cat4 = 0

           chi2(  3) =    2.49
         Prob > chi2 =    0.4767
  198

    Variable |        Obs        Mean    Std. Dev.       Min        Max
-------------+---------------------------------------------------------
total_foll~p |        455       66038           0      66038      66038

 ( 1)  1.kids_cat4 = 0
 ( 2)  2.kids_cat4 = 0
 ( 3)  3.kids_cat4 = 0

           chi2(  3) =    2.49
         Prob > chi2 =    0.4767
  38

    Variable |        Obs        Mean    Std. Dev.       Min        Max
-------------+---------------------------------------------------------
total_foll~p |         85       12240           0      12240      12240

 ( 1)  1.kids_cat4 = 0
 ( 2)  2.kids_cat4 = 0
 ( 3)  3.kids_cat4 = 0

           chi2(  3) =    2.49
         Prob > chi2 =    0.4767
  1,884

    Variable |        Obs        Mean    Std. Dev.       Min        Max
-------------+---------------------------------------------------------
total_foll~p |      3,922      572686           0     572686     572686

 ( 1)  1.kids_cat4 = 0
 ( 2)  2.kids_cat4 = 0
 ( 3)  3.kids_cat4 = 0

           chi2(  3) =    2.49
         Prob > chi2 =    0.4767
  185

    Variable |        Obs        Mean    Std. Dev.       Min        Max
-------------+---------------------------------------------------------
total_foll~p |        405       58773           0      58773      58773
  744

    Variable |        Obs        Mean    Std. Dev.       Min        Max
-------------+---------------------------------------------------------
total_foll~p |      1,561      227146           0     227146     227146
  116

    Variable |        Obs        Mean    Std. Dev.       Min        Max
-------------+---------------------------------------------------------
total_foll~p |        273       40028           0      40028      40028
  6,427

    Variable |        Obs        Mean    Std. Dev.       Min        Max
-------------+---------------------------------------------------------
total_foll~p |     13,768     1994293           0    1994293    1994293
  68

    Variable |        Obs        Mean    Std. Dev.       Min        Max
-------------+---------------------------------------------------------
total_foll~p |        143       19193           0      19193      19193
  198

    Variable |        Obs        Mean    Std. Dev.       Min        Max
-------------+---------------------------------------------------------
total_foll~p |        455       66038           0      66038      66038
  38

    Variable |        Obs        Mean    Std. Dev.       Min        Max
-------------+---------------------------------------------------------
total_foll~p |         85       12240           0      12240      12240
  1,884

    Variable |        Obs        Mean    Std. Dev.       Min        Max
-------------+---------------------------------------------------------
total_foll~p |      3,922      572686           0     572686     572686

. file write tablecontents _n

. 
. *Number kids
. outputHRsforvar, variable("gp_number_kids") min(0) max(4) outcome(`outcome')
  0

    Variable |        Obs        Mean    Std. Dev.       Min        Max
-------------+---------------------------------------------------------
total_foll~p |          0

 ( 1)  2.gp_number_kids = 0
 ( 2)  3.gp_number_kids = 0
 ( 3)  4.gp_number_kids = 0

           chi2(  3) =    1.96
         Prob > chi2 =    0.5802
  202

    Variable |        Obs        Mean    Std. Dev.       Min        Max
-------------+---------------------------------------------------------
total_foll~p |        424       61454           0      61454      61454

 ( 1)  2.gp_number_kids = 0
 ( 2)  3.gp_number_kids = 0
 ( 3)  4.gp_number_kids = 0

           chi2(  3) =    1.96
         Prob > chi2 =    0.5802
  138

    Variable |        Obs        Mean    Std. Dev.       Min        Max
-------------+---------------------------------------------------------
total_foll~p |        284       40531           0      40531      40531

 ( 1)  2.gp_number_kids = 0
 ( 2)  3.gp_number_kids = 0
 ( 3)  4.gp_number_kids = 0

           chi2(  3) =    1.96
         Prob > chi2 =    0.5802
  133

    Variable |        Obs        Mean    Std. Dev.       Min        Max
-------------+---------------------------------------------------------
total_foll~p |        279       41424           0      41424      41424

 ( 1)  2.gp_number_kids = 0
 ( 2)  3.gp_number_kids = 0
 ( 3)  4.gp_number_kids = 0

           chi2(  3) =    1.96
         Prob > chi2 =    0.5802
  271

    Variable |        Obs        Mean    Std. Dev.       Min        Max
-------------+---------------------------------------------------------
total_foll~p |        574       83737           0      83737      83737

 ( 1)  2.gp_number_kids = 0
 ( 2)  3.gp_number_kids = 0
 ( 3)  4.gp_number_kids = 0

           chi2(  3) =    1.96
         Prob > chi2 =    0.5802
  0

    Variable |        Obs        Mean    Std. Dev.       Min        Max
-------------+---------------------------------------------------------
total_foll~p |          0

 ( 1)  2.gp_number_kids = 0
 ( 2)  3.gp_number_kids = 0
 ( 3)  4.gp_number_kids = 0

           chi2(  3) =    0.55
         Prob > chi2 =    0.9085
  64

    Variable |        Obs        Mean    Std. Dev.       Min        Max
-------------+---------------------------------------------------------
total_foll~p |        136       19858           0      19858      19858

 ( 1)  2.gp_number_kids = 0
 ( 2)  3.gp_number_kids = 0
 ( 3)  4.gp_number_kids = 0

           chi2(  3) =    0.55
         Prob > chi2 =    0.9085
  31

    Variable |        Obs        Mean    Std. Dev.       Min        Max
-------------+---------------------------------------------------------
total_foll~p |         76       11659           0      11659      11659

 ( 1)  2.gp_number_kids = 0
 ( 2)  3.gp_number_kids = 0
 ( 3)  4.gp_number_kids = 0

           chi2(  3) =    0.55
         Prob > chi2 =    0.9085
  35

    Variable |        Obs        Mean    Std. Dev.       Min        Max
-------------+---------------------------------------------------------
total_foll~p |         74       10918           0      10918      10918

 ( 1)  2.gp_number_kids = 0
 ( 2)  3.gp_number_kids = 0
 ( 3)  4.gp_number_kids = 0

           chi2(  3) =    0.55
         Prob > chi2 =    0.9085
  68

    Variable |        Obs        Mean    Std. Dev.       Min        Max
-------------+---------------------------------------------------------
total_foll~p |        169       23603           0      23603      23603

 ( 1)  2.gp_number_kids = 0
 ( 2)  3.gp_number_kids = 0
 ( 3)  4.gp_number_kids = 0

           chi2(  3) =    0.55
         Prob > chi2 =    0.9085
  0

    Variable |        Obs        Mean    Std. Dev.       Min        Max
-------------+---------------------------------------------------------
total_foll~p |          0

 ( 1)  2.gp_number_kids = 0
 ( 2)  3.gp_number_kids = 0
 ( 3)  4.gp_number_kids = 0

           chi2(  3) =    1.76
         Prob > chi2 =    0.6248
  202

    Variable |        Obs        Mean    Std. Dev.       Min        Max
-------------+---------------------------------------------------------
total_foll~p |        424       61454           0      61454      61454

 ( 1)  2.gp_number_kids = 0
 ( 2)  3.gp_number_kids = 0
 ( 3)  4.gp_number_kids = 0

           chi2(  3) =    1.76
         Prob > chi2 =    0.6248
  138

    Variable |        Obs        Mean    Std. Dev.       Min        Max
-------------+---------------------------------------------------------
total_foll~p |        284       40531           0      40531      40531

 ( 1)  2.gp_number_kids = 0
 ( 2)  3.gp_number_kids = 0
 ( 3)  4.gp_number_kids = 0

           chi2(  3) =    1.76
         Prob > chi2 =    0.6248
  133

    Variable |        Obs        Mean    Std. Dev.       Min        Max
-------------+---------------------------------------------------------
total_foll~p |        279       41424           0      41424      41424

 ( 1)  2.gp_number_kids = 0
 ( 2)  3.gp_number_kids = 0
 ( 3)  4.gp_number_kids = 0

           chi2(  3) =    1.76
         Prob > chi2 =    0.6248
  271

    Variable |        Obs        Mean    Std. Dev.       Min        Max
-------------+---------------------------------------------------------
total_foll~p |        574       83737           0      83737      83737

 ( 1)  2.gp_number_kids = 0
 ( 2)  3.gp_number_kids = 0
 ( 3)  4.gp_number_kids = 0

           chi2(  3) =    1.76
         Prob > chi2 =    0.6248
  0

    Variable |        Obs        Mean    Std. Dev.       Min        Max
-------------+---------------------------------------------------------
total_foll~p |          0

 ( 1)  2.gp_number_kids = 0
 ( 2)  3.gp_number_kids = 0
 ( 3)  4.gp_number_kids = 0

           chi2(  3) =    1.43
         Prob > chi2 =    0.6977
  64

    Variable |        Obs        Mean    Std. Dev.       Min        Max
-------------+---------------------------------------------------------
total_foll~p |        136       19858           0      19858      19858

 ( 1)  2.gp_number_kids = 0
 ( 2)  3.gp_number_kids = 0
 ( 3)  4.gp_number_kids = 0

           chi2(  3) =    1.43
         Prob > chi2 =    0.6977
  31

    Variable |        Obs        Mean    Std. Dev.       Min        Max
-------------+---------------------------------------------------------
total_foll~p |         76       11659           0      11659      11659

 ( 1)  2.gp_number_kids = 0
 ( 2)  3.gp_number_kids = 0
 ( 3)  4.gp_number_kids = 0

           chi2(  3) =    1.43
         Prob > chi2 =    0.6977
  35

    Variable |        Obs        Mean    Std. Dev.       Min        Max
-------------+---------------------------------------------------------
total_foll~p |         74       10918           0      10918      10918

 ( 1)  2.gp_number_kids = 0
 ( 2)  3.gp_number_kids = 0
 ( 3)  4.gp_number_kids = 0

           chi2(  3) =    1.43
         Prob > chi2 =    0.6977
  68

    Variable |        Obs        Mean    Std. Dev.       Min        Max
-------------+---------------------------------------------------------
total_foll~p |        169       23603           0      23603      23603

 ( 1)  2.gp_number_kids = 0
 ( 2)  3.gp_number_kids = 0
 ( 3)  4.gp_number_kids = 0

           chi2(  3) =    1.43
         Prob > chi2 =    0.6977
  0

    Variable |        Obs        Mean    Std. Dev.       Min        Max
-------------+---------------------------------------------------------
total_foll~p |          0
  202

    Variable |        Obs        Mean    Std. Dev.       Min        Max
-------------+---------------------------------------------------------
total_foll~p |        424       61454           0      61454      61454
  138

    Variable |        Obs        Mean    Std. Dev.       Min        Max
-------------+---------------------------------------------------------
total_foll~p |        284       40531           0      40531      40531
  133

    Variable |        Obs        Mean    Std. Dev.       Min        Max
-------------+---------------------------------------------------------
total_foll~p |        279       41424           0      41424      41424
  271

    Variable |        Obs        Mean    Std. Dev.       Min        Max
-------------+---------------------------------------------------------
total_foll~p |        574       83737           0      83737      83737
  0

    Variable |        Obs        Mean    Std. Dev.       Min        Max
-------------+---------------------------------------------------------
total_foll~p |          0
  64

    Variable |        Obs        Mean    Std. Dev.       Min        Max
-------------+---------------------------------------------------------
total_foll~p |        136       19858           0      19858      19858
  31

    Variable |        Obs        Mean    Std. Dev.       Min        Max
-------------+---------------------------------------------------------
total_foll~p |         76       11659           0      11659      11659
  35

    Variable |        Obs        Mean    Std. Dev.       Min        Max
-------------+---------------------------------------------------------
total_foll~p |         74       10918           0      10918      10918
  68

    Variable |        Obs        Mean    Std. Dev.       Min        Max
-------------+---------------------------------------------------------
total_foll~p |        169       23603           0      23603      23603

. file write tablecontents _n 

. 
. file close tablecontents

. 
. 
. log close
      name:  <unnamed>
       log:  C:\Users\qc18278\OneDrive - University of Bristol\Documents\GitHub\os-sch-children-2021\analysis\log/08_an_tablec
> ontent_HRtable_covid_death.log
  log type:  text
 closed on:  24 Jul 2021, 14:55:17
------------------------------------------------------------------------------------------------------------------------------
