------------------------------------------------------------------------------------------------------------------------------
      name:  <unnamed>
       log:  C:\Users\qc18278\OneDrive - University of Bristol\Documents\GitHub\os-sch-children-2021\analysis\log/10_an_intera
> ction_cox_models_sex_non_covid_death.log
  log type:  text
 opened on:  24 Jul 2021, 16:13:33

. 
. 
. *PROG TO DEFINE THE BASIC COX MODEL WITH OPTIONS FOR HANDLING OF AGE, BMI, ETHNICITY:
. cap prog drop basemodel

. prog define basemodel
  1.         syntax , exposure(string)  age(string) [ethnicity(real 0) interaction(string)] 
  2. timer clear
  3. timer on 1
  4. stcox   `exposure'                                                              ///
>                         $demogadjlist                                                   ///
>                         $comordidadjlist                                                ///
>                         `interaction'                                                   ///
>                         , strata(stp) vce(cluster household_id)
  5.         timer off 1
  6. timer list
  7. end

. *************************************************************************************
. 
. * Open dataset and fit specified model(s)
. forvalues x=0/1 {
  2. forvalues period=0/2 {
  3. 
. use "$tempdir/cr_create_analysis_dataset_STSET_`outcome'_ageband_`x'.dta", clear
  4. gen first_vacc_plus_14d=covid_vacc_date+14
  5. gen second_vacc_plus_14d=covid_vacc_second_dose_date+14
  6. format first_vacc_plus_14d second_vacc_plus_14d %td
  7. 
. stsplit vaccine, after(first_vacc_plus_14d) at(0)
  8. replace vaccine = vaccine +1
  9. stsplit vaccine2, after(second_vacc_plus_14d) at(1)
 10. replace vaccine2 = vaccine2 +1
 11. replace vaccine=2 if vaccine2==2
 12. recode `outcome' .=0 
 13. tab vaccine
 14. tab vaccine `outcome'
 15. drop if vaccine==0
 16. recode vaccine 1=0 2=1
 17. 
. 
. foreach int_type in  vaccine  {
 18. 
. *Age interaction for 3-level exposure vars
. foreach exposure_type in kids_cat4  {
 19. 
. *Age spline model (not adj ethnicity, no interaction)
. basemodel, exposure("i.`exposure_type'") age("age1 age2 age3")  
 20. 
. *Age spline model (not adj ethnicity, interaction)
. basemodel, exposure("i.`exposure_type'") age("age1 age2 age3")  ///
> interaction(1.`int_type'#1.`exposure_type' 1.`int_type'#2.`exposure_type' 1.`int_type'#3.`exposure_type')
 21. if _rc==0{
 22. testparm 1.`int_type'#i.`exposure_type'
 23. di _n "`exposure_type' " _n "****************"
 24. lincom 1.`exposure_type' + 1.`int_type'#1.`exposure_type', eform
 25. di "`exposure_type'" _n "****************"
 26. lincom 2.`exposure_type' + 1.`int_type'#2.`exposure_type', eform
 27. di "`exposure_type'" _n "****************"
 28. lincom 3.`exposure_type' + 1.`int_type'#3.`exposure_type', eform
 29. estimates save ./output/an_interaction_cox_models_`outcome'_`exposure_type'_`int_type'_`x'_timeperiod`period', replace
 30. }
 31. else di "WARNING GROUP MODEL DID NOT FIT (OUTCOME `outcome')"
 32. }
 33. }
 34. }
 35. }
(8,060 missing values generated)
(11,262 missing values generated)
(4,521 observations (episodes) created)
(20,528 real changes made)
(2,459 observations (episodes) created)
(22,987 real changes made)
(17,322 real changes made)
(non_covid_death: 6980 changes made)

Observation |
   interval |      Freq.     Percent        Cum.
------------+-----------------------------------
          0 |      2,366       10.29       10.29
          1 |      3,299       14.35       24.64
          2 |     17,322       75.36      100.00
------------+-----------------------------------
      Total |     22,987      100.00

           |   Failure/censoring
           |     indicator for
           |  outcome: non-covid
Observatio |         death
n interval |         0          1 |     Total
-----------+----------------------+----------
         0 |     2,077        289 |     2,366 
         1 |     2,704        595 |     3,299 
         2 |    13,180      4,142 |    17,322 
-----------+----------------------+----------
     Total |    17,961      5,026 |    22,987 
(2,366 observations deleted)
(vaccine: 20621 changes made)

         failure _d:  non_covid_death
   analysis time _t:  (stime_non_covid_death-origin)
             origin:  time enter_date
  enter on or after:  time enter_date
                 id:  patient_id

Iteration 0:   log pseudolikelihood = -31873.731
Iteration 1:   log pseudolikelihood = -31860.862
Iteration 2:   log pseudolikelihood = -31860.773
Iteration 3:   log pseudolikelihood = -31860.773
Iteration 4:   log pseudolikelihood = -31860.773
Refining estimates:
Iteration 0:   log pseudolikelihood = -31860.773

Stratified Cox regr. -- Breslow method for ties

No. of subjects      =       15,260             Number of obs    =      20,621
No. of failures      =        4,737
Time at risk         =      2122312
                                                Wald chi2(42)    =       25.64
Log pseudolikelihood =   -31860.773             Prob > chi2      =      0.9780

                                        (Std. Err. adjusted for 1,105 clusters in household_id)
-----------------------------------------------------------------------------------------------
                              |               Robust
                           _t | Haz. Ratio   Std. Err.      z    P>|z|     [95% Conf. Interval]
------------------------------+----------------------------------------------------------------
                    kids_cat4 |
              only <12 years  |   .9450408   .1120925    -0.48   0.634     .7490114    1.192374
                  only 12-18  |   1.097579   .1689522     0.60   0.545     .8117245    1.484098
                       mixed  |   .9856679   .1078798    -0.13   0.895     .7953677    1.221499
                              |
                         age1 |    .996374   .0053351    -0.68   0.498     .9859721    1.006886
                         age2 |   1.016932   .0171785     0.99   0.320     .9838144    1.051165
                         age3 |   .9479311   .0458568    -1.11   0.269     .8621828    1.042208
                       1.male |   1.004224   .0284743     0.15   0.882     .9499381    1.061613
                              |
                    ethnicity |
      Asian or Asian British  |   1.003286   .0481631     0.07   0.946     .9131933    1.102268
                       Other  |   1.011013   .0506982     0.22   0.827     .9163733    1.115427
                              |
                    obese4cat |
           Obese I (30-34.9)  |   1.049106   .0456658     1.10   0.271     .9633141    1.142538
          Obese II (35-39.9)  |   1.007198   .0542481     0.13   0.894      .906293    1.119337
             Obese III (40+)  |    1.10884   .0705593     1.62   0.104     .9788225    1.256127
                              |
                 smoke_nomiss |
                      Former  |   .8260236   .0919872    -1.72   0.086     .6640509    1.027504
                     Current  |   .9916059   .0441716    -0.19   0.850      .908703    1.082072
                              |
                          imd |
                           4  |   1.017877   .0353083     0.51   0.609     .9509741    1.089487
             5 most deprived  |   .9672121   .0472385    -0.68   0.495     .8789196    1.064374
                              |
                tot_adults_hh |
                           2  |   1.084869   .2864322     0.31   0.758     .6466047    1.820185
                           3  |   1.038551   .2266097     0.17   0.862     .6771698    1.592789
                              |
           1.htdiag_or_highbp |   .9254128   .0488427    -1.47   0.142     .8344679    1.026269
1.chronic_respiratory_disease |   1.012341   .0378995     0.33   0.743     .9407194    1.089416
                     1.asthma |   .9815116   .0555834    -0.33   0.742     .8783984    1.096729
    1.chronic_cardiac_disease |   .9725341   .0354645    -0.76   0.445     .9054509    1.044587
                              |
                      diabcat |
            T1DM, controlled  |   .9348028   .0872163    -0.72   0.470     .7785807    1.122371
          T1DM, uncontrolled  |   .9363352   .1826134    -0.34   0.736     .6388833    1.372275
            T2DM, controlled  |   .9978551   .0393573    -0.05   0.957     .9236224    1.078054
          T2DM, uncontrolled  |   1.009848   .0820688     0.12   0.904     .8611526    1.184218
          Diabetes, no HbA1c  |   1.557854   .7254331     0.95   0.341     .6253951    3.880599
                              |
            cancer_exhaem_cat |
                   Last year  |   .9381814   .2291973    -0.26   0.794     .5812176     1.51438
               2-5 years ago  |   .8663766   .1082497    -1.15   0.251     .6781926    1.106778
                    5+ years  |   1.047788   .0391072     1.25   0.211     .9738756     1.12731
                              |
              cancer_haem_cat |
                   Last year  |   .9344792   .2288476    -0.28   0.782     .5782507    1.510161
               2-5 years ago  |   .9720014   .1175909    -0.23   0.814     .7668142    1.232093
                    5+ years  |   1.011757   .0382562     0.31   0.757     .9394876    1.089586
                              |
      1.chronic_liver_disease |   .9420989   .0343711    -1.63   0.102     .8770849    1.011932
            1.stroke_dementia |   1.019946    .035226     0.57   0.567     .9531891    1.091378
                1.other_neuro |   1.026036   .0388092     0.68   0.497     .9527226    1.104991
                              |
  reduced_kidney_function_cat |
Stage 3a/3b egfr 30-60        |   .8235411   .1887977    -0.85   0.397     .5254682    1.290697
                       1.esrd |   1.019518   .0309096     0.64   0.524     .9607014    1.081936
           1.other_transplant |   .9856974   .0350534    -0.41   0.685     .9193336    1.056852
                   1.asplenia |   .9733913   .0351936    -0.75   0.456     .9068005    1.044872
           1.ra_sle_psoriasis |   1.031921   .0354781     0.91   0.361     .9646766    1.103853
               1.other_immuno |      .9627   .0354684    -1.03   0.302     .8956337    1.034788
-----------------------------------------------------------------------------------------------
                                                             Stratified by stp
   1:    100.37 /        1 =     100.3740

         failure _d:  non_covid_death
   analysis time _t:  (stime_non_covid_death-origin)
             origin:  time enter_date
  enter on or after:  time enter_date
                 id:  patient_id

Iteration 0:   log pseudolikelihood = -31873.731
Iteration 1:   log pseudolikelihood =  -31859.57
Iteration 2:   log pseudolikelihood = -31859.475
Iteration 3:   log pseudolikelihood = -31859.475
Iteration 4:   log pseudolikelihood = -31859.475
Refining estimates:
Iteration 0:   log pseudolikelihood = -31859.475

Stratified Cox regr. -- Breslow method for ties

No. of subjects      =       15,260             Number of obs    =      20,621
No. of failures      =        4,737
Time at risk         =      2122312
                                                Wald chi2(45)    =       28.72
Log pseudolikelihood =   -31859.475             Prob > chi2      =      0.9719

                                        (Std. Err. adjusted for 1,105 clusters in household_id)
-----------------------------------------------------------------------------------------------
                              |               Robust
                           _t | Haz. Ratio   Std. Err.      z    P>|z|     [95% Conf. Interval]
------------------------------+----------------------------------------------------------------
                    kids_cat4 |
              only <12 years  |   .8319689   .1493131    -1.03   0.305     .5852512    1.182693
                  only 12-18  |   .8734086    .314755    -0.38   0.707     .4309882    1.769985
                       mixed  |   1.029372   .1198704     0.25   0.804     .8193129    1.293286
                              |
                         age1 |   .9964318   .0053413    -0.67   0.505     .9860179    1.006956
                         age2 |   1.016622   .0171888     0.98   0.330     .9834848    1.050876
                         age3 |   .9488022   .0459323    -1.09   0.278     .8629156    1.043237
                       1.male |   1.004545   .0284983     0.16   0.873     .9502141    1.061983
                              |
                    ethnicity |
      Asian or Asian British  |   1.003141    .048193     0.07   0.948     .9129952    1.102187
                       Other  |   1.011127   .0507157     0.22   0.825     .9164554    1.115578
                              |
                    obese4cat |
           Obese I (30-34.9)  |   1.048788   .0456283     1.09   0.274     .9630651    1.142141
          Obese II (35-39.9)  |   1.006868   .0542456     0.13   0.899     .9059695    1.119004
             Obese III (40+)  |   1.108423   .0705175     1.62   0.106     .9784815    1.255622
                              |
                 smoke_nomiss |
                      Former  |   .8257258   .0919741    -1.72   0.086     .6637798    1.027183
                     Current  |   .9913072   .0441446    -0.20   0.845     .9084538    1.081717
                              |
                          imd |
                           4  |   1.018029   .0353067     0.52   0.606     .9511291    1.089635
             5 most deprived  |   .9672282   .0472748    -0.68   0.495     .8788709    1.064468
                              |
                tot_adults_hh |
                           2  |   1.090448   .2879367     0.33   0.743     .6498933    1.829649
                           3  |   1.041453    .227043     0.19   0.852     .6793169    1.596638
                              |
           1.htdiag_or_highbp |   .9248857   .0487981    -1.48   0.139     .8340223    1.025648
1.chronic_respiratory_disease |   1.012294   .0379148     0.33   0.744     .9406449    1.089402
                     1.asthma |   .9820153   .0556108    -0.32   0.749     .8788512    1.097289
    1.chronic_cardiac_disease |    .972753   .0354486    -0.76   0.448     .9056981    1.044772
                              |
                      diabcat |
            T1DM, controlled  |   .9339731   .0870454    -0.73   0.464     .7780424    1.121155
          T1DM, uncontrolled  |   .9373544   .1828009    -0.33   0.740     .6395939    1.373736
            T2DM, controlled  |    .998413   .0393768    -0.04   0.968     .9241433    1.078651
          T2DM, uncontrolled  |   1.009975   .0821064     0.12   0.903     .8612156     1.18443
          Diabetes, no HbA1c  |   1.561105   .7246906     0.96   0.337     .6284784    3.877697
                              |
            cancer_exhaem_cat |
                   Last year  |   .9381832   .2292772    -0.26   0.794     .5811221    1.514635
               2-5 years ago  |   .8670087   .1083636    -1.14   0.254     .6786338    1.107673
                    5+ years  |   1.048053   .0390952     1.26   0.208     .9741623    1.127549
                              |
              cancer_haem_cat |
                   Last year  |   .9334706   .2282755    -0.28   0.778      .578021    1.507501
               2-5 years ago  |   .9723692   .1175789    -0.23   0.817     .7671917    1.232419
                    5+ years  |   1.012017   .0382971     0.32   0.752      .939672    1.089931
                              |
      1.chronic_liver_disease |   .9418097   .0343481    -1.64   0.100     .8768385    1.011595
            1.stroke_dementia |   1.020231   .0352296     0.58   0.562      .953467     1.09167
                1.other_neuro |   1.026588   .0388153     0.69   0.488     .9532617    1.105554
                              |
  reduced_kidney_function_cat |
Stage 3a/3b egfr 30-60        |     .82103    .188427    -0.86   0.390     .5236096    1.287391
                       1.esrd |   1.019524   .0309112     0.64   0.524     .9607047    1.081946
           1.other_transplant |   .9857337   .0350752    -0.40   0.686     .9193301    1.056934
                   1.asplenia |   .9733123    .035187    -0.75   0.454     .9067337     1.04478
           1.ra_sle_psoriasis |   1.031894   .0354729     0.91   0.361     .9646587    1.103815
               1.other_immuno |   .9629946   .0354732    -1.02   0.306     .8959189    1.035092
                              |
            vaccine#kids_cat4 |
            1#only <12 years  |   1.153202   .1704241     0.96   0.335     .8632012    1.540632
                1#only 12-18  |   1.296767   .4442796     0.76   0.448      .662576    2.537981
                     1#mixed  |   .9514122   .0436645    -1.09   0.278     .8695675     1.04096
-----------------------------------------------------------------------------------------------
                                                             Stratified by stp
   1:    111.50 /        1 =     111.5050

 ( 1)  1.vaccine#1.kids_cat4 = 0
 ( 2)  1.vaccine#2.kids_cat4 = 0
 ( 3)  1.vaccine#3.kids_cat4 = 0

           chi2(  3) =    2.72
         Prob > chi2 =    0.4368

kids_cat4 
****************

 ( 1)  1.kids_cat4 + 1.vaccine#1.kids_cat4 = 0

------------------------------------------------------------------------------
          _t |     exp(b)   Std. Err.      z    P>|z|     [95% Conf. Interval]
-------------+----------------------------------------------------------------
         (1) |   .9594284   .1145141    -0.35   0.729     .7593046    1.212297
------------------------------------------------------------------------------
kids_cat4
****************

 ( 1)  2.kids_cat4 + 1.vaccine#2.kids_cat4 = 0

------------------------------------------------------------------------------
          _t |     exp(b)   Std. Err.      z    P>|z|     [95% Conf. Interval]
-------------+----------------------------------------------------------------
         (1) |   1.132608   .1736944     0.81   0.417     .8385731    1.529741
------------------------------------------------------------------------------
kids_cat4
****************

 ( 1)  3.kids_cat4 + 1.vaccine#3.kids_cat4 = 0

------------------------------------------------------------------------------
          _t |     exp(b)   Std. Err.      z    P>|z|     [95% Conf. Interval]
-------------+----------------------------------------------------------------
         (1) |   .9793568   .1073196    -0.19   0.849     .7900687    1.213995
------------------------------------------------------------------------------
(note: file ./output/an_interaction_cox_models_non_covid_death_kids_cat4_vaccine_0_timeperiod0.ster not found)
file ./output/an_interaction_cox_models_non_covid_death_kids_cat4_vaccine_0_timeperiod0.ster saved
(8,060 missing values generated)
(11,262 missing values generated)
(4,521 observations (episodes) created)
(20,528 real changes made)
(2,459 observations (episodes) created)
(22,987 real changes made)
(17,322 real changes made)
(non_covid_death: 6980 changes made)

Observation |
   interval |      Freq.     Percent        Cum.
------------+-----------------------------------
          0 |      2,366       10.29       10.29
          1 |      3,299       14.35       24.64
          2 |     17,322       75.36      100.00
------------+-----------------------------------
      Total |     22,987      100.00

           |   Failure/censoring
           |     indicator for
           |  outcome: non-covid
Observatio |         death
n interval |         0          1 |     Total
-----------+----------------------+----------
         0 |     2,077        289 |     2,366 
         1 |     2,704        595 |     3,299 
         2 |    13,180      4,142 |    17,322 
-----------+----------------------+----------
     Total |    17,961      5,026 |    22,987 
(2,366 observations deleted)
(vaccine: 20621 changes made)

         failure _d:  non_covid_death
   analysis time _t:  (stime_non_covid_death-origin)
             origin:  time enter_date
  enter on or after:  time enter_date
                 id:  patient_id

Iteration 0:   log pseudolikelihood = -31873.731
Iteration 1:   log pseudolikelihood = -31860.862
Iteration 2:   log pseudolikelihood = -31860.773
Iteration 3:   log pseudolikelihood = -31860.773
Iteration 4:   log pseudolikelihood = -31860.773
Refining estimates:
Iteration 0:   log pseudolikelihood = -31860.773

Stratified Cox regr. -- Breslow method for ties

No. of subjects      =       15,260             Number of obs    =      20,621
No. of failures      =        4,737
Time at risk         =      2122312
                                                Wald chi2(42)    =       25.64
Log pseudolikelihood =   -31860.773             Prob > chi2      =      0.9780

                                        (Std. Err. adjusted for 1,105 clusters in household_id)
-----------------------------------------------------------------------------------------------
                              |               Robust
                           _t | Haz. Ratio   Std. Err.      z    P>|z|     [95% Conf. Interval]
------------------------------+----------------------------------------------------------------
                    kids_cat4 |
              only <12 years  |   .9450408   .1120925    -0.48   0.634     .7490114    1.192374
                  only 12-18  |   1.097579   .1689522     0.60   0.545     .8117245    1.484098
                       mixed  |   .9856679   .1078798    -0.13   0.895     .7953677    1.221499
                              |
                         age1 |    .996374   .0053351    -0.68   0.498     .9859721    1.006886
                         age2 |   1.016932   .0171785     0.99   0.320     .9838144    1.051165
                         age3 |   .9479311   .0458568    -1.11   0.269     .8621828    1.042208
                       1.male |   1.004224   .0284743     0.15   0.882     .9499381    1.061613
                              |
                    ethnicity |
      Asian or Asian British  |   1.003286   .0481631     0.07   0.946     .9131933    1.102268
                       Other  |   1.011013   .0506982     0.22   0.827     .9163733    1.115427
                              |
                    obese4cat |
           Obese I (30-34.9)  |   1.049106   .0456658     1.10   0.271     .9633141    1.142538
          Obese II (35-39.9)  |   1.007198   .0542481     0.13   0.894      .906293    1.119337
             Obese III (40+)  |    1.10884   .0705593     1.62   0.104     .9788225    1.256127
                              |
                 smoke_nomiss |
                      Former  |   .8260236   .0919872    -1.72   0.086     .6640509    1.027504
                     Current  |   .9916059   .0441716    -0.19   0.850      .908703    1.082072
                              |
                          imd |
                           4  |   1.017877   .0353083     0.51   0.609     .9509741    1.089487
             5 most deprived  |   .9672121   .0472385    -0.68   0.495     .8789196    1.064374
                              |
                tot_adults_hh |
                           2  |   1.084869   .2864322     0.31   0.758     .6466047    1.820185
                           3  |   1.038551   .2266097     0.17   0.862     .6771698    1.592789
                              |
           1.htdiag_or_highbp |   .9254128   .0488427    -1.47   0.142     .8344679    1.026269
1.chronic_respiratory_disease |   1.012341   .0378995     0.33   0.743     .9407194    1.089416
                     1.asthma |   .9815116   .0555834    -0.33   0.742     .8783984    1.096729
    1.chronic_cardiac_disease |   .9725341   .0354645    -0.76   0.445     .9054509    1.044587
                              |
                      diabcat |
            T1DM, controlled  |   .9348028   .0872163    -0.72   0.470     .7785807    1.122371
          T1DM, uncontrolled  |   .9363352   .1826134    -0.34   0.736     .6388833    1.372275
            T2DM, controlled  |   .9978551   .0393573    -0.05   0.957     .9236224    1.078054
          T2DM, uncontrolled  |   1.009848   .0820688     0.12   0.904     .8611526    1.184218
          Diabetes, no HbA1c  |   1.557854   .7254331     0.95   0.341     .6253951    3.880599
                              |
            cancer_exhaem_cat |
                   Last year  |   .9381814   .2291973    -0.26   0.794     .5812176     1.51438
               2-5 years ago  |   .8663766   .1082497    -1.15   0.251     .6781926    1.106778
                    5+ years  |   1.047788   .0391072     1.25   0.211     .9738756     1.12731
                              |
              cancer_haem_cat |
                   Last year  |   .9344792   .2288476    -0.28   0.782     .5782507    1.510161
               2-5 years ago  |   .9720014   .1175909    -0.23   0.814     .7668142    1.232093
                    5+ years  |   1.011757   .0382562     0.31   0.757     .9394876    1.089586
                              |
      1.chronic_liver_disease |   .9420989   .0343711    -1.63   0.102     .8770849    1.011932
            1.stroke_dementia |   1.019946    .035226     0.57   0.567     .9531891    1.091378
                1.other_neuro |   1.026036   .0388092     0.68   0.497     .9527226    1.104991
                              |
  reduced_kidney_function_cat |
Stage 3a/3b egfr 30-60        |   .8235411   .1887977    -0.85   0.397     .5254682    1.290697
                       1.esrd |   1.019518   .0309096     0.64   0.524     .9607014    1.081936
           1.other_transplant |   .9856974   .0350534    -0.41   0.685     .9193336    1.056852
                   1.asplenia |   .9733913   .0351936    -0.75   0.456     .9068005    1.044872
           1.ra_sle_psoriasis |   1.031921   .0354781     0.91   0.361     .9646766    1.103853
               1.other_immuno |      .9627   .0354684    -1.03   0.302     .8956337    1.034788
-----------------------------------------------------------------------------------------------
                                                             Stratified by stp
   1:    126.12 /        1 =     126.1170

         failure _d:  non_covid_death
   analysis time _t:  (stime_non_covid_death-origin)
             origin:  time enter_date
  enter on or after:  time enter_date
                 id:  patient_id

Iteration 0:   log pseudolikelihood = -31873.731
Iteration 1:   log pseudolikelihood =  -31859.57
Iteration 2:   log pseudolikelihood = -31859.475
Iteration 3:   log pseudolikelihood = -31859.475
Iteration 4:   log pseudolikelihood = -31859.475
Refining estimates:
Iteration 0:   log pseudolikelihood = -31859.475

Stratified Cox regr. -- Breslow method for ties

No. of subjects      =       15,260             Number of obs    =      20,621
No. of failures      =        4,737
Time at risk         =      2122312
                                                Wald chi2(45)    =       28.72
Log pseudolikelihood =   -31859.475             Prob > chi2      =      0.9719

                                        (Std. Err. adjusted for 1,105 clusters in household_id)
-----------------------------------------------------------------------------------------------
                              |               Robust
                           _t | Haz. Ratio   Std. Err.      z    P>|z|     [95% Conf. Interval]
------------------------------+----------------------------------------------------------------
                    kids_cat4 |
              only <12 years  |   .8319689   .1493131    -1.03   0.305     .5852512    1.182693
                  only 12-18  |   .8734086    .314755    -0.38   0.707     .4309882    1.769985
                       mixed  |   1.029372   .1198704     0.25   0.804     .8193129    1.293286
                              |
                         age1 |   .9964318   .0053413    -0.67   0.505     .9860179    1.006956
                         age2 |   1.016622   .0171888     0.98   0.330     .9834848    1.050876
                         age3 |   .9488022   .0459323    -1.09   0.278     .8629156    1.043237
                       1.male |   1.004545   .0284983     0.16   0.873     .9502141    1.061983
                              |
                    ethnicity |
      Asian or Asian British  |   1.003141    .048193     0.07   0.948     .9129952    1.102187
                       Other  |   1.011127   .0507157     0.22   0.825     .9164554    1.115578
                              |
                    obese4cat |
           Obese I (30-34.9)  |   1.048788   .0456283     1.09   0.274     .9630651    1.142141
          Obese II (35-39.9)  |   1.006868   .0542456     0.13   0.899     .9059695    1.119004
             Obese III (40+)  |   1.108423   .0705175     1.62   0.106     .9784815    1.255622
                              |
                 smoke_nomiss |
                      Former  |   .8257258   .0919741    -1.72   0.086     .6637798    1.027183
                     Current  |   .9913072   .0441446    -0.20   0.845     .9084538    1.081717
                              |
                          imd |
                           4  |   1.018029   .0353067     0.52   0.606     .9511291    1.089635
             5 most deprived  |   .9672282   .0472748    -0.68   0.495     .8788709    1.064468
                              |
                tot_adults_hh |
                           2  |   1.090448   .2879367     0.33   0.743     .6498933    1.829649
                           3  |   1.041453    .227043     0.19   0.852     .6793169    1.596638
                              |
           1.htdiag_or_highbp |   .9248857   .0487981    -1.48   0.139     .8340223    1.025648
1.chronic_respiratory_disease |   1.012294   .0379148     0.33   0.744     .9406449    1.089402
                     1.asthma |   .9820153   .0556108    -0.32   0.749     .8788512    1.097289
    1.chronic_cardiac_disease |    .972753   .0354486    -0.76   0.448     .9056981    1.044772
                              |
                      diabcat |
            T1DM, controlled  |   .9339731   .0870454    -0.73   0.464     .7780424    1.121155
          T1DM, uncontrolled  |   .9373544   .1828009    -0.33   0.740     .6395939    1.373736
            T2DM, controlled  |    .998413   .0393768    -0.04   0.968     .9241433    1.078651
          T2DM, uncontrolled  |   1.009975   .0821064     0.12   0.903     .8612156     1.18443
          Diabetes, no HbA1c  |   1.561105   .7246906     0.96   0.337     .6284784    3.877697
                              |
            cancer_exhaem_cat |
                   Last year  |   .9381832   .2292772    -0.26   0.794     .5811221    1.514635
               2-5 years ago  |   .8670087   .1083636    -1.14   0.254     .6786338    1.107673
                    5+ years  |   1.048053   .0390952     1.26   0.208     .9741623    1.127549
                              |
              cancer_haem_cat |
                   Last year  |   .9334706   .2282755    -0.28   0.778      .578021    1.507501
               2-5 years ago  |   .9723692   .1175789    -0.23   0.817     .7671917    1.232419
                    5+ years  |   1.012017   .0382971     0.32   0.752      .939672    1.089931
                              |
      1.chronic_liver_disease |   .9418097   .0343481    -1.64   0.100     .8768385    1.011595
            1.stroke_dementia |   1.020231   .0352296     0.58   0.562      .953467     1.09167
                1.other_neuro |   1.026588   .0388153     0.69   0.488     .9532617    1.105554
                              |
  reduced_kidney_function_cat |
Stage 3a/3b egfr 30-60        |     .82103    .188427    -0.86   0.390     .5236096    1.287391
                       1.esrd |   1.019524   .0309112     0.64   0.524     .9607047    1.081946
           1.other_transplant |   .9857337   .0350752    -0.40   0.686     .9193301    1.056934
                   1.asplenia |   .9733123    .035187    -0.75   0.454     .9067337     1.04478
           1.ra_sle_psoriasis |   1.031894   .0354729     0.91   0.361     .9646587    1.103815
               1.other_immuno |   .9629946   .0354732    -1.02   0.306     .8959189    1.035092
                              |
            vaccine#kids_cat4 |
            1#only <12 years  |   1.153202   .1704241     0.96   0.335     .8632012    1.540632
                1#only 12-18  |   1.296767   .4442796     0.76   0.448      .662576    2.537981
                     1#mixed  |   .9514122   .0436645    -1.09   0.278     .8695675     1.04096
-----------------------------------------------------------------------------------------------
                                                             Stratified by stp
   1:    112.65 /        1 =     112.6500

 ( 1)  1.vaccine#1.kids_cat4 = 0
 ( 2)  1.vaccine#2.kids_cat4 = 0
 ( 3)  1.vaccine#3.kids_cat4 = 0

           chi2(  3) =    2.72
         Prob > chi2 =    0.4368

kids_cat4 
****************

 ( 1)  1.kids_cat4 + 1.vaccine#1.kids_cat4 = 0

------------------------------------------------------------------------------
          _t |     exp(b)   Std. Err.      z    P>|z|     [95% Conf. Interval]
-------------+----------------------------------------------------------------
         (1) |   .9594284   .1145141    -0.35   0.729     .7593046    1.212297
------------------------------------------------------------------------------
kids_cat4
****************

 ( 1)  2.kids_cat4 + 1.vaccine#2.kids_cat4 = 0

------------------------------------------------------------------------------
          _t |     exp(b)   Std. Err.      z    P>|z|     [95% Conf. Interval]
-------------+----------------------------------------------------------------
         (1) |   1.132608   .1736944     0.81   0.417     .8385731    1.529741
------------------------------------------------------------------------------
kids_cat4
****************

 ( 1)  3.kids_cat4 + 1.vaccine#3.kids_cat4 = 0

------------------------------------------------------------------------------
          _t |     exp(b)   Std. Err.      z    P>|z|     [95% Conf. Interval]
-------------+----------------------------------------------------------------
         (1) |   .9793568   .1073196    -0.19   0.849     .7900687    1.213995
------------------------------------------------------------------------------
(note: file ./output/an_interaction_cox_models_non_covid_death_kids_cat4_vaccine_0_timeperiod1.ster not found)
file ./output/an_interaction_cox_models_non_covid_death_kids_cat4_vaccine_0_timeperiod1.ster saved
(8,060 missing values generated)
(11,262 missing values generated)
(4,521 observations (episodes) created)
(20,528 real changes made)
(2,459 observations (episodes) created)
(22,987 real changes made)
(17,322 real changes made)
(non_covid_death: 6980 changes made)

Observation |
   interval |      Freq.     Percent        Cum.
------------+-----------------------------------
          0 |      2,366       10.29       10.29
          1 |      3,299       14.35       24.64
          2 |     17,322       75.36      100.00
------------+-----------------------------------
      Total |     22,987      100.00

           |   Failure/censoring
           |     indicator for
           |  outcome: non-covid
Observatio |         death
n interval |         0          1 |     Total
-----------+----------------------+----------
         0 |     2,077        289 |     2,366 
         1 |     2,704        595 |     3,299 
         2 |    13,180      4,142 |    17,322 
-----------+----------------------+----------
     Total |    17,961      5,026 |    22,987 
(2,366 observations deleted)
(vaccine: 20621 changes made)

         failure _d:  non_covid_death
   analysis time _t:  (stime_non_covid_death-origin)
             origin:  time enter_date
  enter on or after:  time enter_date
                 id:  patient_id

Iteration 0:   log pseudolikelihood = -31873.731
Iteration 1:   log pseudolikelihood = -31860.862
Iteration 2:   log pseudolikelihood = -31860.773
Iteration 3:   log pseudolikelihood = -31860.773
Iteration 4:   log pseudolikelihood = -31860.773
Refining estimates:
Iteration 0:   log pseudolikelihood = -31860.773

Stratified Cox regr. -- Breslow method for ties

No. of subjects      =       15,260             Number of obs    =      20,621
No. of failures      =        4,737
Time at risk         =      2122312
                                                Wald chi2(42)    =       25.64
Log pseudolikelihood =   -31860.773             Prob > chi2      =      0.9780

                                        (Std. Err. adjusted for 1,105 clusters in household_id)
-----------------------------------------------------------------------------------------------
                              |               Robust
                           _t | Haz. Ratio   Std. Err.      z    P>|z|     [95% Conf. Interval]
------------------------------+----------------------------------------------------------------
                    kids_cat4 |
              only <12 years  |   .9450408   .1120925    -0.48   0.634     .7490114    1.192374
                  only 12-18  |   1.097579   .1689522     0.60   0.545     .8117245    1.484098
                       mixed  |   .9856679   .1078798    -0.13   0.895     .7953677    1.221499
                              |
                         age1 |    .996374   .0053351    -0.68   0.498     .9859721    1.006886
                         age2 |   1.016932   .0171785     0.99   0.320     .9838144    1.051165
                         age3 |   .9479311   .0458568    -1.11   0.269     .8621828    1.042208
                       1.male |   1.004224   .0284743     0.15   0.882     .9499381    1.061613
                              |
                    ethnicity |
      Asian or Asian British  |   1.003286   .0481631     0.07   0.946     .9131933    1.102268
                       Other  |   1.011013   .0506982     0.22   0.827     .9163733    1.115427
                              |
                    obese4cat |
           Obese I (30-34.9)  |   1.049106   .0456658     1.10   0.271     .9633141    1.142538
          Obese II (35-39.9)  |   1.007198   .0542481     0.13   0.894      .906293    1.119337
             Obese III (40+)  |    1.10884   .0705593     1.62   0.104     .9788225    1.256127
                              |
                 smoke_nomiss |
                      Former  |   .8260236   .0919872    -1.72   0.086     .6640509    1.027504
                     Current  |   .9916059   .0441716    -0.19   0.850      .908703    1.082072
                              |
                          imd |
                           4  |   1.017877   .0353083     0.51   0.609     .9509741    1.089487
             5 most deprived  |   .9672121   .0472385    -0.68   0.495     .8789196    1.064374
                              |
                tot_adults_hh |
                           2  |   1.084869   .2864322     0.31   0.758     .6466047    1.820185
                           3  |   1.038551   .2266097     0.17   0.862     .6771698    1.592789
                              |
           1.htdiag_or_highbp |   .9254128   .0488427    -1.47   0.142     .8344679    1.026269
1.chronic_respiratory_disease |   1.012341   .0378995     0.33   0.743     .9407194    1.089416
                     1.asthma |   .9815116   .0555834    -0.33   0.742     .8783984    1.096729
    1.chronic_cardiac_disease |   .9725341   .0354645    -0.76   0.445     .9054509    1.044587
                              |
                      diabcat |
            T1DM, controlled  |   .9348028   .0872163    -0.72   0.470     .7785807    1.122371
          T1DM, uncontrolled  |   .9363352   .1826134    -0.34   0.736     .6388833    1.372275
            T2DM, controlled  |   .9978551   .0393573    -0.05   0.957     .9236224    1.078054
          T2DM, uncontrolled  |   1.009848   .0820688     0.12   0.904     .8611526    1.184218
          Diabetes, no HbA1c  |   1.557854   .7254331     0.95   0.341     .6253951    3.880599
                              |
            cancer_exhaem_cat |
                   Last year  |   .9381814   .2291973    -0.26   0.794     .5812176     1.51438
               2-5 years ago  |   .8663766   .1082497    -1.15   0.251     .6781926    1.106778
                    5+ years  |   1.047788   .0391072     1.25   0.211     .9738756     1.12731
                              |
              cancer_haem_cat |
                   Last year  |   .9344792   .2288476    -0.28   0.782     .5782507    1.510161
               2-5 years ago  |   .9720014   .1175909    -0.23   0.814     .7668142    1.232093
                    5+ years  |   1.011757   .0382562     0.31   0.757     .9394876    1.089586
                              |
      1.chronic_liver_disease |   .9420989   .0343711    -1.63   0.102     .8770849    1.011932
            1.stroke_dementia |   1.019946    .035226     0.57   0.567     .9531891    1.091378
                1.other_neuro |   1.026036   .0388092     0.68   0.497     .9527226    1.104991
                              |
  reduced_kidney_function_cat |
Stage 3a/3b egfr 30-60        |   .8235411   .1887977    -0.85   0.397     .5254682    1.290697
                       1.esrd |   1.019518   .0309096     0.64   0.524     .9607014    1.081936
           1.other_transplant |   .9856974   .0350534    -0.41   0.685     .9193336    1.056852
                   1.asplenia |   .9733913   .0351936    -0.75   0.456     .9068005    1.044872
           1.ra_sle_psoriasis |   1.031921   .0354781     0.91   0.361     .9646766    1.103853
               1.other_immuno |      .9627   .0354684    -1.03   0.302     .8956337    1.034788
-----------------------------------------------------------------------------------------------
                                                             Stratified by stp
   1:    135.16 /        1 =     135.1640

         failure _d:  non_covid_death
   analysis time _t:  (stime_non_covid_death-origin)
             origin:  time enter_date
  enter on or after:  time enter_date
                 id:  patient_id

Iteration 0:   log pseudolikelihood = -31873.731
Iteration 1:   log pseudolikelihood =  -31859.57
Iteration 2:   log pseudolikelihood = -31859.475
Iteration 3:   log pseudolikelihood = -31859.475
Iteration 4:   log pseudolikelihood = -31859.475
Refining estimates:
Iteration 0:   log pseudolikelihood = -31859.475

Stratified Cox regr. -- Breslow method for ties

No. of subjects      =       15,260             Number of obs    =      20,621
No. of failures      =        4,737
Time at risk         =      2122312
                                                Wald chi2(45)    =       28.72
Log pseudolikelihood =   -31859.475             Prob > chi2      =      0.9719

                                        (Std. Err. adjusted for 1,105 clusters in household_id)
-----------------------------------------------------------------------------------------------
                              |               Robust
                           _t | Haz. Ratio   Std. Err.      z    P>|z|     [95% Conf. Interval]
------------------------------+----------------------------------------------------------------
                    kids_cat4 |
              only <12 years  |   .8319689   .1493131    -1.03   0.305     .5852512    1.182693
                  only 12-18  |   .8734086    .314755    -0.38   0.707     .4309882    1.769985
                       mixed  |   1.029372   .1198704     0.25   0.804     .8193129    1.293286
                              |
                         age1 |   .9964318   .0053413    -0.67   0.505     .9860179    1.006956
                         age2 |   1.016622   .0171888     0.98   0.330     .9834848    1.050876
                         age3 |   .9488022   .0459323    -1.09   0.278     .8629156    1.043237
                       1.male |   1.004545   .0284983     0.16   0.873     .9502141    1.061983
                              |
                    ethnicity |
      Asian or Asian British  |   1.003141    .048193     0.07   0.948     .9129952    1.102187
                       Other  |   1.011127   .0507157     0.22   0.825     .9164554    1.115578
                              |
                    obese4cat |
           Obese I (30-34.9)  |   1.048788   .0456283     1.09   0.274     .9630651    1.142141
          Obese II (35-39.9)  |   1.006868   .0542456     0.13   0.899     .9059695    1.119004
             Obese III (40+)  |   1.108423   .0705175     1.62   0.106     .9784815    1.255622
                              |
                 smoke_nomiss |
                      Former  |   .8257258   .0919741    -1.72   0.086     .6637798    1.027183
                     Current  |   .9913072   .0441446    -0.20   0.845     .9084538    1.081717
                              |
                          imd |
                           4  |   1.018029   .0353067     0.52   0.606     .9511291    1.089635
             5 most deprived  |   .9672282   .0472748    -0.68   0.495     .8788709    1.064468
                              |
                tot_adults_hh |
                           2  |   1.090448   .2879367     0.33   0.743     .6498933    1.829649
                           3  |   1.041453    .227043     0.19   0.852     .6793169    1.596638
                              |
           1.htdiag_or_highbp |   .9248857   .0487981    -1.48   0.139     .8340223    1.025648
1.chronic_respiratory_disease |   1.012294   .0379148     0.33   0.744     .9406449    1.089402
                     1.asthma |   .9820153   .0556108    -0.32   0.749     .8788512    1.097289
    1.chronic_cardiac_disease |    .972753   .0354486    -0.76   0.448     .9056981    1.044772
                              |
                      diabcat |
            T1DM, controlled  |   .9339731   .0870454    -0.73   0.464     .7780424    1.121155
          T1DM, uncontrolled  |   .9373544   .1828009    -0.33   0.740     .6395939    1.373736
            T2DM, controlled  |    .998413   .0393768    -0.04   0.968     .9241433    1.078651
          T2DM, uncontrolled  |   1.009975   .0821064     0.12   0.903     .8612156     1.18443
          Diabetes, no HbA1c  |   1.561105   .7246906     0.96   0.337     .6284784    3.877697
                              |
            cancer_exhaem_cat |
                   Last year  |   .9381832   .2292772    -0.26   0.794     .5811221    1.514635
               2-5 years ago  |   .8670087   .1083636    -1.14   0.254     .6786338    1.107673
                    5+ years  |   1.048053   .0390952     1.26   0.208     .9741623    1.127549
                              |
              cancer_haem_cat |
                   Last year  |   .9334706   .2282755    -0.28   0.778      .578021    1.507501
               2-5 years ago  |   .9723692   .1175789    -0.23   0.817     .7671917    1.232419
                    5+ years  |   1.012017   .0382971     0.32   0.752      .939672    1.089931
                              |
      1.chronic_liver_disease |   .9418097   .0343481    -1.64   0.100     .8768385    1.011595
            1.stroke_dementia |   1.020231   .0352296     0.58   0.562      .953467     1.09167
                1.other_neuro |   1.026588   .0388153     0.69   0.488     .9532617    1.105554
                              |
  reduced_kidney_function_cat |
Stage 3a/3b egfr 30-60        |     .82103    .188427    -0.86   0.390     .5236096    1.287391
                       1.esrd |   1.019524   .0309112     0.64   0.524     .9607047    1.081946
           1.other_transplant |   .9857337   .0350752    -0.40   0.686     .9193301    1.056934
                   1.asplenia |   .9733123    .035187    -0.75   0.454     .9067337     1.04478
           1.ra_sle_psoriasis |   1.031894   .0354729     0.91   0.361     .9646587    1.103815
               1.other_immuno |   .9629946   .0354732    -1.02   0.306     .8959189    1.035092
                              |
            vaccine#kids_cat4 |
            1#only <12 years  |   1.153202   .1704241     0.96   0.335     .8632012    1.540632
                1#only 12-18  |   1.296767   .4442796     0.76   0.448      .662576    2.537981
                     1#mixed  |   .9514122   .0436645    -1.09   0.278     .8695675     1.04096
-----------------------------------------------------------------------------------------------
                                                             Stratified by stp
   1:    136.55 /        1 =     136.5460

 ( 1)  1.vaccine#1.kids_cat4 = 0
 ( 2)  1.vaccine#2.kids_cat4 = 0
 ( 3)  1.vaccine#3.kids_cat4 = 0

           chi2(  3) =    2.72
         Prob > chi2 =    0.4368

kids_cat4 
****************

 ( 1)  1.kids_cat4 + 1.vaccine#1.kids_cat4 = 0

------------------------------------------------------------------------------
          _t |     exp(b)   Std. Err.      z    P>|z|     [95% Conf. Interval]
-------------+----------------------------------------------------------------
         (1) |   .9594284   .1145141    -0.35   0.729     .7593046    1.212297
------------------------------------------------------------------------------
kids_cat4
****************

 ( 1)  2.kids_cat4 + 1.vaccine#2.kids_cat4 = 0

------------------------------------------------------------------------------
          _t |     exp(b)   Std. Err.      z    P>|z|     [95% Conf. Interval]
-------------+----------------------------------------------------------------
         (1) |   1.132608   .1736944     0.81   0.417     .8385731    1.529741
------------------------------------------------------------------------------
kids_cat4
****************

 ( 1)  3.kids_cat4 + 1.vaccine#3.kids_cat4 = 0

------------------------------------------------------------------------------
          _t |     exp(b)   Std. Err.      z    P>|z|     [95% Conf. Interval]
-------------+----------------------------------------------------------------
         (1) |   .9793568   .1073196    -0.19   0.849     .7900687    1.213995
------------------------------------------------------------------------------
(note: file ./output/an_interaction_cox_models_non_covid_death_kids_cat4_vaccine_0_timeperiod2.ster not found)
file ./output/an_interaction_cox_models_non_covid_death_kids_cat4_vaccine_0_timeperiod2.ster saved
(2,262 missing values generated)
(3,276 missing values generated)
(1,295 observations (episodes) created)
(5,900 real changes made)
(733 observations (episodes) created)
(6,633 real changes made)
(5,062 real changes made)
(non_covid_death: 2028 changes made)

Observation |
   interval |      Freq.     Percent        Cum.
------------+-----------------------------------
          0 |        694       10.46       10.46
          1 |        877       13.22       23.68
          2 |      5,062       76.32      100.00
------------+-----------------------------------
      Total |      6,633      100.00

           |   Failure/censoring
           |     indicator for
           |  outcome: non-covid
Observatio |         death
n interval |         0          1 |     Total
-----------+----------------------+----------
         0 |       607         87 |       694 
         1 |       731        146 |       877 
         2 |     3,910      1,152 |     5,062 
-----------+----------------------+----------
     Total |     5,248      1,385 |     6,633 
(694 observations deleted)
(vaccine: 5939 changes made)

         failure _d:  non_covid_death
   analysis time _t:  (stime_non_covid_death-origin)
             origin:  time enter_date
  enter on or after:  time enter_date
                 id:  patient_id

Iteration 0:   log pseudolikelihood = -7107.0416
Iteration 1:   log pseudolikelihood = -7085.1584
Iteration 2:   log pseudolikelihood = -7083.7519
Iteration 3:   log pseudolikelihood = -7083.6258
Iteration 4:   log pseudolikelihood = -7083.6216
Iteration 5:   log pseudolikelihood = -7083.6216
Refining estimates:
Iteration 0:   log pseudolikelihood = -7083.6216

Stratified Cox regr. -- Breslow method for ties

No. of subjects      =        4,384             Number of obs    =       5,939
No. of failures      =        1,298
Time at risk         =       609408
                                                Wald chi2(42)    =       46.41
Log pseudolikelihood =   -7083.6216             Prob > chi2      =      0.2954

                                          (Std. Err. adjusted for 914 clusters in household_id)
-----------------------------------------------------------------------------------------------
                              |               Robust
                           _t | Haz. Ratio   Std. Err.      z    P>|z|     [95% Conf. Interval]
------------------------------+----------------------------------------------------------------
                    kids_cat4 |
              only <12 years  |   .8539833   .1431981    -0.94   0.347     .6147772    1.186263
                  only 12-18  |   .9690409   .2199492    -0.14   0.890     .6210687    1.511975
                       mixed  |   .7351068   .1100431    -2.06   0.040     .5481865     .985763
                              |
                         age1 |   1.009234   .0251545     0.37   0.712     .9611165     1.05976
                         age2 |   .9593305   .1247718    -0.32   0.750     .7434639    1.237875
                         age3 |   1.082485   .2785877     0.31   0.758     .6536674    1.792613
                       1.male |   .9802343   .0536769    -0.36   0.715     .8804784    1.091292
                              |
                    ethnicity |
      Asian or Asian British  |   1.012704   .0923301     0.14   0.890     .8469877    1.210844
                       Other  |   1.016775   .0944561     0.18   0.858     .8475209    1.219831
                              |
                    obese4cat |
           Obese I (30-34.9)  |   1.013094   .0793228     0.17   0.868     .8689662    1.181128
          Obese II (35-39.9)  |   .9153912     .09297    -0.87   0.384     .7501636    1.117011
             Obese III (40+)  |   .7902695   .0963988    -1.93   0.054     .6222198    1.003706
                              |
                 smoke_nomiss |
                      Former  |   1.272482   .2129187     1.44   0.150     .9166928    1.766361
                     Current  |   .9734559   .0865056    -0.30   0.762     .8178521    1.158665
                              |
                          imd |
                           4  |   .8626232   .0608052    -2.10   0.036     .7513133    .9904241
             5 most deprived  |   .9217368   .0870127    -0.86   0.388     .7660424    1.109075
                              |
                tot_adults_hh |
                           2  |   .6054486    .256722    -1.18   0.237      .263725    1.389963
                           3  |   .6963351   .2250424    -1.12   0.263     .3695949     1.31193
                              |
           1.htdiag_or_highbp |   1.032676   .1065322     0.31   0.755     .8436319    1.264081
1.chronic_respiratory_disease |   .9802435   .0676589    -0.29   0.773     .8562131    1.122241
                     1.asthma |   .8531728   .0902611    -1.50   0.133     .6934009    1.049759
    1.chronic_cardiac_disease |   .9667176   .0670399    -0.49   0.625     .8438603    1.107462
                              |
                      diabcat |
            T1DM, controlled  |   1.028099    .222465     0.13   0.898     .6727411    1.571166
          T1DM, uncontrolled  |   1.048838   .3092153     0.16   0.872     .5885176    1.869205
            T2DM, controlled  |   .8782726   .0662004    -1.72   0.085     .7576515    1.018097
          T2DM, uncontrolled  |   1.066218   .1647505     0.41   0.678     .7876253    1.443353
          Diabetes, no HbA1c  |   .8145343   .8902894    -0.19   0.851     .0956186     6.93867
                              |
            cancer_exhaem_cat |
                   Last year  |   .1335506    .134379    -2.00   0.045     .0185851    .9596824
               2-5 years ago  |   1.119438     .21254     0.59   0.552     .7715928    1.624096
                    5+ years  |   1.008874   .0735943     0.12   0.904     .8744686    1.163937
                              |
              cancer_haem_cat |
                   Last year  |   1.041158    .359934     0.12   0.907     .5287514    2.050131
               2-5 years ago  |   1.196062   .2631021     0.81   0.416     .7771625    1.840753
                    5+ years  |   1.073405   .0779127     0.98   0.329      .931064    1.237508
                              |
      1.chronic_liver_disease |    .938531   .0683905    -0.87   0.384     .8136203    1.082619
            1.stroke_dementia |   1.138966   .0781973     1.90   0.058     .9955666     1.30302
                1.other_neuro |   1.007936   .0716804     0.11   0.911     .8767967    1.158689
                              |
  reduced_kidney_function_cat |
Stage 3a/3b egfr 30-60        |   .9680159   .1356494    -0.23   0.817     .7355334     1.27398
                       1.esrd |   1.027389   .0612812     0.45   0.651     .9140352    1.154801
           1.other_transplant |   1.105565   .0771371     1.44   0.150     .9642611    1.267576
                   1.asplenia |   .9749603   .0691411    -0.36   0.721     .8484424    1.120344
           1.ra_sle_psoriasis |   1.024518   .0727734     0.34   0.733     .8913687    1.177558
               1.other_immuno |   .9107815   .0648733    -1.31   0.190     .7921084    1.047234
-----------------------------------------------------------------------------------------------
                                                             Stratified by stp
   1:     25.37 /        1 =      25.3660

         failure _d:  non_covid_death
   analysis time _t:  (stime_non_covid_death-origin)
             origin:  time enter_date
  enter on or after:  time enter_date
                 id:  patient_id

Iteration 0:   log pseudolikelihood = -7107.0416
Iteration 1:   log pseudolikelihood = -7084.5853
Iteration 2:   log pseudolikelihood = -7083.1535
Iteration 3:   log pseudolikelihood = -7083.0282
Iteration 4:   log pseudolikelihood = -7083.0241
Iteration 5:   log pseudolikelihood =  -7083.024
Refining estimates:
Iteration 0:   log pseudolikelihood =  -7083.024

Stratified Cox regr. -- Breslow method for ties

No. of subjects      =        4,384             Number of obs    =       5,939
No. of failures      =        1,298
Time at risk         =       609408
                                                Wald chi2(45)    =       47.48
Log pseudolikelihood =    -7083.024             Prob > chi2      =      0.3721

                                          (Std. Err. adjusted for 914 clusters in household_id)
-----------------------------------------------------------------------------------------------
                              |               Robust
                           _t | Haz. Ratio   Std. Err.      z    P>|z|     [95% Conf. Interval]
------------------------------+----------------------------------------------------------------
                    kids_cat4 |
              only <12 years  |   1.079707   .2819212     0.29   0.769     .6472167    1.801202
                  only 12-18  |   .8245572   .4668459    -0.34   0.733      .271825    2.501222
                       mixed  |   .7257229   .1244092    -1.87   0.061     .5186222    1.015525
                              |
                         age1 |   1.008976   .0251297     0.36   0.720     .9609053    1.059451
                         age2 |    .960754   .1248826    -0.31   0.758     .7446799    1.239523
                         age3 |     1.0795   .2776888     0.30   0.766     .6520196    1.787246
                       1.male |   .9783876   .0536225    -0.40   0.690     .8787375    1.089338
                              |
                    ethnicity |
      Asian or Asian British  |   1.013258   .0923712     0.14   0.885     .8474665    1.211484
                       Other  |   1.014854   .0941941     0.16   0.874     .8460561     1.21733
                              |
                    obese4cat |
           Obese I (30-34.9)  |    1.01125   .0790245     0.14   0.886     .8676434    1.178626
          Obese II (35-39.9)  |   .9162785   .0928853    -0.86   0.388     .7511716    1.117676
             Obese III (40+)  |   .7896841    .096448    -1.93   0.053     .6215727    1.003263
                              |
                 smoke_nomiss |
                      Former  |     1.2744   .2126067     1.45   0.146     .9189688    1.767302
                     Current  |    .970958   .0862879    -0.33   0.740     .8157465    1.155702
                              |
                          imd |
                           4  |   .8615634   .0607142    -2.11   0.034     .7504179    .9891708
             5 most deprived  |   .9202186   .0869199    -0.88   0.379     .7646983    1.107368
                              |
                tot_adults_hh |
                           2  |   .6000956   .2543888    -1.20   0.228     .2614474    1.377389
                           3  |    .692309   .2231237    -1.14   0.254      .368101    1.302066
                              |
           1.htdiag_or_highbp |    1.03149   .1065862     0.30   0.764     .8423809    1.263053
1.chronic_respiratory_disease |   .9785293   .0675528    -0.31   0.753     .8546949    1.120306
                     1.asthma |   .8527598   .0900953    -1.51   0.132       .69326    1.048956
    1.chronic_cardiac_disease |   .9693757   .0675763    -0.45   0.655     .8455783    1.111298
                              |
                      diabcat |
            T1DM, controlled  |   1.026991   .2221914     0.12   0.902     .6720589    1.569371
          T1DM, uncontrolled  |   1.052925   .3099616     0.18   0.861     .5913161    1.874888
            T2DM, controlled  |   .8790244   .0661877    -1.71   0.087     .7584172    1.018811
          T2DM, uncontrolled  |   1.067357   .1645513     0.42   0.672     .7890099    1.443899
          Diabetes, no HbA1c  |   .8301773   .9067423    -0.17   0.865     .0976035    7.061166
                              |
            cancer_exhaem_cat |
                   Last year  |    .134112   .1348935    -2.00   0.046      .018677    .9630065
               2-5 years ago  |   1.121445   .2127429     0.60   0.546     .7732175    1.626502
                    5+ years  |   1.009605   .0737669     0.13   0.896        .8749     1.16505
                              |
              cancer_haem_cat |
                   Last year  |   1.049204   .3622975     0.14   0.889     .5332543    2.064362
               2-5 years ago  |   1.200434   .2633534     0.83   0.405     .7809086     1.84534
                    5+ years  |     1.0728   .0779301     0.97   0.333     .9304353    1.236949
                              |
      1.chronic_liver_disease |   .9376896   .0683919    -0.88   0.378     .8127844     1.08179
            1.stroke_dementia |   1.139789   .0784291     1.90   0.057     .9959856    1.304355
                1.other_neuro |   1.006808   .0715437     0.10   0.924     .8759121    1.157266
                              |
  reduced_kidney_function_cat |
Stage 3a/3b egfr 30-60        |   .9635977   .1355481    -0.26   0.792     .7314056    1.269501
                       1.esrd |   1.027419   .0613035     0.45   0.650      .914026     1.15488
           1.other_transplant |   1.105845   .0773269     1.44   0.150     .9642139     1.26828
                   1.asplenia |   .9750896   .0692339    -0.36   0.722     .8484125    1.120681
           1.ra_sle_psoriasis |   1.024087   .0727625     0.33   0.738     .8909594    1.177106
               1.other_immuno |   .9108646   .0648353    -1.31   0.190     .7922557    1.047231
                              |
            vaccine#kids_cat4 |
            1#only <12 years  |   .7668231   .1791694    -1.14   0.256      .485077    1.212215
                1#only 12-18  |   1.201855   .7571898     0.29   0.770     .3496071    4.131655
                     1#mixed  |   1.015599   .0967542     0.16   0.871     .8426162    1.224094
-----------------------------------------------------------------------------------------------
                                                             Stratified by stp
   1:     32.31 /        1 =      32.3080

 ( 1)  1.vaccine#1.kids_cat4 = 0
 ( 2)  1.vaccine#2.kids_cat4 = 0
 ( 3)  1.vaccine#3.kids_cat4 = 0

           chi2(  3) =    1.42
         Prob > chi2 =    0.7016

kids_cat4 
****************

 ( 1)  1.kids_cat4 + 1.vaccine#1.kids_cat4 = 0

------------------------------------------------------------------------------
          _t |     exp(b)   Std. Err.      z    P>|z|     [95% Conf. Interval]
-------------+----------------------------------------------------------------
         (1) |   .8279445   .1413936    -1.11   0.269     .5924284    1.157088
------------------------------------------------------------------------------
kids_cat4
****************

 ( 1)  2.kids_cat4 + 1.vaccine#2.kids_cat4 = 0

------------------------------------------------------------------------------
          _t |     exp(b)   Std. Err.      z    P>|z|     [95% Conf. Interval]
-------------+----------------------------------------------------------------
         (1) |   .9909983   .2470506    -0.04   0.971     .6079571    1.615373
------------------------------------------------------------------------------
kids_cat4
****************

 ( 1)  3.kids_cat4 + 1.vaccine#3.kids_cat4 = 0

------------------------------------------------------------------------------
          _t |     exp(b)   Std. Err.      z    P>|z|     [95% Conf. Interval]
-------------+----------------------------------------------------------------
         (1) |   .7370433   .1106747    -2.03   0.042     .5491314    .9892584
------------------------------------------------------------------------------
(note: file ./output/an_interaction_cox_models_non_covid_death_kids_cat4_vaccine_1_timeperiod0.ster not found)
file ./output/an_interaction_cox_models_non_covid_death_kids_cat4_vaccine_1_timeperiod0.ster saved
(2,262 missing values generated)
(3,276 missing values generated)
(1,295 observations (episodes) created)
(5,900 real changes made)
(733 observations (episodes) created)
(6,633 real changes made)
(5,062 real changes made)
(non_covid_death: 2028 changes made)

Observation |
   interval |      Freq.     Percent        Cum.
------------+-----------------------------------
          0 |        694       10.46       10.46
          1 |        877       13.22       23.68
          2 |      5,062       76.32      100.00
------------+-----------------------------------
      Total |      6,633      100.00

           |   Failure/censoring
           |     indicator for
           |  outcome: non-covid
Observatio |         death
n interval |         0          1 |     Total
-----------+----------------------+----------
         0 |       607         87 |       694 
         1 |       731        146 |       877 
         2 |     3,910      1,152 |     5,062 
-----------+----------------------+----------
     Total |     5,248      1,385 |     6,633 
(694 observations deleted)
(vaccine: 5939 changes made)

         failure _d:  non_covid_death
   analysis time _t:  (stime_non_covid_death-origin)
             origin:  time enter_date
  enter on or after:  time enter_date
                 id:  patient_id

Iteration 0:   log pseudolikelihood = -7107.0416
Iteration 1:   log pseudolikelihood = -7085.1584
Iteration 2:   log pseudolikelihood = -7083.7519
Iteration 3:   log pseudolikelihood = -7083.6258
Iteration 4:   log pseudolikelihood = -7083.6216
Iteration 5:   log pseudolikelihood = -7083.6216
Refining estimates:
Iteration 0:   log pseudolikelihood = -7083.6216

Stratified Cox regr. -- Breslow method for ties

No. of subjects      =        4,384             Number of obs    =       5,939
No. of failures      =        1,298
Time at risk         =       609408
                                                Wald chi2(42)    =       46.41
Log pseudolikelihood =   -7083.6216             Prob > chi2      =      0.2954

                                          (Std. Err. adjusted for 914 clusters in household_id)
-----------------------------------------------------------------------------------------------
                              |               Robust
                           _t | Haz. Ratio   Std. Err.      z    P>|z|     [95% Conf. Interval]
------------------------------+----------------------------------------------------------------
                    kids_cat4 |
              only <12 years  |   .8539833   .1431981    -0.94   0.347     .6147772    1.186263
                  only 12-18  |   .9690409   .2199492    -0.14   0.890     .6210687    1.511975
                       mixed  |   .7351068   .1100431    -2.06   0.040     .5481865     .985763
                              |
                         age1 |   1.009234   .0251545     0.37   0.712     .9611165     1.05976
                         age2 |   .9593305   .1247718    -0.32   0.750     .7434639    1.237875
                         age3 |   1.082485   .2785877     0.31   0.758     .6536674    1.792613
                       1.male |   .9802343   .0536769    -0.36   0.715     .8804784    1.091292
                              |
                    ethnicity |
      Asian or Asian British  |   1.012704   .0923301     0.14   0.890     .8469877    1.210844
                       Other  |   1.016775   .0944561     0.18   0.858     .8475209    1.219831
                              |
                    obese4cat |
           Obese I (30-34.9)  |   1.013094   .0793228     0.17   0.868     .8689662    1.181128
          Obese II (35-39.9)  |   .9153912     .09297    -0.87   0.384     .7501636    1.117011
             Obese III (40+)  |   .7902695   .0963988    -1.93   0.054     .6222198    1.003706
                              |
                 smoke_nomiss |
                      Former  |   1.272482   .2129187     1.44   0.150     .9166928    1.766361
                     Current  |   .9734559   .0865056    -0.30   0.762     .8178521    1.158665
                              |
                          imd |
                           4  |   .8626232   .0608052    -2.10   0.036     .7513133    .9904241
             5 most deprived  |   .9217368   .0870127    -0.86   0.388     .7660424    1.109075
                              |
                tot_adults_hh |
                           2  |   .6054486    .256722    -1.18   0.237      .263725    1.389963
                           3  |   .6963351   .2250424    -1.12   0.263     .3695949     1.31193
                              |
           1.htdiag_or_highbp |   1.032676   .1065322     0.31   0.755     .8436319    1.264081
1.chronic_respiratory_disease |   .9802435   .0676589    -0.29   0.773     .8562131    1.122241
                     1.asthma |   .8531728   .0902611    -1.50   0.133     .6934009    1.049759
    1.chronic_cardiac_disease |   .9667176   .0670399    -0.49   0.625     .8438603    1.107462
                              |
                      diabcat |
            T1DM, controlled  |   1.028099    .222465     0.13   0.898     .6727411    1.571166
          T1DM, uncontrolled  |   1.048838   .3092153     0.16   0.872     .5885176    1.869205
            T2DM, controlled  |   .8782726   .0662004    -1.72   0.085     .7576515    1.018097
          T2DM, uncontrolled  |   1.066218   .1647505     0.41   0.678     .7876253    1.443353
          Diabetes, no HbA1c  |   .8145343   .8902894    -0.19   0.851     .0956186     6.93867
                              |
            cancer_exhaem_cat |
                   Last year  |   .1335506    .134379    -2.00   0.045     .0185851    .9596824
               2-5 years ago  |   1.119438     .21254     0.59   0.552     .7715928    1.624096
                    5+ years  |   1.008874   .0735943     0.12   0.904     .8744686    1.163937
                              |
              cancer_haem_cat |
                   Last year  |   1.041158    .359934     0.12   0.907     .5287514    2.050131
               2-5 years ago  |   1.196062   .2631021     0.81   0.416     .7771625    1.840753
                    5+ years  |   1.073405   .0779127     0.98   0.329      .931064    1.237508
                              |
      1.chronic_liver_disease |    .938531   .0683905    -0.87   0.384     .8136203    1.082619
            1.stroke_dementia |   1.138966   .0781973     1.90   0.058     .9955666     1.30302
                1.other_neuro |   1.007936   .0716804     0.11   0.911     .8767967    1.158689
                              |
  reduced_kidney_function_cat |
Stage 3a/3b egfr 30-60        |   .9680159   .1356494    -0.23   0.817     .7355334     1.27398
                       1.esrd |   1.027389   .0612812     0.45   0.651     .9140352    1.154801
           1.other_transplant |   1.105565   .0771371     1.44   0.150     .9642611    1.267576
                   1.asplenia |   .9749603   .0691411    -0.36   0.721     .8484424    1.120344
           1.ra_sle_psoriasis |   1.024518   .0727734     0.34   0.733     .8913687    1.177558
               1.other_immuno |   .9107815   .0648733    -1.31   0.190     .7921084    1.047234
-----------------------------------------------------------------------------------------------
                                                             Stratified by stp
   1:     25.63 /        1 =      25.6310

         failure _d:  non_covid_death
   analysis time _t:  (stime_non_covid_death-origin)
             origin:  time enter_date
  enter on or after:  time enter_date
                 id:  patient_id

Iteration 0:   log pseudolikelihood = -7107.0416
Iteration 1:   log pseudolikelihood = -7084.5853
Iteration 2:   log pseudolikelihood = -7083.1535
Iteration 3:   log pseudolikelihood = -7083.0282
Iteration 4:   log pseudolikelihood = -7083.0241
Iteration 5:   log pseudolikelihood =  -7083.024
Refining estimates:
Iteration 0:   log pseudolikelihood =  -7083.024

Stratified Cox regr. -- Breslow method for ties

No. of subjects      =        4,384             Number of obs    =       5,939
No. of failures      =        1,298
Time at risk         =       609408
                                                Wald chi2(45)    =       47.48
Log pseudolikelihood =    -7083.024             Prob > chi2      =      0.3721

                                          (Std. Err. adjusted for 914 clusters in household_id)
-----------------------------------------------------------------------------------------------
                              |               Robust
                           _t | Haz. Ratio   Std. Err.      z    P>|z|     [95% Conf. Interval]
------------------------------+----------------------------------------------------------------
                    kids_cat4 |
              only <12 years  |   1.079707   .2819212     0.29   0.769     .6472167    1.801202
                  only 12-18  |   .8245572   .4668459    -0.34   0.733      .271825    2.501222
                       mixed  |   .7257229   .1244092    -1.87   0.061     .5186222    1.015525
                              |
                         age1 |   1.008976   .0251297     0.36   0.720     .9609053    1.059451
                         age2 |    .960754   .1248826    -0.31   0.758     .7446799    1.239523
                         age3 |     1.0795   .2776888     0.30   0.766     .6520196    1.787246
                       1.male |   .9783876   .0536225    -0.40   0.690     .8787375    1.089338
                              |
                    ethnicity |
      Asian or Asian British  |   1.013258   .0923712     0.14   0.885     .8474665    1.211484
                       Other  |   1.014854   .0941941     0.16   0.874     .8460561     1.21733
                              |
                    obese4cat |
           Obese I (30-34.9)  |    1.01125   .0790245     0.14   0.886     .8676434    1.178626
          Obese II (35-39.9)  |   .9162785   .0928853    -0.86   0.388     .7511716    1.117676
             Obese III (40+)  |   .7896841    .096448    -1.93   0.053     .6215727    1.003263
                              |
                 smoke_nomiss |
                      Former  |     1.2744   .2126067     1.45   0.146     .9189688    1.767302
                     Current  |    .970958   .0862879    -0.33   0.740     .8157465    1.155702
                              |
                          imd |
                           4  |   .8615634   .0607142    -2.11   0.034     .7504179    .9891708
             5 most deprived  |   .9202186   .0869199    -0.88   0.379     .7646983    1.107368
                              |
                tot_adults_hh |
                           2  |   .6000956   .2543888    -1.20   0.228     .2614474    1.377389
                           3  |    .692309   .2231237    -1.14   0.254      .368101    1.302066
                              |
           1.htdiag_or_highbp |    1.03149   .1065862     0.30   0.764     .8423809    1.263053
1.chronic_respiratory_disease |   .9785293   .0675528    -0.31   0.753     .8546949    1.120306
                     1.asthma |   .8527598   .0900953    -1.51   0.132       .69326    1.048956
    1.chronic_cardiac_disease |   .9693757   .0675763    -0.45   0.655     .8455783    1.111298
                              |
                      diabcat |
            T1DM, controlled  |   1.026991   .2221914     0.12   0.902     .6720589    1.569371
          T1DM, uncontrolled  |   1.052925   .3099616     0.18   0.861     .5913161    1.874888
            T2DM, controlled  |   .8790244   .0661877    -1.71   0.087     .7584172    1.018811
          T2DM, uncontrolled  |   1.067357   .1645513     0.42   0.672     .7890099    1.443899
          Diabetes, no HbA1c  |   .8301773   .9067423    -0.17   0.865     .0976035    7.061166
                              |
            cancer_exhaem_cat |
                   Last year  |    .134112   .1348935    -2.00   0.046      .018677    .9630065
               2-5 years ago  |   1.121445   .2127429     0.60   0.546     .7732175    1.626502
                    5+ years  |   1.009605   .0737669     0.13   0.896        .8749     1.16505
                              |
              cancer_haem_cat |
                   Last year  |   1.049204   .3622975     0.14   0.889     .5332543    2.064362
               2-5 years ago  |   1.200434   .2633534     0.83   0.405     .7809086     1.84534
                    5+ years  |     1.0728   .0779301     0.97   0.333     .9304353    1.236949
                              |
      1.chronic_liver_disease |   .9376896   .0683919    -0.88   0.378     .8127844     1.08179
            1.stroke_dementia |   1.139789   .0784291     1.90   0.057     .9959856    1.304355
                1.other_neuro |   1.006808   .0715437     0.10   0.924     .8759121    1.157266
                              |
  reduced_kidney_function_cat |
Stage 3a/3b egfr 30-60        |   .9635977   .1355481    -0.26   0.792     .7314056    1.269501
                       1.esrd |   1.027419   .0613035     0.45   0.650      .914026     1.15488
           1.other_transplant |   1.105845   .0773269     1.44   0.150     .9642139     1.26828
                   1.asplenia |   .9750896   .0692339    -0.36   0.722     .8484125    1.120681
           1.ra_sle_psoriasis |   1.024087   .0727625     0.33   0.738     .8909594    1.177106
               1.other_immuno |   .9108646   .0648353    -1.31   0.190     .7922557    1.047231
                              |
            vaccine#kids_cat4 |
            1#only <12 years  |   .7668231   .1791694    -1.14   0.256      .485077    1.212215
                1#only 12-18  |   1.201855   .7571898     0.29   0.770     .3496071    4.131655
                     1#mixed  |   1.015599   .0967542     0.16   0.871     .8426162    1.224094
-----------------------------------------------------------------------------------------------
                                                             Stratified by stp
   1:     27.85 /        1 =      27.8510

 ( 1)  1.vaccine#1.kids_cat4 = 0
 ( 2)  1.vaccine#2.kids_cat4 = 0
 ( 3)  1.vaccine#3.kids_cat4 = 0

           chi2(  3) =    1.42
         Prob > chi2 =    0.7016

kids_cat4 
****************

 ( 1)  1.kids_cat4 + 1.vaccine#1.kids_cat4 = 0

------------------------------------------------------------------------------
          _t |     exp(b)   Std. Err.      z    P>|z|     [95% Conf. Interval]
-------------+----------------------------------------------------------------
         (1) |   .8279445   .1413936    -1.11   0.269     .5924284    1.157088
------------------------------------------------------------------------------
kids_cat4
****************

 ( 1)  2.kids_cat4 + 1.vaccine#2.kids_cat4 = 0

------------------------------------------------------------------------------
          _t |     exp(b)   Std. Err.      z    P>|z|     [95% Conf. Interval]
-------------+----------------------------------------------------------------
         (1) |   .9909983   .2470506    -0.04   0.971     .6079571    1.615373
------------------------------------------------------------------------------
kids_cat4
****************

 ( 1)  3.kids_cat4 + 1.vaccine#3.kids_cat4 = 0

------------------------------------------------------------------------------
          _t |     exp(b)   Std. Err.      z    P>|z|     [95% Conf. Interval]
-------------+----------------------------------------------------------------
         (1) |   .7370433   .1106747    -2.03   0.042     .5491314    .9892584
------------------------------------------------------------------------------
(note: file ./output/an_interaction_cox_models_non_covid_death_kids_cat4_vaccine_1_timeperiod1.ster not found)
file ./output/an_interaction_cox_models_non_covid_death_kids_cat4_vaccine_1_timeperiod1.ster saved
(2,262 missing values generated)
(3,276 missing values generated)
(1,295 observations (episodes) created)
(5,900 real changes made)
(733 observations (episodes) created)
(6,633 real changes made)
(5,062 real changes made)
(non_covid_death: 2028 changes made)

Observation |
   interval |      Freq.     Percent        Cum.
------------+-----------------------------------
          0 |        694       10.46       10.46
          1 |        877       13.22       23.68
          2 |      5,062       76.32      100.00
------------+-----------------------------------
      Total |      6,633      100.00

           |   Failure/censoring
           |     indicator for
           |  outcome: non-covid
Observatio |         death
n interval |         0          1 |     Total
-----------+----------------------+----------
         0 |       607         87 |       694 
         1 |       731        146 |       877 
         2 |     3,910      1,152 |     5,062 
-----------+----------------------+----------
     Total |     5,248      1,385 |     6,633 
(694 observations deleted)
(vaccine: 5939 changes made)

         failure _d:  non_covid_death
   analysis time _t:  (stime_non_covid_death-origin)
             origin:  time enter_date
  enter on or after:  time enter_date
                 id:  patient_id

Iteration 0:   log pseudolikelihood = -7107.0416
Iteration 1:   log pseudolikelihood = -7085.1584
Iteration 2:   log pseudolikelihood = -7083.7519
Iteration 3:   log pseudolikelihood = -7083.6258
Iteration 4:   log pseudolikelihood = -7083.6216
Iteration 5:   log pseudolikelihood = -7083.6216
Refining estimates:
Iteration 0:   log pseudolikelihood = -7083.6216

Stratified Cox regr. -- Breslow method for ties

No. of subjects      =        4,384             Number of obs    =       5,939
No. of failures      =        1,298
Time at risk         =       609408
                                                Wald chi2(42)    =       46.41
Log pseudolikelihood =   -7083.6216             Prob > chi2      =      0.2954

                                          (Std. Err. adjusted for 914 clusters in household_id)
-----------------------------------------------------------------------------------------------
                              |               Robust
                           _t | Haz. Ratio   Std. Err.      z    P>|z|     [95% Conf. Interval]
------------------------------+----------------------------------------------------------------
                    kids_cat4 |
              only <12 years  |   .8539833   .1431981    -0.94   0.347     .6147772    1.186263
                  only 12-18  |   .9690409   .2199492    -0.14   0.890     .6210687    1.511975
                       mixed  |   .7351068   .1100431    -2.06   0.040     .5481865     .985763
                              |
                         age1 |   1.009234   .0251545     0.37   0.712     .9611165     1.05976
                         age2 |   .9593305   .1247718    -0.32   0.750     .7434639    1.237875
                         age3 |   1.082485   .2785877     0.31   0.758     .6536674    1.792613
                       1.male |   .9802343   .0536769    -0.36   0.715     .8804784    1.091292
                              |
                    ethnicity |
      Asian or Asian British  |   1.012704   .0923301     0.14   0.890     .8469877    1.210844
                       Other  |   1.016775   .0944561     0.18   0.858     .8475209    1.219831
                              |
                    obese4cat |
           Obese I (30-34.9)  |   1.013094   .0793228     0.17   0.868     .8689662    1.181128
          Obese II (35-39.9)  |   .9153912     .09297    -0.87   0.384     .7501636    1.117011
             Obese III (40+)  |   .7902695   .0963988    -1.93   0.054     .6222198    1.003706
                              |
                 smoke_nomiss |
                      Former  |   1.272482   .2129187     1.44   0.150     .9166928    1.766361
                     Current  |   .9734559   .0865056    -0.30   0.762     .8178521    1.158665
                              |
                          imd |
                           4  |   .8626232   .0608052    -2.10   0.036     .7513133    .9904241
             5 most deprived  |   .9217368   .0870127    -0.86   0.388     .7660424    1.109075
                              |
                tot_adults_hh |
                           2  |   .6054486    .256722    -1.18   0.237      .263725    1.389963
                           3  |   .6963351   .2250424    -1.12   0.263     .3695949     1.31193
                              |
           1.htdiag_or_highbp |   1.032676   .1065322     0.31   0.755     .8436319    1.264081
1.chronic_respiratory_disease |   .9802435   .0676589    -0.29   0.773     .8562131    1.122241
                     1.asthma |   .8531728   .0902611    -1.50   0.133     .6934009    1.049759
    1.chronic_cardiac_disease |   .9667176   .0670399    -0.49   0.625     .8438603    1.107462
                              |
                      diabcat |
            T1DM, controlled  |   1.028099    .222465     0.13   0.898     .6727411    1.571166
          T1DM, uncontrolled  |   1.048838   .3092153     0.16   0.872     .5885176    1.869205
            T2DM, controlled  |   .8782726   .0662004    -1.72   0.085     .7576515    1.018097
          T2DM, uncontrolled  |   1.066218   .1647505     0.41   0.678     .7876253    1.443353
          Diabetes, no HbA1c  |   .8145343   .8902894    -0.19   0.851     .0956186     6.93867
                              |
            cancer_exhaem_cat |
                   Last year  |   .1335506    .134379    -2.00   0.045     .0185851    .9596824
               2-5 years ago  |   1.119438     .21254     0.59   0.552     .7715928    1.624096
                    5+ years  |   1.008874   .0735943     0.12   0.904     .8744686    1.163937
                              |
              cancer_haem_cat |
                   Last year  |   1.041158    .359934     0.12   0.907     .5287514    2.050131
               2-5 years ago  |   1.196062   .2631021     0.81   0.416     .7771625    1.840753
                    5+ years  |   1.073405   .0779127     0.98   0.329      .931064    1.237508
                              |
      1.chronic_liver_disease |    .938531   .0683905    -0.87   0.384     .8136203    1.082619
            1.stroke_dementia |   1.138966   .0781973     1.90   0.058     .9955666     1.30302
                1.other_neuro |   1.007936   .0716804     0.11   0.911     .8767967    1.158689
                              |
  reduced_kidney_function_cat |
Stage 3a/3b egfr 30-60        |   .9680159   .1356494    -0.23   0.817     .7355334     1.27398
                       1.esrd |   1.027389   .0612812     0.45   0.651     .9140352    1.154801
           1.other_transplant |   1.105565   .0771371     1.44   0.150     .9642611    1.267576
                   1.asplenia |   .9749603   .0691411    -0.36   0.721     .8484424    1.120344
           1.ra_sle_psoriasis |   1.024518   .0727734     0.34   0.733     .8913687    1.177558
               1.other_immuno |   .9107815   .0648733    -1.31   0.190     .7921084    1.047234
-----------------------------------------------------------------------------------------------
                                                             Stratified by stp
   1:     16.24 /        1 =      16.2420

         failure _d:  non_covid_death
   analysis time _t:  (stime_non_covid_death-origin)
             origin:  time enter_date
  enter on or after:  time enter_date
                 id:  patient_id

Iteration 0:   log pseudolikelihood = -7107.0416
Iteration 1:   log pseudolikelihood = -7084.5853
Iteration 2:   log pseudolikelihood = -7083.1535
Iteration 3:   log pseudolikelihood = -7083.0282
Iteration 4:   log pseudolikelihood = -7083.0241
Iteration 5:   log pseudolikelihood =  -7083.024
Refining estimates:
Iteration 0:   log pseudolikelihood =  -7083.024

Stratified Cox regr. -- Breslow method for ties

No. of subjects      =        4,384             Number of obs    =       5,939
No. of failures      =        1,298
Time at risk         =       609408
                                                Wald chi2(45)    =       47.48
Log pseudolikelihood =    -7083.024             Prob > chi2      =      0.3721

                                          (Std. Err. adjusted for 914 clusters in household_id)
-----------------------------------------------------------------------------------------------
                              |               Robust
                           _t | Haz. Ratio   Std. Err.      z    P>|z|     [95% Conf. Interval]
------------------------------+----------------------------------------------------------------
                    kids_cat4 |
              only <12 years  |   1.079707   .2819212     0.29   0.769     .6472167    1.801202
                  only 12-18  |   .8245572   .4668459    -0.34   0.733      .271825    2.501222
                       mixed  |   .7257229   .1244092    -1.87   0.061     .5186222    1.015525
                              |
                         age1 |   1.008976   .0251297     0.36   0.720     .9609053    1.059451
                         age2 |    .960754   .1248826    -0.31   0.758     .7446799    1.239523
                         age3 |     1.0795   .2776888     0.30   0.766     .6520196    1.787246
                       1.male |   .9783876   .0536225    -0.40   0.690     .8787375    1.089338
                              |
                    ethnicity |
      Asian or Asian British  |   1.013258   .0923712     0.14   0.885     .8474665    1.211484
                       Other  |   1.014854   .0941941     0.16   0.874     .8460561     1.21733
                              |
                    obese4cat |
           Obese I (30-34.9)  |    1.01125   .0790245     0.14   0.886     .8676434    1.178626
          Obese II (35-39.9)  |   .9162785   .0928853    -0.86   0.388     .7511716    1.117676
             Obese III (40+)  |   .7896841    .096448    -1.93   0.053     .6215727    1.003263
                              |
                 smoke_nomiss |
                      Former  |     1.2744   .2126067     1.45   0.146     .9189688    1.767302
                     Current  |    .970958   .0862879    -0.33   0.740     .8157465    1.155702
                              |
                          imd |
                           4  |   .8615634   .0607142    -2.11   0.034     .7504179    .9891708
             5 most deprived  |   .9202186   .0869199    -0.88   0.379     .7646983    1.107368
                              |
                tot_adults_hh |
                           2  |   .6000956   .2543888    -1.20   0.228     .2614474    1.377389
                           3  |    .692309   .2231237    -1.14   0.254      .368101    1.302066
                              |
           1.htdiag_or_highbp |    1.03149   .1065862     0.30   0.764     .8423809    1.263053
1.chronic_respiratory_disease |   .9785293   .0675528    -0.31   0.753     .8546949    1.120306
                     1.asthma |   .8527598   .0900953    -1.51   0.132       .69326    1.048956
    1.chronic_cardiac_disease |   .9693757   .0675763    -0.45   0.655     .8455783    1.111298
                              |
                      diabcat |
            T1DM, controlled  |   1.026991   .2221914     0.12   0.902     .6720589    1.569371
          T1DM, uncontrolled  |   1.052925   .3099616     0.18   0.861     .5913161    1.874888
            T2DM, controlled  |   .8790244   .0661877    -1.71   0.087     .7584172    1.018811
          T2DM, uncontrolled  |   1.067357   .1645513     0.42   0.672     .7890099    1.443899
          Diabetes, no HbA1c  |   .8301773   .9067423    -0.17   0.865     .0976035    7.061166
                              |
            cancer_exhaem_cat |
                   Last year  |    .134112   .1348935    -2.00   0.046      .018677    .9630065
               2-5 years ago  |   1.121445   .2127429     0.60   0.546     .7732175    1.626502
                    5+ years  |   1.009605   .0737669     0.13   0.896        .8749     1.16505
                              |
              cancer_haem_cat |
                   Last year  |   1.049204   .3622975     0.14   0.889     .5332543    2.064362
               2-5 years ago  |   1.200434   .2633534     0.83   0.405     .7809086     1.84534
                    5+ years  |     1.0728   .0779301     0.97   0.333     .9304353    1.236949
                              |
      1.chronic_liver_disease |   .9376896   .0683919    -0.88   0.378     .8127844     1.08179
            1.stroke_dementia |   1.139789   .0784291     1.90   0.057     .9959856    1.304355
                1.other_neuro |   1.006808   .0715437     0.10   0.924     .8759121    1.157266
                              |
  reduced_kidney_function_cat |
Stage 3a/3b egfr 30-60        |   .9635977   .1355481    -0.26   0.792     .7314056    1.269501
                       1.esrd |   1.027419   .0613035     0.45   0.650      .914026     1.15488
           1.other_transplant |   1.105845   .0773269     1.44   0.150     .9642139     1.26828
                   1.asplenia |   .9750896   .0692339    -0.36   0.722     .8484125    1.120681
           1.ra_sle_psoriasis |   1.024087   .0727625     0.33   0.738     .8909594    1.177106
               1.other_immuno |   .9108646   .0648353    -1.31   0.190     .7922557    1.047231
                              |
            vaccine#kids_cat4 |
            1#only <12 years  |   .7668231   .1791694    -1.14   0.256      .485077    1.212215
                1#only 12-18  |   1.201855   .7571898     0.29   0.770     .3496071    4.131655
                     1#mixed  |   1.015599   .0967542     0.16   0.871     .8426162    1.224094
-----------------------------------------------------------------------------------------------
                                                             Stratified by stp
   1:     20.24 /        1 =      20.2360

 ( 1)  1.vaccine#1.kids_cat4 = 0
 ( 2)  1.vaccine#2.kids_cat4 = 0
 ( 3)  1.vaccine#3.kids_cat4 = 0

           chi2(  3) =    1.42
         Prob > chi2 =    0.7016

kids_cat4 
****************

 ( 1)  1.kids_cat4 + 1.vaccine#1.kids_cat4 = 0

------------------------------------------------------------------------------
          _t |     exp(b)   Std. Err.      z    P>|z|     [95% Conf. Interval]
-------------+----------------------------------------------------------------
         (1) |   .8279445   .1413936    -1.11   0.269     .5924284    1.157088
------------------------------------------------------------------------------
kids_cat4
****************

 ( 1)  2.kids_cat4 + 1.vaccine#2.kids_cat4 = 0

------------------------------------------------------------------------------
          _t |     exp(b)   Std. Err.      z    P>|z|     [95% Conf. Interval]
-------------+----------------------------------------------------------------
         (1) |   .9909983   .2470506    -0.04   0.971     .6079571    1.615373
------------------------------------------------------------------------------
kids_cat4
****************

 ( 1)  3.kids_cat4 + 1.vaccine#3.kids_cat4 = 0

------------------------------------------------------------------------------
          _t |     exp(b)   Std. Err.      z    P>|z|     [95% Conf. Interval]
-------------+----------------------------------------------------------------
         (1) |   .7370433   .1106747    -2.03   0.042     .5491314    .9892584
------------------------------------------------------------------------------
(note: file ./output/an_interaction_cox_models_non_covid_death_kids_cat4_vaccine_1_timeperiod2.ster not found)
file ./output/an_interaction_cox_models_non_covid_death_kids_cat4_vaccine_1_timeperiod2.ster saved

. log close
      name:  <unnamed>
       log:  C:\Users\qc18278\OneDrive - University of Bristol\Documents\GitHub\os-sch-children-2021\analysis\log/10_an_intera
> ction_cox_models_sex_non_covid_death.log
  log type:  text
 closed on:  24 Jul 2021, 16:28:45
------------------------------------------------------------------------------------------------------------------------------
