-------------------------------------------------------------------------------
      name:  <unnamed>
       log:  /workspace/logs/06_univariate_analysis.log
  log type:  text
 opened on:  28 Oct 2021, 11:17:47

. 
. * Open dataset and fit specified model(s)
. foreach outcome in covid_tpp_prob  covidadmission  covid_death  {
  2. forvalues x=0/1 {
  3. use "$tempdir/cr_create_analysis_dataset_STSET_`outcome'_ageband_`x'.dta",
>  clear
  4. forvalues period=0/4 {
  5. 
. 
. *Split data by time of study period: 
. *-School closure: 20th December 2020 (previous analysis up to 19th December 2
> 020) 
. *-School opening +7 days (alpha variant): 15th March 2021 
. *-Schools open delta variant (+7 days): 24th May 2021 
. *Summer holidays +7 days: 24th July 2021
. *Winter term +7 days: 9th September 2021
. 
. if "`outcome'"=="covid_tpp_prob" {
  6. stsplit cat_time, at(0,85,154, 216, 263, 400)
  7. recode cat_time 85=1 154=2 216=3 263=4 
  8. recode `outcome' .=0 
  9. tab cat_time
 10. tab cat_time `outcome'
 11. }
 12. 
. *-School closure: 20th December 2020 (previous analysis up to 19th December 2
> 020) 
. *School opening +14 days (alpha variant): 22nd March 2021 
. *Schools open delta variant (+14 days): 31st May 2021 
. *Summer holidays +14 days: 30th July 2021
. *Winter term +14 days: 16th September 2021
. 
. if "`outcome'"=="covidadmission" | "`outcome'"=="covid_death" {
 13. stsplit cat_time, at(0,92,161,222,270, 400)
 14. recode cat_time 92=1 161=2 222=3 270=4
 15. recode `outcome' .=0 
 16. tab cat_time
 17. tab cat_time `outcome'
 18. }
 19. 
. 
. foreach exposure_type in kids_cat4  {
 20. 
.         *Fit and save model
.         capture stcox i.`exposure_type' age1 age2 age3 i.male if cat_time==`p
> eriod', strata(stp) vce(cluster household_id)
 21.         if _rc==0 {
 22.                 estimates
 23.                 estimates save ./output/an_univariable_cox_models_`exposur
> e_type'_`outcome'_AGESEX_ageband_`x'_timeperiod`period'.ster, replace
 24.                 }
 25.         else di "WARNING - `var' vs `outcome' MODEL DID NOT SUCCESSFULLY F
> IT"
 26. 
. }
 27. drop cat_time
 28. }
 29. }
 30. }
(18,078 observations (episodes) created)
(cat_time: 18078 changes made)
(covid_tpp_prob: 18078 changes made)

observation |
   interval |      Freq.     Percent        Cum.
------------+-----------------------------------
          0 |     16,079       47.07       47.07
          1 |      9,340       27.34       74.42
          2 |      5,260       15.40       89.82
          3 |      2,462        7.21       97.03
          4 |      1,016        2.97      100.00
------------+-----------------------------------
      Total |     34,157      100.00

           |   Failure/censoring
           |     indicator for
           |  outcome: covid prob
observatio |         case
n interval |         0          1 |     Total
-----------+----------------------+----------
         0 |     9,554      6,525 |    16,079 
         1 |     5,415      3,925 |     9,340 
         2 |     2,608      2,652 |     5,260 
         3 |     1,110      1,352 |     2,462 
         4 |       297        719 |     1,016 
-----------+----------------------+----------
     Total |    18,984     15,173 |    34,157 

-------------------------------------------------------------------------------
active results
-------------------------------------------------------------------------------

Stratified Cox regr. -- Breslow method for ties

No. of subjects      =       16,079             Number of obs    =      16,079
No. of failures      =        6,525
Time at risk         =      1069677
                                                Wald chi2(7)     =        8.37
Log pseudolikelihood =   -46579.433             Prob > chi2      =      0.3013

                       (Std. Err. adjusted for 1,117 clusters in household_id)
------------------------------------------------------------------------------
             |               Robust
          _t | Haz. Ratio   Std. Err.      z    P>|z|     [95% Conf. Interval]
-------------+----------------------------------------------------------------
   kids_cat4 |
only <12 ..  |   1.136276   .0975599     1.49   0.137      .960285     1.34452
 only 12-18  |   1.147885     .12909     1.23   0.220     .9208167    1.430947
      mixed  |   1.145594   .0893526     1.74   0.081     .9831955    1.334817
             |
        age1 |   1.002307   .0045214     0.51   0.609     .9934842    1.011208
        age2 |   .9908049   .0141215    -0.65   0.517     .9635104    1.018873
        age3 |    1.03033    .042279     0.73   0.467      .950709    1.116618
      1.male |    .948108   .0238061    -2.12   0.034     .9025784    .9959342
------------------------------------------------------------------------------
                                                             Stratified by stp
(note: file ./output/an_univariable_cox_models_kids_cat4_covid_tpp_prob_AGESEX_
> ageband_0_timeperiod0.ster not found)
file ./output/an_univariable_cox_models_kids_cat4_covid_tpp_prob_AGESEX_ageband
> _0_timeperiod0.ster saved
(no new episodes generated)
(cat_time: 18078 changes made)
(covid_tpp_prob: 0 changes made)

observation |
   interval |      Freq.     Percent        Cum.
------------+-----------------------------------
          0 |     16,079       47.07       47.07
          1 |      9,340       27.34       74.42
          2 |      5,260       15.40       89.82
          3 |      2,462        7.21       97.03
          4 |      1,016        2.97      100.00
------------+-----------------------------------
      Total |     34,157      100.00

           |   Failure/censoring
           |     indicator for
           |  outcome: covid prob
observatio |         case
n interval |         0          1 |     Total
-----------+----------------------+----------
         0 |     9,554      6,525 |    16,079 
         1 |     5,415      3,925 |     9,340 
         2 |     2,608      2,652 |     5,260 
         3 |     1,110      1,352 |     2,462 
         4 |       297        719 |     1,016 
-----------+----------------------+----------
     Total |    18,984     15,173 |    34,157 

-------------------------------------------------------------------------------
active results
-------------------------------------------------------------------------------

Stratified Cox regr. -- Breslow method for ties

No. of subjects      =        9,340             Number of obs    =       9,340
No. of failures      =        3,925
Time at risk         =       499720
                                                Wald chi2(7)     =        3.52
Log pseudolikelihood =     -25843.8             Prob > chi2      =      0.8332

                       (Std. Err. adjusted for 1,038 clusters in household_id)
------------------------------------------------------------------------------
             |               Robust
          _t | Haz. Ratio   Std. Err.      z    P>|z|     [95% Conf. Interval]
-------------+----------------------------------------------------------------
   kids_cat4 |
only <12 ..  |   1.027699   .0994105     0.28   0.778     .8502142    1.242235
 only 12-18  |   .9865115   .1484731    -0.09   0.928     .7345031    1.324984
      mixed  |   .9493837   .0807752    -0.61   0.542     .8035632    1.121666
             |
        age1 |   1.001855   .0058257     0.32   0.750     .9905016    1.013338
        age2 |   .9898972   .0185431    -0.54   0.588     .9542124    1.026916
        age3 |    1.03104   .0556242     0.57   0.571     .9275841    1.146034
      1.male |   .9917482   .0334907    -0.25   0.806     .9282329     1.05961
------------------------------------------------------------------------------
                                                             Stratified by stp
(note: file ./output/an_univariable_cox_models_kids_cat4_covid_tpp_prob_AGESEX_
> ageband_0_timeperiod1.ster not found)
file ./output/an_univariable_cox_models_kids_cat4_covid_tpp_prob_AGESEX_ageband
> _0_timeperiod1.ster saved
(no new episodes generated)
(cat_time: 18078 changes made)
(covid_tpp_prob: 0 changes made)

observation |
   interval |      Freq.     Percent        Cum.
------------+-----------------------------------
          0 |     16,079       47.07       47.07
          1 |      9,340       27.34       74.42
          2 |      5,260       15.40       89.82
          3 |      2,462        7.21       97.03
          4 |      1,016        2.97      100.00
------------+-----------------------------------
      Total |     34,157      100.00

           |   Failure/censoring
           |     indicator for
           |  outcome: covid prob
observatio |         case
n interval |         0          1 |     Total
-----------+----------------------+----------
         0 |     9,554      6,525 |    16,079 
         1 |     5,415      3,925 |     9,340 
         2 |     2,608      2,652 |     5,260 
         3 |     1,110      1,352 |     2,462 
         4 |       297        719 |     1,016 
-----------+----------------------+----------
     Total |    18,984     15,173 |    34,157 

-------------------------------------------------------------------------------
active results
-------------------------------------------------------------------------------

Stratified Cox regr. -- Breslow method for ties

No. of subjects      =        5,260             Number of obs    =       5,260
No. of failures      =        2,652
Time at risk         =       235184
                                                Wald chi2(7)     =        6.14
Log pseudolikelihood =   -15752.629             Prob > chi2      =      0.5230

                         (Std. Err. adjusted for 940 clusters in household_id)
------------------------------------------------------------------------------
             |               Robust
          _t | Haz. Ratio   Std. Err.      z    P>|z|     [95% Conf. Interval]
-------------+----------------------------------------------------------------
   kids_cat4 |
only <12 ..  |   1.071708   .1351183     0.55   0.583     .8370651    1.372126
 only 12-18  |   .9195245   .1647395    -0.47   0.640     .6472386    1.306358
      mixed  |   1.008001    .112613     0.07   0.943     .8097766    1.254748
             |
        age1 |   1.004896   .0073127     0.67   0.502     .9906653    1.019332
        age2 |   .9979748   .0231151    -0.09   0.930      .953683    1.044324
        age3 |   .9947118   .0659735    -0.08   0.936     .8734579    1.132798
      1.male |   .9498355    .034224    -1.43   0.153     .8850715    1.019339
------------------------------------------------------------------------------
                                                             Stratified by stp
(note: file ./output/an_univariable_cox_models_kids_cat4_covid_tpp_prob_AGESEX_
> ageband_0_timeperiod2.ster not found)
file ./output/an_univariable_cox_models_kids_cat4_covid_tpp_prob_AGESEX_ageband
> _0_timeperiod2.ster saved
(no new episodes generated)
(cat_time: 18078 changes made)
(covid_tpp_prob: 0 changes made)

observation |
   interval |      Freq.     Percent        Cum.
------------+-----------------------------------
          0 |     16,079       47.07       47.07
          1 |      9,340       27.34       74.42
          2 |      5,260       15.40       89.82
          3 |      2,462        7.21       97.03
          4 |      1,016        2.97      100.00
------------+-----------------------------------
      Total |     34,157      100.00

           |   Failure/censoring
           |     indicator for
           |  outcome: covid prob
observatio |         case
n interval |         0          1 |     Total
-----------+----------------------+----------
         0 |     9,554      6,525 |    16,079 
         1 |     5,415      3,925 |     9,340 
         2 |     2,608      2,652 |     5,260 
         3 |     1,110      1,352 |     2,462 
         4 |       297        719 |     1,016 
-----------+----------------------+----------
     Total |    18,984     15,173 |    34,157 

-------------------------------------------------------------------------------
active results
-------------------------------------------------------------------------------

Stratified Cox regr. -- Breslow method for ties

No. of subjects      =        2,462             Number of obs    =       2,462
No. of failures      =        1,352
Time at risk         =        80292
                                                Wald chi2(7)     =        8.24
Log pseudolikelihood =   -6944.8912             Prob > chi2      =      0.3123

                         (Std. Err. adjusted for 796 clusters in household_id)
------------------------------------------------------------------------------
             |               Robust
          _t | Haz. Ratio   Std. Err.      z    P>|z|     [95% Conf. Interval]
-------------+----------------------------------------------------------------
   kids_cat4 |
only <12 ..  |   .9229912    .158692    -0.47   0.641      .658944    1.292845
 only 12-18  |   .7335052   .1899635    -1.20   0.231     .4415284    1.218562
      mixed  |   .7913324   .1204152    -1.54   0.124     .5872643    1.066312
             |
        age1 |   1.016871   .0105772     1.61   0.108     .9963497    1.037815
        age2 |   .9456585   .0306991    -1.72   0.085     .8873636    1.007783
        age3 |   1.168791    .108086     1.69   0.092      .975036    1.401049
      1.male |   1.018961   .0524356     0.37   0.715     .9212018    1.127094
------------------------------------------------------------------------------
                                                             Stratified by stp
(note: file ./output/an_univariable_cox_models_kids_cat4_covid_tpp_prob_AGESEX_
> ageband_0_timeperiod3.ster not found)
file ./output/an_univariable_cox_models_kids_cat4_covid_tpp_prob_AGESEX_ageband
> _0_timeperiod3.ster saved
(no new episodes generated)
(cat_time: 18078 changes made)
(covid_tpp_prob: 0 changes made)

observation |
   interval |      Freq.     Percent        Cum.
------------+-----------------------------------
          0 |     16,079       47.07       47.07
          1 |      9,340       27.34       74.42
          2 |      5,260       15.40       89.82
          3 |      2,462        7.21       97.03
          4 |      1,016        2.97      100.00
------------+-----------------------------------
      Total |     34,157      100.00

           |   Failure/censoring
           |     indicator for
           |  outcome: covid prob
observatio |         case
n interval |         0          1 |     Total
-----------+----------------------+----------
         0 |     9,554      6,525 |    16,079 
         1 |     5,415      3,925 |     9,340 
         2 |     2,608      2,652 |     5,260 
         3 |     1,110      1,352 |     2,462 
         4 |       297        719 |     1,016 
-----------+----------------------+----------
     Total |    18,984     15,173 |    34,157 

-------------------------------------------------------------------------------
active results
-------------------------------------------------------------------------------

Stratified Cox regr. -- Breslow method for ties

No. of subjects      =        1,016             Number of obs    =       1,016
No. of failures      =          719
Time at risk         =        24973
                                                Wald chi2(7)     =        7.48
Log pseudolikelihood =   -2935.1614             Prob > chi2      =      0.3809

                         (Std. Err. adjusted for 569 clusters in household_id)
------------------------------------------------------------------------------
             |               Robust
          _t | Haz. Ratio   Std. Err.      z    P>|z|     [95% Conf. Interval]
-------------+----------------------------------------------------------------
   kids_cat4 |
only <12 ..  |   1.150344   .3319783     0.49   0.627     .6534001    2.025239
 only 12-18  |   .9984525   .3539117    -0.00   0.997     .4984371    2.000067
      mixed  |   .9046576   .2381043    -0.38   0.703     .5400692    1.515371
             |
        age1 |   .9911069   .0139346    -0.64   0.525     .9641685    1.018798
        age2 |   1.023234   .0451696     0.52   0.603     .9384254    1.115708
        age3 |   .9534212     .11959    -0.38   0.704     .7456181    1.219139
      1.male |   .8776047   .0642809    -1.78   0.075     .7602421    1.013085
------------------------------------------------------------------------------
                                                             Stratified by stp
(note: file ./output/an_univariable_cox_models_kids_cat4_covid_tpp_prob_AGESEX_
> ageband_0_timeperiod4.ster not found)
file ./output/an_univariable_cox_models_kids_cat4_covid_tpp_prob_AGESEX_ageband
> _0_timeperiod4.ster saved
(4,975 observations (episodes) created)
(cat_time: 4975 changes made)
(covid_tpp_prob: 4975 changes made)

observation |
   interval |      Freq.     Percent        Cum.
------------+-----------------------------------
          0 |      4,549       47.76       47.76
          1 |      2,591       27.20       74.97
          2 |      1,433       15.05       90.01
          3 |        679        7.13       97.14
          4 |        272        2.86      100.00
------------+-----------------------------------
      Total |      9,524      100.00

           |   Failure/censoring
           |     indicator for
           |  outcome: covid prob
observatio |         case
n interval |         0          1 |     Total
-----------+----------------------+----------
         0 |     2,641      1,908 |     4,549 
         1 |     1,480      1,111 |     2,591 
         2 |       720        713 |     1,433 
         3 |       312        367 |       679 
         4 |        81        191 |       272 
-----------+----------------------+----------
     Total |     5,234      4,290 |     9,524 

-------------------------------------------------------------------------------
active results
-------------------------------------------------------------------------------

Stratified Cox regr. -- Breslow method for ties

No. of subjects      =        4,549             Number of obs    =       4,549
No. of failures      =        1,908
Time at risk         =       298676
                                                Wald chi2(7)     =        5.62
Log pseudolikelihood =   -11201.089             Prob > chi2      =      0.5848

                         (Std. Err. adjusted for 924 clusters in household_id)
------------------------------------------------------------------------------
             |               Robust
          _t | Haz. Ratio   Std. Err.      z    P>|z|     [95% Conf. Interval]
-------------+----------------------------------------------------------------
   kids_cat4 |
only <12 ..  |   1.245043   .1840962     1.48   0.138     .9318004    1.663588
 only 12-18  |   .9119793   .1983329    -0.42   0.672     .5954835    1.396691
      mixed  |   1.194887   .1613242     1.32   0.187     .9170736    1.556859
             |
        age1 |   .9969116   .0229277    -0.13   0.893     .9529718    1.042877
        age2 |   1.032945   .1241223     0.27   0.787     .8161953    1.307256
        age3 |    .932046   .2380571    -0.28   0.783     .5649747    1.537608
      1.male |   .9699264   .0455366    -0.65   0.515     .8846595    1.063412
------------------------------------------------------------------------------
                                                             Stratified by stp
(note: file ./output/an_univariable_cox_models_kids_cat4_covid_tpp_prob_AGESEX_
> ageband_1_timeperiod0.ster not found)
file ./output/an_univariable_cox_models_kids_cat4_covid_tpp_prob_AGESEX_ageband
> _1_timeperiod0.ster saved
(no new episodes generated)
(cat_time: 4975 changes made)
(covid_tpp_prob: 0 changes made)

observation |
   interval |      Freq.     Percent        Cum.
------------+-----------------------------------
          0 |      4,549       47.76       47.76
          1 |      2,591       27.20       74.97
          2 |      1,433       15.05       90.01
          3 |        679        7.13       97.14
          4 |        272        2.86      100.00
------------+-----------------------------------
      Total |      9,524      100.00

           |   Failure/censoring
           |     indicator for
           |  outcome: covid prob
observatio |         case
n interval |         0          1 |     Total
-----------+----------------------+----------
         0 |     2,641      1,908 |     4,549 
         1 |     1,480      1,111 |     2,591 
         2 |       720        713 |     1,433 
         3 |       312        367 |       679 
         4 |        81        191 |       272 
-----------+----------------------+----------
     Total |     5,234      4,290 |     9,524 

-------------------------------------------------------------------------------
active results
-------------------------------------------------------------------------------

Stratified Cox regr. -- Breslow method for ties

No. of subjects      =        2,591             Number of obs    =       2,591
No. of failures      =        1,111
Time at risk         =       137162
                                                Wald chi2(7)     =       20.23
Log pseudolikelihood =   -5875.5733             Prob > chi2      =      0.0051

                         (Std. Err. adjusted for 827 clusters in household_id)
------------------------------------------------------------------------------
             |               Robust
          _t | Haz. Ratio   Std. Err.      z    P>|z|     [95% Conf. Interval]
-------------+----------------------------------------------------------------
   kids_cat4 |
only <12 ..  |    .554842   .0951057    -3.44   0.001     .3965194    .7763798
 only 12-18  |   .9518102   .2150985    -0.22   0.827     .6112069    1.482219
      mixed  |   .6221197   .0895827    -3.30   0.001     .4691422    .8249801
             |
        age1 |    .976076   .0277751    -0.85   0.395     .9231279    1.032061
        age2 |   1.168352   .1734728     1.05   0.295     .8733541    1.562994
        age3 |   .7112542   .2257067    -1.07   0.283     .3818631    1.324774
      1.male |   1.035345   .0574228     0.63   0.531     .9286996    1.154237
------------------------------------------------------------------------------
                                                             Stratified by stp
(note: file ./output/an_univariable_cox_models_kids_cat4_covid_tpp_prob_AGESEX_
> ageband_1_timeperiod1.ster not found)
file ./output/an_univariable_cox_models_kids_cat4_covid_tpp_prob_AGESEX_ageband
> _1_timeperiod1.ster saved
(no new episodes generated)
(cat_time: 4975 changes made)
(covid_tpp_prob: 0 changes made)

observation |
   interval |      Freq.     Percent        Cum.
------------+-----------------------------------
          0 |      4,549       47.76       47.76
          1 |      2,591       27.20       74.97
          2 |      1,433       15.05       90.01
          3 |        679        7.13       97.14
          4 |        272        2.86      100.00
------------+-----------------------------------
      Total |      9,524      100.00

           |   Failure/censoring
           |     indicator for
           |  outcome: covid prob
observatio |         case
n interval |         0          1 |     Total
-----------+----------------------+----------
         0 |     2,641      1,908 |     4,549 
         1 |     1,480      1,111 |     2,591 
         2 |       720        713 |     1,433 
         3 |       312        367 |       679 
         4 |        81        191 |       272 
-----------+----------------------+----------
     Total |     5,234      4,290 |     9,524 

-------------------------------------------------------------------------------
active results
-------------------------------------------------------------------------------

Stratified Cox regr. -- Breslow method for ties

No. of subjects      =        1,433             Number of obs    =       1,433
No. of failures      =          713
Time at risk         =        64384
                                                Wald chi2(7)     =        1.53
Log pseudolikelihood =   -3316.9258             Prob > chi2      =      0.9814

                         (Std. Err. adjusted for 663 clusters in household_id)
------------------------------------------------------------------------------
             |               Robust
          _t | Haz. Ratio   Std. Err.      z    P>|z|     [95% Conf. Interval]
-------------+----------------------------------------------------------------
   kids_cat4 |
only <12 ..  |   .9639127   .2636264    -0.13   0.893     .5639458    1.647548
 only 12-18  |    1.03516   .3422581     0.10   0.917     .5414671    1.978986
      mixed  |   1.002486   .2413768     0.01   0.992      .625356    1.607049
             |
        age1 |   .9799496    .034441    -0.58   0.564      .914719    1.049832
        age2 |   1.120721   .2034215     0.63   0.530     .7852288    1.599553
        age3 |   .7704998   .2973852    -0.68   0.499     .3616091    1.641745
      1.male |   .9843146   .0712346    -0.22   0.827     .8541471    1.134319
------------------------------------------------------------------------------
                                                             Stratified by stp
(note: file ./output/an_univariable_cox_models_kids_cat4_covid_tpp_prob_AGESEX_
> ageband_1_timeperiod2.ster not found)
file ./output/an_univariable_cox_models_kids_cat4_covid_tpp_prob_AGESEX_ageband
> _1_timeperiod2.ster saved
(no new episodes generated)
(cat_time: 4975 changes made)
(covid_tpp_prob: 0 changes made)

observation |
   interval |      Freq.     Percent        Cum.
------------+-----------------------------------
          0 |      4,549       47.76       47.76
          1 |      2,591       27.20       74.97
          2 |      1,433       15.05       90.01
          3 |        679        7.13       97.14
          4 |        272        2.86      100.00
------------+-----------------------------------
      Total |      9,524      100.00

           |   Failure/censoring
           |     indicator for
           |  outcome: covid prob
observatio |         case
n interval |         0          1 |     Total
-----------+----------------------+----------
         0 |     2,641      1,908 |     4,549 
         1 |     1,480      1,111 |     2,591 
         2 |       720        713 |     1,433 
         3 |       312        367 |       679 
         4 |        81        191 |       272 
-----------+----------------------+----------
     Total |     5,234      4,290 |     9,524 

-------------------------------------------------------------------------------
active results
-------------------------------------------------------------------------------

Stratified Cox regr. -- Breslow method for ties

No. of subjects      =          679             Number of obs    =         679
No. of failures      =          367
Time at risk         =        22324
                                                Wald chi2(7)     =        8.66
Log pseudolikelihood =   -1407.3206             Prob > chi2      =      0.2779

                         (Std. Err. adjusted for 446 clusters in household_id)
------------------------------------------------------------------------------
             |               Robust
          _t | Haz. Ratio   Std. Err.      z    P>|z|     [95% Conf. Interval]
-------------+----------------------------------------------------------------
   kids_cat4 |
only <12 ..  |   1.005714   .3629449     0.02   0.987     .4957819    2.040133
 only 12-18  |   1.222522    .630962     0.39   0.697     .4445682    3.361821
      mixed  |   .7328952   .2492198    -0.91   0.361     .3763503    1.427222
             |
        age1 |   1.000315    .049413     0.01   0.995     .9080079    1.102006
        age2 |   1.062719   .2669965     0.24   0.809     .6494765    1.738896
        age3 |   .8529393   .4532909    -0.30   0.765     .3009891    2.417049
      1.male |   1.137741   .1167931     1.26   0.209     .9303888    1.391305
------------------------------------------------------------------------------
                                                             Stratified by stp
(note: file ./output/an_univariable_cox_models_kids_cat4_covid_tpp_prob_AGESEX_
> ageband_1_timeperiod3.ster not found)
file ./output/an_univariable_cox_models_kids_cat4_covid_tpp_prob_AGESEX_ageband
> _1_timeperiod3.ster saved
(no new episodes generated)
(cat_time: 4975 changes made)
(covid_tpp_prob: 0 changes made)

observation |
   interval |      Freq.     Percent        Cum.
------------+-----------------------------------
          0 |      4,549       47.76       47.76
          1 |      2,591       27.20       74.97
          2 |      1,433       15.05       90.01
          3 |        679        7.13       97.14
          4 |        272        2.86      100.00
------------+-----------------------------------
      Total |      9,524      100.00

           |   Failure/censoring
           |     indicator for
           |  outcome: covid prob
observatio |         case
n interval |         0          1 |     Total
-----------+----------------------+----------
         0 |     2,641      1,908 |     4,549 
         1 |     1,480      1,111 |     2,591 
         2 |       720        713 |     1,433 
         3 |       312        367 |       679 
         4 |        81        191 |       272 
-----------+----------------------+----------
     Total |     5,234      4,290 |     9,524 

-------------------------------------------------------------------------------
active results
-------------------------------------------------------------------------------

Stratified Cox regr. -- Breslow method for ties

No. of subjects      =          272             Number of obs    =         272
No. of failures      =          191
Time at risk         =         6473
                                                Wald chi2(7)     =        3.54
Log pseudolikelihood =   -530.49952             Prob > chi2      =      0.8313

                         (Std. Err. adjusted for 236 clusters in household_id)
------------------------------------------------------------------------------
             |               Robust
          _t | Haz. Ratio   Std. Err.      z    P>|z|     [95% Conf. Interval]
-------------+----------------------------------------------------------------
   kids_cat4 |
only <12 ..  |   1.344314   .8183563     0.49   0.627     .4076888    4.432746
 only 12-18  |    2.07051   1.507225     1.00   0.317     .4971031     8.62399
      mixed  |   1.172678   .6910449     0.27   0.787     .3694674    3.722044
             |
        age1 |   1.043209   .0740956     0.60   0.551     .9076394    1.199028
        age2 |   .8393816   .3061368    -0.48   0.631     .4106878    1.715565
        age3 |   1.368031    1.05192     0.41   0.684      .303097    6.174618
      1.male |   1.044251    .155199     0.29   0.771     .7803642    1.397373
------------------------------------------------------------------------------
                                                             Stratified by stp
(note: file ./output/an_univariable_cox_models_kids_cat4_covid_tpp_prob_AGESEX_
> ageband_1_timeperiod4.ster not found)
file ./output/an_univariable_cox_models_kids_cat4_covid_tpp_prob_AGESEX_ageband
> _1_timeperiod4.ster saved
(29,573 observations (episodes) created)
(cat_time: 29573 changes made)
(covidadmission: 29573 changes made)

observation |
   interval |      Freq.     Percent        Cum.
------------+-----------------------------------
          0 |     16,065       35.20       35.20
          1 |     11,439       25.06       60.27
          2 |      8,402       18.41       78.68
          3 |      5,790       12.69       91.36
          4 |      3,942        8.64      100.00
------------+-----------------------------------
      Total |     45,638      100.00

           |   Failure/censoring
           |     indicator for
           |  outcome: covid SUS
observatio |       admission
n interval |         0          1 |     Total
-----------+----------------------+----------
         0 |    15,101        964 |    16,065 
         1 |    10,910        529 |    11,439 
         2 |     8,039        363 |     8,402 
         3 |     5,586        204 |     5,790 
         4 |     3,836        106 |     3,942 
-----------+----------------------+----------
     Total |    43,472      2,166 |    45,638 

-------------------------------------------------------------------------------
active results
-------------------------------------------------------------------------------

Stratified Cox regr. -- Breslow method for ties

No. of subjects      =       16,065             Number of obs    =      16,065
No. of failures      =          964
Time at risk         =      1263881
                                                Wald chi2(7)     =        2.68
Log pseudolikelihood =   -6964.7098             Prob > chi2      =      0.9127

                       (Std. Err. adjusted for 1,117 clusters in household_id)
------------------------------------------------------------------------------
             |               Robust
          _t | Haz. Ratio   Std. Err.      z    P>|z|     [95% Conf. Interval]
-------------+----------------------------------------------------------------
   kids_cat4 |
only <12 ..  |   .9963607   .2239121    -0.02   0.987     .6413958    1.547772
 only 12-18  |    1.11429   .3529696     0.34   0.733     .5989167    2.073148
      mixed  |   1.073163   .2159408     0.35   0.726      .723415    1.592002
             |
        age1 |   1.013142   .0123728     1.07   0.285       .98918    1.037685
        age2 |   .9707433   .0375618    -0.77   0.443      .899846    1.047227
        age3 |   1.068312   .1165528     0.61   0.545     .8626454    1.323014
      1.male |   1.048302    .069826     0.71   0.479     .9200025    1.194494
------------------------------------------------------------------------------
                                                             Stratified by stp
(note: file ./output/an_univariable_cox_models_kids_cat4_covidadmission_AGESEX_
> ageband_0_timeperiod0.ster not found)
file ./output/an_univariable_cox_models_kids_cat4_covidadmission_AGESEX_ageband
> _0_timeperiod0.ster saved
(no new episodes generated)
(cat_time: 29573 changes made)
(covidadmission: 0 changes made)

observation |
   interval |      Freq.     Percent        Cum.
------------+-----------------------------------
          0 |     16,065       35.20       35.20
          1 |     11,439       25.06       60.27
          2 |      8,402       18.41       78.68
          3 |      5,790       12.69       91.36
          4 |      3,942        8.64      100.00
------------+-----------------------------------
      Total |     45,638      100.00

           |   Failure/censoring
           |     indicator for
           |  outcome: covid SUS
observatio |       admission
n interval |         0          1 |     Total
-----------+----------------------+----------
         0 |    15,101        964 |    16,065 
         1 |    10,910        529 |    11,439 
         2 |     8,039        363 |     8,402 
         3 |     5,586        204 |     5,790 
         4 |     3,836        106 |     3,942 
-----------+----------------------+----------
     Total |    43,472      2,166 |    45,638 

-------------------------------------------------------------------------------
active results
-------------------------------------------------------------------------------

Stratified Cox regr. -- Breslow method for ties

No. of subjects      =       11,439             Number of obs    =      11,439
No. of failures      =          529
Time at risk         =       684674
                                                Wald chi2(7)     =        4.13
Log pseudolikelihood =   -3650.4872             Prob > chi2      =      0.7644

                       (Std. Err. adjusted for 1,069 clusters in household_id)
------------------------------------------------------------------------------
             |               Robust
          _t | Haz. Ratio   Std. Err.      z    P>|z|     [95% Conf. Interval]
-------------+----------------------------------------------------------------
   kids_cat4 |
only <12 ..  |   1.053329   .3097021     0.18   0.860      .591959    1.874287
 only 12-18  |   1.261276   .5033107     0.58   0.561     .5769514    2.757282
      mixed  |   1.062739   .2741428     0.24   0.814     .6409906    1.761982
             |
        age1 |   .9970534   .0154511    -0.19   0.849      .967225    1.027802
        age2 |   .9879084   .0500194    -0.24   0.810     .8945795    1.090974
        age3 |   1.068243   .1549944     0.45   0.649     .8038352    1.419624
      1.male |   1.119309   .0958603     1.32   0.188     .9463482    1.323881
------------------------------------------------------------------------------
                                                             Stratified by stp
(note: file ./output/an_univariable_cox_models_kids_cat4_covidadmission_AGESEX_
> ageband_0_timeperiod1.ster not found)
file ./output/an_univariable_cox_models_kids_cat4_covidadmission_AGESEX_ageband
> _0_timeperiod1.ster saved
(no new episodes generated)
(cat_time: 29573 changes made)
(covidadmission: 0 changes made)

observation |
   interval |      Freq.     Percent        Cum.
------------+-----------------------------------
          0 |     16,065       35.20       35.20
          1 |     11,439       25.06       60.27
          2 |      8,402       18.41       78.68
          3 |      5,790       12.69       91.36
          4 |      3,942        8.64      100.00
------------+-----------------------------------
      Total |     45,638      100.00

           |   Failure/censoring
           |     indicator for
           |  outcome: covid SUS
observatio |       admission
n interval |         0          1 |     Total
-----------+----------------------+----------
         0 |    15,101        964 |    16,065 
         1 |    10,910        529 |    11,439 
         2 |     8,039        363 |     8,402 
         3 |     5,586        204 |     5,790 
         4 |     3,836        106 |     3,942 
-----------+----------------------+----------
     Total |    43,472      2,166 |    45,638 

-------------------------------------------------------------------------------
active results
-------------------------------------------------------------------------------

Stratified Cox regr. -- Breslow method for ties

No. of subjects      =        8,402             Number of obs    =       8,402
No. of failures      =          363
Time at risk         =       434977
                                                Wald chi2(7)     =       15.49
Log pseudolikelihood =   -2381.3016             Prob > chi2      =      0.0302

                       (Std. Err. adjusted for 1,019 clusters in household_id)
------------------------------------------------------------------------------
             |               Robust
          _t | Haz. Ratio   Std. Err.      z    P>|z|     [95% Conf. Interval]
-------------+----------------------------------------------------------------
   kids_cat4 |
only <12 ..  |   1.378809   .5181947     0.85   0.393     .6600835    2.880112
 only 12-18  |   3.143948   1.289053     2.79   0.005     1.407582    7.022266
      mixed  |   1.330494   .4557477     0.83   0.404     .6798957    2.603657
             |
        age1 |   .9843083   .0193012    -0.81   0.420     .9471962    1.022874
        age2 |   1.060996   .0667411     0.94   0.347     .9379278    1.200211
        age3 |   .8354865   .1509584    -0.99   0.320     .5863293    1.190521
      1.male |   1.167492   .1218344     1.48   0.138     .9515379    1.432457
------------------------------------------------------------------------------
                                                             Stratified by stp
(note: file ./output/an_univariable_cox_models_kids_cat4_covidadmission_AGESEX_
> ageband_0_timeperiod2.ster not found)
file ./output/an_univariable_cox_models_kids_cat4_covidadmission_AGESEX_ageband
> _0_timeperiod2.ster saved
(no new episodes generated)
(cat_time: 29573 changes made)
(covidadmission: 0 changes made)

observation |
   interval |      Freq.     Percent        Cum.
------------+-----------------------------------
          0 |     16,065       35.20       35.20
          1 |     11,439       25.06       60.27
          2 |      8,402       18.41       78.68
          3 |      5,790       12.69       91.36
          4 |      3,942        8.64      100.00
------------+-----------------------------------
      Total |     45,638      100.00

           |   Failure/censoring
           |     indicator for
           |  outcome: covid SUS
observatio |       admission
n interval |         0          1 |     Total
-----------+----------------------+----------
         0 |    15,101        964 |    16,065 
         1 |    10,910        529 |    11,439 
         2 |     8,039        363 |     8,402 
         3 |     5,586        204 |     5,790 
         4 |     3,836        106 |     3,942 
-----------+----------------------+----------
     Total |    43,472      2,166 |    45,638 

-------------------------------------------------------------------------------
active results
-------------------------------------------------------------------------------

Stratified Cox regr. -- Breslow method for ties

No. of subjects      =        5,790             Number of obs    =       5,790
No. of failures      =          204
Time at risk         =       233836
                                                Wald chi2(7)     =        9.75
Log pseudolikelihood =   -1260.6832             Prob > chi2      =      0.2035

                         (Std. Err. adjusted for 960 clusters in household_id)
------------------------------------------------------------------------------
             |               Robust
          _t | Haz. Ratio   Std. Err.      z    P>|z|     [95% Conf. Interval]
-------------+----------------------------------------------------------------
   kids_cat4 |
only <12 ..  |   1.061158   .3940979     0.16   0.873     .5124564    2.197371
 only 12-18  |   1.039555   .5877444     0.07   0.945     .3432377    3.148476
      mixed  |   .7255596    .234019    -0.99   0.320     .3855938    1.365263
             |
        age1 |   .9976244   .0277986    -0.09   0.932     .9446013    1.053624
        age2 |   .9913217   .0897489    -0.10   0.923     .8301402    1.183799
        age3 |    1.07783   .2787668     0.29   0.772     .6492294     1.78938
      1.male |   .8942062   .1342409    -0.74   0.456     .6662739    1.200114
------------------------------------------------------------------------------
                                                             Stratified by stp
(note: file ./output/an_univariable_cox_models_kids_cat4_covidadmission_AGESEX_
> ageband_0_timeperiod3.ster not found)
file ./output/an_univariable_cox_models_kids_cat4_covidadmission_AGESEX_ageband
> _0_timeperiod3.ster saved
(no new episodes generated)
(cat_time: 29573 changes made)
(covidadmission: 0 changes made)

observation |
   interval |      Freq.     Percent        Cum.
------------+-----------------------------------
          0 |     16,065       35.20       35.20
          1 |     11,439       25.06       60.27
          2 |      8,402       18.41       78.68
          3 |      5,790       12.69       91.36
          4 |      3,942        8.64      100.00
------------+-----------------------------------
      Total |     45,638      100.00

           |   Failure/censoring
           |     indicator for
           |  outcome: covid SUS
observatio |       admission
n interval |         0          1 |     Total
-----------+----------------------+----------
         0 |    15,101        964 |    16,065 
         1 |    10,910        529 |    11,439 
         2 |     8,039        363 |     8,402 
         3 |     5,586        204 |     5,790 
         4 |     3,836        106 |     3,942 
-----------+----------------------+----------
     Total |    43,472      2,166 |    45,638 

-------------------------------------------------------------------------------
active results
-------------------------------------------------------------------------------

Stratified Cox regr. -- Breslow method for ties

No. of subjects      =        3,942             Number of obs    =       3,942
No. of failures      =          106
Time at risk         =       119706
                                                Wald chi2(7)     =        3.93
Log pseudolikelihood =   -616.30952             Prob > chi2      =      0.7878

                         (Std. Err. adjusted for 882 clusters in household_id)
------------------------------------------------------------------------------
             |               Robust
          _t | Haz. Ratio   Std. Err.      z    P>|z|     [95% Conf. Interval]
-------------+----------------------------------------------------------------
   kids_cat4 |
only <12 ..  |   .7345443   .4463633    -0.51   0.612     .2232365    2.416968
 only 12-18  |   .5845417   .6076732    -0.52   0.606     .0761956    4.484364
      mixed  |   .8323501   .4123063    -0.37   0.711     .3152547    2.197609
             |
        age1 |   .9974087   .0367034    -0.07   0.944     .9280043    1.072004
        age2 |   .9864551   .1152218    -0.12   0.907     .7846098    1.240226
        age3 |   1.037079   .3459345     0.11   0.913     .5393611    1.994086
      1.male |   1.348724   .2728568     1.48   0.139     .9072326     2.00506
------------------------------------------------------------------------------
                                                             Stratified by stp
(note: file ./output/an_univariable_cox_models_kids_cat4_covidadmission_AGESEX_
> ageband_0_timeperiod4.ster not found)
file ./output/an_univariable_cox_models_kids_cat4_covidadmission_AGESEX_ageband
> _0_timeperiod4.ster saved
(8,317 observations (episodes) created)
(cat_time: 8317 changes made)
(covidadmission: 8317 changes made)

observation |
   interval |      Freq.     Percent        Cum.
------------+-----------------------------------
          0 |      4,546       35.34       35.34
          1 |      3,195       24.84       60.18
          2 |      2,366       18.39       78.57
          3 |      1,648       12.81       91.39
          4 |      1,108        8.61      100.00
------------+-----------------------------------
      Total |     12,863      100.00

           |   Failure/censoring
           |     indicator for
           |  outcome: covid SUS
observatio |       admission
n interval |         0          1 |     Total
-----------+----------------------+----------
         0 |     4,285        261 |     4,546 
         1 |     3,053        142 |     3,195 
         2 |     2,251        115 |     2,366 
         3 |     1,577         71 |     1,648 
         4 |     1,079         29 |     1,108 
-----------+----------------------+----------
     Total |    12,245        618 |    12,863 

-------------------------------------------------------------------------------
active results
-------------------------------------------------------------------------------

Stratified Cox regr. -- Breslow method for ties

No. of subjects      =        4,546             Number of obs    =       4,546
No. of failures      =          261
Time at risk         =       353856
                                                Wald chi2(7)     =        5.32
Log pseudolikelihood =   -1554.3316             Prob > chi2      =      0.6214

                         (Std. Err. adjusted for 924 clusters in household_id)
------------------------------------------------------------------------------
             |               Robust
          _t | Haz. Ratio   Std. Err.      z    P>|z|     [95% Conf. Interval]
-------------+----------------------------------------------------------------
   kids_cat4 |
only <12 ..  |   1.031629   .4398745     0.07   0.942     .4472818    2.379392
 only 12-18  |   .8096177   .4724696    -0.36   0.717     .2579546     2.54107
      mixed  |   .9328816   .3659735    -0.18   0.859     .4324107    2.012596
             |
        age1 |   .9230927    .052769    -1.40   0.162     .8252509    1.032535
        age2 |   1.513368    .469859     1.33   0.182     .8235117    2.781116
        age3 |   .4022092   .2693788    -1.36   0.174     .1082334     1.49466
      1.male |   .8757473   .1084467    -1.07   0.284     .6870235    1.116313
------------------------------------------------------------------------------
                                                             Stratified by stp
(note: file ./output/an_univariable_cox_models_kids_cat4_covidadmission_AGESEX_
> ageband_1_timeperiod0.ster not found)
file ./output/an_univariable_cox_models_kids_cat4_covidadmission_AGESEX_ageband
> _1_timeperiod0.ster saved
(no new episodes generated)
(cat_time: 8317 changes made)
(covidadmission: 0 changes made)

observation |
   interval |      Freq.     Percent        Cum.
------------+-----------------------------------
          0 |      4,546       35.34       35.34
          1 |      3,195       24.84       60.18
          2 |      2,366       18.39       78.57
          3 |      1,648       12.81       91.39
          4 |      1,108        8.61      100.00
------------+-----------------------------------
      Total |     12,863      100.00

           |   Failure/censoring
           |     indicator for
           |  outcome: covid SUS
observatio |       admission
n interval |         0          1 |     Total
-----------+----------------------+----------
         0 |     4,285        261 |     4,546 
         1 |     3,053        142 |     3,195 
         2 |     2,251        115 |     2,366 
         3 |     1,577         71 |     1,648 
         4 |     1,079         29 |     1,108 
-----------+----------------------+----------
     Total |    12,245        618 |    12,863 

-------------------------------------------------------------------------------
active results
-------------------------------------------------------------------------------

Stratified Cox regr. -- Breslow method for ties

No. of subjects      =        3,195             Number of obs    =       3,195
No. of failures      =          142
Time at risk         =       190938
                                                Wald chi2(7)     =        2.87
Log pseudolikelihood =   -796.08087             Prob > chi2      =      0.8969

                         (Std. Err. adjusted for 865 clusters in household_id)
------------------------------------------------------------------------------
             |               Robust
          _t | Haz. Ratio   Std. Err.      z    P>|z|     [95% Conf. Interval]
-------------+----------------------------------------------------------------
   kids_cat4 |
only <12 ..  |   1.078809   .6787142     0.12   0.904     .3143589     3.70223
 only 12-18  |   1.005384   .8991376     0.01   0.995     .1742139    5.802041
      mixed  |   1.430369   .8188143     0.63   0.532     .4657768    4.392565
             |
        age1 |   1.019758   .0770476     0.26   0.796     .8793965    1.182523
        age2 |   .9809433   .3836718    -0.05   0.961     .4557402      2.1114
        age3 |   .9807774   .8185407    -0.02   0.981     .1910608     5.03465
      1.male |   .8516838   .1372551    -1.00   0.319     .6210134    1.168035
------------------------------------------------------------------------------
                                                             Stratified by stp
(note: file ./output/an_univariable_cox_models_kids_cat4_covidadmission_AGESEX_
> ageband_1_timeperiod1.ster not found)
file ./output/an_univariable_cox_models_kids_cat4_covidadmission_AGESEX_ageband
> _1_timeperiod1.ster saved
(no new episodes generated)
(cat_time: 8317 changes made)
(covidadmission: 0 changes made)

observation |
   interval |      Freq.     Percent        Cum.
------------+-----------------------------------
          0 |      4,546       35.34       35.34
          1 |      3,195       24.84       60.18
          2 |      2,366       18.39       78.57
          3 |      1,648       12.81       91.39
          4 |      1,108        8.61      100.00
------------+-----------------------------------
      Total |     12,863      100.00

           |   Failure/censoring
           |     indicator for
           |  outcome: covid SUS
observatio |       admission
n interval |         0          1 |     Total
-----------+----------------------+----------
         0 |     4,285        261 |     4,546 
         1 |     3,053        142 |     3,195 
         2 |     2,251        115 |     2,366 
         3 |     1,577         71 |     1,648 
         4 |     1,079         29 |     1,108 
-----------+----------------------+----------
     Total |    12,245        618 |    12,863 

-------------------------------------------------------------------------------
active results
-------------------------------------------------------------------------------

Stratified Cox regr. -- Breslow method for ties

No. of subjects      =        2,366             Number of obs    =       2,366
No. of failures      =          115
Time at risk         =       122287
                                                Wald chi2(7)     =        6.15
Log pseudolikelihood =   -608.98753             Prob > chi2      =      0.5228

                         (Std. Err. adjusted for 804 clusters in household_id)
------------------------------------------------------------------------------
             |               Robust
          _t | Haz. Ratio   Std. Err.      z    P>|z|     [95% Conf. Interval]
-------------+----------------------------------------------------------------
   kids_cat4 |
only <12 ..  |   3.817418   3.945757     1.30   0.195     .5034443    28.94597
 only 12-18  |   6.110721   6.737742     1.64   0.101     .7039618    53.04395
      mixed  |   3.307524   3.332419     1.19   0.235     .4590866     23.8293
             |
        age1 |   .9640996   .0784715    -0.45   0.653      .821939    1.130848
        age2 |   1.172315   .5086369     0.37   0.714      .500876    2.743838
        age3 |   .6730847   .6280978    -0.42   0.671     .1080836    4.191598
      1.male |   .9336186   .1616226    -0.40   0.692      .664989    1.310764
------------------------------------------------------------------------------
                                                             Stratified by stp
(note: file ./output/an_univariable_cox_models_kids_cat4_covidadmission_AGESEX_
> ageband_1_timeperiod2.ster not found)
file ./output/an_univariable_cox_models_kids_cat4_covidadmission_AGESEX_ageband
> _1_timeperiod2.ster saved
(no new episodes generated)
(cat_time: 8317 changes made)
(covidadmission: 0 changes made)

observation |
   interval |      Freq.     Percent        Cum.
------------+-----------------------------------
          0 |      4,546       35.34       35.34
          1 |      3,195       24.84       60.18
          2 |      2,366       18.39       78.57
          3 |      1,648       12.81       91.39
          4 |      1,108        8.61      100.00
------------+-----------------------------------
      Total |     12,863      100.00

           |   Failure/censoring
           |     indicator for
           |  outcome: covid SUS
observatio |       admission
n interval |         0          1 |     Total
-----------+----------------------+----------
         0 |     4,285        261 |     4,546 
         1 |     3,053        142 |     3,195 
         2 |     2,251        115 |     2,366 
         3 |     1,577         71 |     1,648 
         4 |     1,079         29 |     1,108 
-----------+----------------------+----------
     Total |    12,245        618 |    12,863 

-------------------------------------------------------------------------------
active results
-------------------------------------------------------------------------------

Stratified Cox regr. -- Breslow method for ties

No. of subjects      =        1,648             Number of obs    =       1,648
No. of failures      =           71
Time at risk         =        66414
                                                Wald chi2(6)     =     1352.46
Log pseudolikelihood =   -347.63785             Prob > chi2      =      0.0000

                         (Std. Err. adjusted for 706 clusters in household_id)
------------------------------------------------------------------------------
             |               Robust
          _t | Haz. Ratio   Std. Err.      z    P>|z|     [95% Conf. Interval]
-------------+----------------------------------------------------------------
   kids_cat4 |
only <12 ..  |   1.58e+09   1.06e+09    31.77   0.000     4.28e+08    5.85e+09
 only 12-18  |   3.24e+09          .        .       .            .           .
      mixed  |   1.37e+09   8.14e+08    35.46   0.000     4.29e+08    4.39e+09
             |
        age1 |   1.232108   .1383301     1.86   0.063     .9887428    1.535373
        age2 |   .3870796   .2134254    -1.72   0.085     .1313622    1.140591
        age3 |   6.590738   7.641042     1.63   0.104      .679336    63.94161
      1.male |   1.146307   .2836839     0.55   0.581      .705746    1.861886
------------------------------------------------------------------------------
                                                             Stratified by stp
(note: file ./output/an_univariable_cox_models_kids_cat4_covidadmission_AGESEX_
> ageband_1_timeperiod3.ster not found)
file ./output/an_univariable_cox_models_kids_cat4_covidadmission_AGESEX_ageband
> _1_timeperiod3.ster saved
(no new episodes generated)
(cat_time: 8317 changes made)
(covidadmission: 0 changes made)

observation |
   interval |      Freq.     Percent        Cum.
------------+-----------------------------------
          0 |      4,546       35.34       35.34
          1 |      3,195       24.84       60.18
          2 |      2,366       18.39       78.57
          3 |      1,648       12.81       91.39
          4 |      1,108        8.61      100.00
------------+-----------------------------------
      Total |     12,863      100.00

           |   Failure/censoring
           |     indicator for
           |  outcome: covid SUS
observatio |       admission
n interval |         0          1 |     Total
-----------+----------------------+----------
         0 |     4,285        261 |     4,546 
         1 |     3,053        142 |     3,195 
         2 |     2,251        115 |     2,366 
         3 |     1,577         71 |     1,648 
         4 |     1,079         29 |     1,108 
-----------+----------------------+----------
     Total |    12,245        618 |    12,863 

-------------------------------------------------------------------------------
active results
-------------------------------------------------------------------------------

Stratified Cox regr. -- no ties

No. of subjects      =        1,108             Number of obs    =       1,108
No. of failures      =           29
Time at risk         =        33205
                                                Wald chi2(7)     =     7824.58
Log pseudolikelihood =   -129.74795             Prob > chi2      =      0.0000

                         (Std. Err. adjusted for 593 clusters in household_id)
------------------------------------------------------------------------------
             |               Robust
          _t | Haz. Ratio   Std. Err.      z    P>|z|     [95% Conf. Interval]
-------------+----------------------------------------------------------------
   kids_cat4 |
only <12 ..  |   .8560572   1.010394    -0.13   0.895     .0846916    8.652974
 only 12-18  |   3.11e-15   3.44e-15   -30.14   0.000     3.54e-16    2.73e-14
      mixed  |    .703372   .7643252    -0.32   0.746     .0836026    5.917667
             |
        age1 |   .8948159   .1419556    -0.70   0.484      .655688    1.221153
        age2 |   1.738225   1.453954     0.66   0.509     .3373731    8.955739
        age3 |   .3244268   .5732506    -0.64   0.524     .0101642    10.35523
      1.male |   1.033544   .3854458     0.09   0.930     .4976054    2.146707
------------------------------------------------------------------------------
                                                             Stratified by stp
(note: file ./output/an_univariable_cox_models_kids_cat4_covidadmission_AGESEX_
> ageband_1_timeperiod4.ster not found)
file ./output/an_univariable_cox_models_kids_cat4_covidadmission_AGESEX_ageband
> _1_timeperiod4.ster saved
(33,608 observations (episodes) created)
(cat_time: 33608 changes made)
(covid_death: 33608 changes made)

observation |
   interval |      Freq.     Percent        Cum.
------------+-----------------------------------
          0 |     16,079       32.36       32.36
          1 |     12,280       24.71       57.08
          2 |      9,516       19.15       76.23
          3 |      6,896       13.88       90.11
          4 |      4,916        9.89      100.00
------------+-----------------------------------
      Total |     49,687      100.00

           |   Failure/censoring
           |     indicator for
observatio | outcome: covid death
n interval |         0          1 |     Total
-----------+----------------------+----------
         0 |    13,818      2,261 |    16,079 
         1 |    10,653      1,627 |    12,280 
         2 |     7,942      1,574 |     9,516 
         3 |     5,700      1,196 |     6,896 
         4 |     4,049        867 |     4,916 
-----------+----------------------+----------
     Total |    42,162      7,525 |    49,687 

-------------------------------------------------------------------------------
active results
-------------------------------------------------------------------------------

Stratified Cox regr. -- Breslow method for ties

No. of subjects      =       16,079             Number of obs    =      16,079
No. of failures      =        2,261
Time at risk         =      1306467
                                                Wald chi2(7)     =       14.50
Log pseudolikelihood =   -16397.679             Prob > chi2      =      0.0429

                       (Std. Err. adjusted for 1,117 clusters in household_id)
------------------------------------------------------------------------------
             |               Robust
          _t | Haz. Ratio   Std. Err.      z    P>|z|     [95% Conf. Interval]
-------------+----------------------------------------------------------------
   kids_cat4 |
only <12 ..  |   1.179589   .1783098     1.09   0.275     .8771239    1.586356
 only 12-18  |   1.180265   .2455922     0.80   0.426     .7849821    1.774596
      mixed  |   1.120888   .1565354     0.82   0.414     .8524901    1.473788
             |
        age1 |   1.026677   .0083866     3.22   0.001      1.01037    1.043246
        age2 |   .9344342   .0238316    -2.66   0.008     .8888734    .9823303
        age3 |   1.186362   .0858048     2.36   0.018     1.029564     1.36704
      1.male |   .9576699   .0423615    -0.98   0.328     .8781403    1.044402
------------------------------------------------------------------------------
                                                             Stratified by stp
(note: file ./output/an_univariable_cox_models_kids_cat4_covid_death_AGESEX_age
> band_0_timeperiod0.ster not found)
file ./output/an_univariable_cox_models_kids_cat4_covid_death_AGESEX_ageband_0_
> timeperiod0.ster saved
(no new episodes generated)
(cat_time: 33608 changes made)
(covid_death: 0 changes made)

observation |
   interval |      Freq.     Percent        Cum.
------------+-----------------------------------
          0 |     16,079       32.36       32.36
          1 |     12,280       24.71       57.08
          2 |      9,516       19.15       76.23
          3 |      6,896       13.88       90.11
          4 |      4,916        9.89      100.00
------------+-----------------------------------
      Total |     49,687      100.00

           |   Failure/censoring
           |     indicator for
observatio | outcome: covid death
n interval |         0          1 |     Total
-----------+----------------------+----------
         0 |    13,818      2,261 |    16,079 
         1 |    10,653      1,627 |    12,280 
         2 |     7,942      1,574 |     9,516 
         3 |     5,700      1,196 |     6,896 
         4 |     4,049        867 |     4,916 
-----------+----------------------+----------
     Total |    42,162      7,525 |    49,687 

-------------------------------------------------------------------------------
active results
-------------------------------------------------------------------------------

Stratified Cox regr. -- Breslow method for ties

No. of subjects      =       12,280             Number of obs    =      12,280
No. of failures      =        1,627
Time at risk         =       753835
                                                Wald chi2(7)     =       11.97
Log pseudolikelihood =   -11372.754             Prob > chi2      =      0.1017

                       (Std. Err. adjusted for 1,084 clusters in household_id)
------------------------------------------------------------------------------
             |               Robust
          _t | Haz. Ratio   Std. Err.      z    P>|z|     [95% Conf. Interval]
-------------+----------------------------------------------------------------
   kids_cat4 |
only <12 ..  |   1.161451   .2016858     0.86   0.389      .826399    1.632345
 only 12-18  |   1.067812   .2604637     0.27   0.788     .6620143    1.722354
      mixed  |   1.113453   .1729825     0.69   0.489     .8211676    1.509773
             |
        age1 |   .9911875   .0085048    -1.03   0.302     .9746578    1.007997
        age2 |   1.007442   .0274905     0.27   0.786     .9549769    1.062789
        age3 |    .986542   .0774918    -0.17   0.863     .8457745    1.150738
      1.male |    1.05399   .0515424     1.08   0.282     .9576588    1.160011
------------------------------------------------------------------------------
                                                             Stratified by stp
(note: file ./output/an_univariable_cox_models_kids_cat4_covid_death_AGESEX_age
> band_0_timeperiod1.ster not found)
file ./output/an_univariable_cox_models_kids_cat4_covid_death_AGESEX_ageband_0_
> timeperiod1.ster saved
(no new episodes generated)
(cat_time: 33608 changes made)
(covid_death: 0 changes made)

observation |
   interval |      Freq.     Percent        Cum.
------------+-----------------------------------
          0 |     16,079       32.36       32.36
          1 |     12,280       24.71       57.08
          2 |      9,516       19.15       76.23
          3 |      6,896       13.88       90.11
          4 |      4,916        9.89      100.00
------------+-----------------------------------
      Total |     49,687      100.00

           |   Failure/censoring
           |     indicator for
observatio | outcome: covid death
n interval |         0          1 |     Total
-----------+----------------------+----------
         0 |    13,818      2,261 |    16,079 
         1 |    10,653      1,627 |    12,280 
         2 |     7,942      1,574 |     9,516 
         3 |     5,700      1,196 |     6,896 
         4 |     4,049        867 |     4,916 
-----------+----------------------+----------
     Total |    42,162      7,525 |    49,687 

-------------------------------------------------------------------------------
active results
-------------------------------------------------------------------------------

Stratified Cox regr. -- Breslow method for ties

No. of subjects      =        9,516             Number of obs    =       9,516
No. of failures      =        1,574
Time at risk         =       503315
                                                Wald chi2(7)     =       10.55
Log pseudolikelihood =   -10557.232             Prob > chi2      =      0.1597

                       (Std. Err. adjusted for 1,045 clusters in household_id)
------------------------------------------------------------------------------
             |               Robust
          _t | Haz. Ratio   Std. Err.      z    P>|z|     [95% Conf. Interval]
-------------+----------------------------------------------------------------
   kids_cat4 |
only <12 ..  |   1.230252    .222814     1.14   0.253     .8626424    1.754516
 only 12-18  |   1.343825    .333737     1.19   0.234     .8259392    2.186439
      mixed  |   1.154316   .1890161     0.88   0.381     .8374194    1.591134
             |
        age1 |   .9926229   .0092764    -0.79   0.428     .9746069    1.010972
        age2 |   .9946491    .029525    -0.18   0.857     .9384324    1.054234
        age3 |   1.040556   .0883324     0.47   0.640      .881064    1.228921
      1.male |    .965885   .0479332    -0.70   0.484      .876362    1.064553
------------------------------------------------------------------------------
                                                             Stratified by stp
(note: file ./output/an_univariable_cox_models_kids_cat4_covid_death_AGESEX_age
> band_0_timeperiod2.ster not found)
file ./output/an_univariable_cox_models_kids_cat4_covid_death_AGESEX_ageband_0_
> timeperiod2.ster saved
(no new episodes generated)
(cat_time: 33608 changes made)
(covid_death: 0 changes made)

observation |
   interval |      Freq.     Percent        Cum.
------------+-----------------------------------
          0 |     16,079       32.36       32.36
          1 |     12,280       24.71       57.08
          2 |      9,516       19.15       76.23
          3 |      6,896       13.88       90.11
          4 |      4,916        9.89      100.00
------------+-----------------------------------
      Total |     49,687      100.00

           |   Failure/censoring
           |     indicator for
observatio | outcome: covid death
n interval |         0          1 |     Total
-----------+----------------------+----------
         0 |    13,818      2,261 |    16,079 
         1 |    10,653      1,627 |    12,280 
         2 |     7,942      1,574 |     9,516 
         3 |     5,700      1,196 |     6,896 
         4 |     4,049        867 |     4,916 
-----------+----------------------+----------
     Total |    42,162      7,525 |    49,687 

-------------------------------------------------------------------------------
active results
-------------------------------------------------------------------------------

Stratified Cox regr. -- Breslow method for ties

No. of subjects      =        6,896             Number of obs    =       6,896
No. of failures      =        1,196
Time at risk         =       284743
                                                Wald chi2(7)     =       13.88
Log pseudolikelihood =   -7624.5786             Prob > chi2      =      0.0534

                         (Std. Err. adjusted for 993 clusters in household_id)
------------------------------------------------------------------------------
             |               Robust
          _t | Haz. Ratio   Std. Err.      z    P>|z|     [95% Conf. Interval]
-------------+----------------------------------------------------------------
   kids_cat4 |
only <12 ..  |   .9618048     .18995    -0.20   0.844      .653101    1.416425
 only 12-18  |    1.39063   .3657152     1.25   0.210     .8305355     2.32844
      mixed  |   .9665271    .169123    -0.19   0.846     .6859157    1.361938
             |
        age1 |   .9986738    .010403    -0.13   0.899     .9784911    1.019273
        age2 |   .9799208   .0329814    -0.60   0.547     .9173644    1.046743
        age3 |   1.085428   .1051792     0.85   0.398     .8976742    1.312452
      1.male |   1.142122   .0652585     2.33   0.020      1.02112    1.277464
------------------------------------------------------------------------------
                                                             Stratified by stp
(note: file ./output/an_univariable_cox_models_kids_cat4_covid_death_AGESEX_age
> band_0_timeperiod3.ster not found)
file ./output/an_univariable_cox_models_kids_cat4_covid_death_AGESEX_ageband_0_
> timeperiod3.ster saved
(no new episodes generated)
(cat_time: 33608 changes made)
(covid_death: 0 changes made)

observation |
   interval |      Freq.     Percent        Cum.
------------+-----------------------------------
          0 |     16,079       32.36       32.36
          1 |     12,280       24.71       57.08
          2 |      9,516       19.15       76.23
          3 |      6,896       13.88       90.11
          4 |      4,916        9.89      100.00
------------+-----------------------------------
      Total |     49,687      100.00

           |   Failure/censoring
           |     indicator for
observatio | outcome: covid death
n interval |         0          1 |     Total
-----------+----------------------+----------
         0 |    13,818      2,261 |    16,079 
         1 |    10,653      1,627 |    12,280 
         2 |     7,942      1,574 |     9,516 
         3 |     5,700      1,196 |     6,896 
         4 |     4,049        867 |     4,916 
-----------+----------------------+----------
     Total |    42,162      7,525 |    49,687 

-------------------------------------------------------------------------------
active results
-------------------------------------------------------------------------------

Stratified Cox regr. -- Breslow method for ties

No. of subjects      =        4,916             Number of obs    =       4,916
No. of failures      =          867
Time at risk         =       151399
                                                Wald chi2(7)     =        9.51
Log pseudolikelihood =   -5231.3075             Prob > chi2      =      0.2179

                         (Std. Err. adjusted for 932 clusters in household_id)
------------------------------------------------------------------------------
             |               Robust
          _t | Haz. Ratio   Std. Err.      z    P>|z|     [95% Conf. Interval]
-------------+----------------------------------------------------------------
   kids_cat4 |
only <12 ..  |   .9445426   .2135935    -0.25   0.801     .6063671    1.471321
 only 12-18  |    1.08293   .4255057     0.20   0.839     .5013555    2.339135
      mixed  |   .9555283   .1948379    -0.22   0.823     .6407351     1.42498
             |
        age1 |   .9826743   .0128322    -1.34   0.181     .9578428     1.00815
        age2 |   1.049437   .0423196     1.20   0.231     .9696852    1.135748
        age3 |   .9096625   .1031421    -0.84   0.404     .7283947     1.13604
      1.male |   .9765911   .0653118    -0.35   0.723     .8566171    1.113368
------------------------------------------------------------------------------
                                                             Stratified by stp
(note: file ./output/an_univariable_cox_models_kids_cat4_covid_death_AGESEX_age
> band_0_timeperiod4.ster not found)
file ./output/an_univariable_cox_models_kids_cat4_covid_death_AGESEX_ageband_0_
> timeperiod4.ster saved
(9,403 observations (episodes) created)
(cat_time: 9403 changes made)
(covid_death: 9403 changes made)

observation |
   interval |      Freq.     Percent        Cum.
------------+-----------------------------------
          0 |      4,549       32.60       32.60
          1 |      3,427       24.56       57.17
          2 |      2,658       19.05       76.22
          3 |      1,946       13.95       90.17
          4 |      1,372        9.83      100.00
------------+-----------------------------------
      Total |     13,952      100.00

           |   Failure/censoring
           |     indicator for
observatio | outcome: covid death
n interval |         0          1 |     Total
-----------+----------------------+----------
         0 |     3,875        674 |     4,549 
         1 |     2,966        461 |     3,427 
         2 |     2,220        438 |     2,658 
         3 |     1,604        342 |     1,946 
         4 |     1,119        253 |     1,372 
-----------+----------------------+----------
     Total |    11,784      2,168 |    13,952 

-------------------------------------------------------------------------------
active results
-------------------------------------------------------------------------------

Stratified Cox regr. -- Breslow method for ties

No. of subjects      =        4,549             Number of obs    =       4,549
No. of failures      =          674
Time at risk         =       366077
                                                Wald chi2(7)     =        3.52
Log pseudolikelihood =    -4038.809             Prob > chi2      =      0.8332

                         (Std. Err. adjusted for 924 clusters in household_id)
------------------------------------------------------------------------------
             |               Robust
          _t | Haz. Ratio   Std. Err.      z    P>|z|     [95% Conf. Interval]
-------------+----------------------------------------------------------------
   kids_cat4 |
only <12 ..  |   1.098465   .2929759     0.35   0.725     .6512668    1.852736
 only 12-18  |   .7302595   .2682534    -0.86   0.392     .3554652    1.500229
      mixed  |   1.032142   .2564106     0.13   0.899     .6342773    1.679577
             |
        age1 |   .9759349   .0343049    -0.69   0.488     .9109623    1.045542
        age2 |   1.089847   .2059509     0.46   0.649     .7525099    1.578408
        age3 |   .8633893   .3508074    -0.36   0.718     .3893601    1.914529
      1.male |   1.055689   .0831617     0.69   0.491     .9046543    1.231939
------------------------------------------------------------------------------
                                                             Stratified by stp
(note: file ./output/an_univariable_cox_models_kids_cat4_covid_death_AGESEX_age
> band_1_timeperiod0.ster not found)
file ./output/an_univariable_cox_models_kids_cat4_covid_death_AGESEX_ageband_1_
> timeperiod0.ster saved
(no new episodes generated)
(cat_time: 9403 changes made)
(covid_death: 0 changes made)

observation |
   interval |      Freq.     Percent        Cum.
------------+-----------------------------------
          0 |      4,549       32.60       32.60
          1 |      3,427       24.56       57.17
          2 |      2,658       19.05       76.22
          3 |      1,946       13.95       90.17
          4 |      1,372        9.83      100.00
------------+-----------------------------------
      Total |     13,952      100.00

           |   Failure/censoring
           |     indicator for
observatio | outcome: covid death
n interval |         0          1 |     Total
-----------+----------------------+----------
         0 |     3,875        674 |     4,549 
         1 |     2,966        461 |     3,427 
         2 |     2,220        438 |     2,658 
         3 |     1,604        342 |     1,946 
         4 |     1,119        253 |     1,372 
-----------+----------------------+----------
     Total |    11,784      2,168 |    13,952 

-------------------------------------------------------------------------------
active results
-------------------------------------------------------------------------------

Stratified Cox regr. -- Breslow method for ties

No. of subjects      =        3,427             Number of obs    =       3,427
No. of failures      =          461
Time at risk         =       209290
                                                Wald chi2(7)     =       12.26
Log pseudolikelihood =   -2631.5703             Prob > chi2      =      0.0923

                         (Std. Err. adjusted for 886 clusters in household_id)
------------------------------------------------------------------------------
             |               Robust
          _t | Haz. Ratio   Std. Err.      z    P>|z|     [95% Conf. Interval]
-------------+----------------------------------------------------------------
   kids_cat4 |
only <12 ..  |   1.331322   .4595754     0.83   0.407     .6767779    2.618905
 only 12-18  |   2.204203    .941868     1.85   0.064     .9539564    5.093011
      mixed  |   1.551206   .4971033     1.37   0.171     .8277348    2.907017
             |
        age1 |   .9217718   .0401764    -1.87   0.062     .8462972    1.003977
        age2 |   1.493277   .3383041     1.77   0.077     .9578546    2.327992
        age3 |    .455689   .2199558    -1.63   0.103     .1769308    1.173637
      1.male |   1.014125   .0900224     0.16   0.874     .8521801    1.206845
------------------------------------------------------------------------------
                                                             Stratified by stp
(note: file ./output/an_univariable_cox_models_kids_cat4_covid_death_AGESEX_age
> band_1_timeperiod1.ster not found)
file ./output/an_univariable_cox_models_kids_cat4_covid_death_AGESEX_ageband_1_
> timeperiod1.ster saved
(no new episodes generated)
(cat_time: 9403 changes made)
(covid_death: 0 changes made)

observation |
   interval |      Freq.     Percent        Cum.
------------+-----------------------------------
          0 |      4,549       32.60       32.60
          1 |      3,427       24.56       57.17
          2 |      2,658       19.05       76.22
          3 |      1,946       13.95       90.17
          4 |      1,372        9.83      100.00
------------+-----------------------------------
      Total |     13,952      100.00

           |   Failure/censoring
           |     indicator for
observatio | outcome: covid death
n interval |         0          1 |     Total
-----------+----------------------+----------
         0 |     3,875        674 |     4,549 
         1 |     2,966        461 |     3,427 
         2 |     2,220        438 |     2,658 
         3 |     1,604        342 |     1,946 
         4 |     1,119        253 |     1,372 
-----------+----------------------+----------
     Total |    11,784      2,168 |    13,952 

-------------------------------------------------------------------------------
active results
-------------------------------------------------------------------------------

Stratified Cox regr. -- Breslow method for ties

No. of subjects      =        2,658             Number of obs    =       2,658
No. of failures      =          438
Time at risk         =       140582
                                                Wald chi2(7)     =        7.20
Log pseudolikelihood =   -2376.7907             Prob > chi2      =      0.4088

                         (Std. Err. adjusted for 836 clusters in household_id)
------------------------------------------------------------------------------
             |               Robust
          _t | Haz. Ratio   Std. Err.      z    P>|z|     [95% Conf. Interval]
-------------+----------------------------------------------------------------
   kids_cat4 |
only <12 ..  |   .6794239   .1822271    -1.44   0.150     .4016443    1.149318
 only 12-18  |   .4079154    .200518    -1.82   0.068     .1556493    1.069038
      mixed  |    .706669   .1663621    -1.47   0.140     .4454803    1.120995
             |
        age1 |   1.057876   .0525387     1.13   0.257     .9597547    1.166028
        age2 |   .7658663   .1950072    -1.05   0.295      .464962    1.261503
        age3 |   1.711813   .9267346     0.99   0.321     .5924289    4.946254
      1.male |   .8985936   .0873487    -1.10   0.271     .7427138    1.087189
------------------------------------------------------------------------------
                                                             Stratified by stp
(note: file ./output/an_univariable_cox_models_kids_cat4_covid_death_AGESEX_age
> band_1_timeperiod2.ster not found)
file ./output/an_univariable_cox_models_kids_cat4_covid_death_AGESEX_ageband_1_
> timeperiod2.ster saved
(no new episodes generated)
(cat_time: 9403 changes made)
(covid_death: 0 changes made)

observation |
   interval |      Freq.     Percent        Cum.
------------+-----------------------------------
          0 |      4,549       32.60       32.60
          1 |      3,427       24.56       57.17
          2 |      2,658       19.05       76.22
          3 |      1,946       13.95       90.17
          4 |      1,372        9.83      100.00
------------+-----------------------------------
      Total |     13,952      100.00

           |   Failure/censoring
           |     indicator for
observatio | outcome: covid death
n interval |         0          1 |     Total
-----------+----------------------+----------
         0 |     3,875        674 |     4,549 
         1 |     2,966        461 |     3,427 
         2 |     2,220        438 |     2,658 
         3 |     1,604        342 |     1,946 
         4 |     1,119        253 |     1,372 
-----------+----------------------+----------
     Total |    11,784      2,168 |    13,952 

-------------------------------------------------------------------------------
active results
-------------------------------------------------------------------------------

Stratified Cox regr. -- Breslow method for ties

No. of subjects      =        1,946             Number of obs    =       1,946
No. of failures      =          342
Time at risk         =        79767
                                                Wald chi2(7)     =        4.45
Log pseudolikelihood =   -1748.0295             Prob > chi2      =      0.7271

                         (Std. Err. adjusted for 758 clusters in household_id)
------------------------------------------------------------------------------
             |               Robust
          _t | Haz. Ratio   Std. Err.      z    P>|z|     [95% Conf. Interval]
-------------+----------------------------------------------------------------
   kids_cat4 |
only <12 ..  |   1.204183   .4743071     0.47   0.637     .5564408    2.605951
 only 12-18  |   .9079347   .5065135    -0.17   0.863     .3042223    2.709681
      mixed  |   1.032671    .383859     0.09   0.931     .4983768    2.139765
             |
        age1 |   1.062512   .0547824     1.18   0.240     .9603876    1.175496
        age2 |    .818727    .218033    -0.75   0.453     .4858005    1.379813
        age3 |   1.401179   .7964632     0.59   0.553     .4598864    4.269103
      1.male |      1.035   .1127796     0.32   0.752     .8359653    1.281422
------------------------------------------------------------------------------
                                                             Stratified by stp
(note: file ./output/an_univariable_cox_models_kids_cat4_covid_death_AGESEX_age
> band_1_timeperiod3.ster not found)
file ./output/an_univariable_cox_models_kids_cat4_covid_death_AGESEX_ageband_1_
> timeperiod3.ster saved
(no new episodes generated)
(cat_time: 9403 changes made)
(covid_death: 0 changes made)

observation |
   interval |      Freq.     Percent        Cum.
------------+-----------------------------------
          0 |      4,549       32.60       32.60
          1 |      3,427       24.56       57.17
          2 |      2,658       19.05       76.22
          3 |      1,946       13.95       90.17
          4 |      1,372        9.83      100.00
------------+-----------------------------------
      Total |     13,952      100.00

           |   Failure/censoring
           |     indicator for
observatio | outcome: covid death
n interval |         0          1 |     Total
-----------+----------------------+----------
         0 |     3,875        674 |     4,549 
         1 |     2,966        461 |     3,427 
         2 |     2,220        438 |     2,658 
         3 |     1,604        342 |     1,946 
         4 |     1,119        253 |     1,372 
-----------+----------------------+----------
     Total |    11,784      2,168 |    13,952 

-------------------------------------------------------------------------------
active results
-------------------------------------------------------------------------------

Stratified Cox regr. -- Breslow method for ties

No. of subjects      =        1,372             Number of obs    =       1,372
No. of failures      =          253
Time at risk         =        41696
                                                Wald chi2(7)     =        6.98
Log pseudolikelihood =   -1201.5981             Prob > chi2      =      0.4305

                         (Std. Err. adjusted for 669 clusters in household_id)
------------------------------------------------------------------------------
             |               Robust
          _t | Haz. Ratio   Std. Err.      z    P>|z|     [95% Conf. Interval]
-------------+----------------------------------------------------------------
   kids_cat4 |
only <12 ..  |   .6281464   .2143729    -1.36   0.173     .3217838     1.22619
 only 12-18  |    .391467   .2335065    -1.57   0.116     .1216077     1.26017
      mixed  |   .5895293   .1764239    -1.77   0.077     .3279238    1.059834
             |
        age1 |   .9044539   .0520622    -1.74   0.081     .8079595    1.012473
        age2 |   1.654435   .5206866     1.60   0.110     .8928081    3.065782
        age3 |   .3477711   .2353251    -1.56   0.119     .0923238    1.310006
      1.male |   .8951659   .1114765    -0.89   0.374      .701297    1.142629
------------------------------------------------------------------------------
                                                             Stratified by stp
(note: file ./output/an_univariable_cox_models_kids_cat4_covid_death_AGESEX_age
> band_1_timeperiod4.ster not found)
file ./output/an_univariable_cox_models_kids_cat4_covid_death_AGESEX_ageband_1_
> timeperiod4.ster saved

. * Close log file
. log close
      name:  <unnamed>
       log:  /workspace/logs/06_univariate_analysis.log
  log type:  text
 closed on:  28 Oct 2021, 11:18:24
-------------------------------------------------------------------------------
