-------------------------------------------------------------------------------
      name:  <unnamed>
       log:  /workspace/logs/07b_an_multivariable_cox_models_covid_death_11thJu
> neCensor.log
  log type:  text
 opened on:  17 Aug 2021, 07:47:12

. 
. 
. *****************************************************************************
> ********
. *PROG TO DEFINE THE BASIC COX MODEL WITH OPTIONS FOR HANDLING OF AGE, BMI, ET
> HNICITY:
. cap prog drop basecoxmodel

. prog define basecoxmodel
  1.         syntax , exposure(string) age(string) 
  2. 
. timer clear
  3. timer on 1
  4.         capture stcox   `exposure'                              ///
>                         $demogadjlist                                   ///
>                         $comordidadjlist                                ///
>                         `if'                                                 
>    ///
>                         , strata(stp) vce(cluster household_id)
  5. timer off 1
  6. timer list
  7. end

. *****************************************************************************
> ********
. local outcome `1'

. 
. * Open dataset and fit specified model(s)
. forvalues x=0/1 {
  2. forvalues period=0/3 {
  3. 
. use "$tempdir/cr_create_analysis_dataset_STSET_`outcome'_ageband_`x'.dta", cl
> ear
  4. stsplit cat_time, at(0,78,147,173)
  5. recode cat_time 78=1 147=2 173=3
  6. recode `outcome' .=0 
  7. tab cat_time
  8. tab cat_time `outcome'
  9. 
. keep if cat_time==`period'
 10. 
. 
. 
. ******************************
. *  Multivariable Cox models  *
. ******************************
. 
. 
. 
. foreach exposure_type in kids_cat4  {
 11. 
. *Age spline model (not adj ethnicity)
. basecoxmodel, exposure("i.`exposure_type'") age("age1 age2 age3") 
 12. if _rc==0{
 13. estimates
 14. estimates save "./output/an_multivariate_cox_models_`outcome'_`exposure_ty
> pe'_FULLYADJMODEL_ageband_`x'_timeperiod`period'_11thJuneCensor", replace
 15.         *  Proportional Hazards test 
.         * Based on Schoenfeld residuals 
.         timer clear 
 16.         timer on 1
 17.         if e(N_fail)>0 estat phtest, d
 18.         timer off 1
 19.         timer list 
 20.         
. }
 21. else di "WARNING AGE SPLINE MODEL DID NOT FIT (OUTCOME `outcome')"
 22. 
. }
 23. }
 24. }
(26,842 observations (episodes) created)
(cat_time: 26842 changes made)
(covid_death: 26842 changes made)

observation |
   interval |      Freq.     Percent        Cum.
------------+-----------------------------------
          0 |     16,146       37.56       37.56
          1 |     11,923       27.74       65.29
          2 |      8,179       19.03       84.32
          3 |      6,740       15.68      100.00
------------+-----------------------------------
      Total |     42,988      100.00

           |   Failure/censoring
           |     indicator for
observatio | outcome: covid death
n interval |         0          1 |     Total
-----------+----------------------+----------
         0 |    13,629      2,517 |    16,146 
         1 |     9,692      2,231 |    11,923 
         2 |     7,312        867 |     8,179 
         3 |     5,592      1,148 |     6,740 
-----------+----------------------+----------
     Total |    36,225      6,763 |    42,988 
(26,845 observations deleted)
   1:      9.30 /        1 =       9.3010

-------------------------------------------------------------------------------
active results
-------------------------------------------------------------------------------

Stratified Cox regr. -- Breslow method for ties

No. of subjects      =       16,146             Number of obs    =      16,146
No. of failures      =        2,517
Time at risk         =      1095592
                                                Wald chi2(42)    =       32.36
Log pseudolikelihood =   -18220.942             Prob > chi2      =      0.8579

                       (Std. Err. adjusted for 1,129 clusters in household_id)
------------------------------------------------------------------------------
             |               Robust
          _t | Haz. Ratio   Std. Err.      z    P>|z|     [95% Conf. Interval]
-------------+----------------------------------------------------------------
   kids_cat4 |
only <12 ..  |   .9620794   .1270703    -0.29   0.770     .7426517     1.24634
 only 12-18  |   .9177869   .1575882    -0.50   0.617      .655521    1.284982
      mixed  |   .8780859   .1064986    -1.07   0.284     .6923075    1.113717
             |
        age1 |   .9947335   .0071012    -0.74   0.459     .9809124    1.008749
        age2 |    1.01911   .0229463     0.84   0.401     .9751136    1.065091
        age3 |   .9492985   .0612101    -0.81   0.420     .8366002    1.077178
      1.male |   1.065308   .0422135     1.60   0.110     .9857028    1.151343
             |
   obese4cat |
Obese I ..)  |   1.001233   .0564216     0.02   0.983     .8965373    1.118156
Obese II..)  |   .9591667   .0699384    -0.57   0.567     .8314345    1.106522
Obese II..)  |   1.075044   .0856224     0.91   0.364     .9196693    1.256668
             |
smoke_nomiss |
     Former  |   1.035906   .1516588     0.24   0.810     .7775042    1.380188
    Current  |   .8999471   .0556958    -1.70   0.088     .7971461    1.016006
             |
         imd |
          4  |   1.005642   .0482371     0.12   0.907     .9154074    1.104772
5 most de..  |   1.042236   .0695028     0.62   0.535     .9145401    1.187762
             |
tot_adults~h |
          2  |   1.511078   .5247201     1.19   0.235     .7650822    2.984459
          3  |   1.288205   .3622902     0.90   0.368      .742328    2.235495
             |
   ethnicity |
Asian or ..  |   .9436347   .0667392    -0.82   0.412     .8214896    1.083941
      Other  |   1.023458    .067431     0.35   0.725     .8994727    1.164533
             |
1.htdiag_o~p |   1.006786   .0450547     0.15   0.880     .9222418     1.09908
1.~y_disease |    1.01445   .0516447     0.28   0.778     .9181145    1.120894
    1.asthma |   .9731534   .0754742    -0.35   0.726      .835921    1.132915
1.~c_disease |   .9697282   .0458268    -0.65   0.515     .8839434    1.063838
             |
     diabcat |
T1DM, con..  |   1.125281   .1343636     0.99   0.323     .8904789    1.421995
T1DM, unc..  |   1.403751   .3505512     1.36   0.174     .8604468    2.290108
T2DM, con..  |   1.077208   .0557835     1.44   0.151     .9732397    1.192283
T2DM, unc..  |   .9493959   .1085972    -0.45   0.650     .7587211    1.187989
Diabetes,..  |   1.649931   1.034525     0.80   0.425     .4827843    5.638693
             |
cancer_exh~t |
  Last year  |   1.036963     .31784     0.12   0.906     .5686709    1.890886
2-5 years..  |   1.087586   .1756234     0.52   0.603     .7925227    1.492505
   5+ years  |   1.049327   .0561359     0.90   0.368     .9448742    1.165326
             |
cancer_hae~t |
  Last year  |   1.025828   .3277113     0.08   0.936     .5484654    1.918667
2-5 years..  |   .8900735   .1577768    -0.66   0.511     .6288392    1.259831
   5+ years  |   1.009914   .0514652     0.19   0.847     .9139176    1.115993
             |
1.~r_disease |   1.068379   .0518599     1.36   0.173     .9714206    1.175014
1.stroke_d~a |   1.080245   .0535257     1.56   0.119     .9802692    1.190416
1.other_ne~o |   1.010868   .0488112     0.22   0.823     .9195876     1.11121
             |
reduced_ki~t |
Stage 3a/..  |   1.222596   .3486328     0.70   0.481     .6991274     2.13801
      1.esrd |   1.020376     .04155     0.50   0.620     .9421049    1.105151
1.other_tr~t |   .9390549   .0497247    -1.19   0.235      .846483    1.041751
  1.asplenia |   1.074127   .0529188     1.45   0.147     .9752584    1.183019
1.ra_sle_p~s |   .9410159   .0497166    -1.15   0.250     .8484485    1.043683
1.other_im~o |   1.008561   .0527825     0.16   0.871     .9102378    1.117504
------------------------------------------------------------------------------
                                                             Stratified by stp
(note: file ./output/an_multivariate_cox_models_covid_death_kids_cat4_FULLYADJM
> ODEL_ageband_0_timeperiod0_11thJuneCensor.ster not found)
file ./output/an_multivariate_cox_models_covid_death_kids_cat4_FULLYADJMODEL_ag
> eband_0_timeperiod0_11thJuneCensor.ster saved

      Test of proportional-hazards assumption

      Time:  Time
      ----------------------------------------------------------------
                  |       rho            chi2       df       Prob>chi2
      ------------+---------------------------------------------------
      0b.kids_cat4|            .            .        1             .
      1.kids_cat4 |      0.01771         0.80        1         0.3703
      2.kids_cat4 |      0.01825         0.75        1         0.3859
      3.kids_cat4 |      0.00936         0.22        1         0.6405
      age1        |     -0.00868         0.18        1         0.6674
      age2        |      0.00188         0.01        1         0.9263
      age3        |     -0.00022         0.00        1         0.9912
      0b.male     |            .            .        1             .
      1.male      |     -0.01389         0.52        1         0.4709
      1b.obese4cat|            .            .        1             .
      2.obese4cat |     -0.03743         3.56        1         0.0591
      3.obese4cat |     -0.01860         0.99        1         0.3189
      4.obese4cat |     -0.03010         2.32        1         0.1276
      1b.smoke_n~s|            .            .        1             .
      2.smoke_no~s|     -0.01199         0.41        1         0.5241
      3.smoke_no~s|     -0.02965         2.24        1         0.1345
      1b.imd      |            .            .        1             .
      4.imd       |     -0.00129         0.00        1         0.9475
      5.imd       |     -0.00565         0.09        1         0.7673
      1b.tot_adu~h|            .            .        1             .
      2.tot_adul~h|     -0.01150         0.34        1         0.5600
      3.tot_adul~h|     -0.00504         0.07        1         0.7963
      1b.ethnicity|            .            .        1             .
      3.ethnicity |      0.03228         2.96        1         0.0853
      5.ethnicity |      0.02246         1.39        1         0.2391
      0b.htdiag_~p|            .            .        1             .
      1.htdiag_o~p|      0.00492         0.07        1         0.7865
      0b.chronic..|            .            .        1             .
      1.~y_disease|      0.02300         1.52        1         0.2183
      0b.asthma   |            .            .        1             .
      1.asthma    |      0.00524         0.08        1         0.7716
      0b.chronic..|            .            .        1             .
      1.~c_disease|     -0.01524         0.56        1         0.4545
      1b.diabcat  |            .            .        1             .
      2.diabcat   |      0.02381         1.46        1         0.2277
      3.diabcat   |     -0.00327         0.03        1         0.8619
      4.diabcat   |     -0.01564         0.61        1         0.4361
      5.diabcat   |     -0.00400         0.05        1         0.8250
      6.diabcat   |     -0.03301         3.86        1         0.0494
      1b.c~exhae~t|            .            .        1             .
      2.cancer_e~t|     -0.00548         0.09        1         0.7701
      3.cancer_e~t|     -0.01587         0.77        1         0.3802
      4.cancer_e~t|      0.02252         1.48        1         0.2231
      1b.cancer_..|            .            .        1             .
      2.cancer_h~t|      0.01303         0.55        1         0.4582
      3.cancer_h~t|     -0.01043         0.32        1         0.5716
      4.cancer_h~t|      0.02597         1.76        1         0.1846
      0b.chronic..|            .            .        1             .
      1.~r_disease|      0.02617         1.82        1         0.1774
      0b.stroke_~a|            .            .        1             .
      1.stroke_d~a|     -0.00922         0.24        1         0.6272
      0b.other_n~o|            .            .        1             .
      1.other_ne~o|     -0.00695         0.12        1         0.7262
      1b.reduced~t|            .            .        1             .
      2.reduced_~t|     -0.01594         0.71        1         0.3980
      0b.esrd     |            .            .        1             .
      1.esrd      |     -0.00553         0.08        1         0.7774
      0b.other_t~t|            .            .        1             .
      1.other_tr~t|     -0.03011         2.67        1         0.1022
      0b.asplenia |            .            .        1             .
      1.asplenia  |      0.01663         0.76        1         0.3843
      0b.ra_sle_~s|            .            .        1             .
      1.ra_sle_p~s|      0.01347         0.53        1         0.4668
      0b.other_i~o|            .            .        1             .
      1.other_im~o|      0.02248         1.50        1         0.2206
      ------------+---------------------------------------------------
      global test |                     35.26       42         0.7596
      ----------------------------------------------------------------

note: robust variance-covariance matrix used.
   1:     16.41 /        1 =      16.4140
(26,842 observations (episodes) created)
(cat_time: 26842 changes made)
(covid_death: 26842 changes made)

observation |
   interval |      Freq.     Percent        Cum.
------------+-----------------------------------
          0 |     16,146       37.56       37.56
          1 |     11,923       27.74       65.29
          2 |      8,179       19.03       84.32
          3 |      6,740       15.68      100.00
------------+-----------------------------------
      Total |     42,988      100.00

           |   Failure/censoring
           |     indicator for
observatio | outcome: covid death
n interval |         0          1 |     Total
-----------+----------------------+----------
         0 |    13,629      2,517 |    16,146 
         1 |     9,692      2,231 |    11,923 
         2 |     7,312        867 |     8,179 
         3 |     5,592      1,148 |     6,740 
-----------+----------------------+----------
     Total |    36,225      6,763 |    42,988 
(31,068 observations deleted)
   1:      5.52 /        1 =       5.5240

-------------------------------------------------------------------------------
active results
-------------------------------------------------------------------------------

Stratified Cox regr. -- Breslow method for ties

No. of subjects      =       11,923             Number of obs    =      11,923
No. of failures      =        2,231
Time at risk         =       695708
                                                Wald chi2(42)    =       42.67
Log pseudolikelihood =   -15399.748             Prob > chi2      =      0.4423

                       (Std. Err. adjusted for 1,085 clusters in household_id)
------------------------------------------------------------------------------
             |               Robust
          _t | Haz. Ratio   Std. Err.      z    P>|z|     [95% Conf. Interval]
-------------+----------------------------------------------------------------
   kids_cat4 |
only <12 ..  |   1.176117   .1703937     1.12   0.263     .8853809    1.562324
 only 12-18  |   1.308975     .24526     1.44   0.151     .9066582    1.889815
      mixed  |   1.164216   .1555493     1.14   0.255     .8959955     1.51273
             |
        age1 |   .9958277   .0083281    -0.50   0.617      .979638    1.012285
        age2 |    1.02353   .0262937     0.91   0.365     .9732709    1.076384
        age3 |   .9280357   .0667378    -1.04   0.299     .8060319    1.068506
      1.male |   1.046155   .0443471     1.06   0.287     .9627487    1.136786
             |
   obese4cat |
Obese I ..)  |   1.004534     .06041     0.08   0.940     .8928444    1.130196
Obese II..)  |   1.052484   .0806851     0.67   0.505     .9056517    1.223123
Obese II..)  |   1.155294   .0975933     1.71   0.087     .9790102    1.363319
             |
smoke_nomiss |
     Former  |   .9333305   .1526009    -0.42   0.673     .6774274    1.285903
    Current  |   1.107077   .0694088     1.62   0.105     .9790641    1.251827
             |
         imd |
          4  |   .9792401   .0535865    -0.38   0.701     .8796488    1.090107
5 most de..  |   1.049085   .0746117     0.67   0.500     .9125834    1.206004
             |
tot_adults~h |
          2  |   1.066017   .3566633     0.19   0.848     .5533154    2.053787
          3  |   .8019205   .2149421    -0.82   0.410     .4742205    1.356071
             |
   ethnicity |
Asian or ..  |   1.068423   .0743728     0.95   0.342     .9321615    1.224603
      Other  |   .9004157   .0651357    -1.45   0.147     .7813894    1.037573
             |
1.htdiag_o~p |   1.038334   .0467946     0.83   0.404     .9505524    1.134222
1.~y_disease |    .992039   .0514707    -0.15   0.878     .8961181    1.098227
    1.asthma |   1.015609   .0780915     0.20   0.840     .8735276    1.180801
1.~c_disease |   1.067086   .0544162     1.27   0.203     .9655885    1.179252
             |
     diabcat |
T1DM, con..  |   .7799419   .1134277    -1.71   0.087     .5865043    1.037178
T1DM, unc..  |   .8612614   .2722767    -0.47   0.637     .4634881     1.60041
T2DM, con..  |   .9245866   .0534085    -1.36   0.175     .8256161    1.035421
T2DM, unc..  |   .8424618   .1003215    -1.44   0.150     .6670955    1.063928
Diabetes,..  |   1.098465   .8078334     0.13   0.898     .2598934    4.642769
             |
cancer_exh~t |
  Last year  |   .7081637   .2532581    -0.96   0.335      .351335    1.427401
2-5 years..  |   1.041094   .1818717     0.23   0.818     .7392492    1.466185
   5+ years  |   .9746915   .0548118    -0.46   0.649     .8729711    1.088265
             |
cancer_hae~t |
  Last year  |   .9022015   .3291992    -0.28   0.778     .4412791    1.844564
2-5 years..  |   .9331633   .1691412    -0.38   0.703     .6541428    1.331198
   5+ years  |   1.037474    .055547     0.69   0.492     .9341217    1.152262
             |
1.~r_disease |   .9860236   .0521749    -0.27   0.790     .8888868    1.093775
1.stroke_d~a |   .9697804   .0530442    -0.56   0.575     .8711945    1.079522
1.other_ne~o |   1.012607   .0543234     0.23   0.815      .911542    1.124878
             |
reduced_ki~t |
Stage 3a/..  |    .865445   .3050697    -0.41   0.682     .4337012    1.726984
      1.esrd |   1.038257   .0460966     0.85   0.398      .951729    1.132652
1.other_tr~t |   1.069048   .0529652     1.35   0.178     .9701193    1.178065
  1.asplenia |   .8472729   .0475331    -2.95   0.003     .7590489     .945751
1.ra_sle_p~s |   1.094147   .0561571     1.75   0.080     .9894357    1.209939
1.other_im~o |   .9965327   .0507142    -0.07   0.946     .9019311    1.101057
------------------------------------------------------------------------------
                                                             Stratified by stp
(note: file ./output/an_multivariate_cox_models_covid_death_kids_cat4_FULLYADJM
> ODEL_ageband_0_timeperiod1_11thJuneCensor.ster not found)
file ./output/an_multivariate_cox_models_covid_death_kids_cat4_FULLYADJMODEL_ag
> eband_0_timeperiod1_11thJuneCensor.ster saved

      Test of proportional-hazards assumption

      Time:  Time
      ----------------------------------------------------------------
                  |       rho            chi2       df       Prob>chi2
      ------------+---------------------------------------------------
      0b.kids_cat4|            .            .        1             .
      1.kids_cat4 |      0.00922         0.18        1         0.6725
      2.kids_cat4 |      0.00238         0.01        1         0.9126
      3.kids_cat4 |      0.00059         0.00        1         0.9789
      age1        |      0.00173         0.01        1         0.9295
      age2        |     -0.00005         0.00        1         0.9979
      age3        |     -0.00033         0.00        1         0.9868
      0b.male     |            .            .        1             .
      1.male      |      0.02532         1.57        1         0.2109
      1b.obese4cat|            .            .        1             .
      2.obese4cat |      0.00517         0.06        1         0.8027
      3.obese4cat |      0.01456         0.56        1         0.4534
      4.obese4cat |      0.03749         3.38        1         0.0661
      1b.smoke_n~s|            .            .        1             .
      2.smoke_no~s|      0.00733         0.13        1         0.7172
      3.smoke_no~s|     -0.00783         0.15        1         0.6973
      1b.imd      |            .            .        1             .
      4.imd       |     -0.01790         0.83        1         0.3630
      5.imd       |      0.02032         1.00        1         0.3176
      1b.tot_adu~h|            .            .        1             .
      2.tot_adul~h|      0.01374         0.42        1         0.5150
      3.tot_adul~h|      0.01974         0.89        1         0.3459
      1b.ethnicity|            .            .        1             .
      3.ethnicity |      0.01203         0.35        1         0.5536
      5.ethnicity |     -0.01746         0.73        1         0.3931
      0b.htdiag_~p|            .            .        1             .
      1.htdiag_o~p|     -0.01312         0.42        1         0.5159
      0b.chronic..|            .            .        1             .
      1.~y_disease|     -0.01325         0.41        1         0.5204
      0b.asthma   |            .            .        1             .
      1.asthma    |      0.02748         1.87        1         0.1720
      0b.chronic..|            .            .        1             .
      1.~c_disease|      0.00364         0.03        1         0.8575
      1b.diabcat  |            .            .        1             .
      2.diabcat   |      0.03536         3.05        1         0.0806
      3.diabcat   |     -0.01452         0.51        1         0.4754
      4.diabcat   |      0.03359         2.58        1         0.1085
      5.diabcat   |      0.02920         1.94        1         0.1633
      6.diabcat   |     -0.00170         0.01        1         0.9292
      1b.c~exhae~t|            .            .        1             .
      2.cancer_e~t|      0.00993         0.21        1         0.6438
      3.cancer_e~t|     -0.02078         1.04        1         0.3084
      4.cancer_e~t|      0.02297         1.23        1         0.2673
      1b.cancer_..|            .            .        1             .
      2.cancer_h~t|     -0.04576         5.40        1         0.0201
      3.cancer_h~t|     -0.01063         0.28        1         0.5953
      4.cancer_h~t|      0.03316         2.59        1         0.1078
      0b.chronic..|            .            .        1             .
      1.~r_disease|     -0.04788         5.34        1         0.0209
      0b.stroke_~a|            .            .        1             .
      1.stroke_d~a|     -0.00176         0.01        1         0.9299
      0b.other_n~o|            .            .        1             .
      1.other_ne~o|     -0.02490         1.51        1         0.2193
      1b.reduced~t|            .            .        1             .
      2.reduced_~t|      0.04693         5.26        1         0.0218
      0b.esrd     |            .            .        1             .
      1.esrd      |      0.01116         0.31        1         0.5780
      0b.other_t~t|            .            .        1             .
      1.other_tr~t|      0.00138         0.00        1         0.9483
      0b.asplenia |            .            .        1             .
      1.asplenia  |      0.00608         0.09        1         0.7632
      0b.ra_sle_~s|            .            .        1             .
      1.ra_sle_p~s|     -0.05015         5.96        1         0.0146
      0b.other_i~o|            .            .        1             .
      1.other_im~o|     -0.03231         2.31        1         0.1283
      ------------+---------------------------------------------------
      global test |                     49.47       42         0.1996
      ----------------------------------------------------------------

note: robust variance-covariance matrix used.
   1:     11.38 /        1 =      11.3810
(26,842 observations (episodes) created)
(cat_time: 26842 changes made)
(covid_death: 26842 changes made)

observation |
   interval |      Freq.     Percent        Cum.
------------+-----------------------------------
          0 |     16,146       37.56       37.56
          1 |     11,923       27.74       65.29
          2 |      8,179       19.03       84.32
          3 |      6,740       15.68      100.00
------------+-----------------------------------
      Total |     42,988      100.00

           |   Failure/censoring
           |     indicator for
observatio | outcome: covid death
n interval |         0          1 |     Total
-----------+----------------------+----------
         0 |    13,629      2,517 |    16,146 
         1 |     9,692      2,231 |    11,923 
         2 |     7,312        867 |     8,179 
         3 |     5,592      1,148 |     6,740 
-----------+----------------------+----------
     Total |    36,225      6,763 |    42,988 
(34,812 observations deleted)
   1:      9.18 /        1 =       9.1750

-------------------------------------------------------------------------------
active results
-------------------------------------------------------------------------------

Stratified Cox regr. -- Breslow method for ties

No. of subjects      =        8,179             Number of obs    =       8,179
No. of failures      =          867
Time at risk         =       194665
                                                Wald chi2(42)    =     8752.23
Log pseudolikelihood =   -5718.4883             Prob > chi2      =      0.0000

                       (Std. Err. adjusted for 1,024 clusters in household_id)
------------------------------------------------------------------------------
             |               Robust
          _t | Haz. Ratio   Std. Err.      z    P>|z|     [95% Conf. Interval]
-------------+----------------------------------------------------------------
   kids_cat4 |
only <12 ..  |   .8474783   .2104672    -0.67   0.505     .5208789    1.378861
 only 12-18  |    1.18028    .359088     0.54   0.586     .6501532    2.142665
      mixed  |   .8725957    .194206    -0.61   0.540     .5641163    1.349763
             |
        age1 |   1.026824   .0131334     2.07   0.038     1.001403     1.05289
        age2 |   .9196247   .0366698    -2.10   0.036     .8504899    .9943794
        age3 |   1.255216   .1431893     1.99   0.046     1.003731    1.569711
      1.male |   .9911409   .0676263    -0.13   0.896     .8670762    1.132957
             |
   obese4cat |
Obese I ..)  |   .8744345   .0875221    -1.34   0.180     .7186717    1.063957
Obese II..)  |   1.216912   .1374378     1.74   0.082     .9752697    1.518426
Obese II..)  |   .8003352   .1248536    -1.43   0.153     .5894991    1.086578
             |
smoke_nomiss |
     Former  |   1.102514    .255057     0.42   0.673     .7005931     1.73501
    Current  |   .9210756   .1032391    -0.73   0.463     .7394146    1.147367
             |
         imd |
          4  |   .9928116   .0818036    -0.09   0.930     .8447561    1.166816
5 most de..  |   .9291675    .110303    -0.62   0.536     .7362859    1.172577
             |
tot_adults~h |
          2  |   2.302702   1.401389     1.37   0.171     .6985695    7.590419
          3  |   1.718434   .8856095     1.05   0.293     .6258338     4.71853
             |
   ethnicity |
Asian or ..  |   1.001367   .1141409     0.01   0.990     .8008829    1.252038
      Other  |   .9774766    .107531    -0.21   0.836      .787892    1.212679
             |
1.htdiag_o~p |   1.001422   .0734455     0.02   0.985     .8673388    1.156232
1.~y_disease |   .9431909   .0823138    -0.67   0.503     .7949025    1.119142
    1.asthma |   .9934943   .1208171    -0.05   0.957     .7828026    1.260894
1.~c_disease |   1.184444    .093877     2.14   0.033     1.014028      1.3835
             |
     diabcat |
T1DM, con..  |   1.348635    .249575     1.62   0.106     .9383678    1.938276
T1DM, unc..  |   .9370352   .4826232    -0.13   0.900     .3414614    2.571403
T2DM, con..  |   1.089854   .0957079     0.98   0.327     .9175254    1.294549
T2DM, unc..  |   1.010091   .1887972     0.05   0.957     .7002637       1.457
Diabetes,..  |   8.67e-17   3.57e-17   -89.84   0.000     3.87e-17    1.94e-16
             |
cancer_exh~t |
  Last year  |   .5415974   .3911852    -0.85   0.396     .1314832    2.230913
2-5 years..  |   .6923401   .2281174    -1.12   0.264     .3629604    1.320626
   5+ years  |    1.05836   .0954155     0.63   0.529       .88694    1.262911
             |
cancer_hae~t |
  Last year  |   1.174557   .5363017     0.35   0.725     .4799721    2.874299
2-5 years..  |   .8296498   .2457928    -0.63   0.528     .4642127    1.482766
   5+ years  |   1.023498   .0897019     0.27   0.791     .8619575    1.215314
             |
1.~r_disease |    1.03878   .0903856     0.44   0.662     .8759095    1.231934
1.stroke_d~a |   .9129331   .0816856    -1.02   0.309     .7660848     1.08793
1.other_ne~o |   1.010275   .0878779     0.12   0.906     .8519195    1.198066
             |
reduced_ki~t |
Stage 3a/..  |   1.448745   .6763008     0.79   0.427     .5802767       3.617
      1.esrd |   .9043992   .0644612    -1.41   0.159     .7864853    1.039991
1.other_tr~t |   .9699386   .0816788    -0.36   0.717     .8223645    1.143995
  1.asplenia |   1.130759     .09074     1.53   0.126     .9661925    1.323355
1.ra_sle_p~s |   .8142279      .0736    -2.27   0.023     .6820306    .9720488
1.other_im~o |   1.093042    .086699     1.12   0.262     .9356648    1.276889
------------------------------------------------------------------------------
                                                             Stratified by stp
(note: file ./output/an_multivariate_cox_models_covid_death_kids_cat4_FULLYADJM
> ODEL_ageband_0_timeperiod2_11thJuneCensor.ster not found)
file ./output/an_multivariate_cox_models_covid_death_kids_cat4_FULLYADJMODEL_ag
> eband_0_timeperiod2_11thJuneCensor.ster saved

      Test of proportional-hazards assumption

      Time:  Time
      ----------------------------------------------------------------
                  |       rho            chi2       df       Prob>chi2
      ------------+---------------------------------------------------
      0b.kids_cat4|            .            .        1             .
      1.kids_cat4 |      0.00471         0.02        1         0.8761
      2.kids_cat4 |      0.01274         0.15        1         0.6943
      3.kids_cat4 |     -0.00069         0.00        1         0.9823
      age1        |     -0.00918         0.09        1         0.7695
      age2        |      0.00991         0.10        1         0.7487
      age3        |     -0.01639         0.29        1         0.5926
      0b.male     |            .            .        1             .
      1.male      |     -0.03739         1.50        1         0.2210
      1b.obese4cat|            .            .        1             .
      2.obese4cat |      0.04532         1.97        1         0.1603
      3.obese4cat |     -0.03955         1.64        1         0.2007
      4.obese4cat |     -0.04739         2.09        1         0.1480
      1b.smoke_n~s|            .            .        1             .
      2.smoke_no~s|     -0.03514         1.18        1         0.2767
      3.smoke_no~s|      0.02521         0.69        1         0.4077
      1b.imd      |            .            .        1             .
      4.imd       |     -0.04315         1.65        1         0.1983
      5.imd       |     -0.01431         0.20        1         0.6541
      1b.tot_adu~h|            .            .        1             .
      2.tot_adul~h|     -0.03428         1.07        1         0.3008
      3.tot_adul~h|     -0.01950         0.35        1         0.5559
      1b.ethnicity|            .            .        1             .
      3.ethnicity |     -0.03713         1.35        1         0.2452
      5.ethnicity |     -0.03017         0.90        1         0.3428
      0b.htdiag_~p|            .            .        1             .
      1.htdiag_o~p|      0.02330         0.56        1         0.4533
      0b.chronic..|            .            .        1             .
      1.~y_disease|      0.03354         1.15        1         0.2834
      0b.asthma   |            .            .        1             .
      1.asthma    |      0.03239         0.96        1         0.3261
      0b.chronic..|            .            .        1             .
      1.~c_disease|     -0.03746         1.38        1         0.2397
      1b.diabcat  |            .            .        1             .
      2.diabcat   |     -0.00364         0.01        1         0.9092
      3.diabcat   |     -0.03859         1.55        1         0.2136
      4.diabcat   |     -0.06581         4.19        1         0.0406
      5.diabcat   |      0.00301         0.01        1         0.9188
      6.diabcat   |     -0.00184         0.00        1         0.9867
      1b.c~exhae~t|            .            .        1             .
      2.cancer_e~t|     -0.03576         1.42        1         0.2338
      3.cancer_e~t|      0.04286         1.84        1         0.1745
      4.cancer_e~t|      0.01730         0.30        1         0.5828
      1b.cancer_..|            .            .        1             .
      2.cancer_h~t|     -0.03621         1.40        1         0.2369
      3.cancer_h~t|      0.03807         1.34        1         0.2466
      4.cancer_h~t|      0.04328         2.01        1         0.1566
      0b.chronic..|            .            .        1             .
      1.~r_disease|     -0.03108         1.00        1         0.3170
      0b.stroke_~a|            .            .        1             .
      1.stroke_d~a|     -0.01268         0.17        1         0.6812
      0b.other_n~o|            .            .        1             .
      1.other_ne~o|      0.05501         3.01        1         0.0825
      1b.reduced~t|            .            .        1             .
      2.reduced_~t|     -0.00344         0.01        1         0.9132
      0b.esrd     |            .            .        1             .
      1.esrd      |     -0.00998         0.10        1         0.7560
      0b.other_t~t|            .            .        1             .
      1.other_tr~t|     -0.01303         0.16        1         0.6914
      0b.asplenia |            .            .        1             .
      1.asplenia  |     -0.04116         1.79        1         0.1810
      0b.ra_sle_~s|            .            .        1             .
      1.ra_sle_p~s|      0.05175         2.56        1         0.1093
      0b.other_i~o|            .            .        1             .
      1.other_im~o|     -0.00052         0.00        1         0.9877
      ------------+---------------------------------------------------
      global test |                     44.88       42         0.3520
      ----------------------------------------------------------------

note: robust variance-covariance matrix used.
   1:      3.88 /        1 =       3.8850
(26,842 observations (episodes) created)
(cat_time: 26842 changes made)
(covid_death: 26842 changes made)

observation |
   interval |      Freq.     Percent        Cum.
------------+-----------------------------------
          0 |     16,146       37.56       37.56
          1 |     11,923       27.74       65.29
          2 |      8,179       19.03       84.32
          3 |      6,740       15.68      100.00
------------+-----------------------------------
      Total |     42,988      100.00

           |   Failure/censoring
           |     indicator for
observatio | outcome: covid death
n interval |         0          1 |     Total
-----------+----------------------+----------
         0 |    13,629      2,517 |    16,146 
         1 |     9,692      2,231 |    11,923 
         2 |     7,312        867 |     8,179 
         3 |     5,592      1,148 |     6,740 
-----------+----------------------+----------
     Total |    36,225      6,763 |    42,988 
(36,251 observations deleted)
   1:      2.54 /        1 =       2.5390

-------------------------------------------------------------------------------
active results
-------------------------------------------------------------------------------

Stratified Cox regr. -- Breslow method for ties

No. of subjects      =        6,740             Number of obs    =       6,740
No. of failures      =        1,148
Time at risk         =       203609
                                                Wald chi2(42)    =       54.79
Log pseudolikelihood =   -7286.2343             Prob > chi2      =      0.0891

                         (Std. Err. adjusted for 997 clusters in household_id)
------------------------------------------------------------------------------
             |               Robust
          _t | Haz. Ratio   Std. Err.      z    P>|z|     [95% Conf. Interval]
-------------+----------------------------------------------------------------
   kids_cat4 |
only <12 ..  |   .8934817   .1758229    -0.57   0.567     .6075511    1.313979
 only 12-18  |   1.101547   .2986235     0.36   0.721     .6475107    1.873955
      mixed  |   .9322483   .1633115    -0.40   0.689     .6613295    1.314151
             |
        age1 |   1.004886    .010788     0.45   0.650     .9839627    1.026254
        age2 |   .9639968   .0335619    -1.05   0.292     .9004108    1.032073
        age3 |   1.124876   .1125937     1.18   0.240     .9244941     1.36869
      1.male |   .9100044   .0522596    -1.64   0.101     .8131315    1.018418
             |
   obese4cat |
Obese I ..)  |   1.034969   .0895712     0.40   0.691     .8734949    1.226294
Obese II..)  |     1.0681    .106515     0.66   0.509     .8784696    1.298664
Obese II..)  |    .978243   .1198638    -0.18   0.858     .7693949    1.243782
             |
smoke_nomiss |
     Former  |   1.372642   .2736051     1.59   0.112     .9287303    2.028734
    Current  |   1.171595   .1051247     1.76   0.078     .9826544    1.396863
             |
         imd |
          4  |   .9571971   .0733734    -0.57   0.568     .8236696    1.112371
5 most de..  |   1.126138   .1107937     1.21   0.227     .9286392    1.365639
             |
tot_adults~h |
          2  |   1.411113    .812886     0.60   0.550     .4562665    4.364205
          3  |   1.334664   .5962186     0.65   0.518     .5560641    3.203459
             |
   ethnicity |
Asian or ..  |   1.047173   .1029206     0.47   0.639     .8636917    1.269633
      Other  |   .8566803   .0865967    -1.53   0.126     .7027096    1.044387
             |
1.htdiag_o~p |   .9585462   .0598897    -0.68   0.498     .8480671    1.083418
1.~y_disease |   1.014586   .0748925     0.20   0.844     .8779236    1.172522
    1.asthma |   1.006985   .1050236     0.07   0.947      .820818    1.235376
1.~c_disease |   .9095706   .0699804    -1.23   0.218     .7822523    1.057611
             |
     diabcat |
T1DM, con..  |   1.534642   .2578355     2.55   0.011      1.10407    2.133132
T1DM, unc..  |   1.941228   .5988247     2.15   0.032     1.060474    3.553472
T2DM, con..  |   .9871011   .0823543    -0.16   0.876     .8381959    1.162459
T2DM, unc..  |   1.328434   .1881531     2.01   0.045     1.006421    1.753477
Diabetes,..  |   1.093898   1.192076     0.08   0.934     .1292349    9.259208
             |
cancer_exh~t |
  Last year  |   1.457057    .544491     1.01   0.314     .7004695    3.030847
2-5 years..  |      1.133   .2448861     0.58   0.563     .7417402    1.730646
   5+ years  |    .949084    .074653    -0.66   0.506     .8134876    1.107282
             |
cancer_hae~t |
  Last year  |   1.292241   .5638988     0.59   0.557     .5494177    3.039378
2-5 years..  |   .9664454   .2381228    -0.14   0.890     .5962789    1.566409
   5+ years  |   1.006839   .0779072     0.09   0.930     .8651589    1.171722
             |
1.~r_disease |   .9947551   .0757627    -0.07   0.945     .8568146    1.154903
1.stroke_d~a |   .8905177   .0701828    -1.47   0.141     .7630593    1.039266
1.other_ne~o |   .9293702   .0673808    -1.01   0.312     .8062604    1.071278
             |
reduced_ki~t |
Stage 3a/..  |   .9671742   .4598118    -0.07   0.944     .3809152    2.455732
      1.esrd |   1.113415   .0659054     1.81   0.070     .9914537    1.250378
1.other_tr~t |    .973101   .0741559    -0.36   0.720     .8380915    1.129859
  1.asplenia |   1.155802   .0817155     2.05   0.041     1.006244    1.327589
1.ra_sle_p~s |   .9838911   .0723747    -0.22   0.825     .8517908    1.136478
1.other_im~o |   1.077577   .0800774     1.01   0.315      .931523    1.246532
------------------------------------------------------------------------------
                                                             Stratified by stp
(note: file ./output/an_multivariate_cox_models_covid_death_kids_cat4_FULLYADJM
> ODEL_ageband_0_timeperiod3_11thJuneCensor.ster not found)
file ./output/an_multivariate_cox_models_covid_death_kids_cat4_FULLYADJMODEL_ag
> eband_0_timeperiod3_11thJuneCensor.ster saved

      Test of proportional-hazards assumption

      Time:  Time
      ----------------------------------------------------------------
                  |       rho            chi2       df       Prob>chi2
      ------------+---------------------------------------------------
      0b.kids_cat4|            .            .        1             .
      1.kids_cat4 |     -0.02536         0.86        1         0.3536
      2.kids_cat4 |     -0.02273         0.62        1         0.4315
      3.kids_cat4 |     -0.04654         2.77        1         0.0960
      age1        |     -0.01270         0.20        1         0.6524
      age2        |      0.01974         0.50        1         0.4781
      age3        |     -0.02401         0.75        1         0.3862
      0b.male     |            .            .        1             .
      1.male      |     -0.02839         1.02        1         0.3122
      1b.obese4cat|            .            .        1             .
      2.obese4cat |     -0.06991         6.54        1         0.0105
      3.obese4cat |      0.02254         0.60        1         0.4398
      4.obese4cat |      0.02562         0.78        1         0.3782
      1b.smoke_n~s|            .            .        1             .
      2.smoke_no~s|     -0.01222         0.21        1         0.6480
      3.smoke_no~s|     -0.01702         0.39        1         0.5321
      1b.imd      |            .            .        1             .
      4.imd       |     -0.06112         5.11        1         0.0238
      5.imd       |     -0.05520         4.11        1         0.0426
      1b.tot_adu~h|            .            .        1             .
      2.tot_adul~h|     -0.04040         2.18        1         0.1398
      3.tot_adul~h|      0.02930         1.24        1         0.2650
      1b.ethnicity|            .            .        1             .
      3.ethnicity |      0.01881         0.46        1         0.4986
      5.ethnicity |      0.00228         0.01        1         0.9363
      0b.htdiag_~p|            .            .        1             .
      1.htdiag_o~p|     -0.04504         2.69        1         0.1008
      0b.chronic..|            .            .        1             .
      1.~y_disease|     -0.05449         3.85        1         0.0497
      0b.asthma   |            .            .        1             .
      1.asthma    |     -0.00359         0.02        1         0.8991
      0b.chronic..|            .            .        1             .
      1.~c_disease|      0.00473         0.03        1         0.8599
      1b.diabcat  |            .            .        1             .
      2.diabcat   |     -0.01772         0.41        1         0.5200
      3.diabcat   |      0.01207         0.17        1         0.6760
      4.diabcat   |      0.00668         0.06        1         0.8057
      5.diabcat   |     -0.00082         0.00        1         0.9763
      6.diabcat   |     -0.02739         1.15        1         0.2842
      1b.c~exhae~t|            .            .        1             .
      2.cancer_e~t|      0.02516         0.79        1         0.3747
      3.cancer_e~t|     -0.01416         0.23        1         0.6281
      4.cancer_e~t|      0.09292        10.50        1         0.0012
      1b.cancer_..|            .            .        1             .
      2.cancer_h~t|     -0.05470         4.43        1         0.0354
      3.cancer_h~t|     -0.03981         1.99        1         0.1586
      4.cancer_h~t|      0.02976         1.14        1         0.2855
      0b.chronic..|            .            .        1             .
      1.~r_disease|     -0.00808         0.09        1         0.7658
      0b.stroke_~a|            .            .        1             .
      1.stroke_d~a|     -0.02647         0.95        1         0.3295
      0b.other_n~o|            .            .        1             .
      1.other_ne~o|     -0.00694         0.06        1         0.8086
      1b.reduced~t|            .            .        1             .
      2.reduced_~t|      0.00829         0.08        1         0.7715
      0b.esrd     |            .            .        1             .
      1.esrd      |      0.01066         0.14        1         0.7061
      0b.other_t~t|            .            .        1             .
      1.other_tr~t|      0.02651         0.94        1         0.3328
      0b.asplenia |            .            .        1             .
      1.asplenia  |     -0.02985         1.16        1         0.2820
      0b.ra_sle_~s|            .            .        1             .
      1.ra_sle_p~s|      0.01133         0.16        1         0.6890
      0b.other_i~o|            .            .        1             .
      1.other_im~o|     -0.03747         1.84        1         0.1749
      ------------+---------------------------------------------------
      global test |                     58.28       42         0.0486
      ----------------------------------------------------------------

note: robust variance-covariance matrix used.
   1:      3.49 /        1 =       3.4910
(7,519 observations (episodes) created)
(cat_time: 7519 changes made)
(covid_death: 7519 changes made)

observation |
   interval |      Freq.     Percent        Cum.
------------+-----------------------------------
          0 |      4,504       37.46       37.46
          1 |      3,319       27.61       65.07
          2 |      2,280       18.96       84.03
          3 |      1,920       15.97      100.00
------------+-----------------------------------
      Total |     12,023      100.00

           |   Failure/censoring
           |     indicator for
observatio | outcome: covid death
n interval |         0          1 |     Total
-----------+----------------------+----------
         0 |     3,770        734 |     4,504 
         1 |     2,695        624 |     3,319 
         2 |     2,065        215 |     2,280 
         3 |     1,621        299 |     1,920 
-----------+----------------------+----------
     Total |    10,151      1,872 |    12,023 
(7,520 observations deleted)
   1:      4.44 /        1 =       4.4390

-------------------------------------------------------------------------------
active results
-------------------------------------------------------------------------------

Stratified Cox regr. -- Breslow method for ties

No. of subjects      =        4,504             Number of obs    =       4,504
No. of failures      =          734
Time at risk         =       305568
                                                Wald chi2(42)    =     3746.81
Log pseudolikelihood =   -4359.3949             Prob > chi2      =      0.0000

                         (Std. Err. adjusted for 923 clusters in household_id)
------------------------------------------------------------------------------
             |               Robust
          _t | Haz. Ratio   Std. Err.      z    P>|z|     [95% Conf. Interval]
-------------+----------------------------------------------------------------
   kids_cat4 |
only <12 ..  |   .7538626    .179325    -1.19   0.235     .4729473    1.201633
 only 12-18  |     .73579   .3076255    -0.73   0.463     .3242471    1.669674
      mixed  |   .7436538   .1574773    -1.40   0.162     .4910424    1.126218
             |
        age1 |   1.014302   .0293714     0.49   0.624     .9583385    1.073534
        age2 |   .9377063   .1259374    -0.48   0.632     .7206881    1.220074
        age3 |   1.163587   .3814674     0.46   0.644     .6119884    2.212354
      1.male |   .9996453   .0756072    -0.00   0.996     .8619183     1.15938
             |
   obese4cat |
Obese I ..)  |   .9587187   .1086213    -0.37   0.710     .7678058    1.197102
Obese II..)  |   .8775835   .1225506    -0.94   0.350      .667455    1.153865
Obese II..)  |   .8798919   .1489136    -0.76   0.450      .631497    1.225991
             |
smoke_nomiss |
     Former  |   .1961076   .1141922    -2.80   0.005      .062639    .6139652
    Current  |   .9617615   .1198335    -0.31   0.754      .753372    1.227794
             |
         imd |
          4  |   .9300348   .0905917    -0.74   0.456     .7683983    1.125672
5 most de..  |    .972627   .1258075    -0.21   0.830     .7548228    1.253279
             |
tot_adults~h |
          2  |   1.198686   .8351599     0.26   0.795     .3059484    4.696374
          3  |   1.386231   .6600769     0.69   0.493     .5451576    3.524921
             |
   ethnicity |
Asian or ..  |   .9613455   .1195296    -0.32   0.751     .7534332    1.226632
      Other  |   1.058221   .1249374     0.48   0.632     .8396159    1.333744
             |
1.htdiag_o~p |   .9334392   .0746727    -0.86   0.389     .7979803    1.091893
1.~y_disease |   .9059325   .0861614    -1.04   0.299     .7518649    1.091571
    1.asthma |    .842929   .1188725    -1.21   0.226     .6393695    1.111297
1.~c_disease |   1.067096   .0898171     0.77   0.440     .9048112    1.258487
             |
     diabcat |
T1DM, con..  |   1.139446   .2920991     0.51   0.611     .6894245    1.883219
T1DM, unc..  |   1.400006   .5596226     0.84   0.400     .6395587    3.064641
T2DM, con..  |   .8743754   .0916629    -1.28   0.200     .7119745     1.07382
T2DM, unc..  |   .8971091   .1865028    -0.52   0.601      .596879    1.348355
Diabetes,..  |   9.82e-14   5.10e-14   -57.64   0.000     3.55e-14    2.72e-13
             |
cancer_exh~t |
  Last year  |   .9174114   .5790096    -0.14   0.891      .266282    3.160723
2-5 years..  |   .7839488   .2484502    -0.77   0.442     .4212342    1.458988
   5+ years  |   .9949732   .1011036    -0.05   0.960     .8152994    1.214243
             |
cancer_hae~t |
  Last year  |   .8378113   .6172921    -0.24   0.810     .1976916     3.55062
2-5 years..  |   1.050989   .3082595     0.17   0.865     .5914761    1.867494
   5+ years  |   1.110978   .1064787     1.10   0.272      .920713    1.340561
             |
1.~r_disease |   1.046078   .0959718     0.49   0.623     .8739189    1.252152
1.stroke_d~a |   1.071851   .0974743     0.76   0.445     .8968627    1.280981
1.other_ne~o |   .8341008   .0790745    -1.91   0.056     .6926643    1.004417
             |
reduced_ki~t |
Stage 3a/..  |   1.004292   .2258601     0.02   0.985     .6462924    1.560597
      1.esrd |   1.208068   .0921006     2.48   0.013     1.040394    1.402766
1.other_tr~t |   .9043897   .0914442    -0.99   0.320     .7418042     1.10261
  1.asplenia |   1.018982   .0951647     0.20   0.840     .8485373    1.223663
1.ra_sle_p~s |   .9355966   .0884955    -0.70   0.482      .777277    1.126163
1.other_im~o |   .9870253   .0895231    -0.14   0.886     .8262746     1.17905
------------------------------------------------------------------------------
                                                             Stratified by stp
(note: file ./output/an_multivariate_cox_models_covid_death_kids_cat4_FULLYADJM
> ODEL_ageband_1_timeperiod0_11thJuneCensor.ster not found)
file ./output/an_multivariate_cox_models_covid_death_kids_cat4_FULLYADJMODEL_ag
> eband_1_timeperiod0_11thJuneCensor.ster saved

      Test of proportional-hazards assumption

      Time:  Time
      ----------------------------------------------------------------
                  |       rho            chi2       df       Prob>chi2
      ------------+---------------------------------------------------
      0b.kids_cat4|            .            .        1             .
      1.kids_cat4 |     -0.01665         0.24        1         0.6264
      2.kids_cat4 |     -0.05346         2.55        1         0.1101
      3.kids_cat4 |     -0.00478         0.02        1         0.8948
      age1        |      0.02797         0.59        1         0.4440
      age2        |     -0.03878         1.24        1         0.2656
      age3        |      0.04208         1.51        1         0.2192
      0b.male     |            .            .        1             .
      1.male      |      0.00082         0.00        1         0.9801
      1b.obese4cat|            .            .        1             .
      2.obese4cat |      0.02176         0.46        1         0.4959
      3.obese4cat |     -0.02328         0.47        1         0.4932
      4.obese4cat |     -0.03614         1.12        1         0.2895
      1b.smoke_n~s|            .            .        1             .
      2.smoke_no~s|     -0.00818         0.06        1         0.8012
      3.smoke_no~s|      0.01297         0.16        1         0.6870
      1b.imd      |            .            .        1             .
      4.imd       |      0.00867         0.07        1         0.7907
      5.imd       |     -0.02811         0.72        1         0.3956
      1b.tot_adu~h|            .            .        1             .
      2.tot_adul~h|      0.03085         0.73        1         0.3939
      3.tot_adul~h|     -0.00761         0.05        1         0.8267
      1b.ethnicity|            .            .        1             .
      3.ethnicity |     -0.01421         0.17        1         0.6789
      5.ethnicity |      0.03962         1.21        1         0.2705
      0b.htdiag_~p|            .            .        1             .
      1.htdiag_o~p|     -0.04701         1.93        1         0.1649
      0b.chronic..|            .            .        1             .
      1.~y_disease|     -0.02458         0.55        1         0.4586
      0b.asthma   |            .            .        1             .
      1.asthma    |     -0.01263         0.14        1         0.7069
      0b.chronic..|            .            .        1             .
      1.~c_disease|     -0.03564         1.05        1         0.3050
      1b.diabcat  |            .            .        1             .
      2.diabcat   |     -0.05227         2.45        1         0.1175
      3.diabcat   |     -0.04426         1.93        1         0.1646
      4.diabcat   |     -0.01975         0.34        1         0.5619
      5.diabcat   |     -0.00437         0.02        1         0.8987
      6.diabcat   |      0.00500         0.00        1         0.9675
      1b.c~exhae~t|            .            .        1             .
      2.cancer_e~t|     -0.04818         2.52        1         0.1122
      3.cancer_e~t|      0.03257         0.90        1         0.3416
      4.cancer_e~t|      0.03124         0.87        1         0.3506
      1b.cancer_..|            .            .        1             .
      2.cancer_h~t|     -0.04806         2.29        1         0.1300
      3.cancer_h~t|      0.00161         0.00        1         0.9612
      4.cancer_h~t|      0.04449         1.81        1         0.1786
      0b.chronic..|            .            .        1             .
      1.~r_disease|     -0.03434         1.14        1         0.2853
      0b.stroke_~a|            .            .        1             .
      1.stroke_d~a|     -0.03053         0.87        1         0.3509
      0b.other_n~o|            .            .        1             .
      1.other_ne~o|     -0.03047         0.82        1         0.3652
      1b.reduced~t|            .            .        1             .
      2.reduced_~t|     -0.03119         0.94        1         0.3311
      0b.esrd     |            .            .        1             .
      1.esrd      |     -0.04015         1.36        1         0.2432
      0b.other_t~t|            .            .        1             .
      1.other_tr~t|     -0.00611         0.04        1         0.8506
      0b.asplenia |            .            .        1             .
      1.asplenia  |     -0.07875         5.62        1         0.0178
      0b.ra_sle_~s|            .            .        1             .
      1.ra_sle_p~s|      0.02923         0.77        1         0.3794
      0b.other_i~o|            .            .        1             .
      1.other_im~o|      0.00398         0.01        1         0.9059
      ------------+---------------------------------------------------
      global test |                     36.05       42         0.7286
      ----------------------------------------------------------------

note: robust variance-covariance matrix used.
   1:      3.54 /        1 =       3.5350
(7,519 observations (episodes) created)
(cat_time: 7519 changes made)
(covid_death: 7519 changes made)

observation |
   interval |      Freq.     Percent        Cum.
------------+-----------------------------------
          0 |      4,504       37.46       37.46
          1 |      3,319       27.61       65.07
          2 |      2,280       18.96       84.03
          3 |      1,920       15.97      100.00
------------+-----------------------------------
      Total |     12,023      100.00

           |   Failure/censoring
           |     indicator for
observatio | outcome: covid death
n interval |         0          1 |     Total
-----------+----------------------+----------
         0 |     3,770        734 |     4,504 
         1 |     2,695        624 |     3,319 
         2 |     2,065        215 |     2,280 
         3 |     1,621        299 |     1,920 
-----------+----------------------+----------
     Total |    10,151      1,872 |    12,023 
(8,705 observations deleted)
   1:      3.03 /        1 =       3.0320

-------------------------------------------------------------------------------
active results
-------------------------------------------------------------------------------

Stratified Cox regr. -- Breslow method for ties

No. of subjects      =        3,319             Number of obs    =       3,319
No. of failures      =          624
Time at risk         =       193557
                                                Wald chi2(42)    =     3484.49
Log pseudolikelihood =   -3487.4039             Prob > chi2      =      0.0000

                         (Std. Err. adjusted for 864 clusters in household_id)
------------------------------------------------------------------------------
             |               Robust
          _t | Haz. Ratio   Std. Err.      z    P>|z|     [95% Conf. Interval]
-------------+----------------------------------------------------------------
   kids_cat4 |
only <12 ..  |   .7816547   .2249555    -0.86   0.392     .4446766    1.373996
 only 12-18  |    .682718   .3492523    -0.75   0.456     .2504952     1.86073
      mixed  |    .688184   .1829468    -1.41   0.160     .4087156    1.158745
             |
        age1 |   .9950953   .0332421    -0.15   0.883     .9320292    1.062429
        age2 |   .9877057   .1453508    -0.08   0.933     .7402267    1.317924
        age3 |   1.058983   .3719405     0.16   0.870     .5320184    2.107908
      1.male |   .8858078   .0762564    -1.41   0.159     .7482768    1.048617
             |
   obese4cat |
Obese I ..)  |   1.175791   .1317622     1.45   0.148     .9439351    1.464596
Obese II..)  |   1.211064   .1688582     1.37   0.170     .9214764    1.591658
Obese II..)  |   1.026896   .1775413     0.15   0.878     .7317477    1.441092
             |
smoke_nomiss |
     Former  |   .8817551   .2416824    -0.46   0.646     .5152763    1.508884
    Current  |   .6658464   .0979459    -2.76   0.006      .499071    .8883532
             |
         imd |
          4  |   1.106879   .1113985     1.01   0.313     .9087272    1.348239
5 most de..  |   1.004934   .1306236     0.04   0.970     .7789264    1.296518
             |
tot_adults~h |
          2  |   .3379709   .2825458    -1.30   0.194     .0656552    1.739759
          3  |   .5562347   .2326673    -1.40   0.161     .2450243     1.26272
             |
   ethnicity |
Asian or ..  |   1.050978   .1369634     0.38   0.703     .8140763     1.35682
      Other  |   1.102694   .1534114     0.70   0.482     .8395228    1.448364
             |
1.htdiag_o~p |   1.013967   .0846203     0.17   0.868     .8609683    1.194155
1.~y_disease |   .8758805   .0925894    -1.25   0.210     .7119742     1.07752
    1.asthma |   .7598973    .123566    -1.69   0.091     .5525123    1.045124
1.~c_disease |   1.068169   .1042977     0.68   0.499     .8821197    1.293459
             |
     diabcat |
T1DM, con..  |   .9277814   .2617766    -0.27   0.790     .5336743    1.612928
T1DM, unc..  |   .4866395    .351532    -1.00   0.319     .1181212    2.004872
T2DM, con..  |    1.07848   .1188855     0.69   0.493      .868921    1.338578
T2DM, unc..  |   .9017437   .2024069    -0.46   0.645     .5807926    1.400055
Diabetes,..  |   2.14e-13   1.09e-13   -57.22   0.000     7.88e-14    5.81e-13
             |
cancer_exh~t |
  Last year  |   .9529413   .6847115    -0.07   0.947     .2330543    3.896504
2-5 years..  |   .7286272   .2550718    -0.90   0.366     .3668798    1.447062
   5+ years  |    1.28746   .1346768     2.42   0.016       1.0488     1.58043
             |
cancer_hae~t |
  Last year  |   1.472975   .8684565     0.66   0.511     .4638021    4.677979
2-5 years..  |   .4405983   .2251444    -1.60   0.109     .1618383    1.199511
   5+ years  |   .9916165   .1055507    -0.08   0.937     .8048951    1.221654
             |
1.~r_disease |   .9956675   .1002906    -0.04   0.966     .8172885    1.212979
1.stroke_d~a |   .9235909   .0960029    -0.76   0.444     .7533577    1.132291
1.other_ne~o |   .8842339   .0902734    -1.21   0.228     .7238793     1.08011
             |
reduced_ki~t |
Stage 3a/..  |   .9069131   .2089866    -0.42   0.672     .5773207     1.42467
      1.esrd |   .9748684   .0833647    -0.30   0.766     .8244352    1.152751
1.other_tr~t |   1.071596   .1168403     0.63   0.526     .8654091    1.326909
  1.asplenia |   1.040533   .1006668     0.41   0.681     .8608078    1.257783
1.ra_sle_p~s |   .9808015   .1016559    -0.19   0.852     .8004933    1.201723
1.other_im~o |   .9409142   .0934529    -0.61   0.540     .7744751    1.143122
------------------------------------------------------------------------------
                                                             Stratified by stp
(note: file ./output/an_multivariate_cox_models_covid_death_kids_cat4_FULLYADJM
> ODEL_ageband_1_timeperiod1_11thJuneCensor.ster not found)
file ./output/an_multivariate_cox_models_covid_death_kids_cat4_FULLYADJMODEL_ag
> eband_1_timeperiod1_11thJuneCensor.ster saved

      Test of proportional-hazards assumption

      Time:  Time
      ----------------------------------------------------------------
                  |       rho            chi2       df       Prob>chi2
      ------------+---------------------------------------------------
      0b.kids_cat4|            .            .        1             .
      1.kids_cat4 |      0.00869         0.08        1         0.7762
      2.kids_cat4 |     -0.00831         0.07        1         0.7921
      3.kids_cat4 |      0.03271         1.11        1         0.2929
      age1        |     -0.02292         0.39        1         0.5299
      age2        |      0.02779         0.54        1         0.4613
      age3        |     -0.03150         0.68        1         0.4109
      0b.male     |            .            .        1             .
      1.male      |     -0.06372         3.17        1         0.0750
      1b.obese4cat|            .            .        1             .
      2.obese4cat |      0.02256         0.41        1         0.5234
      3.obese4cat |      0.02696         0.53        1         0.4662
      4.obese4cat |     -0.01641         0.19        1         0.6607
      1b.smoke_n~s|            .            .        1             .
      2.smoke_no~s|      0.02580         0.46        1         0.4984
      3.smoke_no~s|     -0.01205         0.11        1         0.7437
      1b.imd      |            .            .        1             .
      4.imd       |     -0.00963         0.08        1         0.7829
      5.imd       |     -0.01509         0.15        1         0.6977
      1b.tot_adu~h|            .            .        1             .
      2.tot_adul~h|      0.00014         0.00        1         0.9966
      3.tot_adul~h|     -0.00375         0.01        1         0.9055
      1b.ethnicity|            .            .        1             .
      3.ethnicity |      0.01736         0.23        1         0.6303
      5.ethnicity |     -0.08837         6.39        1         0.0115
      0b.htdiag_~p|            .            .        1             .
      1.htdiag_o~p|     -0.00915         0.06        1         0.8044
      0b.chronic..|            .            .        1             .
      1.~y_disease|     -0.01860         0.29        1         0.5889
      0b.asthma   |            .            .        1             .
      1.asthma    |     -0.02276         0.43        1         0.5138
      0b.chronic..|            .            .        1             .
      1.~c_disease|      0.04937         1.74        1         0.1868
      1b.diabcat  |            .            .        1             .
      2.diabcat   |      0.01763         0.21        1         0.6434
      3.diabcat   |     -0.02751         0.84        1         0.3585
      4.diabcat   |      0.00556         0.02        1         0.8762
      5.diabcat   |      0.05004         2.04        1         0.1536
      6.diabcat   |      0.02927         0.03        1         0.8550
      1b.c~exhae~t|            .            .        1             .
      2.cancer_e~t|     -0.01752         0.32        1         0.5695
      3.cancer_e~t|      0.06634         3.16        1         0.0755
      4.cancer_e~t|     -0.03368         0.95        1         0.3305
      1b.cancer_..|            .            .        1             .
      2.cancer_h~t|     -0.01421         0.15        1         0.6967
      3.cancer_h~t|     -0.01653         0.21        1         0.6484
      4.cancer_h~t|      0.05301         2.27        1         0.1319
      0b.chronic..|            .            .        1             .
      1.~r_disease|     -0.07695         4.41        1         0.0357
      0b.stroke_~a|            .            .        1             .
      1.stroke_d~a|     -0.02266         0.37        1         0.5432
      0b.other_n~o|            .            .        1             .
      1.other_ne~o|      0.04628         1.63        1         0.2024
      1b.reduced~t|            .            .        1             .
      2.reduced_~t|     -0.03475         0.98        1         0.3217
      0b.esrd     |            .            .        1             .
      1.esrd      |      0.03612         1.03        1         0.3092
      0b.other_t~t|            .            .        1             .
      1.other_tr~t|      0.04903         2.14        1         0.1438
      0b.asplenia |            .            .        1             .
      1.asplenia  |      0.03650         0.96        1         0.3263
      0b.ra_sle_~s|            .            .        1             .
      1.ra_sle_p~s|     -0.09342         6.78        1         0.0092
      0b.other_i~o|            .            .        1             .
      1.other_im~o|      0.02640         0.48        1         0.4868
      ------------+---------------------------------------------------
      global test |                     43.35       42         0.4137
      ----------------------------------------------------------------

note: robust variance-covariance matrix used.
   1:      1.99 /        1 =       1.9920
(7,519 observations (episodes) created)
(cat_time: 7519 changes made)
(covid_death: 7519 changes made)

observation |
   interval |      Freq.     Percent        Cum.
------------+-----------------------------------
          0 |      4,504       37.46       37.46
          1 |      3,319       27.61       65.07
          2 |      2,280       18.96       84.03
          3 |      1,920       15.97      100.00
------------+-----------------------------------
      Total |     12,023      100.00

           |   Failure/censoring
           |     indicator for
observatio | outcome: covid death
n interval |         0          1 |     Total
-----------+----------------------+----------
         0 |     3,770        734 |     4,504 
         1 |     2,695        624 |     3,319 
         2 |     2,065        215 |     2,280 
         3 |     1,621        299 |     1,920 
-----------+----------------------+----------
     Total |    10,151      1,872 |    12,023 
(9,744 observations deleted)
   1:      2.46 /        1 =       2.4570

-------------------------------------------------------------------------------
active results
-------------------------------------------------------------------------------

Stratified Cox regr. -- Breslow method for ties

No. of subjects      =        2,280             Number of obs    =       2,280
No. of failures      =          215
Time at risk         =        54693
                                                Wald chi2(42)    =    29379.29
Log pseudolikelihood =   -1125.2992             Prob > chi2      =      0.0000

                         (Std. Err. adjusted for 780 clusters in household_id)
------------------------------------------------------------------------------
             |               Robust
          _t | Haz. Ratio   Std. Err.      z    P>|z|     [95% Conf. Interval]
-------------+----------------------------------------------------------------
   kids_cat4 |
only <12 ..  |   .6039963   .2722286    -1.12   0.263      .249682    1.461104
 only 12-18  |   .2090332   .1939775    -1.69   0.092     .0339095    1.288572
      mixed  |   .5672822   .2309985    -1.39   0.164     .2553807    1.260115
             |
        age1 |   .8782698   .0492826    -2.31   0.021     .7867998    .9803738
        age2 |   1.607117   .4117905     1.85   0.064     .9726236    2.655525
        age3 |   .3485132   .2155506    -1.70   0.088     .1036962     1.17132
      1.male |   1.165529    .173981     1.03   0.305     .8698858     1.56165
             |
   obese4cat |
Obese I ..)  |   .9587963   .2012897    -0.20   0.841     .6353677    1.446864
Obese II..)  |   .6557565   .1896495    -1.46   0.145     .3720223    1.155889
Obese II..)  |    1.05692   .3000426     0.20   0.845     .6058983    1.843676
             |
smoke_nomiss |
     Former  |   .9134431   .4894237    -0.17   0.866     .3196001    2.610695
    Current  |   1.435171   .2716973     1.91   0.056     .9902839    2.079925
             |
         imd |
          4  |   1.021097   .1867127     0.11   0.909      .713544    1.461213
5 most de..  |   .9833842   .2475637    -0.07   0.947     .6003937    1.610684
             |
tot_adults~h |
          2  |   3.25e-18   2.75e-18   -47.49   0.000     6.17e-19    1.71e-17
          3  |   .9179016   .7480367    -0.11   0.916     .1858301    4.533944
             |
   ethnicity |
Asian or ..  |   .8812835   .2102428    -0.53   0.596     .5521401    1.406637
      Other  |   1.197281   .2814611     0.77   0.444     .7552534    1.898015
             |
1.htdiag_o~p |   1.194454   .1742728     1.22   0.223     .8973827    1.589868
1.~y_disease |    1.10827   .1805262     0.63   0.528      .805366    1.525098
    1.asthma |   1.084128   .2650298     0.33   0.741     .6714181    1.750525
1.~c_disease |   .6491683   .1280364    -2.19   0.028     .4410356    .9555226
             |
     diabcat |
T1DM, con..  |   1.530465   .6004149     1.08   0.278     .7093976     3.30185
T1DM, unc..  |   1.317992   .9031709     0.40   0.687     .3440458    5.049048
T2DM, con..  |   .9264742   .1823341    -0.39   0.698     .6299603    1.362553
T2DM, unc..  |   .7842571   .3209318    -0.59   0.553     .3516672    1.748981
Diabetes,..  |   4.27e-18   2.38e-18   -71.75   0.000     1.43e-18    1.27e-17
             |
cancer_exh~t |
  Last year  |   3.724776   2.458585     1.99   0.046     1.021536    13.58146
2-5 years..  |   1.397818   .6740704     0.69   0.487     .5432195     3.59688
   5+ years  |   1.089152   .1987199     0.47   0.640     .7616995    1.557376
             |
cancer_hae~t |
  Last year  |   3.06e-18   1.30e-18   -94.86   0.000     1.33e-18    7.03e-18
2-5 years..  |   .5240616   .3936508    -0.86   0.390     .1202262    2.284365
   5+ years  |   .7622954    .154704    -1.34   0.181     .5121253    1.134672
             |
1.~r_disease |   1.174995    .190531     0.99   0.320     .8550862    1.614591
1.stroke_d~a |   1.200348   .1994386     1.10   0.272     .8667212    1.662397
1.other_ne~o |   .9048226   .1512301    -0.60   0.550     .6520718    1.255542
             |
reduced_ki~t |
Stage 3a/..  |    1.74147   .5557381     1.74   0.082     .9317091    3.255004
      1.esrd |   .8812414   .1354612    -0.82   0.411     .6520056    1.191073
1.other_tr~t |   .7747486   .1433634    -1.38   0.168     .5390762    1.113452
  1.asplenia |   .9475212    .163991    -0.31   0.755     .6749449    1.330177
1.ra_sle_p~s |   .8559764   .1535641    -0.87   0.386     .6022188     1.21666
1.other_im~o |   .8055679   .1501199    -1.16   0.246     .5590855    1.160716
------------------------------------------------------------------------------
                                                             Stratified by stp
(note: file ./output/an_multivariate_cox_models_covid_death_kids_cat4_FULLYADJM
> ODEL_ageband_1_timeperiod2_11thJuneCensor.ster not found)
file ./output/an_multivariate_cox_models_covid_death_kids_cat4_FULLYADJMODEL_ag
> eband_1_timeperiod2_11thJuneCensor.ster saved

      Test of proportional-hazards assumption

      Time:  Time
      ----------------------------------------------------------------
                  |       rho            chi2       df       Prob>chi2
      ------------+---------------------------------------------------
      0b.kids_cat4|            .            .        1             .
      1.kids_cat4 |     -0.01552         0.08        1         0.7771
      2.kids_cat4 |      0.00125         0.00        1         0.9855
      3.kids_cat4 |     -0.01155         0.04        1         0.8340
      age1        |      0.03413         0.44        1         0.5079
      age2        |     -0.00553         0.01        1         0.9188
      age3        |     -0.00145         0.00        1         0.9791
      0b.male     |            .            .        1             .
      1.male      |      0.15201         8.94        1         0.0028
      1b.obese4cat|            .            .        1             .
      2.obese4cat |      0.01558         0.08        1         0.7759
      3.obese4cat |     -0.00964         0.03        1         0.8612
      4.obese4cat |      0.06450         1.15        1         0.2832
      1b.smoke_n~s|            .            .        1             .
      2.smoke_no~s|     -0.08386         2.67        1         0.1021
      3.smoke_no~s|      0.09224         2.98        1         0.0843
      1b.imd      |            .            .        1             .
      4.imd       |     -0.10262         4.06        1         0.0440
      5.imd       |     -0.02973         0.28        1         0.5950
      1b.tot_adu~h|            .            .        1             .
      2.tot_adul~h|     -0.00778         0.01        1         0.9032
      3.tot_adul~h|     -0.00227         0.00        1         0.9694
      1b.ethnicity|            .            .        1             .
      3.ethnicity |      0.00423         0.01        1         0.9374
      5.ethnicity |     -0.01259         0.05        1         0.8180
      0b.htdiag_~p|            .            .        1             .
      1.htdiag_o~p|      0.08676         2.41        1         0.1204
      0b.chronic..|            .            .        1             .
      1.~y_disease|      0.00211         0.00        1         0.9677
      0b.asthma   |            .            .        1             .
      1.asthma    |     -0.08742         2.67        1         0.1025
      0b.chronic..|            .            .        1             .
      1.~c_disease|     -0.01156         0.04        1         0.8467
      1b.diabcat  |            .            .        1             .
      2.diabcat   |      0.03049         0.28        1         0.5992
      3.diabcat   |      0.01653         0.07        1         0.7919
      4.diabcat   |      0.00019         0.00        1         0.9973
      5.diabcat   |     -0.04627         0.57        1         0.4484
      6.diabcat   |      0.00834         0.00        1         0.9545
      1b.c~exhae~t|            .            .        1             .
      2.cancer_e~t|      0.07408         1.35        1         0.2460
      3.cancer_e~t|     -0.04481         0.71        1         0.3996
      4.cancer_e~t|      0.08356         2.19        1         0.1386
      1b.cancer_..|            .            .        1             .
      2.cancer_h~t|      0.08720         0.36        1         0.5485
      3.cancer_h~t|     -0.13232         6.25        1         0.0124
      4.cancer_h~t|      0.06373         1.21        1         0.2709
      0b.chronic..|            .            .        1             .
      1.~r_disease|     -0.09355         3.04        1         0.0812
      0b.stroke_~a|            .            .        1             .
      1.stroke_d~a|      0.01624         0.08        1         0.7803
      0b.other_n~o|            .            .        1             .
      1.other_ne~o|      0.04051         0.57        1         0.4511
      1b.reduced~t|            .            .        1             .
      2.reduced_~t|     -0.03670         0.50        1         0.4801
      0b.esrd     |            .            .        1             .
      1.esrd      |      0.06863         1.84        1         0.1745
      0b.other_t~t|            .            .        1             .
      1.other_tr~t|      0.05282         0.95        1         0.3288
      0b.asplenia |            .            .        1             .
      1.asplenia  |     -0.04648         0.62        1         0.4299
      0b.ra_sle_~s|            .            .        1             .
      1.ra_sle_p~s|      0.00559         0.01        1         0.9181
      0b.other_i~o|            .            .        1             .
      1.other_im~o|      0.03242         0.34        1         0.5597
      ------------+---------------------------------------------------
      global test |                     43.32       42         0.4149
      ----------------------------------------------------------------

note: robust variance-covariance matrix used.
   1:      0.76 /        1 =       0.7580
(7,519 observations (episodes) created)
(cat_time: 7519 changes made)
(covid_death: 7519 changes made)

observation |
   interval |      Freq.     Percent        Cum.
------------+-----------------------------------
          0 |      4,504       37.46       37.46
          1 |      3,319       27.61       65.07
          2 |      2,280       18.96       84.03
          3 |      1,920       15.97      100.00
------------+-----------------------------------
      Total |     12,023      100.00

           |   Failure/censoring
           |     indicator for
observatio | outcome: covid death
n interval |         0          1 |     Total
-----------+----------------------+----------
         0 |     3,770        734 |     4,504 
         1 |     2,695        624 |     3,319 
         2 |     2,065        215 |     2,280 
         3 |     1,621        299 |     1,920 
-----------+----------------------+----------
     Total |    10,151      1,872 |    12,023 
(10,104 observations deleted)
   1:      2.04 /        1 =       2.0360

-------------------------------------------------------------------------------
active results
-------------------------------------------------------------------------------

Stratified Cox regr. -- Breslow method for ties

No. of subjects      =        1,920             Number of obs    =       1,920
No. of failures      =          299
Time at risk         =        58380
                                                Wald chi2(42)    =     6307.41
Log pseudolikelihood =   -1513.0419             Prob > chi2      =      0.0000

                         (Std. Err. adjusted for 732 clusters in household_id)
------------------------------------------------------------------------------
             |               Robust
          _t | Haz. Ratio   Std. Err.      z    P>|z|     [95% Conf. Interval]
-------------+----------------------------------------------------------------
   kids_cat4 |
only <12 ..  |   .7793826   .3085328    -0.63   0.529      .358746    1.693224
 only 12-18  |    1.65498   .9010603     0.93   0.355     .5693153    4.810971
      mixed  |   .6688296   .2478995    -1.09   0.278     .3234599    1.382963
             |
        age1 |   .9288567   .0426637    -1.61   0.108     .8488908    1.016355
        age2 |   1.291439   .2722608     1.21   0.225     .8543266    1.952199
        age3 |    .582292   .2987236    -1.05   0.292     .2130409    1.591544
      1.male |   1.091854   .1354481     0.71   0.479     .8561901    1.392384
             |
   obese4cat |
Obese I ..)  |   1.152775   .1827455     0.90   0.370     .8449019    1.572833
Obese II..)  |   .8123327   .1767918    -0.96   0.340     .5302527    1.244472
Obese II..)  |   .7460584    .221888    -0.98   0.325     .4164989    1.336386
             |
smoke_nomiss |
     Former  |   1.232863   .4447639     0.58   0.562      .607908    2.500297
    Current  |   .7882985   .1622336    -1.16   0.248     .5266373    1.179967
             |
         imd |
          4  |   1.019876   .1507441     0.13   0.894     .7633684    1.362574
5 most de..  |   1.107267    .225921     0.50   0.617     .7422973    1.651685
             |
tot_adults~h |
          2  |   2.935308   3.771716     0.84   0.402     .2365399    36.42528
          3  |   2.414674   2.639388     0.81   0.420     .2834279     20.5719
             |
   ethnicity |
Asian or ..  |   1.042668   .1968529     0.22   0.825     .7201808    1.509561
      Other  |   1.011551   .2064872     0.06   0.955     .6780045    1.509187
             |
1.htdiag_o~p |   .9488878   .1183206    -0.42   0.674     .7431478    1.211587
1.~y_disease |   .9687326    .142808    -0.22   0.829     .7256414     1.29326
    1.asthma |   1.074961   .2142841     0.36   0.717     .7272991    1.588811
1.~c_disease |   1.090294   .1555391     0.61   0.545     .8243523     1.44203
             |
     diabcat |
T1DM, con..  |   1.477949   .5846799     0.99   0.323     .6806474    3.209199
T1DM, unc..  |   1.001261   .7340634     0.00   0.999     .2379572    4.213046
T2DM, con..  |   .9224442   .1501532    -0.50   0.620     .6704765    1.269102
T2DM, unc..  |   1.581081   .4726423     1.53   0.125     .8800336    2.840594
Diabetes,..  |   1.512862   1.259222     0.50   0.619       .29601    7.732007
             |
cancer_exh~t |
  Last year  |   2.91e-17   1.57e-17   -70.32   0.000     1.01e-17    8.40e-17
2-5 years..  |   1.414006   .6450906     0.76   0.448     .5782565    3.457658
   5+ years  |   .9431134   .1437807    -0.38   0.701     .6995125    1.271547
             |
cancer_hae~t |
  Last year  |   1.674351   1.181614     0.73   0.465     .4198952    6.676548
2-5 years..  |   1.102137   .5181101     0.21   0.836     .4386205    2.769376
   5+ years  |   1.169014   .1649171     1.11   0.268     .8866204    1.541352
             |
1.~r_disease |   1.070868   .1601169     0.46   0.647     .7988472    1.435517
1.stroke_d~a |   1.134785   .1579123     0.91   0.364     .8639002    1.490608
1.other_ne~o |   1.267878   .1652965     1.82   0.069     .9819836    1.637008
             |
reduced_ki~t |
Stage 3a/..  |   1.050221   .3535397     0.15   0.884     .5429225    2.031533
      1.esrd |   1.011653    .116656     0.10   0.920     .8070077    1.268194
1.other_tr~t |    1.20288   .1801121     1.23   0.217     .8969505    1.613155
  1.asplenia |   .9712616   .1441325    -0.20   0.844     .7261399    1.299129
1.ra_sle_p~s |   1.014499   .1493682     0.10   0.922     .7601976     1.35387
1.other_im~o |   .9075751   .1281556    -0.69   0.492     .6881566    1.196955
------------------------------------------------------------------------------
                                                             Stratified by stp
(note: file ./output/an_multivariate_cox_models_covid_death_kids_cat4_FULLYADJM
> ODEL_ageband_1_timeperiod3_11thJuneCensor.ster not found)
file ./output/an_multivariate_cox_models_covid_death_kids_cat4_FULLYADJMODEL_ag
> eband_1_timeperiod3_11thJuneCensor.ster saved

      Test of proportional-hazards assumption

      Time:  Time
      ----------------------------------------------------------------
                  |       rho            chi2       df       Prob>chi2
      ------------+---------------------------------------------------
      0b.kids_cat4|            .            .        1             .
      1.kids_cat4 |      0.02212         0.22        1         0.6399
      2.kids_cat4 |     -0.04291         0.85        1         0.3572
      3.kids_cat4 |      0.00391         0.01        1         0.9339
      age1        |     -0.01392         0.07        1         0.7870
      age2        |      0.02133         0.19        1         0.6668
      age3        |     -0.02508         0.27        1         0.6039
      0b.male     |            .            .        1             .
      1.male      |      0.02858         0.35        1         0.5569
      1b.obese4cat|            .            .        1             .
      2.obese4cat |      0.07350         2.09        1         0.1479
      3.obese4cat |      0.17382        12.80        1         0.0003
      4.obese4cat |      0.04343         0.84        1         0.3602
      1b.smoke_n~s|            .            .        1             .
      2.smoke_no~s|     -0.07406         1.97        1         0.1605
      3.smoke_no~s|     -0.01230         0.07        1         0.7934
      1b.imd      |            .            .        1             .
      4.imd       |      0.04779         1.05        1         0.3053
      5.imd       |      0.04026         0.73        1         0.3920
      1b.tot_adu~h|            .            .        1             .
      2.tot_adul~h|     -0.00389         0.01        1         0.9411
      3.tot_adul~h|      0.03035         0.35        1         0.5527
      1b.ethnicity|            .            .        1             .
      3.ethnicity |     -0.03889         0.57        1         0.4488
      5.ethnicity |      0.03691         0.55        1         0.4598
      0b.htdiag_~p|            .            .        1             .
      1.htdiag_o~p|     -0.04898         1.01        1         0.3154
      0b.chronic..|            .            .        1             .
      1.~y_disease|     -0.06134         1.56        1         0.2112
      0b.asthma   |            .            .        1             .
      1.asthma    |     -0.17525        15.18        1         0.0001
      0b.chronic..|            .            .        1             .
      1.~c_disease|      0.07011         1.91        1         0.1672
      1b.diabcat  |            .            .        1             .
      2.diabcat   |     -0.03925         0.59        1         0.4424
      3.diabcat   |      0.01661         0.11        1         0.7435
      4.diabcat   |     -0.03419         0.46        1         0.4966
      5.diabcat   |      0.03856         0.69        1         0.4052
      6.diabcat   |      0.06615         0.97        1         0.3236
      1b.c~exhae~t|            .            .        1             .
      2.cancer_e~t|     -0.06901         0.46        1         0.4999
      3.cancer_e~t|     -0.01893         0.20        1         0.6572
      4.cancer_e~t|      0.03085         0.36        1         0.5484
      1b.cancer_..|            .            .        1             .
      2.cancer_h~t|      0.06750         1.83        1         0.1766
      3.cancer_h~t|     -0.02027         0.18        1         0.6734
      4.cancer_h~t|      0.06353         1.71        1         0.1912
      0b.chronic..|            .            .        1             .
      1.~r_disease|     -0.00078         0.00        1         0.9863
      0b.stroke_~a|            .            .        1             .
      1.stroke_d~a|      0.06871         1.67        1         0.1960
      0b.other_n~o|            .            .        1             .
      1.other_ne~o|      0.03693         0.55        1         0.4581
      1b.reduced~t|            .            .        1             .
      2.reduced_~t|     -0.03824         0.56        1         0.4559
      0b.esrd     |            .            .        1             .
      1.esrd      |      0.07088         1.85        1         0.1741
      0b.other_t~t|            .            .        1             .
      1.other_tr~t|      0.01751         0.14        1         0.7102
      0b.asplenia |            .            .        1             .
      1.asplenia  |     -0.00525         0.01        1         0.9123
      0b.ra_sle_~s|            .            .        1             .
      1.ra_sle_p~s|      0.00594         0.02        1         0.8920
      0b.other_i~o|            .            .        1             .
      1.other_im~o|      0.01525         0.10        1         0.7527
      ------------+---------------------------------------------------
      global test |                     45.72       42         0.3204
      ----------------------------------------------------------------

note: robust variance-covariance matrix used.
   1:      0.70 /        1 =       0.6960

. log close
      name:  <unnamed>
       log:  /workspace/logs/07b_an_multivariable_cox_models_covid_death_11thJu
> neCensor.log
  log type:  text
 closed on:  17 Aug 2021, 07:48:36
-------------------------------------------------------------------------------
