-------------------------------------------------------------------------------
      name:  <unnamed>
       log:  /workspace/logs/07b_an_multivariable_cox_models_covidadmission_11t
> hJuneCensor.log
  log type:  text
 opened on:  17 Aug 2021, 07:47:44

. 
. 
. *****************************************************************************
> ********
. *PROG TO DEFINE THE BASIC COX MODEL WITH OPTIONS FOR HANDLING OF AGE, BMI, ET
> HNICITY:
. cap prog drop basecoxmodel

. prog define basecoxmodel
  1.         syntax , exposure(string) age(string) 
  2. 
. timer clear
  3. timer on 1
  4.         capture stcox   `exposure'                              ///
>                         $demogadjlist                                   ///
>                         $comordidadjlist                                ///
>                         `if'                                                 
>    ///
>                         , strata(stp) vce(cluster household_id)
  5. timer off 1
  6. timer list
  7. end

. *****************************************************************************
> ********
. local outcome `1'

. 
. * Open dataset and fit specified model(s)
. forvalues x=0/1 {
  2. forvalues period=0/3 {
  3. 
. use "$tempdir/cr_create_analysis_dataset_STSET_`outcome'_ageband_`x'.dta", cl
> ear
  4. stsplit cat_time, at(0,78,147,173)
  5. recode cat_time 78=1 147=2 173=3
  6. recode `outcome' .=0 
  7. tab cat_time
  8. tab cat_time `outcome'
  9. 
. keep if cat_time==`period'
 10. 
. 
. 
. ******************************
. *  Multivariable Cox models  *
. ******************************
. 
. 
. 
. foreach exposure_type in kids_cat4  {
 11. 
. *Age spline model (not adj ethnicity)
. basecoxmodel, exposure("i.`exposure_type'") age("age1 age2 age3") 
 12. if _rc==0{
 13. estimates
 14. estimates save "./output/an_multivariate_cox_models_`outcome'_`exposure_ty
> pe'_FULLYADJMODEL_ageband_`x'_timeperiod`period'_11thJuneCensor", replace
 15.         *  Proportional Hazards test 
.         * Based on Schoenfeld residuals 
.         timer clear 
 16.         timer on 1
 17.         if e(N_fail)>0 estat phtest, d
 18.         timer off 1
 19.         timer list 
 20.         
. }
 21. else di "WARNING AGE SPLINE MODEL DID NOT FIT (OUTCOME `outcome')"
 22. 
. }
 23. }
 24. }
(23,803 observations (episodes) created)
(cat_time: 23803 changes made)
(covidadmission: 23803 changes made)

observation |
   interval |      Freq.     Percent        Cum.
------------+-----------------------------------
          0 |     16,129       40.39       40.39
          1 |     11,090       27.77       68.16
          2 |      7,054       17.67       85.83
          3 |      5,659       14.17      100.00
------------+-----------------------------------
      Total |     39,932      100.00

           |   Failure/censoring
           |     indicator for
           |  outcome: covid SUS
observatio |       admission
n interval |         0          1 |     Total
-----------+----------------------+----------
         0 |    15,159        970 |    16,129 
         1 |    10,396        694 |    11,090 
         2 |     6,858        196 |     7,054 
         3 |     5,637         22 |     5,659 
-----------+----------------------+----------
     Total |    38,050      1,882 |    39,932 
(23,823 observations deleted)
   1:     17.43 /        1 =      17.4320

-------------------------------------------------------------------------------
active results
-------------------------------------------------------------------------------

Stratified Cox regr. -- Breslow method for ties

No. of subjects      =       16,129             Number of obs    =      16,129
No. of failures      =          970
Time at risk         =      1060164
                                                Wald chi2(42)    =    13985.67
Log pseudolikelihood =   -6972.8846             Prob > chi2      =      0.0000

                       (Std. Err. adjusted for 1,129 clusters in household_id)
------------------------------------------------------------------------------
             |               Robust
          _t | Haz. Ratio   Std. Err.      z    P>|z|     [95% Conf. Interval]
-------------+----------------------------------------------------------------
   kids_cat4 |
only <12 ..  |   1.052144    .225388     0.24   0.812     .6914054    1.601098
 only 12-18  |    .986027     .32525    -0.04   0.966     .5165499    1.882198
      mixed  |   .9474611   .1885838    -0.27   0.786     .6414122    1.399541
             |
        age1 |   1.001605   .0117058     0.14   0.891     .9789232    1.024813
        age2 |   .9635652    .035882    -1.00   0.319     .8957431    1.036523
        age3 |   1.153525   .1219553     1.35   0.177     .9376365    1.419121
      1.male |   1.023108   .0681805     0.34   0.732     .8978354    1.165859
             |
   obese4cat |
Obese I ..)  |   1.058481   .0963317     0.62   0.532     .8855557    1.265175
Obese II..)  |   .8993913   .1058523    -0.90   0.368     .7141147    1.132738
Obese II..)  |   .6403786   .1059854    -2.69   0.007     .4629769    .8857564
             |
smoke_nomiss |
     Former  |   .8239228   .2082413    -0.77   0.443     .5020543    1.352142
    Current  |   .8189552   .0874291    -1.87   0.061     .6643371    1.009559
             |
         imd |
          4  |   1.006118   .0800693     0.08   0.939     .8608121    1.175952
5 most de..  |   .9947979   .1080917    -0.05   0.962     .8039813    1.230903
             |
tot_adults~h |
          2  |   1.487621   1.136121     0.52   0.603     .3329784     6.64613
          3  |   2.273043   1.360787     1.37   0.170     .7031121    7.348362
             |
   ethnicity |
Asian or ..  |   1.024308   .1077597     0.23   0.819     .8334548    1.258865
      Other  |   1.025029   .1105048     0.23   0.819     .8297951    1.266196
             |
1.htdiag_o~p |   .9621812   .0684996    -0.54   0.588     .8368703    1.106256
1.~y_disease |   1.045415   .0804197     0.58   0.564     .8991018    1.215537
    1.asthma |   1.131573   .1229717     1.14   0.255     .9144913    1.400185
1.~c_disease |    1.05858   .0827619     0.73   0.467     .9081868    1.233879
             |
     diabcat |
T1DM, con..  |   1.141584   .2299968     0.66   0.511     .7691565    1.694341
T1DM, unc..  |   .6635945    .380006    -0.72   0.474     .2160051    2.038644
T2DM, con..  |   1.240807   .1000088     2.68   0.007     1.059491    1.453151
T2DM, unc..  |   1.096964   .1831292     0.55   0.579     .7908443    1.521575
Diabetes,..  |   6.88e-16   2.20e-16  -108.92   0.000     3.67e-16    1.29e-15
             |
cancer_exh~t |
  Last year  |   .4882926   .3474991    -1.01   0.314     .1210355    1.969915
2-5 years..  |   .9641019   .2582477    -0.14   0.891     .5703181    1.629779
   5+ years  |   .9683417   .0841426    -0.37   0.711     .8167042    1.148134
             |
cancer_hae~t |
  Last year  |   1.244605   .5565464     0.49   0.625     .5180867    2.989929
2-5 years..  |   1.230551   .2906516     0.88   0.380     .7745496    1.955016
   5+ years  |   1.000355   .0850739     0.00   0.997     .8467687    1.181799
             |
1.~r_disease |   .8941571   .0744223    -1.34   0.179     .7595682    1.052594
1.stroke_d~a |   1.071397   .0850545     0.87   0.385     .9170151     1.25177
1.other_ne~o |    1.14678   .0890066     1.76   0.078     .9849513    1.335198
             |
reduced_ki~t |
Stage 3a/..  |   .9022509   .4596387    -0.20   0.840      .332426    2.448836
      1.esrd |   1.100985   .0705179     1.50   0.133     .9710957    1.248247
1.other_tr~t |    1.07756   .0820591     0.98   0.327      .928154    1.251015
  1.asplenia |    1.18124   .0856388     2.30   0.022     1.024771      1.3616
1.ra_sle_p~s |   1.010275     .07927     0.13   0.896     .8662659    1.178225
1.other_im~o |   1.071677    .087927     0.84   0.399     .9124861    1.258641
------------------------------------------------------------------------------
                                                             Stratified by stp
(note: file ./output/an_multivariate_cox_models_covidadmission_kids_cat4_FULLYA
> DJMODEL_ageband_0_timeperiod0_11thJuneCensor.ster not found)
file ./output/an_multivariate_cox_models_covidadmission_kids_cat4_FULLYADJMODEL
> _ageband_0_timeperiod0_11thJuneCensor.ster saved

      Test of proportional-hazards assumption

      Time:  Time
      ----------------------------------------------------------------
                  |       rho            chi2       df       Prob>chi2
      ------------+---------------------------------------------------
      0b.kids_cat4|            .            .        1             .
      1.kids_cat4 |     -0.02479         0.59        1         0.4433
      2.kids_cat4 |     -0.02122         0.53        1         0.4663
      3.kids_cat4 |     -0.03833         1.44        1         0.2307
      age1        |      0.03369         1.33        1         0.2481
      age2        |     -0.02740         0.88        1         0.3487
      age3        |      0.02159         0.53        1         0.4648
      0b.male     |            .            .        1             .
      1.male      |     -0.01282         0.19        1         0.6616
      1b.obese4cat|            .            .        1             .
      2.obese4cat |      0.03129         1.06        1         0.3041
      3.obese4cat |      0.04114         1.84        1         0.1747
      4.obese4cat |     -0.02534         0.76        1         0.3824
      1b.smoke_n~s|            .            .        1             .
      2.smoke_no~s|     -0.00771         0.07        1         0.7977
      3.smoke_no~s|      0.05746         3.85        1         0.0499
      1b.imd      |            .            .        1             .
      4.imd       |      0.00877         0.09        1         0.7614
      5.imd       |     -0.02254         0.60        1         0.4389
      1b.tot_adu~h|            .            .        1             .
      2.tot_adul~h|     -0.05770         3.53        1         0.0604
      3.tot_adul~h|     -0.01989         0.43        1         0.5110
      1b.ethnicity|            .            .        1             .
      3.ethnicity |     -0.02191         0.51        1         0.4733
      5.ethnicity |      0.02373         0.66        1         0.4164
      0b.htdiag_~p|            .            .        1             .
      1.htdiag_o~p|     -0.00258         0.01        1         0.9276
      0b.chronic..|            .            .        1             .
      1.~y_disease|      0.00462         0.02        1         0.8778
      0b.asthma   |            .            .        1             .
      1.asthma    |     -0.00764         0.06        1         0.8040
      0b.chronic..|            .            .        1             .
      1.~c_disease|     -0.03350         1.33        1         0.2493
      1b.diabcat  |            .            .        1             .
      2.diabcat   |     -0.07590         6.33        1         0.0118
      3.diabcat   |     -0.03672         1.59        1         0.2067
      4.diabcat   |     -0.04614         2.44        1         0.1187
      5.diabcat   |     -0.03787         1.59        1         0.2079
      6.diabcat   |     -0.02646         0.12        1         0.7309
      1b.c~exhae~t|            .            .        1             .
      2.cancer_e~t|     -0.03050         1.04        1         0.3083
      3.cancer_e~t|     -0.04089         1.98        1         0.1593
      4.cancer_e~t|     -0.05254         3.14        1         0.0764
      1b.cancer_..|            .            .        1             .
      2.cancer_h~t|      0.05111         2.87        1         0.0900
      3.cancer_h~t|      0.00213         0.00        1         0.9437
      4.cancer_h~t|     -0.00739         0.06        1         0.8033
      0b.chronic..|            .            .        1             .
      1.~r_disease|     -0.04699         2.48        1         0.1150
      0b.stroke_~a|            .            .        1             .
      1.stroke_d~a|      0.00601         0.04        1         0.8400
      0b.other_n~o|            .            .        1             .
      1.other_ne~o|      0.06837         5.20        1         0.0226
      1b.reduced~t|            .            .        1             .
      2.reduced_~t|      0.01014         0.12        1         0.7327
      0b.esrd     |            .            .        1             .
      1.esrd      |      0.00523         0.03        1         0.8692
      0b.other_t~t|            .            .        1             .
      1.other_tr~t|     -0.00960         0.10        1         0.7568
      0b.asplenia |            .            .        1             .
      1.asplenia  |     -0.03108         1.03        1         0.3102
      0b.ra_sle_~s|            .            .        1             .
      1.ra_sle_p~s|      0.00059         0.00        1         0.9848
      0b.other_i~o|            .            .        1             .
      1.other_im~o|     -0.02082         0.51        1         0.4736
      ------------+---------------------------------------------------
      global test |                     41.84       42         0.4779
      ----------------------------------------------------------------

note: robust variance-covariance matrix used.
   1:     12.25 /        1 =      12.2470
(23,803 observations (episodes) created)
(cat_time: 23803 changes made)
(covidadmission: 23803 changes made)

observation |
   interval |      Freq.     Percent        Cum.
------------+-----------------------------------
          0 |     16,129       40.39       40.39
          1 |     11,090       27.77       68.16
          2 |      7,054       17.67       85.83
          3 |      5,659       14.17      100.00
------------+-----------------------------------
      Total |     39,932      100.00

           |   Failure/censoring
           |     indicator for
           |  outcome: covid SUS
observatio |       admission
n interval |         0          1 |     Total
-----------+----------------------+----------
         0 |    15,159        970 |    16,129 
         1 |    10,396        694 |    11,090 
         2 |     6,858        196 |     7,054 
         3 |     5,637         22 |     5,659 
-----------+----------------------+----------
     Total |    38,050      1,882 |    39,932 
(28,862 observations deleted)
   1:      9.97 /        1 =       9.9730

-------------------------------------------------------------------------------
active results
-------------------------------------------------------------------------------

Stratified Cox regr. -- Breslow method for ties

No. of subjects      =       11,090             Number of obs    =      11,090
No. of failures      =          694
Time at risk         =       625068
                                                Wald chi2(42)    =     6914.04
Log pseudolikelihood =   -4715.5013             Prob > chi2      =      0.0000

                       (Std. Err. adjusted for 1,078 clusters in household_id)
------------------------------------------------------------------------------
             |               Robust
          _t | Haz. Ratio   Std. Err.      z    P>|z|     [95% Conf. Interval]
-------------+----------------------------------------------------------------
   kids_cat4 |
only <12 ..  |   .6240997   .1402293    -2.10   0.036      .401788    .9694177
 only 12-18  |   .6328736   .2095215    -1.38   0.167     .3307616     1.21093
      mixed  |   .5908088    .116001    -2.68   0.007     .4020866    .8681089
             |
        age1 |   .9975829   .0142258    -0.17   0.865     .9700867    1.025858
        age2 |   1.007821   .0455258     0.17   0.863     .9224282    1.101119
        age3 |   .9748762   .1257521    -0.20   0.844     .7570952    1.255303
      1.male |   1.142893   .0859707     1.78   0.076     .9862261    1.324447
             |
   obese4cat |
Obese I ..)  |   1.085154   .1176655     0.75   0.451     .8773923    1.342113
Obese II..)  |   .8564445   .1264798    -1.05   0.294     .6412003    1.143944
Obese II..)  |   1.109869   .1680067     0.69   0.491     .8249369    1.493216
             |
smoke_nomiss |
     Former  |   1.338469   .3338583     1.17   0.243     .8209003    2.182358
    Current  |   1.143812   .1244647     1.23   0.217     .9241251    1.415725
             |
         imd |
          4  |   .8490575   .0865723    -1.60   0.109     .6952582    1.036879
5 most de..  |   1.094375   .1372772     0.72   0.472     .8558396    1.399394
             |
tot_adults~h |
          2  |   .3028783   .3379132    -1.07   0.284     .0340099     2.69731
          3  |   1.743303   .8972635     1.08   0.280     .6357212    4.780565
             |
   ethnicity |
Asian or ..  |   1.083635   .1307662     0.67   0.506     .8553924    1.372779
      Other  |   .9007395   .1221208    -0.77   0.441     .6905493    1.174908
             |
1.htdiag_o~p |   .9891945   .0813455    -0.13   0.895     .8419455    1.162196
1.~y_disease |    .998066   .0967324    -0.02   0.984     .8253932    1.206862
    1.asthma |   1.155549   .1547129     1.08   0.280     .8888397    1.502287
1.~c_disease |   1.140697   .1118082     1.34   0.179     .9413207    1.382302
             |
     diabcat |
T1DM, con..  |   1.113048   .2589035     0.46   0.645      .705534    1.755941
T1DM, unc..  |    1.43153    .651036     0.79   0.430     .5870677    3.490701
T2DM, con..  |   1.001529   .1057235     0.01   0.988     .8143455    1.231737
T2DM, unc..  |   .9751156   .2007338    -0.12   0.903     .6513746     1.45976
Diabetes,..  |   2.36e-13   8.78e-14   -78.08   0.000     1.14e-13    4.89e-13
             |
cancer_exh~t |
  Last year  |   .9902591   .5581242    -0.02   0.986     .3280949     2.98881
2-5 years..  |   .9386383   .3215444    -0.18   0.853     .4796303    1.836919
   5+ years  |   1.208116   .1125604     2.03   0.042     1.006472    1.450157
             |
cancer_hae~t |
  Last year  |   .6535504   .4685985    -0.59   0.553     .1603112    2.664368
2-5 years..  |   .2873291   .1669385    -2.15   0.032     .0920091    .8972811
   5+ years  |   1.016199    .100509     0.16   0.871     .8371231    1.233584
             |
1.~r_disease |   .9793152   .0927154    -0.22   0.825     .8134598    1.178987
1.stroke_d~a |   1.099763   .1030496     1.01   0.310     .9152505    1.321472
1.other_ne~o |   1.110726   .1060182     1.10   0.271     .9212138    1.339226
             |
reduced_ki~t |
Stage 3a/..  |   .7114222   .5174609    -0.47   0.640     .1710001    2.959773
      1.esrd |    1.07924   .0866367     0.95   0.342     .9221193    1.263132
1.other_tr~t |   1.041847   .0970751     0.44   0.660     .8679453    1.250591
  1.asplenia |   1.034867   .1012514     0.35   0.726     .8542854    1.253621
1.ra_sle_p~s |   .9119047   .0883781    -0.95   0.341     .7541442    1.102667
1.other_im~o |   1.107093   .0999302     1.13   0.260     .9275809    1.321347
------------------------------------------------------------------------------
                                                             Stratified by stp
(note: file ./output/an_multivariate_cox_models_covidadmission_kids_cat4_FULLYA
> DJMODEL_ageband_0_timeperiod1_11thJuneCensor.ster not found)
file ./output/an_multivariate_cox_models_covidadmission_kids_cat4_FULLYADJMODEL
> _ageband_0_timeperiod1_11thJuneCensor.ster saved

      Test of proportional-hazards assumption

      Time:  Time
      ----------------------------------------------------------------
                  |       rho            chi2       df       Prob>chi2
      ------------+---------------------------------------------------
      0b.kids_cat4|            .            .        1             .
      1.kids_cat4 |      0.00168         0.00        1         0.9622
      2.kids_cat4 |      0.00767         0.04        1         0.8437
      3.kids_cat4 |      0.01161         0.10        1         0.7541
      age1        |     -0.04761         1.76        1         0.1842
      age2        |      0.04458         1.59        1         0.2069
      age3        |     -0.04233         1.44        1         0.2304
      0b.male     |            .            .        1             .
      1.male      |     -0.03997         1.29        1         0.2561
      1b.obese4cat|            .            .        1             .
      2.obese4cat |     -0.02712         0.58        1         0.4451
      3.obese4cat |      0.01921         0.31        1         0.5747
      4.obese4cat |      0.10368         8.87        1         0.0029
      1b.smoke_n~s|            .            .        1             .
      2.smoke_no~s|     -0.01258         0.14        1         0.7067
      3.smoke_no~s|      0.01055         0.09        1         0.7659
      1b.imd      |            .            .        1             .
      4.imd       |      0.03199         0.91        1         0.3403
      5.imd       |      0.00793         0.05        1         0.8191
      1b.tot_adu~h|            .            .        1             .
      2.tot_adul~h|     -0.02201         0.57        1         0.4521
      3.tot_adul~h|     -0.06784         3.50        1         0.0614
      1b.ethnicity|            .            .        1             .
      3.ethnicity |     -0.00041         0.00        1         0.9908
      5.ethnicity |     -0.03319         0.95        1         0.3287
      0b.htdiag_~p|            .            .        1             .
      1.htdiag_o~p|      0.09409         7.73        1         0.0054
      0b.chronic..|            .            .        1             .
      1.~y_disease|     -0.05196         2.32        1         0.1276
      0b.asthma   |            .            .        1             .
      1.asthma    |     -0.03787         1.31        1         0.2519
      0b.chronic..|            .            .        1             .
      1.~c_disease|     -0.03153         0.93        1         0.3342
      1b.diabcat  |            .            .        1             .
      2.diabcat   |     -0.00046         0.00        1         0.9893
      3.diabcat   |      0.00103         0.00        1         0.9699
      4.diabcat   |      0.01791         0.28        1         0.5938
      5.diabcat   |     -0.06181         3.27        1         0.0705
      6.diabcat   |     -0.02613         0.06        1         0.8044
      1b.c~exhae~t|            .            .        1             .
      2.cancer_e~t|     -0.02726         0.65        1         0.4217
      3.cancer_e~t|     -0.07541         4.89        1         0.0271
      4.cancer_e~t|     -0.01605         0.21        1         0.6465
      1b.cancer_..|            .            .        1             .
      2.cancer_h~t|      0.04209         1.51        1         0.2186
      3.cancer_h~t|      0.02839         0.64        1         0.4251
      4.cancer_h~t|      0.00610         0.03        1         0.8603
      0b.chronic..|            .            .        1             .
      1.~r_disease|      0.05164         2.29        1         0.1305
      0b.stroke_~a|            .            .        1             .
      1.stroke_d~a|      0.02978         0.80        1         0.3706
      0b.other_n~o|            .            .        1             .
      1.other_ne~o|      0.03166         0.94        1         0.3329
      1b.reduced~t|            .            .        1             .
      2.reduced_~t|     -0.02905         0.71        1         0.4010
      0b.esrd     |            .            .        1             .
      1.esrd      |     -0.00634         0.03        1         0.8518
      0b.other_t~t|            .            .        1             .
      1.other_tr~t|      0.03014         0.72        1         0.3974
      0b.asplenia |            .            .        1             .
      1.asplenia  |      0.01915         0.32        1         0.5689
      0b.ra_sle_~s|            .            .        1             .
      1.ra_sle_p~s|      0.05433         2.40        1         0.1217
      0b.other_i~o|            .            .        1             .
      1.other_im~o|     -0.11149         9.58        1         0.0020
      ------------+---------------------------------------------------
      global test |                     49.65       42         0.1948
      ----------------------------------------------------------------

note: robust variance-covariance matrix used.
   1:      6.56 /        1 =       6.5580
(23,803 observations (episodes) created)
(cat_time: 23803 changes made)
(covidadmission: 23803 changes made)

observation |
   interval |      Freq.     Percent        Cum.
------------+-----------------------------------
          0 |     16,129       40.39       40.39
          1 |     11,090       27.77       68.16
          2 |      7,054       17.67       85.83
          3 |      5,659       14.17      100.00
------------+-----------------------------------
      Total |     39,932      100.00

           |   Failure/censoring
           |     indicator for
           |  outcome: covid SUS
observatio |       admission
n interval |         0          1 |     Total
-----------+----------------------+----------
         0 |    15,159        970 |    16,129 
         1 |    10,396        694 |    11,090 
         2 |     6,858        196 |     7,054 
         3 |     5,637         22 |     5,659 
-----------+----------------------+----------
     Total |    38,050      1,882 |    39,932 
(32,898 observations deleted)
   1:      5.01 /        1 =       5.0090

-------------------------------------------------------------------------------
active results
-------------------------------------------------------------------------------

Stratified Cox regr. -- Breslow method for ties

No. of subjects      =        7,054             Number of obs    =       7,054
No. of failures      =          196
Time at risk         =       165735
                                                Wald chi2(42)    =    59124.74
Log pseudolikelihood =   -1242.4268             Prob > chi2      =      0.0000

                       (Std. Err. adjusted for 1,002 clusters in household_id)
------------------------------------------------------------------------------
             |               Robust
          _t | Haz. Ratio   Std. Err.      z    P>|z|     [95% Conf. Interval]
-------------+----------------------------------------------------------------
   kids_cat4 |
only <12 ..  |   1.689726   .8497193     1.04   0.297     .6306218    4.527552
 only 12-18  |   1.675023   1.083331     0.80   0.425     .4715208    5.950323
      mixed  |   1.252194    .603178     0.47   0.641     .4871361    3.218791
             |
        age1 |   .9927443   .0268076    -0.27   0.787     .9415686    1.046702
        age2 |   1.015318   .0859328     0.18   0.857     .8601205    1.198518
        age3 |   .9392164   .2290359    -0.26   0.797     .5823619    1.514741
      1.male |   1.108389   .1558231     0.73   0.464     .8414452    1.460019
             |
   obese4cat |
Obese I ..)  |   .7723423   .1792223    -1.11   0.266      .490104    1.217114
Obese II..)  |   .9004172   .2314927    -0.41   0.683     .5440066    1.490333
Obese II..)  |   .7263263   .2505458    -0.93   0.354     .3694114    1.428082
             |
smoke_nomiss |
     Former  |   1.388882   .6404201     0.71   0.476     .5625642    3.428929
    Current  |   1.086841   .2336593     0.39   0.698     .7131268      1.6564
             |
         imd |
          4  |   1.082147   .1926159     0.44   0.657     .7634438    1.533893
5 most de..  |   1.141303   .2636944     0.57   0.567     .7256609    1.795016
             |
tot_adults~h |
          2  |   .3422798   .3875559    -0.95   0.344     .0372036    3.149039
          3  |   .4190705   .2414905    -1.51   0.131     .1354503    1.296565
             |
   ethnicity |
Asian or ..  |   .7415342   .2035375    -1.09   0.276     .4330042    1.269902
      Other  |   .7707416   .1984834    -1.01   0.312       .46527     1.27677
             |
1.htdiag_o~p |   .7766831   .1207067    -1.63   0.104      .572738    1.053251
1.~y_disease |   .7898283   .1476832    -1.26   0.207     .5474871     1.13944
    1.asthma |   .9467468   .2533661    -0.20   0.838     .5603216     1.59967
1.~c_disease |   1.060819   .1928932     0.32   0.745     .7427864    1.515022
             |
     diabcat |
T1DM, con..  |   1.230013   .5276665     0.48   0.629     .5305793     2.85147
T1DM, unc..  |   1.56e-15   3.62e-16  -146.69   0.000     9.87e-16    2.45e-15
T2DM, con..  |   .9878059    .197346    -0.06   0.951     .6677544    1.461256
T2DM, unc..  |   2.033837   .5666873     2.55   0.011     1.178003    3.511448
Diabetes,..  |   5.705215   5.363663     1.85   0.064       .90371    36.01762
             |
cancer_exh~t |
  Last year  |   1.43e-15   3.36e-16  -145.12   0.000     9.00e-16    2.27e-15
2-5 years..  |    2.33596   .9025728     2.20   0.028     1.095409    4.981433
   5+ years  |   .7192043   .1591699    -1.49   0.136     .4660898    1.109775
             |
cancer_hae~t |
  Last year  |   1.218513   1.200355     0.20   0.841     .1767311    8.401317
2-5 years..  |   1.340365    .693325     0.57   0.571     .4863239    3.694201
   5+ years  |   .8464946   .1752373    -0.81   0.421     .5641733    1.270094
             |
1.~r_disease |   .9893177   .1750844    -0.06   0.952     .6993497    1.399514
1.stroke_d~a |   1.208117   .2080026     1.10   0.272     .8620987    1.693016
1.other_ne~o |   1.054071   .1887517     0.29   0.769     .7420717    1.497248
             |
reduced_ki~t |
Stage 3a/..  |   1.91e-15   5.53e-16  -116.71   0.000     1.08e-15    3.37e-15
      1.esrd |    .992143   .1638965    -0.05   0.962      .717729    1.371475
1.other_tr~t |   1.604688   .2569156     2.95   0.003     1.172493    2.196193
  1.asplenia |   1.009625   .1821603     0.05   0.958     .7088967    1.437927
1.ra_sle_p~s |   .7868434   .1496409    -1.26   0.207     .5420107     1.14227
1.other_im~o |    .822983   .1579703    -1.01   0.310     .5649422    1.198885
------------------------------------------------------------------------------
                                                             Stratified by stp
(note: file ./output/an_multivariate_cox_models_covidadmission_kids_cat4_FULLYA
> DJMODEL_ageband_0_timeperiod2_11thJuneCensor.ster not found)
file ./output/an_multivariate_cox_models_covidadmission_kids_cat4_FULLYADJMODEL
> _ageband_0_timeperiod2_11thJuneCensor.ster saved

      Test of proportional-hazards assumption

      Time:  Time
      ----------------------------------------------------------------
                  |       rho            chi2       df       Prob>chi2
      ------------+---------------------------------------------------
      0b.kids_cat4|            .            .        1             .
      1.kids_cat4 |     -0.00774         0.02        1         0.9000
      2.kids_cat4 |      0.02545         0.16        1         0.6897
      3.kids_cat4 |     -0.01463         0.05        1         0.8174
      age1        |      0.03352         0.47        1         0.4918
      age2        |      0.00883         0.03        1         0.8662
      age3        |     -0.03487         0.41        1         0.5207
      0b.male     |            .            .        1             .
      1.male      |      0.02103         0.12        1         0.7326
      1b.obese4cat|            .            .        1             .
      2.obese4cat |     -0.02055         0.15        1         0.7030
      3.obese4cat |     -0.03316         0.35        1         0.5513
      4.obese4cat |     -0.06983         1.43        1         0.2324
      1b.smoke_n~s|            .            .        1             .
      2.smoke_no~s|     -0.03467         0.35        1         0.5553
      3.smoke_no~s|      0.07243         1.71        1         0.1915
      1b.imd      |            .            .        1             .
      4.imd       |      0.04306         0.54        1         0.4614
      5.imd       |     -0.04371         0.60        1         0.4385
      1b.tot_adu~h|            .            .        1             .
      2.tot_adul~h|     -0.08325         2.00        1         0.1570
      3.tot_adul~h|     -0.04721         0.46        1         0.4974
      1b.ethnicity|            .            .        1             .
      3.ethnicity |     -0.03194         0.31        1         0.5755
      5.ethnicity |     -0.04960         0.71        1         0.3985
      0b.htdiag_~p|            .            .        1             .
      1.htdiag_o~p|      0.01013         0.04        1         0.8504
      0b.chronic..|            .            .        1             .
      1.~y_disease|     -0.03269         0.37        1         0.5438
      0b.asthma   |            .            .        1             .
      1.asthma    |      0.00244         0.00        1         0.9641
      0b.chronic..|            .            .        1             .
      1.~c_disease|     -0.04326         0.59        1         0.4426
      1b.diabcat  |            .            .        1             .
      2.diabcat   |      0.00671         0.01        1         0.9049
      3.diabcat   |     -0.06510         0.26        1         0.6074
      4.diabcat   |      0.01606         0.08        1         0.7777
      5.diabcat   |     -0.03301         0.32        1         0.5744
      6.diabcat   |      0.05576         0.86        1         0.3525
      1b.c~exhae~t|            .            .        1             .
      2.cancer_e~t|     -0.08103         0.60        1         0.4384
      3.cancer_e~t|      0.01600         0.09        1         0.7699
      4.cancer_e~t|      0.04246         0.60        1         0.4378
      1b.cancer_..|            .            .        1             .
      2.cancer_h~t|      0.04654         0.61        1         0.4338
      3.cancer_h~t|     -0.08854         2.49        1         0.1145
      4.cancer_h~t|      0.06854         1.77        1         0.1837
      0b.chronic..|            .            .        1             .
      1.~r_disease|      0.05184         0.78        1         0.3778
      0b.stroke_~a|            .            .        1             .
      1.stroke_d~a|      0.09507         2.98        1         0.0844
      0b.other_n~o|            .            .        1             .
      1.other_ne~o|     -0.06042         1.12        1         0.2910
      1b.reduced~t|            .            .        1             .
      2.reduced_~t|      0.03627         0.12        1         0.7264
      0b.esrd     |            .            .        1             .
      1.esrd      |     -0.12278         5.97        1         0.0145
      0b.other_t~t|            .            .        1             .
      1.other_tr~t|     -0.05602         1.00        1         0.3167
      0b.asplenia |            .            .        1             .
      1.asplenia  |      0.01787         0.12        1         0.7255
      0b.ra_sle_~s|            .            .        1             .
      1.ra_sle_p~s|      0.00531         0.01        1         0.9214
      0b.other_i~o|            .            .        1             .
      1.other_im~o|     -0.02511         0.19        1         0.6614
      ------------+---------------------------------------------------
      global test |                     29.13       42         0.9339
      ----------------------------------------------------------------

note: robust variance-covariance matrix used.
   1:      1.83 /        1 =       1.8330
(23,803 observations (episodes) created)
(cat_time: 23803 changes made)
(covidadmission: 23803 changes made)

observation |
   interval |      Freq.     Percent        Cum.
------------+-----------------------------------
          0 |     16,129       40.39       40.39
          1 |     11,090       27.77       68.16
          2 |      7,054       17.67       85.83
          3 |      5,659       14.17      100.00
------------+-----------------------------------
      Total |     39,932      100.00

           |   Failure/censoring
           |     indicator for
           |  outcome: covid SUS
observatio |       admission
n interval |         0          1 |     Total
-----------+----------------------+----------
         0 |    15,159        970 |    16,129 
         1 |    10,396        694 |    11,090 
         2 |     6,858        196 |     7,054 
         3 |     5,637         22 |     5,659 
-----------+----------------------+----------
     Total |    38,050      1,882 |    39,932 
(34,293 observations deleted)
   1:      3.17 /        1 =       3.1690

-------------------------------------------------------------------------------
active results
-------------------------------------------------------------------------------

Stratified Cox regr. -- Breslow method for ties

No. of subjects      =        5,659             Number of obs    =       5,659
No. of failures      =           22
Time at risk         =        27727
                                                Wald chi2(42)    =    27332.99
Log pseudolikelihood =   -119.17707             Prob > chi2      =      0.0000

                         (Std. Err. adjusted for 964 clusters in household_id)
------------------------------------------------------------------------------
             |               Robust
          _t | Haz. Ratio   Std. Err.      z    P>|z|     [95% Conf. Interval]
-------------+----------------------------------------------------------------
   kids_cat4 |
only <12 ..  |    .204441    .299035    -1.09   0.278     .0116284    3.594323
 only 12-18  |   4.05e-16   5.19e-16   -27.65   0.000     3.28e-17    4.99e-15
      mixed  |   .4301928   .4669113    -0.78   0.437     .0512635    3.610089
             |
        age1 |   .9761854    .072562    -0.32   0.746     .8438411    1.129286
        age2 |   1.083055   .2697501     0.32   0.749     .6647325    1.764632
        age3 |   .7083855   .5089142    -0.48   0.631     .1732824    2.895909
      1.male |   1.253181   .5348322     0.53   0.597     .5429232    2.892607
             |
   obese4cat |
Obese I ..)  |   .8736749   .5103786    -0.23   0.817     .2780351    2.745365
Obese II..)  |   .4615194   .5042506    -0.71   0.479     .0542222    3.928281
Obese II..)  |   .6857438   .6943115    -0.37   0.709     .0942596    4.988826
             |
smoke_nomiss |
     Former  |   7.93e-16   3.19e-16   -86.55   0.000     3.61e-16    1.74e-15
    Current  |   1.114424   .6545957     0.18   0.854     .3524256    3.523979
             |
         imd |
          4  |   .9289882    .529272    -0.13   0.897     .3041274     2.83769
5 most de..  |   1.436126   .8608827     0.60   0.546     .4435489    4.649899
             |
tot_adults~h |
          2  |   1.185627   2.521331     0.08   0.936     .0183569    76.57667
          3  |   1.80e+15   4.52e+15    14.00   0.000     1.32e+13    2.46e+17
             |
   ethnicity |
Asian or ..  |   1.835402    1.06853     1.04   0.297     .5863818     5.74489
      Other  |   5.26e-16   1.40e-16  -132.49   0.000     3.13e-16    8.85e-16
             |
1.htdiag_o~p |     .62337   .3225188    -0.91   0.361     .2261266    1.718463
1.~y_disease |   .9060639   .5134253    -0.17   0.862     .2984157    2.751035
    1.asthma |   6.25e-16   1.56e-16  -140.44   0.000     3.84e-16    1.02e-15
1.~c_disease |   4.52e-16   1.03e-16  -155.13   0.000     2.90e-16    7.07e-16
             |
     diabcat |
T1DM, con..  |   7.80e-16   2.90e-16   -93.69   0.000     3.77e-16    1.61e-15
T1DM, unc..  |   5.75e-16   3.54e-16   -57.06   0.000     1.72e-16    1.92e-15
T2DM, con..  |   .7867646   .4782876    -0.39   0.693     .2389928     2.59003
T2DM, unc..  |   1.152889   1.209529     0.14   0.892     .1474918    9.011715
Diabetes,..  |   1.21e-15   1.20e-15   -34.61   0.000     1.72e-16    8.44e-15
             |
cancer_exh~t |
  Last year  |   4.71e-16   2.18e-16   -76.26   0.000     1.90e-16    1.17e-15
2-5 years..  |   5.07e-16   2.08e-16   -86.08   0.000     2.28e-16    1.13e-15
   5+ years  |   .2025633   .1874014    -1.73   0.084     .0330424    1.241794
             |
cancer_hae~t |
  Last year  |   7.17e-16   6.30e-16   -39.69   0.000     1.28e-16    4.01e-15
2-5 years..  |   4.62e-16   1.83e-16   -89.27   0.000     2.13e-16    1.00e-15
   5+ years  |   .8868317   .4814756    -0.22   0.825     .3059918    2.570234
             |
1.~r_disease |   .6453446   .4105047    -0.69   0.491     .1854988    2.245134
1.stroke_d~a |   1.720015   .7698594     1.21   0.226     .7153917    4.135428
1.other_ne~o |   1.165575   .6001595     0.30   0.766     .4248668    3.197625
             |
reduced_ki~t |
Stage 3a/..  |   1.19e-15   9.85e-16   -41.68   0.000     2.37e-16    6.01e-15
      1.esrd |   1.364294   .6004045     0.71   0.480     .5758477    3.232277
1.other_tr~t |   .8481657   .4671841    -0.30   0.765     .2881538    2.496531
  1.asplenia |    .440299   .3343787    -1.08   0.280     .0993837    1.950654
1.ra_sle_p~s |   .9161829   .5069409    -0.16   0.874     .3097396     2.70999
1.other_im~o |   1.672005   .8086259     1.06   0.288     .6479986    4.314209
------------------------------------------------------------------------------
                                                             Stratified by stp
(note: file ./output/an_multivariate_cox_models_covidadmission_kids_cat4_FULLYA
> DJMODEL_ageband_0_timeperiod3_11thJuneCensor.ster not found)
file ./output/an_multivariate_cox_models_covidadmission_kids_cat4_FULLYADJMODEL
> _ageband_0_timeperiod3_11thJuneCensor.ster saved

      Test of proportional-hazards assumption

      Time:  Time
      ----------------------------------------------------------------
                  |       rho            chi2       df       Prob>chi2
      ------------+---------------------------------------------------
      0b.kids_cat4|            .            .        1             .
      1.kids_cat4 |     -0.29582        23.39        1         0.0000
      2.kids_cat4 |     -0.19490         5.89        1         0.0153
      3.kids_cat4 |     -0.17630         6.59        1         0.0103
      age1        |     -0.00155         0.00        1         0.9855
      age2        |     -0.11666         1.60        1         0.2061
      age3        |      0.11608         1.59        1         0.2074
      0b.male     |            .            .        1             .
      1.male      |     -0.10601         1.07        1         0.3014
      1b.obese4cat|            .            .        1             .
      2.obese4cat |     -0.18419         2.59        1         0.1075
      3.obese4cat |     -0.26729        19.11        1         0.0000
      4.obese4cat |      0.07969         0.92        1         0.3365
      1b.smoke_n~s|            .            .        1             .
      2.smoke_no~s|     -0.09314         0.63        1         0.4281
      3.smoke_no~s|      0.01825         0.02        1         0.8960
      1b.imd      |            .            .        1             .
      4.imd       |     -0.24432         6.82        1         0.0090
      5.imd       |      0.25317         3.45        1         0.0631
      1b.tot_adu~h|            .            .        1             .
      2.tot_adul~h|      0.00780         0.00        1         0.9747
      3.tot_adul~h|            .         0.00        1         1.0000
      1b.ethnicity|            .            .        1             .
      3.ethnicity |      0.29013        16.28        1         0.0001
      5.ethnicity |      0.24020         3.17        1         0.0750
      0b.htdiag_~p|            .            .        1             .
      1.htdiag_o~p|      0.02847         0.06        1         0.8064
      0b.chronic..|            .            .        1             .
      1.~y_disease|     -0.33013         7.01        1         0.0081
      0b.asthma   |            .            .        1             .
      1.asthma    |      0.26174         2.19        1         0.1389
      0b.chronic..|            .            .        1             .
      1.~c_disease|     -0.03879         0.01        1         0.9303
      1b.diabcat  |            .            .        1             .
      2.diabcat   |      0.30776         4.87        1         0.0273
      3.diabcat   |      0.26569         5.86        1         0.0155
      4.diabcat   |      0.18197         6.09        1         0.0136
      5.diabcat   |     -0.06787         0.46        1         0.4971
      6.diabcat   |      0.25014         1.93        1         0.1649
      1b.c~exhae~t|            .            .        1             .
      2.cancer_e~t|     -0.13614         0.57        1         0.4515
      3.cancer_e~t|      0.21046         2.02        1         0.1555
      4.cancer_e~t|      0.16966         6.18        1         0.0129
      1b.cancer_..|            .            .        1             .
      2.cancer_h~t|     -0.29817         7.32        1         0.0068
      3.cancer_h~t|     -0.17282         1.82        1         0.1778
      4.cancer_h~t|      0.08176         0.58        1         0.4463
      0b.chronic..|            .            .        1             .
      1.~r_disease|     -0.05767         0.54        1         0.4615
      0b.stroke_~a|            .            .        1             .
      1.stroke_d~a|      0.27464         8.85        1         0.0029
      0b.other_n~o|            .            .        1             .
      1.other_ne~o|     -0.33114        19.60        1         0.0000
      1b.reduced~t|            .            .        1             .
      2.reduced_~t|      0.36115        12.05        1         0.0005
      0b.esrd     |            .            .        1             .
      1.esrd      |     -0.30559        14.12        1         0.0002
      0b.other_t~t|            .            .        1             .
      1.other_tr~t|      0.16808         2.94        1         0.0865
      0b.asplenia |            .            .        1             .
      1.asplenia  |      0.09668         0.78        1         0.3782
      0b.ra_sle_~s|            .            .        1             .
      1.ra_sle_p~s|      0.32114        11.04        1         0.0009
      0b.other_i~o|            .            .        1             .
      1.other_im~o|     -0.09470         1.05        1         0.3049
      ------------+---------------------------------------------------
      global test |                     67.85       42         0.0070
      ----------------------------------------------------------------

note: robust variance-covariance matrix used.
   1:      0.92 /        1 =       0.9210
(6,661 observations (episodes) created)
(cat_time: 6661 changes made)
(covidadmission: 6661 changes made)

observation |
   interval |      Freq.     Percent        Cum.
------------+-----------------------------------
          0 |      4,502       40.33       40.33
          1 |      3,091       27.69       68.02
          2 |      1,966       17.61       85.63
          3 |      1,604       14.37      100.00
------------+-----------------------------------
      Total |     11,163      100.00

           |   Failure/censoring
           |     indicator for
           |  outcome: covid SUS
observatio |       admission
n interval |         0          1 |     Total
-----------+----------------------+----------
         0 |     4,226        276 |     4,502 
         1 |     2,916        175 |     3,091 
         2 |     1,916         50 |     1,966 
         3 |     1,599          5 |     1,604 
-----------+----------------------+----------
     Total |    10,657        506 |    11,163 
(6,664 observations deleted)
   1:      3.03 /        1 =       3.0290

-------------------------------------------------------------------------------
active results
-------------------------------------------------------------------------------

Stratified Cox regr. -- Breslow method for ties

No. of subjects      =        4,502             Number of obs    =       4,502
No. of failures      =          276
Time at risk         =       295777
                                                Wald chi2(42)    =    24121.10
Log pseudolikelihood =   -1618.2028             Prob > chi2      =      0.0000

                         (Std. Err. adjusted for 923 clusters in household_id)
------------------------------------------------------------------------------
             |               Robust
          _t | Haz. Ratio   Std. Err.      z    P>|z|     [95% Conf. Interval]
-------------+----------------------------------------------------------------
   kids_cat4 |
only <12 ..  |   1.053171   .4238885     0.13   0.898     .4785209    2.317913
 only 12-18  |   1.417258   .8165248     0.61   0.545     .4581904    4.383809
      mixed  |   .7856667   .3008602    -0.63   0.529     .3709218    1.664157
             |
        age1 |   1.055814   .0531514     1.08   0.281     .9566137    1.165302
        age2 |   .7277329   .1587362    -1.46   0.145     .4745743    1.115937
        age3 |   2.234856   1.165601     1.54   0.123     .8040824    6.211527
      1.male |   .9853698   .1252018    -0.12   0.908      .768148    1.264019
             |
   obese4cat |
Obese I ..)  |   .7134679   .1384231    -1.74   0.082     .4877856    1.043566
Obese II..)  |   .9517812   .2151366    -0.22   0.827     .6111321     1.48231
Obese II..)  |   .7149083   .2184592    -1.10   0.272     .3927744     1.30124
             |
smoke_nomiss |
     Former  |   1.008963   .4152755     0.02   0.983     .4503316    2.260572
    Current  |   1.287079   .2237868     1.45   0.147     .9153877    1.809694
             |
         imd |
          4  |   1.132793   .1665662     0.85   0.396     .8491603    1.511164
5 most de..  |   .8125823   .1799599    -0.94   0.349     .5264469    1.254239
             |
tot_adults~h |
          2  |   1.570165   1.615713     0.44   0.661     .2089548    11.79882
          3  |    1.17182   .9017032     0.21   0.837     .2593403    5.294825
             |
   ethnicity |
Asian or ..  |     1.4144   .2548393     1.92   0.054     .9935902    2.013434
      Other  |   1.035748   .2224342     0.16   0.870     .6799114    1.577813
             |
1.htdiag_o~p |   .9157087   .1171835    -0.69   0.491     .7125721    1.176754
1.~y_disease |   .8157462   .1342769    -1.24   0.216      .590802    1.126336
    1.asthma |   .6443208    .163968    -1.73   0.084     .3912793    1.061005
1.~c_disease |   .9635746   .1515468    -0.24   0.813     .7079654    1.311471
             |
     diabcat |
T1DM, con..  |   1.426628   .5744072     0.88   0.378     .6480214    3.140743
T1DM, unc..  |   4.05e-15   9.57e-16  -140.28   0.000     2.55e-15    6.44e-15
T2DM, con..  |   .9931775   .1643858    -0.04   0.967     .7180261    1.373768
T2DM, unc..  |   .9280007   .3120021    -0.22   0.824     .4801387    1.793618
Diabetes,..  |   3.756145   3.681177     1.35   0.177     .5502117    25.64218
             |
cancer_exh~t |
  Last year  |   2.668229    2.03235     1.29   0.198     .5996194    11.87328
2-5 years..  |   1.152144   .4946349     0.33   0.741     .4966742    2.672649
   5+ years  |   .9906291   .1567318    -0.06   0.953     .7265051    1.350776
             |
cancer_hae~t |
  Last year  |    1.14274   1.182893     0.13   0.897     .1502575    8.690774
2-5 years..  |   .4204498   .3034314    -1.20   0.230     .1021919    1.729863
   5+ years  |   1.023981   .1672129     0.15   0.885     .7435213    1.410232
             |
1.~r_disease |   1.105006   .1642548     0.67   0.502     .8257278    1.478742
1.stroke_d~a |    1.04233   .1579733     0.27   0.784     .7744601    1.402851
1.other_ne~o |   .8444882   .1303879    -1.09   0.274     .6239779    1.142926
             |
reduced_ki~t |
Stage 3a/..  |   .8681298   .3163462    -0.39   0.698     .4250177    1.773218
      1.esrd |   1.021976   .1338409     0.17   0.868     .7906151    1.321042
1.other_tr~t |   .9870647   .1627095    -0.08   0.937     .7145491    1.363513
  1.asplenia |   .6582198   .1123997    -2.45   0.014     .4709959    .9198664
1.ra_sle_p~s |   .9821661   .1507669    -0.12   0.907     .7269787    1.326931
1.other_im~o |   1.111581   .1628754     0.72   0.470     .8341001    1.481372
------------------------------------------------------------------------------
                                                             Stratified by stp
(note: file ./output/an_multivariate_cox_models_covidadmission_kids_cat4_FULLYA
> DJMODEL_ageband_1_timeperiod0_11thJuneCensor.ster not found)
file ./output/an_multivariate_cox_models_covidadmission_kids_cat4_FULLYADJMODEL
> _ageband_1_timeperiod0_11thJuneCensor.ster saved

      Test of proportional-hazards assumption

      Time:  Time
      ----------------------------------------------------------------
                  |       rho            chi2       df       Prob>chi2
      ------------+---------------------------------------------------
      0b.kids_cat4|            .            .        1             .
      1.kids_cat4 |     -0.07958         2.23        1         0.1357
      2.kids_cat4 |     -0.06949         1.87        1         0.1719
      3.kids_cat4 |     -0.13812         6.98        1         0.0083
      age1        |      0.06916         2.14        1         0.1437
      age2        |     -0.07711         2.55        1         0.1106
      age3        |      0.07708         2.53        1         0.1120
      0b.male     |            .            .        1             .
      1.male      |      0.14017         8.98        1         0.0027
      1b.obese4cat|            .            .        1             .
      2.obese4cat |      0.01816         0.15        1         0.7023
      3.obese4cat |     -0.15314         9.95        1         0.0016
      4.obese4cat |     -0.07006         2.02        1         0.1548
      1b.smoke_n~s|            .            .        1             .
      2.smoke_no~s|     -0.03851         0.52        1         0.4722
      3.smoke_no~s|      0.02405         0.23        1         0.6284
      1b.imd      |            .            .        1             .
      4.imd       |      0.05321         1.24        1         0.2645
      5.imd       |     -0.00482         0.01        1         0.9240
      1b.tot_adu~h|            .            .        1             .
      2.tot_adul~h|     -0.00160         0.00        1         0.9740
      3.tot_adul~h|      0.04856         0.86        1         0.3548
      1b.ethnicity|            .            .        1             .
      3.ethnicity |      0.07826         2.76        1         0.0967
      5.ethnicity |      0.08704         3.01        1         0.0830
      0b.htdiag_~p|            .            .        1             .
      1.htdiag_o~p|      0.03453         0.47        1         0.4926
      0b.chronic..|            .            .        1             .
      1.~y_disease|      0.01799         0.15        1         0.7000
      0b.asthma   |            .            .        1             .
      1.asthma    |      0.06319         1.56        1         0.2114
      0b.chronic..|            .            .        1             .
      1.~c_disease|     -0.02628         0.29        1         0.5887
      1b.diabcat  |            .            .        1             .
      2.diabcat   |     -0.05614         1.26        1         0.2620
      3.diabcat   |     -0.00563         0.00        1         0.9614
      4.diabcat   |     -0.02141         0.20        1         0.6512
      5.diabcat   |      0.03489         0.49        1         0.4854
      6.diabcat   |      0.07286         1.53        1         0.2167
      1b.c~exhae~t|            .            .        1             .
      2.cancer_e~t|     -0.10193         4.75        1         0.0293
      3.cancer_e~t|     -0.00076         0.00        1         0.9882
      4.cancer_e~t|      0.12962         6.89        1         0.0087
      1b.cancer_..|            .            .        1             .
      2.cancer_h~t|     -0.05864         1.38        1         0.2397
      3.cancer_h~t|     -0.08615         2.82        1         0.0929
      4.cancer_h~t|     -0.02132         0.19        1         0.6640
      0b.chronic..|            .            .        1             .
      1.~r_disease|     -0.08143         2.56        1         0.1096
      0b.stroke_~a|            .            .        1             .
      1.stroke_d~a|      0.02546         0.27        1         0.6038
      0b.other_n~o|            .            .        1             .
      1.other_ne~o|      0.07731         2.43        1         0.1190
      1b.reduced~t|            .            .        1             .
      2.reduced_~t|     -0.01516         0.10        1         0.7460
      0b.esrd     |            .            .        1             .
      1.esrd      |     -0.06509         1.94        1         0.1638
      0b.other_t~t|            .            .        1             .
      1.other_tr~t|     -0.04750         1.07        1         0.3016
      0b.asplenia |            .            .        1             .
      1.asplenia  |     -0.05714         1.35        1         0.2451
      0b.ra_sle_~s|            .            .        1             .
      1.ra_sle_p~s|      0.00262         0.00        1         0.9584
      0b.other_i~o|            .            .        1             .
      1.other_im~o|     -0.03641         0.54        1         0.4605
      ------------+---------------------------------------------------
      global test |                     56.14       42         0.0710
      ----------------------------------------------------------------

note: robust variance-covariance matrix used.
   1:      1.34 /        1 =       1.3420
(6,661 observations (episodes) created)
(cat_time: 6661 changes made)
(covidadmission: 6661 changes made)

observation |
   interval |      Freq.     Percent        Cum.
------------+-----------------------------------
          0 |      4,502       40.33       40.33
          1 |      3,091       27.69       68.02
          2 |      1,966       17.61       85.63
          3 |      1,604       14.37      100.00
------------+-----------------------------------
      Total |     11,163      100.00

           |   Failure/censoring
           |     indicator for
           |  outcome: covid SUS
observatio |       admission
n interval |         0          1 |     Total
-----------+----------------------+----------
         0 |     4,226        276 |     4,502 
         1 |     2,916        175 |     3,091 
         2 |     1,916         50 |     1,966 
         3 |     1,599          5 |     1,604 
-----------+----------------------+----------
     Total |    10,657        506 |    11,163 
(8,075 observations deleted)
   1:      2.28 /        1 =       2.2840

-------------------------------------------------------------------------------
active results
-------------------------------------------------------------------------------

Stratified Cox regr. -- Breslow method for ties

No. of subjects      =        3,091             Number of obs    =       3,091
No. of failures      =          175
Time at risk         =       174603
                                                Wald chi2(40)    =       39.12
Log pseudolikelihood =   -950.53842             Prob > chi2      =      0.5098

                         (Std. Err. adjusted for 850 clusters in household_id)
------------------------------------------------------------------------------
             |               Robust
          _t | Haz. Ratio   Std. Err.      z    P>|z|     [95% Conf. Interval]
-------------+----------------------------------------------------------------
   kids_cat4 |
only <12 ..  |   2.058067   1.216314     1.22   0.222     .6462508    6.554175
 only 12-18  |   2.206897   1.861017     0.94   0.348     .4226557    11.52331
      mixed  |   1.547486   .8735519     0.77   0.439     .5118302    4.678728
             |
        age1 |   .9987691   .0582056    -0.02   0.983     .8909624     1.11962
        age2 |   .8809489   .2264844    -0.49   0.622     .5322481      1.4581
        age3 |   1.512775   .9315265     0.67   0.501     .4525089    5.057333
      1.male |   .8204271   .1254653    -1.29   0.196     .6079509    1.107163
             |
   obese4cat |
Obese I ..)  |    1.35721   .2856825     1.45   0.147     .8984121    2.050306
Obese II..)  |   1.223626   .3080877     0.80   0.423     .7470179    2.004317
Obese II..)  |   1.293082   .3995118     0.83   0.405     .7057296    2.369268
             |
smoke_nomiss |
     Former  |   .2549359   .2460729    -1.42   0.157     .0384434    1.690597
    Current  |     .95532   .2449578    -0.18   0.859     .5779477    1.579098
             |
         imd |
          4  |   1.057705   .1968921     0.30   0.763     .7343675    1.523407
5 most de..  |   .8827862   .2479329    -0.44   0.657     .5090885    1.530798
             |
tot_adults~h |
          2  |   .6435341   .8031789    -0.35   0.724     .0557453    7.429079
          3  |   .4557041   .3638893    -0.98   0.325     .0952753    2.179643
             |
   ethnicity |
Asian or ..  |   .9043219   .2440517    -0.37   0.709     .5328525    1.534755
      Other  |    1.07023   .2663089     0.27   0.785     .6571582    1.742948
             |
1.htdiag_o~p |   .9645646   .1540841    -0.23   0.821     .7052716    1.319187
1.~y_disease |   .9471171    .169114    -0.30   0.761     .6674458    1.343976
    1.asthma |   1.298241   .2999922     1.13   0.259     .8253977    2.041961
1.~c_disease |   1.008898   .1895833     0.05   0.962     .6980669    1.458135
             |
     diabcat |
T1DM, con..  |   .5453687   .3882903    -0.85   0.394     .1350995     2.20154
T1DM, unc..  |   1.491632   1.117761     0.53   0.594     .3434076    6.479083
T2DM, con..  |   .9936872    .210366    -0.03   0.976     .6562182    1.504704
T2DM, unc..  |   .8850664   .3869776    -0.28   0.780     .3756687    2.085195
Diabetes,..  |   1.67e-19          .        .       .            .           .
             |
cancer_exh~t |
  Last year  |   1.721921   1.871146     0.50   0.617     .2046658    14.48709
2-5 years..  |   1.624022   .7990504     0.99   0.324      .619133    4.259902
   5+ years  |   .8199088   .1725514    -0.94   0.345     .5427859    1.238519
             |
cancer_hae~t |
  Last year  |    2.75785   1.696218     1.65   0.099      .826111    9.206675
2-5 years..  |   2.94e-20          .        .       .            .           .
   5+ years  |   1.138713   .2168016     0.68   0.495     .7840656    1.653773
             |
1.~r_disease |   1.257707   .2223232     1.30   0.195      .889434    1.778465
1.stroke_d~a |   .9407246   .1869843    -0.31   0.759      .637195    1.388841
1.other_ne~o |   1.041102   .1940593     0.22   0.829     .7224885    1.500222
             |
reduced_ki~t |
Stage 3a/..  |    .520252   .2729417    -1.25   0.213     .1860565    1.454731
      1.esrd |    1.02953    .161173     0.19   0.853     .7575014    1.399248
1.other_tr~t |   1.090652   .2180023     0.43   0.664     .7371332    1.613714
  1.asplenia |   1.321536   .2525094     1.46   0.145     .9087358    1.921854
1.ra_sle_p~s |    .924875   .1699771    -0.42   0.671     .6451281    1.325929
1.other_im~o |   1.032343   .1941195     0.17   0.866     .7141115    1.492389
------------------------------------------------------------------------------
                                                             Stratified by stp
(note: file ./output/an_multivariate_cox_models_covidadmission_kids_cat4_FULLYA
> DJMODEL_ageband_1_timeperiod1_11thJuneCensor.ster not found)
file ./output/an_multivariate_cox_models_covidadmission_kids_cat4_FULLYADJMODEL
> _ageband_1_timeperiod1_11thJuneCensor.ster saved

      Test of proportional-hazards assumption

      Time:  Time
      ----------------------------------------------------------------
                  |       rho            chi2       df       Prob>chi2
      ------------+---------------------------------------------------
      0b.kids_cat4|            .            .        1             .
      1.kids_cat4 |      0.11686         4.69        1         0.0304
      2.kids_cat4 |      0.03457         0.34        1         0.5616
      3.kids_cat4 |      0.08888         2.51        1         0.1131
      age1        |     -0.05273         0.73        1         0.3929
      age2        |      0.00313         0.00        1         0.9612
      age3        |      0.01315         0.04        1         0.8387
      0b.male     |            .            .        1             .
      1.male      |      0.07749         1.57        1         0.2104
      1b.obese4cat|            .            .        1             .
      2.obese4cat |      0.00687         0.01        1         0.9098
      3.obese4cat |      0.15465         6.38        1         0.0116
      4.obese4cat |     -0.06239         1.25        1         0.2637
      1b.smoke_n~s|            .            .        1             .
      2.smoke_no~s|      0.11892         5.32        1         0.0211
      3.smoke_no~s|     -0.02507         0.18        1         0.6726
      1b.imd      |            .            .        1             .
      4.imd       |     -0.10172         2.80        1         0.0943
      5.imd       |     -0.09556         2.75        1         0.0975
      1b.tot_adu~h|            .            .        1             .
      2.tot_adul~h|      0.07267         1.53        1         0.2160
      3.tot_adul~h|      0.08866         2.31        1         0.1289
      1b.ethnicity|            .            .        1             .
      3.ethnicity |      0.10022         2.88        1         0.0896
      5.ethnicity |     -0.03141         0.25        1         0.6183
      0b.htdiag_~p|            .            .        1             .
      1.htdiag_o~p|     -0.05362         0.88        1         0.3473
      0b.chronic..|            .            .        1             .
      1.~y_disease|      0.13874         6.04        1         0.0140
      0b.asthma   |            .            .        1             .
      1.asthma    |     -0.06420         1.38        1         0.2401
      0b.chronic..|            .            .        1             .
      1.~c_disease|     -0.00129         0.00        1         0.9822
      1b.diabcat  |            .            .        1             .
      2.diabcat   |      0.00169         0.00        1         0.9782
      3.diabcat   |     -0.00135         0.00        1         0.9804
      4.diabcat   |     -0.07784         1.84        1         0.1752
      5.diabcat   |     -0.12708         4.11        1         0.0428
      6.diabcat   |            .            .        1             .
      1b.c~exhae~t|            .            .        1             .
      2.cancer_e~t|      0.12102         4.33        1         0.0373
      3.cancer_e~t|      0.19699        11.08        1         0.0009
      4.cancer_e~t|     -0.11914         4.17        1         0.0412
      1b.cancer_..|            .            .        1             .
      2.cancer_h~t|      0.13779         3.30        1         0.0691
      3.cancer_h~t|            .            .        1             .
      4.cancer_h~t|      0.07151         1.53        1         0.2166
      0b.chronic..|            .            .        1             .
      1.~r_disease|      0.06073         1.07        1         0.3012
      0b.stroke_~a|            .            .        1             .
      1.stroke_d~a|      0.03585         0.36        1         0.5507
      0b.other_n~o|            .            .        1             .
      1.other_ne~o|      0.17247        10.75        1         0.0010
      1b.reduced~t|            .            .        1             .
      2.reduced_~t|     -0.06204         1.13        1         0.2885
      0b.esrd     |            .            .        1             .
      1.esrd      |      0.08939         1.93        1         0.1648
      0b.other_t~t|            .            .        1             .
      1.other_tr~t|      0.06917         1.40        1         0.2369
      0b.asplenia |            .            .        1             .
      1.asplenia  |     -0.22003        16.78        1         0.0000
      0b.ra_sle_~s|            .            .        1             .
      1.ra_sle_p~s|      0.12097         4.50        1         0.0339
      0b.other_i~o|            .            .        1             .
      1.other_im~o|      0.10408         3.66        1         0.0559
      ------------+---------------------------------------------------
      global test |                     78.48       40         0.0003
      ----------------------------------------------------------------

note: robust variance-covariance matrix used.
   1:      0.77 /        1 =       0.7680
(6,661 observations (episodes) created)
(cat_time: 6661 changes made)
(covidadmission: 6661 changes made)

observation |
   interval |      Freq.     Percent        Cum.
------------+-----------------------------------
          0 |      4,502       40.33       40.33
          1 |      3,091       27.69       68.02
          2 |      1,966       17.61       85.63
          3 |      1,604       14.37      100.00
------------+-----------------------------------
      Total |     11,163      100.00

           |   Failure/censoring
           |     indicator for
           |  outcome: covid SUS
observatio |       admission
n interval |         0          1 |     Total
-----------+----------------------+----------
         0 |     4,226        276 |     4,502 
         1 |     2,916        175 |     3,091 
         2 |     1,916         50 |     1,966 
         3 |     1,599          5 |     1,604 
-----------+----------------------+----------
     Total |    10,657        506 |    11,163 
(9,200 observations deleted)
   1:      1.55 /        1 =       1.5550

-------------------------------------------------------------------------------
active results
-------------------------------------------------------------------------------

Stratified Cox regr. -- Breslow method for ties

No. of subjects      =        1,966             Number of obs    =       1,966
No. of failures      =           50
Time at risk         =        46337
                                                Wald chi2(37)    =       57.70
Log pseudolikelihood =   -245.60563             Prob > chi2      =      0.0162

                         (Std. Err. adjusted for 741 clusters in household_id)
------------------------------------------------------------------------------
             |               Robust
          _t | Haz. Ratio   Std. Err.      z    P>|z|     [95% Conf. Interval]
-------------+----------------------------------------------------------------
   kids_cat4 |
only <12 ..  |   .8000633   .9083129    -0.20   0.844     .0864478    7.404479
 only 12-18  |   1.210309   1.695653     0.14   0.892     .0776884    18.85543
      mixed  |   .8642035   .8913122    -0.14   0.887     .1144758    6.524066
             |
        age1 |   1.159962   .1525592     1.13   0.259     .8963822    1.501048
        age2 |   .5491181   .3098155    -1.06   0.288     .1817244    1.659275
        age3 |   3.708542   5.055587     0.96   0.336     .2563431    53.65185
      1.male |   1.052337   .3083385     0.17   0.862     .5925835    1.868787
             |
   obese4cat |
Obese I ..)  |   1.058893   .4446057     0.14   0.892     .4649981    2.411308
Obese II..)  |   .8547255   .4541502    -0.30   0.768     .3016816    2.421611
Obese II..)  |   .9706701   .5318278    -0.05   0.957     .3316656    2.840815
             |
smoke_nomiss |
     Former  |   2.941568   1.846193     1.72   0.086     .8596983    10.06496
    Current  |   1.079696   .5078266     0.16   0.870     .4294822    2.714298
             |
         imd |
          4  |   1.129654   .4512751     0.31   0.760     .5163057    2.471634
5 most de..  |   1.220433   .5373462     0.45   0.651      .514917    2.892615
             |
tot_adults~h |
          2  |   .0026277          .        .       .            .           .
          3  |   1.70e+16          .        .       .            .           .
             |
   ethnicity |
Asian or ..  |   1.150293    .487317     0.33   0.741     .5014186    2.638862
      Other  |   .9862322   .4490686    -0.03   0.976     .4040129    2.407483
             |
1.htdiag_o~p |   2.085625   .6104075     2.51   0.012     1.175201    3.701353
1.~y_disease |   1.286224   .4432553     0.73   0.465     .6546023    2.527293
    1.asthma |    .606723   .3460602    -0.88   0.381     .1983743    1.855647
1.~c_disease |   1.112865   .3708963     0.32   0.748     .5790997    2.138609
             |
     diabcat |
T1DM, con..  |    3.42238   2.064234     2.04   0.041     1.049348    11.16186
T1DM, unc..  |   1.38e-19          .        .       .            .           .
T2DM, con..  |   .7894013   .3324494    -0.56   0.574     .3457975    1.802079
T2DM, unc..  |   1.148397   .7291564     0.22   0.827     .3308529    3.986107
Diabetes,..  |   6.89e-19          .        .       .            .           .
             |
cancer_exh~t |
  Last year  |   4.08e-19          .        .       .            .           .
2-5 years..  |   2.670551   1.879764     1.40   0.163     .6721281    10.61084
   5+ years  |   .6510015   .2758016    -1.01   0.311     .2837685    1.493481
             |
cancer_hae~t |
  Last year  |   7.578919   6.303932     2.44   0.015     1.484573    38.69125
2-5 years..  |   .7432382   .8319777    -0.27   0.791     .0828508    6.667444
   5+ years  |   .5946596   .2722881    -1.14   0.256     .2423889    1.458896
             |
1.~r_disease |   1.257523   .4261532     0.68   0.499     .6472291    2.443282
1.stroke_d~a |   .8865817   .3455206    -0.31   0.757     .4130348    1.903053
1.other_ne~o |   .8186162   .2842141    -0.58   0.564     .4145272    1.616619
             |
reduced_ki~t |
Stage 3a/..  |   .5133163   .5310504    -0.64   0.519     .0675734    3.899366
      1.esrd |     .59949   .2007016    -1.53   0.126     .3110359    1.155456
1.other_tr~t |   .9157273   .3470716    -0.23   0.816     .4356629    1.924783
  1.asplenia |   1.433336   .4386107     1.18   0.239     .7868188    2.611089
1.ra_sle_p~s |   .9646241   .3555406    -0.10   0.922     .4684063    1.986523
1.other_im~o |   1.536548   .4941677     1.34   0.182     .8180733    2.886026
------------------------------------------------------------------------------
                                                             Stratified by stp
(note: file ./output/an_multivariate_cox_models_covidadmission_kids_cat4_FULLYA
> DJMODEL_ageband_1_timeperiod2_11thJuneCensor.ster not found)
file ./output/an_multivariate_cox_models_covidadmission_kids_cat4_FULLYADJMODEL
> _ageband_1_timeperiod2_11thJuneCensor.ster saved

      Test of proportional-hazards assumption

      Time:  Time
      ----------------------------------------------------------------
                  |       rho            chi2       df       Prob>chi2
      ------------+---------------------------------------------------
      0b.kids_cat4|            .            .        1             .
      1.kids_cat4 |     -0.18881         5.03        1         0.0249
      2.kids_cat4 |      0.00648         0.00        1         0.9438
      3.kids_cat4 |     -0.08767         0.83        1         0.3627
      age1        |      0.08150         1.12        1         0.2904
      age2        |     -0.14031         3.55        1         0.0594
      age3        |      0.15724         4.68        1         0.0305
      0b.male     |            .            .        1             .
      1.male      |     -0.16769         3.20        1         0.0735
      1b.obese4cat|            .            .        1             .
      2.obese4cat |     -0.14222         2.32        1         0.1279
      3.obese4cat |     -0.21693         5.02        1         0.0250
      4.obese4cat |     -0.11198         2.08        1         0.1489
      1b.smoke_n~s|            .            .        1             .
      2.smoke_no~s|      0.03075         0.13        1         0.7136
      3.smoke_no~s|     -0.20307         6.53        1         0.0106
      1b.imd      |            .            .        1             .
      4.imd       |     -0.10481         2.77        1         0.0960
      5.imd       |     -0.10932         1.38        1         0.2396
      1b.tot_adu~h|            .            .        1             .
      2.tot_adul~h|            .            .        1             .
      3.tot_adul~h|            .            .        1             .
      1b.ethnicity|            .            .        1             .
      3.ethnicity |     -0.30535        26.94        1         0.0000
      5.ethnicity |     -0.16612         3.35        1         0.0672
      0b.htdiag_~p|            .            .        1             .
      1.htdiag_o~p|     -0.08473         1.48        1         0.2237
      0b.chronic..|            .            .        1             .
      1.~y_disease|      0.03895         0.23        1         0.6332
      0b.asthma   |            .            .        1             .
      1.asthma    |      0.22582         8.73        1         0.0031
      0b.chronic..|            .            .        1             .
      1.~c_disease|      0.05227         0.35        1         0.5526
      1b.diabcat  |            .            .        1             .
      2.diabcat   |     -0.30716        21.35        1         0.0000
      3.diabcat   |            .            .        1             .
      4.diabcat   |     -0.28555        10.77        1         0.0010
      5.diabcat   |     -0.06694         0.52        1         0.4691
      6.diabcat   |            .            .        1             .
      1b.c~exhae~t|            .            .        1             .
      2.cancer_e~t|            .            .        1             .
      3.cancer_e~t|      0.18325         3.56        1         0.0594
      4.cancer_e~t|     -0.16005         4.37        1         0.0366
      1b.cancer_..|            .            .        1             .
      2.cancer_h~t|     -0.03472         0.06        1         0.8014
      3.cancer_h~t|     -0.09828         0.98        1         0.3220
      4.cancer_h~t|      0.14813         3.80        1         0.0512
      0b.chronic..|            .            .        1             .
      1.~r_disease|      0.07500         1.12        1         0.2904
      0b.stroke_~a|            .            .        1             .
      1.stroke_d~a|      0.10112         2.52        1         0.1125
      0b.other_n~o|            .            .        1             .
      1.other_ne~o|     -0.05682         0.36        1         0.5481
      1b.reduced~t|            .            .        1             .
      2.reduced_~t|      0.21468         5.60        1         0.0180
      0b.esrd     |            .            .        1             .
      1.esrd      |     -0.02508         0.09        1         0.7687
      0b.other_t~t|            .            .        1             .
      1.other_tr~t|     -0.03675         0.23        1         0.6310
      0b.asplenia |            .            .        1             .
      1.asplenia  |     -0.03543         0.14        1         0.7118
      0b.ra_sle_~s|            .            .        1             .
      1.ra_sle_p~s|      0.24583        10.89        1         0.0010
      0b.other_i~o|            .            .        1             .
      1.other_im~o|      0.10159         1.75        1         0.1857
      ------------+---------------------------------------------------
      global test |                     73.94       37         0.0003
      ----------------------------------------------------------------

note: robust variance-covariance matrix used.
   1:      0.37 /        1 =       0.3720
(6,661 observations (episodes) created)
(cat_time: 6661 changes made)
(covidadmission: 6661 changes made)

observation |
   interval |      Freq.     Percent        Cum.
------------+-----------------------------------
          0 |      4,502       40.33       40.33
          1 |      3,091       27.69       68.02
          2 |      1,966       17.61       85.63
          3 |      1,604       14.37      100.00
------------+-----------------------------------
      Total |     11,163      100.00

           |   Failure/censoring
           |     indicator for
           |  outcome: covid SUS
observatio |       admission
n interval |         0          1 |     Total
-----------+----------------------+----------
         0 |     4,226        276 |     4,502 
         1 |     2,916        175 |     3,091 
         2 |     1,916         50 |     1,966 
         3 |     1,599          5 |     1,604 
-----------+----------------------+----------
     Total |    10,657        506 |    11,163 
(9,562 observations deleted)
   1:      0.48 /        1 =       0.4820
WARNING AGE SPLINE MODEL DID NOT FIT (OUTCOME covidadmission)

. log close
      name:  <unnamed>
       log:  /workspace/logs/07b_an_multivariable_cox_models_covidadmission_11t
> hJuneCensor.log
  log type:  text
 closed on:  17 Aug 2021, 07:48:54
-------------------------------------------------------------------------------
