-------------------------------------------------------------------------------
      name:  <unnamed>
       log:  /workspace/logs/07b_an_multivariable_cox_models_covid_tpp_prob_11t
> hJuneCensor.log
  log type:  text
 opened on:  17 Aug 2021, 07:47:28

. 
. 
. *****************************************************************************
> ********
. *PROG TO DEFINE THE BASIC COX MODEL WITH OPTIONS FOR HANDLING OF AGE, BMI, ET
> HNICITY:
. cap prog drop basecoxmodel

. prog define basecoxmodel
  1.         syntax , exposure(string) age(string) 
  2. 
. timer clear
  3. timer on 1
  4.         capture stcox   `exposure'                              ///
>                         $demogadjlist                                   ///
>                         $comordidadjlist                                ///
>                         `if'                                                 
>    ///
>                         , strata(stp) vce(cluster household_id)
  5. timer off 1
  6. timer list
  7. end

. *****************************************************************************
> ********
. local outcome `1'

. 
. * Open dataset and fit specified model(s)
. forvalues x=0/1 {
  2. forvalues period=0/3 {
  3. 
. use "$tempdir/cr_create_analysis_dataset_STSET_`outcome'_ageband_`x'.dta", cl
> ear
  4. stsplit cat_time, at(0,78,147,173)
  5. recode cat_time 78=1 147=2 173=3
  6. recode `outcome' .=0 
  7. tab cat_time
  8. tab cat_time `outcome'
  9. 
. keep if cat_time==`period'
 10. 
. 
. 
. ******************************
. *  Multivariable Cox models  *
. ******************************
. 
. 
. 
. foreach exposure_type in kids_cat4  {
 11. 
. *Age spline model (not adj ethnicity)
. basecoxmodel, exposure("i.`exposure_type'") age("age1 age2 age3") 
 12. if _rc==0{
 13. estimates
 14. estimates save "./output/an_multivariate_cox_models_`outcome'_`exposure_ty
> pe'_FULLYADJMODEL_ageband_`x'_timeperiod`period'_11thJuneCensor", replace
 15.         *  Proportional Hazards test 
.         * Based on Schoenfeld residuals 
.         timer clear 
 16.         timer on 1
 17.         if e(N_fail)>0 estat phtest, d
 18.         timer off 1
 19.         timer list 
 20.         
. }
 21. else di "WARNING AGE SPLINE MODEL DID NOT FIT (OUTCOME `outcome')"
 22. 
. }
 23. }
 24. }
(13,607 observations (episodes) created)
(cat_time: 13607 changes made)
(covid_tpp_prob: 13607 changes made)

observation |
   interval |      Freq.     Percent        Cum.
------------+-----------------------------------
          0 |     16,146       54.27       54.27
          1 |      8,140       27.36       81.63
          2 |      3,374       11.34       92.97
          3 |      2,093        7.03      100.00
------------+-----------------------------------
      Total |     29,753      100.00

           |   Failure/censoring
           |     indicator for
           |  outcome: covid prob
observatio |         case
n interval |         0          1 |     Total
-----------+----------------------+----------
         0 |     8,900      7,246 |    16,146 
         1 |     3,998      4,142 |     8,140 
         2 |     2,316      1,058 |     3,374 
         3 |     1,146        947 |     2,093 
-----------+----------------------+----------
     Total |    16,360     13,393 |    29,753 
(13,610 observations deleted)
   1:      8.89 /        1 =       8.8940

-------------------------------------------------------------------------------
active results
-------------------------------------------------------------------------------

Stratified Cox regr. -- Breslow method for ties

No. of subjects      =       16,146             Number of obs    =      16,146
No. of failures      =        7,246
Time at risk         =       934468
                                                Wald chi2(42)    =       35.84
Log pseudolikelihood =   -51347.652             Prob > chi2      =      0.7371

                       (Std. Err. adjusted for 1,129 clusters in household_id)
------------------------------------------------------------------------------
             |               Robust
          _t | Haz. Ratio   Std. Err.      z    P>|z|     [95% Conf. Interval]
-------------+----------------------------------------------------------------
   kids_cat4 |
only <12 ..  |   1.066294   .0814806     0.84   0.401     .9179789    1.238572
 only 12-18  |   1.033191   .1170043     0.29   0.773     .8275344    1.289958
      mixed  |   1.011141    .070675     0.16   0.874       .88169    1.159598
             |
        age1 |   1.004892    .004263     1.15   0.250     .9965715    1.013282
        age2 |   .9890406   .0132804    -0.82   0.412     .9633511    1.015415
        age3 |    1.02742   .0398226     0.70   0.485     .9522598    1.108512
      1.male |   1.061198   .0239299     2.63   0.008     1.015318    1.109151
             |
   obese4cat |
Obese I ..)  |   1.023943   .0347888     0.70   0.486     .9579788    1.094449
Obese II..)  |   .9851808   .0421292    -0.35   0.727     .9059747    1.071312
Obese II..)  |   1.031372   .0508441     0.63   0.531     .9363826    1.135998
             |
smoke_nomiss |
     Former  |   1.006841   .0840535     0.08   0.935     .8548709    1.185827
    Current  |   .9388737   .0347691    -1.70   0.089      .873142    1.009554
             |
         imd |
          4  |    .989171   .0292156    -0.37   0.712     .9335353    1.048122
5 most de..  |   .9674956   .0381252    -0.84   0.402     .8955843    1.045181
             |
tot_adults~h |
          2  |   1.136844   .2384864     0.61   0.541     .7535922    1.715005
          3  |    1.11833   .1832392     0.68   0.495     .8111477    1.541842
             |
   ethnicity |
Asian or ..  |    1.03458     .04079     0.86   0.389     .9576436    1.117697
      Other  |   1.031209   .0389383     0.81   0.416     .9576472    1.110422
             |
1.htdiag_o~p |   1.014175   .0266113     0.54   0.592     .9633361    1.067696
1.~y_disease |   1.009809   .0298056     0.33   0.741      .953049     1.06995
    1.asthma |   .9955277   .0443523    -0.10   0.920      .912286    1.086365
1.~c_disease |   .9790213   .0289074    -0.72   0.473     .9239721     1.03735
             |
     diabcat |
T1DM, con..  |   1.113321   .0790776     1.51   0.131     .9686367    1.279618
T1DM, unc..  |   1.214824   .1857827     1.27   0.203     .9002006    1.639409
T2DM, con..  |   1.022792     .03431     0.67   0.502     .9577084    1.092298
T2DM, unc..  |   1.043126   .0654672     0.67   0.501     .9223906    1.179665
Diabetes,..  |   2.110565   .7294558     2.16   0.031     1.072026      4.1552
             |
cancer_exh~t |
  Last year  |   .9939808    .185289    -0.03   0.974     .6897705    1.432357
2-5 years..  |   1.100974   .1060345     1.00   0.318     .9115872    1.329708
   5+ years  |   .9827521   .0305742    -0.56   0.576     .9246182    1.044541
             |
cancer_hae~t |
  Last year  |   .8554925   .1744291    -0.77   0.444     .5736698    1.275764
2-5 years..  |   .9579011   .0973096    -0.42   0.672      .784965    1.168937
   5+ years  |   .9985272   .0305021    -0.05   0.962     .9404986    1.060136
             |
1.~r_disease |   1.032444   .0300223     1.10   0.272     .9752468    1.092996
1.stroke_d~a |   1.017648   .0279425     0.64   0.524     .9643293    1.073915
1.other_ne~o |   1.004723   .0293763     0.16   0.872     .9487654    1.063981
             |
reduced_ki~t |
Stage 3a/..  |    .735455    .148073    -1.53   0.127     .4956547    1.091272
      1.esrd |      1.013   .0244796     0.53   0.593     .9661397    1.062134
1.other_tr~t |   .9623879   .0284269    -1.30   0.194     .9082544    1.019748
  1.asplenia |   .9723807   .0281544    -0.97   0.333     .9187357    1.029158
1.ra_sle_p~s |   1.020327   .0292544     0.70   0.483     .9645708    1.079306
1.other_im~o |   1.026452   .0304906     0.88   0.379     .9683976    1.087986
------------------------------------------------------------------------------
                                                             Stratified by stp
(note: file ./output/an_multivariate_cox_models_covid_tpp_prob_kids_cat4_FULLYA
> DJMODEL_ageband_0_timeperiod0_11thJuneCensor.ster not found)
file ./output/an_multivariate_cox_models_covid_tpp_prob_kids_cat4_FULLYADJMODEL
> _ageband_0_timeperiod0_11thJuneCensor.ster saved

      Test of proportional-hazards assumption

      Time:  Time
      ----------------------------------------------------------------
                  |       rho            chi2       df       Prob>chi2
      ------------+---------------------------------------------------
      0b.kids_cat4|            .            .        1             .
      1.kids_cat4 |      0.00355         0.08        1         0.7798
      2.kids_cat4 |      0.00889         0.56        1         0.4553
      3.kids_cat4 |      0.00226         0.03        1         0.8615
      age1        |     -0.00610         0.26        1         0.6102
      age2        |     -0.00433         0.13        1         0.7139
      age3        |      0.00761         0.43        1         0.5122
      0b.male     |            .            .        1             .
      1.male      |     -0.02033         2.98        1         0.0845
      1b.obese4cat|            .            .        1             .
      2.obese4cat |     -0.00090         0.01        1         0.9385
      3.obese4cat |     -0.01341         1.43        1         0.2316
      4.obese4cat |     -0.01082         0.87        1         0.3505
      1b.smoke_n~s|            .            .        1             .
      2.smoke_no~s|      0.01436         1.52        1         0.2177
      3.smoke_no~s|     -0.00776         0.46        1         0.4969
      1b.imd      |            .            .        1             .
      4.imd       |      0.00638         0.31        1         0.5765
      5.imd       |     -0.00070         0.00        1         0.9526
      1b.tot_adu~h|            .            .        1             .
      2.tot_adul~h|      0.00466         0.15        1         0.6971
      3.tot_adul~h|      0.00639         0.30        1         0.5840
      1b.ethnicity|            .            .        1             .
      3.ethnicity |      0.01393         1.49        1         0.2219
      5.ethnicity |     -0.00543         0.22        1         0.6423
      0b.htdiag_~p|            .            .        1             .
      1.htdiag_o~p|      0.00591         0.30        1         0.5867
      0b.chronic..|            .            .        1             .
      1.~y_disease|     -0.00091         0.01        1         0.9366
      0b.asthma   |            .            .        1             .
      1.asthma    |      0.00499         0.20        1         0.6516
      0b.chronic..|            .            .        1             .
      1.~c_disease|     -0.00761         0.43        1         0.5110
      1b.diabcat  |            .            .        1             .
      2.diabcat   |      0.01792         2.31        1         0.1284
      3.diabcat   |     -0.00257         0.05        1         0.8275
      4.diabcat   |     -0.00783         0.52        1         0.4730
      5.diabcat   |      0.01189         1.11        1         0.2921
      6.diabcat   |     -0.00280         0.06        1         0.7994
      1b.c~exhae~t|            .            .        1             .
      2.cancer_e~t|     -0.00688         0.39        1         0.5324
      3.cancer_e~t|     -0.00388         0.12        1         0.7279
      4.cancer_e~t|     -0.00374         0.11        1         0.7434
      1b.cancer_..|            .            .        1             .
      2.cancer_h~t|     -0.01510         1.91        1         0.1671
      3.cancer_h~t|     -0.01562         2.00        1         0.1569
      4.cancer_h~t|      0.01991         2.94        1         0.0864
      0b.chronic..|            .            .        1             .
      1.~r_disease|      0.00740         0.43        1         0.5138
      0b.stroke_~a|            .            .        1             .
      1.stroke_d~a|     -0.00557         0.21        1         0.6506
      0b.other_n~o|            .            .        1             .
      1.other_ne~o|      0.00328         0.08        1         0.7772
      1b.reduced~t|            .            .        1             .
      2.reduced_~t|      0.00534         0.21        1         0.6451
      0b.esrd     |            .            .        1             .
      1.esrd      |      0.00249         0.05        1         0.8310
      0b.other_t~t|            .            .        1             .
      1.other_tr~t|     -0.00625         0.30        1         0.5864
      0b.asplenia |            .            .        1             .
      1.asplenia  |      0.00162         0.02        1         0.8884
      0b.ra_sle_~s|            .            .        1             .
      1.ra_sle_p~s|     -0.00379         0.11        1         0.7458
      0b.other_i~o|            .            .        1             .
      1.other_im~o|      0.00503         0.20        1         0.6573
      ------------+---------------------------------------------------
      global test |                     30.07       42         0.9155
      ----------------------------------------------------------------

note: robust variance-covariance matrix used.
   1:     15.71 /        1 =      15.7150
(13,607 observations (episodes) created)
(cat_time: 13607 changes made)
(covid_tpp_prob: 13607 changes made)

observation |
   interval |      Freq.     Percent        Cum.
------------+-----------------------------------
          0 |     16,146       54.27       54.27
          1 |      8,140       27.36       81.63
          2 |      3,374       11.34       92.97
          3 |      2,093        7.03      100.00
------------+-----------------------------------
      Total |     29,753      100.00

           |   Failure/censoring
           |     indicator for
           |  outcome: covid prob
observatio |         case
n interval |         0          1 |     Total
-----------+----------------------+----------
         0 |     8,900      7,246 |    16,146 
         1 |     3,998      4,142 |     8,140 
         2 |     2,316      1,058 |     3,374 
         3 |     1,146        947 |     2,093 
-----------+----------------------+----------
     Total |    16,360     13,393 |    29,753 
(21,616 observations deleted)
   1:      4.06 /        1 =       4.0560

-------------------------------------------------------------------------------
active results
-------------------------------------------------------------------------------

Stratified Cox regr. -- Breslow method for ties

No. of subjects      =        8,140             Number of obs    =       8,140
No. of failures      =        4,142
Time at risk         =       387002
                                                Wald chi2(42)    =       47.82
Log pseudolikelihood =   -26231.416             Prob > chi2      =      0.2482

                       (Std. Err. adjusted for 1,029 clusters in household_id)
------------------------------------------------------------------------------
             |               Robust
          _t | Haz. Ratio   Std. Err.      z    P>|z|     [95% Conf. Interval]
-------------+----------------------------------------------------------------
   kids_cat4 |
only <12 ..  |   1.064266   .1139959     0.58   0.561     .8627322    1.312878
 only 12-18  |   1.145185   .1632545     0.95   0.342     .8660258    1.514331
      mixed  |   1.018356   .1010765     0.18   0.855      .838328    1.237044
             |
        age1 |    1.00051   .0056139     0.09   0.928     .9895671    1.011574
        age2 |   1.002696   .0176906     0.15   0.879     .9686155    1.037975
        age3 |   .9852042   .0495727    -0.30   0.767     .8926808    1.087317
      1.male |   .9958529   .0314364    -0.13   0.895     .9361061    1.059413
             |
   obese4cat |
Obese I ..)  |   1.065103   .0450511     1.49   0.136      .980365    1.157165
Obese II..)  |   1.036442    .053864     0.69   0.491     .9360693    1.147578
Obese II..)  |    1.01067   .0671566     0.16   0.873     .8872558     1.15125
             |
smoke_nomiss |
     Former  |    1.13127   .1291676     1.08   0.280     .9044336    1.414998
    Current  |   .9498879   .0449016    -1.09   0.277     .8658362    1.042099
             |
         imd |
          4  |   .9897859   .0398965    -0.25   0.799     .9145993    1.071153
5 most de..  |   1.019132    .052143     0.37   0.711     .9218905     1.12663
             |
tot_adults~h |
          2  |   .7962935   .2127091    -0.85   0.394     .4717336    1.344155
          3  |   .7363692   .1339371    -1.68   0.092     .5155512    1.051767
             |
   ethnicity |
Asian or ..  |   1.026174   .0514849     0.51   0.607     .9300685    1.132211
      Other  |   .9223489   .0505686    -1.47   0.140     .8283757    1.026983
             |
1.htdiag_o~p |   1.027629   .0338106     0.83   0.407     .9634533     1.09608
1.~y_disease |   .9943868   .0370654    -0.15   0.880     .9243303    1.069753
    1.asthma |   .8692972   .0506527    -2.40   0.016     .7754789    .9744657
1.~c_disease |   .9414266   .0346662    -1.64   0.101     .8758761    1.011883
             |
     diabcat |
T1DM, con..  |   .8039986   .0894447    -1.96   0.050     .6464862    .9998879
T1DM, unc..  |   .6675025   .1937978    -1.39   0.164     .3778517    1.179192
T2DM, con..  |   .9668075    .042109    -0.78   0.438        .8877    1.052965
T2DM, unc..  |   .9441913   .0789223    -0.69   0.492     .8015128    1.112268
Diabetes,..  |   1.102356   .3722717     0.29   0.773     .5686778    2.136866
             |
cancer_exh~t |
  Last year  |   .6949251   .1819498    -1.39   0.165     .4159785    1.160928
2-5 years..  |   1.161703   .1358179     1.28   0.200     .9238021     1.46087
   5+ years  |   1.041037   .0432717     0.97   0.333     .9595886    1.129398
             |
cancer_hae~t |
  Last year  |   .9138108   .2507666    -0.33   0.743     .5336676    1.564739
2-5 years..  |    1.05583   .1318489     0.44   0.664     .8266064     1.34862
   5+ years  |   1.012721   .0401465     0.32   0.750      .937015    1.094545
             |
1.~r_disease |   1.017977   .0397616     0.46   0.648     .9429536    1.098968
1.stroke_d~a |   .9836539   .0385744    -0.42   0.674     .9108819     1.06224
1.other_ne~o |   .9294888   .0382871    -1.78   0.076     .8573968    1.007642
             |
reduced_ki~t |
Stage 3a/..  |   1.059955   .2232355     0.28   0.782     .7014826    1.601613
      1.esrd |   .9895137   .0301943    -0.35   0.730     .9320689    1.050499
1.other_tr~t |    1.05382   .0403039     1.37   0.170     .9777141    1.135851
  1.asplenia |   1.011638   .0378876     0.31   0.757     .9400395     1.08869
1.ra_sle_p~s |   1.058247   .0414013     1.45   0.148     .9801346    1.142584
1.other_im~o |   1.042153   .0406677     1.06   0.290     .9654175    1.124987
------------------------------------------------------------------------------
                                                             Stratified by stp
(note: file ./output/an_multivariate_cox_models_covid_tpp_prob_kids_cat4_FULLYA
> DJMODEL_ageband_0_timeperiod1_11thJuneCensor.ster not found)
file ./output/an_multivariate_cox_models_covid_tpp_prob_kids_cat4_FULLYADJMODEL
> _ageband_0_timeperiod1_11thJuneCensor.ster saved

      Test of proportional-hazards assumption

      Time:  Time
      ----------------------------------------------------------------
                  |       rho            chi2       df       Prob>chi2
      ------------+---------------------------------------------------
      0b.kids_cat4|            .            .        1             .
      1.kids_cat4 |      0.01936         1.47        1         0.2255
      2.kids_cat4 |      0.00619         0.14        1         0.7037
      3.kids_cat4 |      0.02172         1.84        1         0.1747
      age1        |     -0.00736         0.22        1         0.6393
      age2        |      0.00879         0.32        1         0.5740
      age3        |     -0.00798         0.26        1         0.6097
      0b.male     |            .            .        1             .
      1.male      |     -0.01487         0.99        1         0.3189
      1b.obese4cat|            .            .        1             .
      2.obese4cat |      0.02668         2.76        1         0.0967
      3.obese4cat |      0.00777         0.25        1         0.6188
      4.obese4cat |      0.00289         0.04        1         0.8464
      1b.smoke_n~s|            .            .        1             .
      2.smoke_no~s|      0.01415         1.00        1         0.3175
      3.smoke_no~s|      0.02037         1.81        1         0.1780
      1b.imd      |            .            .        1             .
      4.imd       |     -0.02735         3.42        1         0.0642
      5.imd       |     -0.01466         0.91        1         0.3394
      1b.tot_adu~h|            .            .        1             .
      2.tot_adul~h|     -0.00823         0.29        1         0.5932
      3.tot_adul~h|     -0.01589         1.03        1         0.3110
      1b.ethnicity|            .            .        1             .
      3.ethnicity |     -0.00439         0.08        1         0.7817
      5.ethnicity |     -0.00122         0.01        1         0.9331
      0b.htdiag_~p|            .            .        1             .
      1.htdiag_o~p|      0.01324         0.75        1         0.3861
      0b.chronic..|            .            .        1             .
      1.~y_disease|     -0.00906         0.33        1         0.5651
      0b.asthma   |            .            .        1             .
      1.asthma    |      0.01933         1.59        1         0.2073
      0b.chronic..|            .            .        1             .
      1.~c_disease|      0.01374         0.71        1         0.3996
      1b.diabcat  |            .            .        1             .
      2.diabcat   |     -0.00826         0.30        1         0.5847
      3.diabcat   |     -0.03080         4.96        1         0.0259
      4.diabcat   |     -0.01214         0.66        1         0.4160
      5.diabcat   |      0.00921         0.35        1         0.5513
      6.diabcat   |      0.03491         2.05        1         0.1518
      1b.c~exhae~t|            .            .        1             .
      2.cancer_e~t|      0.00892         0.37        1         0.5442
      3.cancer_e~t|     -0.00450         0.08        1         0.7810
      4.cancer_e~t|     -0.01293         0.76        1         0.3826
      1b.cancer_..|            .            .        1             .
      2.cancer_h~t|     -0.03775         7.70        1         0.0055
      3.cancer_h~t|     -0.00592         0.16        1         0.6929
      4.cancer_h~t|      0.02965         3.72        1         0.0537
      0b.chronic..|            .            .        1             .
      1.~r_disease|     -0.00229         0.02        1         0.8795
      0b.stroke_~a|            .            .        1             .
      1.stroke_d~a|     -0.02384         2.45        1         0.1173
      0b.other_n~o|            .            .        1             .
      1.other_ne~o|      0.00730         0.26        1         0.6130
      1b.reduced~t|            .            .        1             .
      2.reduced_~t|     -0.01041         0.45        1         0.5046
      0b.esrd     |            .            .        1             .
      1.esrd      |      0.00250         0.02        1         0.8768
      0b.other_t~t|            .            .        1             .
      1.other_tr~t|      0.01122         0.57        1         0.4495
      0b.asplenia |            .            .        1             .
      1.asplenia  |      0.02646         3.00        1         0.0834
      0b.ra_sle_~s|            .            .        1             .
      1.ra_sle_p~s|     -0.02708         3.33        1         0.0679
      0b.other_i~o|            .            .        1             .
      1.other_im~o|     -0.01349         0.80        1         0.3711
      ------------+---------------------------------------------------
      global test |                     46.33       42         0.2984
      ----------------------------------------------------------------

note: robust variance-covariance matrix used.
   1:      6.91 /        1 =       6.9140
(13,607 observations (episodes) created)
(cat_time: 13607 changes made)
(covid_tpp_prob: 13607 changes made)

observation |
   interval |      Freq.     Percent        Cum.
------------+-----------------------------------
          0 |     16,146       54.27       54.27
          1 |      8,140       27.36       81.63
          2 |      3,374       11.34       92.97
          3 |      2,093        7.03      100.00
------------+-----------------------------------
      Total |     29,753      100.00

           |   Failure/censoring
           |     indicator for
           |  outcome: covid prob
observatio |         case
n interval |         0          1 |     Total
-----------+----------------------+----------
         0 |     8,900      7,246 |    16,146 
         1 |     3,998      4,142 |     8,140 
         2 |     2,316      1,058 |     3,374 
         3 |     1,146        947 |     2,093 
-----------+----------------------+----------
     Total |    16,360     13,393 |    29,753 
(26,382 observations deleted)
   1:      3.07 /        1 =       3.0680

-------------------------------------------------------------------------------
active results
-------------------------------------------------------------------------------

Stratified Cox regr. -- Breslow method for ties

No. of subjects      =        3,374             Number of obs    =       3,374
No. of failures      =        1,058
Time at risk         =        70995
                                                Wald chi2(42)    =      918.23
Log pseudolikelihood =   -5927.0536             Prob > chi2      =      0.0000

                         (Std. Err. adjusted for 859 clusters in household_id)
------------------------------------------------------------------------------
             |               Robust
          _t | Haz. Ratio   Std. Err.      z    P>|z|     [95% Conf. Interval]
-------------+----------------------------------------------------------------
   kids_cat4 |
only <12 ..  |   1.323254   .3153675     1.18   0.240     .8294281    2.111095
 only 12-18  |   1.104793   .3718679     0.30   0.767     .5711767    2.136934
      mixed  |   1.262564   .2736511     1.08   0.282     .8255857    1.930834
             |
        age1 |   .9979807   .0112255    -0.18   0.857     .9762198    1.020227
        age2 |   1.009012    .035187     0.26   0.797     .9423512    1.080389
        age3 |   .9732534   .0965157    -0.27   0.785     .8013346    1.182056
      1.male |   1.082213   .0656224     1.30   0.193     .9609442    1.218785
             |
   obese4cat |
Obese I ..)  |   .8385166   .0853125    -1.73   0.083     .6869238    1.023563
Obese II..)  |   1.041574   .1133294     0.37   0.708      .841539    1.289157
Obese II..)  |   .9283294   .1163486    -0.59   0.553     .7261394    1.186818
             |
smoke_nomiss |
     Former  |   .9826581   .2368022    -0.07   0.942     .6127436    1.575891
    Current  |   .9804338   .0953523    -0.20   0.839     .8102788     1.18632
             |
         imd |
          4  |   1.003633    .074084     0.05   0.961      .868446    1.159864
5 most de..  |   .9380635   .1022811    -0.59   0.558     .7575687    1.161562
             |
tot_adults~h |
          2  |   .8829191   .5851912    -0.19   0.851     .2408529    3.236607
          3  |   .8433139   .3891061    -0.37   0.712     .3413845    2.083218
             |
   ethnicity |
Asian or ..  |   1.133345   .1155747     1.23   0.220     .9280247    1.384091
      Other  |     1.0437   .1027171     0.43   0.664      .860604    1.265749
             |
1.htdiag_o~p |   .9325874   .0636083    -1.02   0.306     .8158912    1.065975
1.~y_disease |   .9802705   .0746739    -0.26   0.794     .8443143    1.138119
    1.asthma |   1.096687   .1121884     0.90   0.367     .8974433    1.340166
1.~c_disease |   1.092406   .0813895     1.19   0.236     .9439856    1.264162
             |
     diabcat |
T1DM, con..  |   1.758907    .250434     3.97   0.000     1.330602    2.325077
T1DM, unc..  |   .8168096   .3627137    -0.46   0.649     .3420857    1.950324
T2DM, con..  |   .9990561   .0865593    -0.01   0.991     .8430257    1.183965
T2DM, unc..  |   .9767159   .1748504    -0.13   0.895     .6876815    1.387232
Diabetes,..  |   2.79e-13   2.84e-13   -28.39   0.000     3.79e-14    2.05e-12
             |
cancer_exh~t |
  Last year  |   .6277027   .3049255    -0.96   0.338     .2422463    1.626488
2-5 years..  |   .9247523   .2550147    -0.28   0.777     .5386337     1.58766
   5+ years  |   .9735913   .0786514    -0.33   0.740      .831022     1.14062
             |
cancer_hae~t |
  Last year  |   1.124306   .4161094     0.32   0.752     .5443172    2.322293
2-5 years..  |    1.13114   .2495658     0.56   0.576     .7340304    1.743086
   5+ years  |   1.017917   .0817989     0.22   0.825      .869582    1.191555
             |
1.~r_disease |   1.128436    .088395     1.54   0.123     .9678295    1.315694
1.stroke_d~a |   1.017186   .0790819     0.22   0.827     .8734202    1.184617
1.other_ne~o |   1.096331   .0825444     1.22   0.222     .9459178    1.270662
             |
reduced_ki~t |
Stage 3a/..  |   1.731337   .7508535     1.27   0.206     .7399954    4.050739
      1.esrd |   1.053801   .0667614     0.83   0.408     .9307488    1.193122
1.other_tr~t |   1.054232   .0777203     0.72   0.474     .9123964    1.218115
  1.asplenia |   1.076544   .0788447     1.01   0.314     .9325898    1.242718
1.ra_sle_p~s |   .9846977   .0785487    -0.19   0.847     .8421765    1.151338
1.other_im~o |   .8830787   .0683704    -1.61   0.108     .7587471    1.027784
------------------------------------------------------------------------------
                                                             Stratified by stp
(note: file ./output/an_multivariate_cox_models_covid_tpp_prob_kids_cat4_FULLYA
> DJMODEL_ageband_0_timeperiod2_11thJuneCensor.ster not found)
file ./output/an_multivariate_cox_models_covid_tpp_prob_kids_cat4_FULLYADJMODEL
> _ageband_0_timeperiod2_11thJuneCensor.ster saved

      Test of proportional-hazards assumption

      Time:  Time
      ----------------------------------------------------------------
                  |       rho            chi2       df       Prob>chi2
      ------------+---------------------------------------------------
      0b.kids_cat4|            .            .        1             .
      1.kids_cat4 |     -0.02524         0.72        1         0.3963
      2.kids_cat4 |      0.01354         0.20        1         0.6513
      3.kids_cat4 |     -0.01282         0.16        1         0.6873
      age1        |      0.00319         0.01        1         0.9146
      age2        |     -0.01150         0.14        1         0.7045
      age3        |      0.01097         0.13        1         0.7187
      0b.male     |            .            .        1             .
      1.male      |     -0.00647         0.05        1         0.8260
      1b.obese4cat|            .            .        1             .
      2.obese4cat |     -0.00088         0.00        1         0.9748
      3.obese4cat |      0.05182         3.17        1         0.0751
      4.obese4cat |      0.04346         2.02        1         0.1557
      1b.smoke_n~s|            .            .        1             .
      2.smoke_no~s|     -0.04254         2.22        1         0.1362
      3.smoke_no~s|     -0.02426         0.73        1         0.3914
      1b.imd      |            .            .        1             .
      4.imd       |     -0.00035         0.00        1         0.9903
      5.imd       |     -0.02349         0.70        1         0.4020
      1b.tot_adu~h|            .            .        1             .
      2.tot_adul~h|     -0.03091         1.17        1         0.2790
      3.tot_adul~h|     -0.01373         0.19        1         0.6601
      1b.ethnicity|            .            .        1             .
      3.ethnicity |      0.00381         0.02        1         0.8943
      5.ethnicity |     -0.01513         0.25        1         0.6153
      0b.htdiag_~p|            .            .        1             .
      1.htdiag_o~p|      0.00237         0.01        1         0.9328
      0b.chronic..|            .            .        1             .
      1.~y_disease|     -0.02044         0.46        1         0.4967
      0b.asthma   |            .            .        1             .
      1.asthma    |      0.01388         0.23        1         0.6336
      0b.chronic..|            .            .        1             .
      1.~c_disease|      0.05148         3.03        1         0.0819
      1b.diabcat  |            .            .        1             .
      2.diabcat   |      0.02159         0.48        1         0.4885
      3.diabcat   |     -0.03068         1.12        1         0.2909
      4.diabcat   |     -0.02712         0.93        1         0.3346
      5.diabcat   |     -0.06280         4.86        1         0.0275
      6.diabcat   |     -0.01596         0.02        1         0.8880
      1b.c~exhae~t|            .            .        1             .
      2.cancer_e~t|      0.00651         0.05        1         0.8272
      3.cancer_e~t|      0.00904         0.09        1         0.7595
      4.cancer_e~t|     -0.00078         0.00        1         0.9787
      1b.cancer_..|            .            .        1             .
      2.cancer_h~t|      0.01476         0.24        1         0.6240
      3.cancer_h~t|     -0.00739         0.06        1         0.8038
      4.cancer_h~t|     -0.05379         3.32        1         0.0686
      0b.chronic..|            .            .        1             .
      1.~r_disease|      0.00246         0.01        1         0.9320
      0b.stroke_~a|            .            .        1             .
      1.stroke_d~a|      0.00519         0.03        1         0.8574
      0b.other_n~o|            .            .        1             .
      1.other_ne~o|      0.00889         0.09        1         0.7602
      1b.reduced~t|            .            .        1             .
      2.reduced_~t|     -0.05469         4.49        1         0.0341
      0b.esrd     |            .            .        1             .
      1.esrd      |     -0.01191         0.16        1         0.6865
      0b.other_t~t|            .            .        1             .
      1.other_tr~t|      0.01777         0.37        1         0.5430
      0b.asplenia |            .            .        1             .
      1.asplenia  |     -0.00584         0.04        1         0.8448
      0b.ra_sle_~s|            .            .        1             .
      1.ra_sle_p~s|      0.03439         1.41        1         0.2356
      0b.other_i~o|            .            .        1             .
      1.other_im~o|     -0.02128         0.48        1         0.4875
      ------------+---------------------------------------------------
      global test |                     34.59       42         0.7846
      ----------------------------------------------------------------

note: robust variance-covariance matrix used.
   1:      1.48 /        1 =       1.4800
(13,607 observations (episodes) created)
(cat_time: 13607 changes made)
(covid_tpp_prob: 13607 changes made)

observation |
   interval |      Freq.     Percent        Cum.
------------+-----------------------------------
          0 |     16,146       54.27       54.27
          1 |      8,140       27.36       81.63
          2 |      3,374       11.34       92.97
          3 |      2,093        7.03      100.00
------------+-----------------------------------
      Total |     29,753      100.00

           |   Failure/censoring
           |     indicator for
           |  outcome: covid prob
observatio |         case
n interval |         0          1 |     Total
-----------+----------------------+----------
         0 |     8,900      7,246 |    16,146 
         1 |     3,998      4,142 |     8,140 
         2 |     2,316      1,058 |     3,374 
         3 |     1,146        947 |     2,093 
-----------+----------------------+----------
     Total |    16,360     13,393 |    29,753 
(27,663 observations deleted)
   1:      0.99 /        1 =       0.9880

-------------------------------------------------------------------------------
active results
-------------------------------------------------------------------------------

Stratified Cox regr. -- Breslow method for ties

No. of subjects      =        2,093             Number of obs    =       2,093
No. of failures      =          947
Time at risk         =        50167
                                                Wald chi2(42)    =      159.65
Log pseudolikelihood =   -4693.6509             Prob > chi2      =      0.0000

                         (Std. Err. adjusted for 752 clusters in household_id)
------------------------------------------------------------------------------
             |               Robust
          _t | Haz. Ratio   Std. Err.      z    P>|z|     [95% Conf. Interval]
-------------+----------------------------------------------------------------
   kids_cat4 |
only <12 ..  |   1.166138   .2801194     0.64   0.522     .7282523    1.867317
 only 12-18  |   1.336285   .4495009     0.86   0.389      .691148    2.583611
      mixed  |   1.108882   .2413206     0.47   0.635     .7238395    1.698745
             |
        age1 |   1.003241   .0126534     0.26   0.798      .978745    1.028351
        age2 |   .9851178   .0382588    -0.39   0.699     .9129148    1.063031
        age3 |   1.039453   .1145898     0.35   0.726     .8374679    1.290155
      1.male |   .9740038   .0662913    -0.39   0.699     .8523684    1.112997
             |
   obese4cat |
Obese I ..)  |    .993595   .0948114    -0.07   0.946     .8241106    1.197935
Obese II..)  |   1.223418   .1329123     1.86   0.063     .9887815    1.513734
Obese II..)  |   .8626836   .1307941    -0.97   0.330     .6409118    1.161194
             |
smoke_nomiss |
     Former  |   .7331351   .2110012    -1.08   0.281     .4170637    1.288741
    Current  |    .991916   .0911889    -0.09   0.930     .8283659    1.187757
             |
         imd |
          4  |   1.058702   .0842958     0.72   0.474     .9057311    1.237507
5 most de..  |   1.089987   .1232394     0.76   0.446     .8733333    1.360386
             |
tot_adults~h |
          2  |   1.851158   1.637859     0.70   0.486     .3268295    10.48493
          3  |   1.603837    1.08182     0.70   0.484     .4275703    6.016068
             |
   ethnicity |
Asian or ..  |   1.056505   .1215758     0.48   0.633     .8431805    1.323799
      Other  |   1.173946   .1192003     1.58   0.114     .9620966    1.432444
             |
1.htdiag_o~p |   1.021888   .0681123     0.32   0.745     .8967426    1.164498
1.~y_disease |   1.054948   .0858603     0.66   0.511     .8994007    1.237396
    1.asthma |   .9118049   .1046863    -0.80   0.421     .7280708    1.141906
1.~c_disease |   1.056888   .0838763     0.70   0.486     .9046411    1.234758
             |
     diabcat |
T1DM, con..  |    .906507   .2183064    -0.41   0.684     .5654361    1.453312
T1DM, unc..  |   1.515155   .4832805     1.30   0.193     .8108754    2.831132
T2DM, con..  |   .9344336    .085375    -0.74   0.458     .7812283    1.117684
T2DM, unc..  |   1.086094   .1741147     0.52   0.606     .7932478    1.487051
Diabetes,..  |   9.785088   2.438697     9.15   0.000     6.003759      15.948
             |
cancer_exh~t |
  Last year  |   1.193017   .4739907     0.44   0.657     .5475963    2.599157
2-5 years..  |   .7432897   .2419101    -0.91   0.362       .39276     1.40666
   5+ years  |   1.045539   .0898688     0.52   0.604     .8834374    1.237385
             |
cancer_hae~t |
  Last year  |   1.651498   .4752927     1.74   0.081     .9395208    2.903016
2-5 years..  |   .8459596   .2209509    -0.64   0.522     .5070253    1.411464
   5+ years  |   1.004742    .088023     0.05   0.957      .846219    1.192961
             |
1.~r_disease |   1.015971   .0883701     0.18   0.855     .8567286    1.204813
1.stroke_d~a |    .999229   .0805066    -0.01   0.992     .8532667     1.17016
1.other_ne~o |   .9030008   .0745121    -1.24   0.216     .7681576    1.061515
             |
reduced_ki~t |
Stage 3a/..  |    1.02455   .4965968     0.05   0.960     .3962398    2.649162
      1.esrd |   .9658338   .0672749    -0.50   0.618      .842582    1.107115
1.other_tr~t |   1.135273   .0893811     1.61   0.107     .9729359    1.324695
  1.asplenia |   .8946867   .0762884    -1.31   0.192     .7569905     1.05743
1.ra_sle_p~s |   1.154212   .0890572     1.86   0.063     .9922205    1.342651
1.other_im~o |   .9830591    .084037    -0.20   0.842     .8314086    1.162371
------------------------------------------------------------------------------
                                                             Stratified by stp
(note: file ./output/an_multivariate_cox_models_covid_tpp_prob_kids_cat4_FULLYA
> DJMODEL_ageband_0_timeperiod3_11thJuneCensor.ster not found)
file ./output/an_multivariate_cox_models_covid_tpp_prob_kids_cat4_FULLYADJMODEL
> _ageband_0_timeperiod3_11thJuneCensor.ster saved

      Test of proportional-hazards assumption

      Time:  Time
      ----------------------------------------------------------------
                  |       rho            chi2       df       Prob>chi2
      ------------+---------------------------------------------------
      0b.kids_cat4|            .            .        1             .
      1.kids_cat4 |     -0.01973         0.43        1         0.5128
      2.kids_cat4 |      0.00521         0.03        1         0.8658
      3.kids_cat4 |      0.01975         0.43        1         0.5125
      age1        |      0.03898         1.73        1         0.1881
      age2        |     -0.02125         0.49        1         0.4834
      age3        |      0.01238         0.17        1         0.6844
      0b.male     |            .            .        1             .
      1.male      |     -0.05803         3.88        1         0.0488
      1b.obese4cat|            .            .        1             .
      2.obese4cat |     -0.04186         1.77        1         0.1837
      3.obese4cat |      0.07319         5.28        1         0.0215
      4.obese4cat |      0.02339         0.60        1         0.4378
      1b.smoke_n~s|            .            .        1             .
      2.smoke_no~s|     -0.02598         0.73        1         0.3941
      3.smoke_no~s|      0.04294         1.66        1         0.1976
      1b.imd      |            .            .        1             .
      4.imd       |     -0.01457         0.21        1         0.6441
      5.imd       |     -0.04278         2.13        1         0.1449
      1b.tot_adu~h|            .            .        1             .
      2.tot_adul~h|      0.00777         0.08        1         0.7709
      3.tot_adul~h|      0.04831         3.24        1         0.0719
      1b.ethnicity|            .            .        1             .
      3.ethnicity |     -0.01736         0.33        1         0.5673
      5.ethnicity |      0.04023         1.65        1         0.1987
      0b.htdiag_~p|            .            .        1             .
      1.htdiag_o~p|     -0.01275         0.15        1         0.6976
      0b.chronic..|            .            .        1             .
      1.~y_disease|     -0.02438         0.62        1         0.4322
      0b.asthma   |            .            .        1             .
      1.asthma    |      0.06182         3.82        1         0.0506
      0b.chronic..|            .            .        1             .
      1.~c_disease|      0.05905         3.38        1         0.0658
      1b.diabcat  |            .            .        1             .
      2.diabcat   |      0.04755         2.33        1         0.1272
      3.diabcat   |      0.01553         0.22        1         0.6401
      4.diabcat   |      0.00393         0.02        1         0.9007
      5.diabcat   |      0.00316         0.01        1         0.9191
      6.diabcat   |     -0.00742         0.03        1         0.8695
      1b.c~exhae~t|            .            .        1             .
      2.cancer_e~t|     -0.00647         0.05        1         0.8278
      3.cancer_e~t|     -0.01095         0.14        1         0.7102
      4.cancer_e~t|      0.02154         0.48        1         0.4869
      1b.cancer_..|            .            .        1             .
      2.cancer_h~t|      0.06459         2.40        1         0.1210
      3.cancer_h~t|      0.02763         0.69        1         0.4062
      4.cancer_h~t|      0.01286         0.19        1         0.6639
      0b.chronic..|            .            .        1             .
      1.~r_disease|     -0.01593         0.29        1         0.5933
      0b.stroke_~a|            .            .        1             .
      1.stroke_d~a|      0.01270         0.17        1         0.6760
      0b.other_n~o|            .            .        1             .
      1.other_ne~o|      0.08090         6.56        1         0.0104
      1b.reduced~t|            .            .        1             .
      2.reduced_~t|     -0.00815         0.06        1         0.8037
      0b.esrd     |            .            .        1             .
      1.esrd      |     -0.06124         4.21        1         0.0401
      0b.other_t~t|            .            .        1             .
      1.other_tr~t|      0.02472         0.62        1         0.4301
      0b.asplenia |            .            .        1             .
      1.asplenia  |     -0.05420         3.05        1         0.0809
      0b.ra_sle_~s|            .            .        1             .
      1.ra_sle_p~s|      0.04014         1.49        1         0.2219
      0b.other_i~o|            .            .        1             .
      1.other_im~o|     -0.03984         1.76        1         0.1849
      ------------+---------------------------------------------------
      global test |                     62.27       42         0.0227
      ----------------------------------------------------------------

note: robust variance-covariance matrix used.
   1:      1.04 /        1 =       1.0420
(3,865 observations (episodes) created)
(cat_time: 3865 changes made)
(covid_tpp_prob: 3865 changes made)

observation |
   interval |      Freq.     Percent        Cum.
------------+-----------------------------------
          0 |      4,504       53.82       53.82
          1 |      2,303       27.52       81.34
          2 |        968       11.57       92.90
          3 |        594        7.10      100.00
------------+-----------------------------------
      Total |      8,369      100.00

           |   Failure/censoring
           |     indicator for
           |  outcome: covid prob
observatio |         case
n interval |         0          1 |     Total
-----------+----------------------+----------
         0 |     2,491      2,013 |     4,504 
         1 |     1,144      1,159 |     2,303 
         2 |       659        309 |       968 
         3 |       339        255 |       594 
-----------+----------------------+----------
     Total |     4,633      3,736 |     8,369 
(3,866 observations deleted)
   1:      2.14 /        1 =       2.1400

-------------------------------------------------------------------------------
active results
-------------------------------------------------------------------------------

Stratified Cox regr. -- Breslow method for ties

No. of subjects      =        4,504             Number of obs    =       4,504
No. of failures      =        2,013
Time at risk         =       261882
                                                Wald chi2(42)    =       47.11
Log pseudolikelihood =   -11691.576             Prob > chi2      =      0.2714

                         (Std. Err. adjusted for 923 clusters in household_id)
------------------------------------------------------------------------------
             |               Robust
          _t | Haz. Ratio   Std. Err.      z    P>|z|     [95% Conf. Interval]
-------------+----------------------------------------------------------------
   kids_cat4 |
only <12 ..  |   .9855506   .1576651    -0.09   0.928     .7202886    1.348501
 only 12-18  |   .9769342   .2217263    -0.10   0.918     .6261458    1.524246
      mixed  |    .887093   .1322838    -0.80   0.422     .6622736    1.188231
             |
        age1 |   1.013915   .0184296     0.76   0.447     .9784296    1.050688
        age2 |   .9407733   .0765156    -0.75   0.453      .802148    1.103356
        age3 |   1.161444   .2268349     0.77   0.443     .7920545    1.703105
      1.male |   1.021508   .0472595     0.46   0.646     .9329564    1.118464
             |
   obese4cat |
Obese I ..)  |   1.054398   .0682391     0.82   0.413     .9287865    1.196997
Obese II..)  |   .9036041   .0781939    -1.17   0.241     .7626389    1.070625
Obese II..)  |   .9218097   .0936514    -0.80   0.423     .7553763    1.124914
             |
smoke_nomiss |
     Former  |   .8053067   .1373177    -1.27   0.204     .5765246    1.124876
    Current  |   1.070736   .0751236     0.97   0.330     .9331718     1.22858
             |
         imd |
          4  |   .9449203    .054243    -0.99   0.324     .8443687    1.057446
5 most de..  |   1.081125   .0822559     1.03   0.305     .9313515    1.254985
             |
tot_adults~h |
          2  |   1.065237   .5042199     0.13   0.894     .4212479    2.693733
          3  |   1.559806   .5056786     1.37   0.170     .8262603    2.944587
             |
   ethnicity |
Asian or ..  |   .9006586   .0688683    -1.37   0.171     .7753068    1.046277
      Other  |   1.003085   .0734906     0.04   0.966       .86891    1.157979
             |
1.htdiag_o~p |    1.00759   .0484911     0.16   0.875     .9168941    1.107258
1.~y_disease |   .9976513   .0555311    -0.04   0.966     .8945391    1.112649
    1.asthma |   1.115229   .0822677     1.48   0.139     .9651014     1.28871
1.~c_disease |    1.04873   .0585584     0.85   0.394     .9400151    1.170018
             |
     diabcat |
T1DM, con..  |   1.047785   .1820331     0.27   0.788     .7454041     1.47283
T1DM, unc..  |   .9484674    .250147    -0.20   0.841     .5656244    1.590438
T2DM, con..  |   .9202336   .0548557    -1.39   0.163     .8187615    1.034282
T2DM, unc..  |   .9111732   .1211465    -0.70   0.484     .7021471    1.182426
Diabetes,..  |   .5687843    .626428    -0.51   0.608     .0656872    4.925095
             |
cancer_exh~t |
  Last year  |   .6854852   .2662206    -0.97   0.331      .320198    1.467498
2-5 years..  |   1.011395   .1846312     0.06   0.951     .7071854    1.446467
   5+ years  |   .9560796   .0571271    -0.75   0.452     .8504202    1.074867
             |
cancer_hae~t |
  Last year  |   1.590816   .4714428     1.57   0.117     .8899465    2.843648
2-5 years..  |   1.152835   .1812518     0.90   0.366     .8471084      1.5689
   5+ years  |   1.004426   .0584895     0.08   0.940     .8960884    1.125861
             |
1.~r_disease |   1.099229   .0568364     1.83   0.067     .9932905    1.216467
1.stroke_d~a |   .9382733   .0523956    -1.14   0.254     .8410001    1.046798
1.other_ne~o |   .8691472   .0497897    -2.45   0.014       .77684    .9724226
             |
reduced_ki~t |
Stage 3a/..  |   1.268636   .1479116     2.04   0.041     1.009472    1.594334
      1.esrd |    1.12206   .0524521     2.46   0.014     1.023824     1.22972
1.other_tr~t |   .9962929     .05803    -0.06   0.949     .8888081    1.116776
  1.asplenia |   1.007747   .0580789     0.13   0.893     .9001083    1.128258
1.ra_sle_p~s |   .9349109   .0525421    -1.20   0.231     .8373992    1.043777
1.other_im~o |   1.043995   .0555014     0.81   0.418     .9406897    1.158645
------------------------------------------------------------------------------
                                                             Stratified by stp
(note: file ./output/an_multivariate_cox_models_covid_tpp_prob_kids_cat4_FULLYA
> DJMODEL_ageband_1_timeperiod0_11thJuneCensor.ster not found)
file ./output/an_multivariate_cox_models_covid_tpp_prob_kids_cat4_FULLYADJMODEL
> _ageband_1_timeperiod0_11thJuneCensor.ster saved

      Test of proportional-hazards assumption

      Time:  Time
      ----------------------------------------------------------------
                  |       rho            chi2       df       Prob>chi2
      ------------+---------------------------------------------------
      0b.kids_cat4|            .            .        1             .
      1.kids_cat4 |     -0.00824         0.16        1         0.6936
      2.kids_cat4 |     -0.00326         0.02        1         0.8859
      3.kids_cat4 |     -0.00142         0.00        1         0.9461
      age1        |      0.00498         0.05        1         0.8185
      age2        |     -0.00367         0.03        1         0.8654
      age3        |      0.00389         0.03        1         0.8578
      0b.male     |            .            .        1             .
      1.male      |     -0.01824         0.78        1         0.3784
      1b.obese4cat|            .            .        1             .
      2.obese4cat |      0.00289         0.02        1         0.8920
      3.obese4cat |     -0.02232         1.15        1         0.2836
      4.obese4cat |     -0.00162         0.01        1         0.9393
      1b.smoke_n~s|            .            .        1             .
      2.smoke_no~s|      0.00825         0.14        1         0.7070
      3.smoke_no~s|     -0.02577         1.44        1         0.2300
      1b.imd      |            .            .        1             .
      4.imd       |     -0.01206         0.33        1         0.5684
      5.imd       |     -0.02750         1.77        1         0.1830
      1b.tot_adu~h|            .            .        1             .
      2.tot_adul~h|      0.02366         1.13        1         0.2883
      3.tot_adul~h|      0.00026         0.00        1         0.9903
      1b.ethnicity|            .            .        1             .
      3.ethnicity |     -0.00562         0.07        1         0.7937
      5.ethnicity |     -0.01693         0.58        1         0.4456
      0b.htdiag_~p|            .            .        1             .
      1.htdiag_o~p|      0.00408         0.04        1         0.8447
      0b.chronic..|            .            .        1             .
      1.~y_disease|     -0.01830         0.74        1         0.3883
      0b.asthma   |            .            .        1             .
      1.asthma    |      0.01962         0.76        1         0.3831
      0b.chronic..|            .            .        1             .
      1.~c_disease|     -0.00304         0.02        1         0.8867
      1b.diabcat  |            .            .        1             .
      2.diabcat   |     -0.01709         0.73        1         0.3921
      3.diabcat   |      0.01494         0.47        1         0.4923
      4.diabcat   |      0.01452         0.42        1         0.5193
      5.diabcat   |     -0.00413         0.04        1         0.8379
      6.diabcat   |     -0.01877         0.94        1         0.3323
      1b.c~exhae~t|            .            .        1             .
      2.cancer_e~t|      0.04245         3.53        1         0.0603
      3.cancer_e~t|     -0.03015         2.16        1         0.1417
      4.cancer_e~t|     -0.01443         0.45        1         0.5014
      1b.cancer_..|            .            .        1             .
      2.cancer_h~t|     -0.00003         0.00        1         0.9989
      3.cancer_h~t|      0.04603         4.16        1         0.0415
      4.cancer_h~t|      0.01367         0.42        1         0.5166
      0b.chronic..|            .            .        1             .
      1.~r_disease|      0.01254         0.31        1         0.5803
      0b.stroke_~a|            .            .        1             .
      1.stroke_d~a|     -0.01479         0.45        1         0.5024
      0b.other_n~o|            .            .        1             .
      1.other_ne~o|     -0.01598         0.56        1         0.4523
      1b.reduced~t|            .            .        1             .
      2.reduced_~t|      0.00517         0.06        1         0.8104
      0b.esrd     |            .            .        1             .
      1.esrd      |      0.01104         0.27        1         0.6006
      0b.other_t~t|            .            .        1             .
      1.other_tr~t|     -0.05414         6.61        1         0.0102
      0b.asplenia |            .            .        1             .
      1.asplenia  |     -0.03927         3.64        1         0.0566
      0b.ra_sle_~s|            .            .        1             .
      1.ra_sle_p~s|     -0.01626         0.60        1         0.4379
      0b.other_i~o|            .            .        1             .
      1.other_im~o|      0.01885         0.72        1         0.3977
      ------------+---------------------------------------------------
      global test |                     35.09       42         0.7662
      ----------------------------------------------------------------

note: robust variance-covariance matrix used.
   1:      3.71 /        1 =       3.7110
(3,865 observations (episodes) created)
(cat_time: 3865 changes made)
(covid_tpp_prob: 3865 changes made)

observation |
   interval |      Freq.     Percent        Cum.
------------+-----------------------------------
          0 |      4,504       53.82       53.82
          1 |      2,303       27.52       81.34
          2 |        968       11.57       92.90
          3 |        594        7.10      100.00
------------+-----------------------------------
      Total |      8,369      100.00

           |   Failure/censoring
           |     indicator for
           |  outcome: covid prob
observatio |         case
n interval |         0          1 |     Total
-----------+----------------------+----------
         0 |     2,491      2,013 |     4,504 
         1 |     1,144      1,159 |     2,303 
         2 |       659        309 |       968 
         3 |       339        255 |       594 
-----------+----------------------+----------
     Total |     4,633      3,736 |     8,369 
(6,067 observations deleted)
   1:      1.09 /        1 =       1.0930

-------------------------------------------------------------------------------
active results
-------------------------------------------------------------------------------

Stratified Cox regr. -- Breslow method for ties

No. of subjects      =        2,303             Number of obs    =       2,303
No. of failures      =        1,159
Time at risk         =       109991
                                                Wald chi2(42)    =       52.92
Log pseudolikelihood =   -5867.6908             Prob > chi2      =      0.1205

                         (Std. Err. adjusted for 782 clusters in household_id)
------------------------------------------------------------------------------
             |               Robust
          _t | Haz. Ratio   Std. Err.      z    P>|z|     [95% Conf. Interval]
-------------+----------------------------------------------------------------
   kids_cat4 |
only <12 ..  |   .7810495   .1659842    -1.16   0.245     .5149748    1.184598
 only 12-18  |   .9114243   .3087651    -0.27   0.784     .4691992    1.770451
      mixed  |   .8523548   .1660089    -0.82   0.412     .5818837    1.248546
             |
        age1 |   .9888514   .0227642    -0.49   0.626     .9452259     1.03449
        age2 |   1.049574   .1088785     0.47   0.641     .8564713    1.286214
        age3 |   .9082147   .2284543    -0.38   0.702     .5547221    1.486968
      1.male |   .9082312   .0520393    -1.68   0.093     .8117547    1.016174
             |
   obese4cat |
Obese I ..)  |   .9710728    .080009    -0.36   0.722     .8262648    1.141259
Obese II..)  |   1.066654   .1095877     0.63   0.530     .8721105    1.304595
Obese II..)  |   .8705887   .1150349    -1.05   0.294     .6719545     1.12794
             |
smoke_nomiss |
     Former  |   .9611177   .1879072    -0.20   0.839     .6551776    1.409919
    Current  |   .9840386   .0907579    -0.17   0.862     .8213075    1.179013
             |
         imd |
          4  |   .9702631   .0751281    -0.39   0.697     .8336437    1.129272
5 most de..  |    1.06255   .1018099     0.63   0.527     .8806231    1.282061
             |
tot_adults~h |
          2  |   .4605991   .2543371    -1.40   0.160     .1560631    1.359396
          3  |     .65792   .2163574    -1.27   0.203     .3453465    1.253404
             |
   ethnicity |
Asian or ..  |   1.092645   .0997059     0.97   0.332     .9137034     1.30663
      Other  |   1.000369   .1074085     0.00   0.997     .8105274    1.234675
             |
1.htdiag_o~p |   .9911353   .0593146    -0.15   0.882     .8814398    1.114482
1.~y_disease |   .9305771     .07194    -0.93   0.352     .7997397    1.082819
    1.asthma |   .9252887   .1001302    -0.72   0.473     .7484528    1.143905
1.~c_disease |   .9867311   .0730281    -0.18   0.857     .8534956    1.140765
             |
     diabcat |
T1DM, con..  |   .7403387   .1707409    -1.30   0.192     .4711094    1.163427
T1DM, unc..  |   1.899783   .4673606     2.61   0.009     1.173011    3.076846
T2DM, con..  |   1.021881   .0787669     0.28   0.779     .8785964    1.188533
T2DM, unc..  |   .8605978   .1400073    -0.92   0.356     .6256359    1.183801
Diabetes,..  |   .4595159   .4177238    -0.86   0.392     .0773596    2.729524
             |
cancer_exh~t |
  Last year  |    3.21377   1.046308     3.59   0.000      1.69781     6.08332
2-5 years..  |   .6723324   .2001828    -1.33   0.182     .3750973    1.205103
   5+ years  |   1.091307   .0806804     1.18   0.237     .9440988    1.261468
             |
cancer_hae~t |
  Last year  |   1.301125   .5559432     0.62   0.538     .5631428    3.006211
2-5 years..  |   .7088029   .2210096    -1.10   0.270     .3846936    1.305978
   5+ years  |   .9955606   .0755217    -0.06   0.953      .858019     1.15515
             |
1.~r_disease |   .9393127   .0735515    -0.80   0.424     .8056716    1.095121
1.stroke_d~a |   1.044896   .0793781     0.58   0.563     .9003464    1.212654
1.other_ne~o |   1.017853   .0697121     0.26   0.796     .8899937    1.164081
             |
reduced_ki~t |
Stage 3a/..  |   .8035153   .1492198    -1.18   0.239     .5583655    1.156298
      1.esrd |   .9171058   .0581379    -1.37   0.172     .8099521    1.038435
1.other_tr~t |   .9321529   .0748996    -0.87   0.382     .7963282    1.091144
  1.asplenia |   .9905587   .0714665    -0.13   0.895     .8599397    1.141018
1.ra_sle_p~s |   1.008953    .072549     0.12   0.901     .8763247    1.161654
1.other_im~o |   1.045039   .0785334     0.59   0.558      .901915    1.210875
------------------------------------------------------------------------------
                                                             Stratified by stp
(note: file ./output/an_multivariate_cox_models_covid_tpp_prob_kids_cat4_FULLYA
> DJMODEL_ageband_1_timeperiod1_11thJuneCensor.ster not found)
file ./output/an_multivariate_cox_models_covid_tpp_prob_kids_cat4_FULLYADJMODEL
> _ageband_1_timeperiod1_11thJuneCensor.ster saved

      Test of proportional-hazards assumption

      Time:  Time
      ----------------------------------------------------------------
                  |       rho            chi2       df       Prob>chi2
      ------------+---------------------------------------------------
      0b.kids_cat4|            .            .        1             .
      1.kids_cat4 |     -0.00482         0.03        1         0.8735
      2.kids_cat4 |      0.01281         0.22        1         0.6425
      3.kids_cat4 |     -0.00077         0.00        1         0.9799
      age1        |      0.01212         0.16        1         0.6919
      age2        |     -0.02197         0.53        1         0.4677
      age3        |      0.02324         0.60        1         0.4372
      0b.male     |            .            .        1             .
      1.male      |     -0.00895         0.09        1         0.7617
      1b.obese4cat|            .            .        1             .
      2.obese4cat |      0.00767         0.07        1         0.7982
      3.obese4cat |     -0.02580         0.87        1         0.3506
      4.obese4cat |      0.03351         1.41        1         0.2351
      1b.smoke_n~s|            .            .        1             .
      2.smoke_no~s|      0.02725         0.89        1         0.3442
      3.smoke_no~s|     -0.00277         0.01        1         0.9246
      1b.imd      |            .            .        1             .
      4.imd       |      0.01190         0.19        1         0.6597
      5.imd       |      0.02712         0.81        1         0.3673
      1b.tot_adu~h|            .            .        1             .
      2.tot_adul~h|      0.02362         0.58        1         0.4468
      3.tot_adul~h|     -0.00018         0.00        1         0.9955
      1b.ethnicity|            .            .        1             .
      3.ethnicity |      0.02111         0.53        1         0.4650
      5.ethnicity |     -0.06206         5.25        1         0.0220
      0b.htdiag_~p|            .            .        1             .
      1.htdiag_o~p|     -0.01955         0.43        1         0.5144
      0b.chronic..|            .            .        1             .
      1.~y_disease|     -0.03764         1.92        1         0.1660
      0b.asthma   |            .            .        1             .
      1.asthma    |      0.00948         0.11        1         0.7444
      0b.chronic..|            .            .        1             .
      1.~c_disease|     -0.01695         0.35        1         0.5551
      1b.diabcat  |            .            .        1             .
      2.diabcat   |      0.03011         1.12        1         0.2905
      3.diabcat   |      0.02711         0.62        1         0.4301
      4.diabcat   |      0.02531         0.81        1         0.3687
      5.diabcat   |      0.04507         2.63        1         0.1048
      6.diabcat   |      0.02198         0.49        1         0.4822
      1b.c~exhae~t|            .            .        1             .
      2.cancer_e~t|     -0.02521         0.70        1         0.4015
      3.cancer_e~t|     -0.05430         4.58        1         0.0323
      4.cancer_e~t|      0.06043         4.43        1         0.0354
      1b.cancer_..|            .            .        1             .
      2.cancer_h~t|      0.03002         0.85        1         0.3568
      3.cancer_h~t|      0.00549         0.04        1         0.8434
      4.cancer_h~t|      0.04759         2.77        1         0.0961
      0b.chronic..|            .            .        1             .
      1.~r_disease|     -0.00540         0.04        1         0.8426
      0b.stroke_~a|            .            .        1             .
      1.stroke_d~a|     -0.02008         0.52        1         0.4696
      0b.other_n~o|            .            .        1             .
      1.other_ne~o|      0.03647         1.56        1         0.2117
      1b.reduced~t|            .            .        1             .
      2.reduced_~t|     -0.00953         0.11        1         0.7353
      0b.esrd     |            .            .        1             .
      1.esrd      |      0.02397         0.75        1         0.3860
      0b.other_t~t|            .            .        1             .
      1.other_tr~t|     -0.04490         2.76        1         0.0964
      0b.asplenia |            .            .        1             .
      1.asplenia  |      0.02844         0.94        1         0.3313
      0b.ra_sle_~s|            .            .        1             .
      1.ra_sle_p~s|     -0.01448         0.26        1         0.6067
      0b.other_i~o|            .            .        1             .
      1.other_im~o|      0.00397         0.02        1         0.8856
      ------------+---------------------------------------------------
      global test |                     39.60       42         0.5770
      ----------------------------------------------------------------

note: robust variance-covariance matrix used.
   1:      1.58 /        1 =       1.5770
(3,865 observations (episodes) created)
(cat_time: 3865 changes made)
(covid_tpp_prob: 3865 changes made)

observation |
   interval |      Freq.     Percent        Cum.
------------+-----------------------------------
          0 |      4,504       53.82       53.82
          1 |      2,303       27.52       81.34
          2 |        968       11.57       92.90
          3 |        594        7.10      100.00
------------+-----------------------------------
      Total |      8,369      100.00

           |   Failure/censoring
           |     indicator for
           |  outcome: covid prob
observatio |         case
n interval |         0          1 |     Total
-----------+----------------------+----------
         0 |     2,491      2,013 |     4,504 
         1 |     1,144      1,159 |     2,303 
         2 |       659        309 |       968 
         3 |       339        255 |       594 
-----------+----------------------+----------
     Total |     4,633      3,736 |     8,369 
(7,402 observations deleted)
   1:      1.11 /        1 =       1.1080

-------------------------------------------------------------------------------
active results
-------------------------------------------------------------------------------

Stratified Cox regr. -- Breslow method for ties

No. of subjects      =          968             Number of obs    =         968
No. of failures      =          309
Time at risk         =        20289
                                                Wald chi2(42)    =     3258.91
Log pseudolikelihood =   -1326.6533             Prob > chi2      =      0.0000

                         (Std. Err. adjusted for 537 clusters in household_id)
------------------------------------------------------------------------------
             |               Robust
          _t | Haz. Ratio   Std. Err.      z    P>|z|     [95% Conf. Interval]
-------------+----------------------------------------------------------------
   kids_cat4 |
only <12 ..  |   .5818334    .214497    -1.47   0.142     .2824861    1.198395
 only 12-18  |   .4173063   .2965136    -1.23   0.219      .103667    1.679846
      mixed  |   .5881778   .1986722    -1.57   0.116     .3033845    1.140312
             |
        age1 |   1.002066   .0475464     0.04   0.965      .913079    1.099726
        age2 |   1.074698   .2270999     0.34   0.733     .7102553    1.626141
        age3 |   .7972154   .4038631    -0.45   0.655     .2953681     2.15173
      1.male |   .9142179   .1096259    -0.75   0.455     .7227369     1.15643
             |
   obese4cat |
Obese I ..)  |   1.072645   .1766278     0.43   0.670     .7767694     1.48122
Obese II..)  |   1.086455   .2360643     0.38   0.703     .7096811    1.663261
Obese II..)  |    .991905   .2334066    -0.03   0.972     .6254212    1.573141
             |
smoke_nomiss |
     Former  |   1.055535   .3563677     0.16   0.873     .5446174    2.045755
    Current  |    1.14511   .1927932     0.80   0.421     .8232603    1.592786
             |
         imd |
          4  |   1.590769   .2118252     3.49   0.000     1.225355    2.065153
5 most de..  |   1.384425   .2723977     1.65   0.098     .9414304    2.035874
             |
tot_adults~h |
          2  |   .4374272   .3893286    -0.93   0.353     .0764365    2.503289
          3  |   .8587298   .4444309    -0.29   0.769     .3114024    2.368052
             |
   ethnicity |
Asian or ..  |   .8039786   .1606152    -1.09   0.275     .5434947    1.189306
      Other  |   .5741986   .1456492    -2.19   0.029     .3492604    .9440063
             |
1.htdiag_o~p |   .7624256   .0975755    -2.12   0.034      .593281    .9797933
1.~y_disease |   .8854955   .1256311    -0.86   0.391      .670534     1.16937
    1.asthma |   1.176371   .2312552     0.83   0.409      .800225    1.729325
1.~c_disease |   .8644971    .124365    -1.01   0.311     .6520955    1.146082
             |
     diabcat |
T1DM, con..  |   1.326146   .4849708     0.77   0.440     .6476009    2.715659
T1DM, unc..  |   .7562544    .779458    -0.27   0.786     .1003112    5.701462
T2DM, con..  |    .929682   .1496974    -0.45   0.651     .6780691    1.274661
T2DM, unc..  |   1.294244     .37413     0.89   0.372     .7344421    2.280736
Diabetes,..  |   1.186868   .6278414     0.32   0.746     .4208476    3.347184
             |
cancer_exh~t |
  Last year  |   6.60e-15   7.08e-15   -30.43   0.000     8.05e-16    5.40e-14
2-5 years..  |   1.230447   .4915493     0.52   0.604     .5623639    2.692204
   5+ years  |   .9877042   .1538529    -0.08   0.937     .7278415    1.340346
             |
cancer_hae~t |
  Last year  |   5.57e-15   4.96e-15   -36.83   0.000     9.71e-16    3.19e-14
2-5 years..  |   .4224307   .3322469    -1.10   0.273     .0904222    1.973494
   5+ years  |   .8532361   .1355452    -1.00   0.318     .6249529    1.164907
             |
1.~r_disease |   1.367282   .1814798     2.36   0.018      1.05409    1.773529
1.stroke_d~a |   .9392289   .1410291    -0.42   0.676     .6997775    1.260616
1.other_ne~o |   1.010352   .1352622     0.08   0.939     .7771715    1.313495
             |
reduced_ki~t |
Stage 3a/..  |   2.074217   .5080493     2.98   0.003     1.283408    3.352306
      1.esrd |   .9025256   .1113473    -0.83   0.406     .7086703     1.14941
1.other_tr~t |   .9497379   .1386762    -0.35   0.724     .7133709    1.264422
  1.asplenia |    1.09202   .1535521     0.63   0.531     .8289733    1.438535
1.ra_sle_p~s |   .9034731   .1362182    -0.67   0.501     .6723232    1.214094
1.other_im~o |   1.066806   .1526925     0.45   0.651     .8058469    1.412272
------------------------------------------------------------------------------
                                                             Stratified by stp
(note: file ./output/an_multivariate_cox_models_covid_tpp_prob_kids_cat4_FULLYA
> DJMODEL_ageband_1_timeperiod2_11thJuneCensor.ster not found)
file ./output/an_multivariate_cox_models_covid_tpp_prob_kids_cat4_FULLYADJMODEL
> _ageband_1_timeperiod2_11thJuneCensor.ster saved

      Test of proportional-hazards assumption

      Time:  Time
      ----------------------------------------------------------------
                  |       rho            chi2       df       Prob>chi2
      ------------+---------------------------------------------------
      0b.kids_cat4|            .            .        1             .
      1.kids_cat4 |     -0.04214         0.52        1         0.4719
      2.kids_cat4 |     -0.02242         0.22        1         0.6385
      3.kids_cat4 |     -0.04112         0.51        1         0.4757
      age1        |     -0.10999         4.57        1         0.0325
      age2        |      0.12839         6.11        1         0.0135
      age3        |     -0.13101         6.28        1         0.0122
      0b.male     |            .            .        1             .
      1.male      |     -0.02397         0.22        1         0.6404
      1b.obese4cat|            .            .        1             .
      2.obese4cat |      0.03846         0.58        1         0.4476
      3.obese4cat |     -0.04654         0.83        1         0.3630
      4.obese4cat |      0.00385         0.01        1         0.9423
      1b.smoke_n~s|            .            .        1             .
      2.smoke_no~s|      0.06345         1.37        1         0.2413
      3.smoke_no~s|      0.03142         0.35        1         0.5515
      1b.imd      |            .            .        1             .
      4.imd       |      0.02781         0.31        1         0.5783
      5.imd       |      0.00378         0.01        1         0.9380
      1b.tot_adu~h|            .            .        1             .
      2.tot_adul~h|      0.01734         0.06        1         0.8140
      3.tot_adul~h|     -0.02864         0.17        1         0.6807
      1b.ethnicity|            .            .        1             .
      3.ethnicity |     -0.05327         1.13        1         0.2885
      5.ethnicity |     -0.05754         1.54        1         0.2142
      0b.htdiag_~p|            .            .        1             .
      1.htdiag_o~p|     -0.07778         2.29        1         0.1304
      0b.chronic..|            .            .        1             .
      1.~y_disease|     -0.01410         0.08        1         0.7820
      0b.asthma   |            .            .        1             .
      1.asthma    |     -0.01221         0.05        1         0.8156
      0b.chronic..|            .            .        1             .
      1.~c_disease|      0.02087         0.16        1         0.6886
      1b.diabcat  |            .            .        1             .
      2.diabcat   |      0.05384         1.33        1         0.2487
      3.diabcat   |     -0.01727         0.11        1         0.7387
      4.diabcat   |      0.02771         0.30        1         0.5825
      5.diabcat   |      0.03012         0.42        1         0.5167
      6.diabcat   |      0.04281         0.24        1         0.6235
      1b.c~exhae~t|            .            .        1             .
      2.cancer_e~t|      0.02715         0.05        1         0.8167
      3.cancer_e~t|      0.00973         0.04        1         0.8380
      4.cancer_e~t|     -0.02329         0.19        1         0.6590
      1b.cancer_..|            .            .        1             .
      2.cancer_h~t|     -0.00581         0.00        1         0.9510
      3.cancer_h~t|     -0.06173         2.04        1         0.1528
      4.cancer_h~t|      0.04443         0.79        1         0.3731
      0b.chronic..|            .            .        1             .
      1.~r_disease|     -0.11695         4.65        1         0.0310
      0b.stroke_~a|            .            .        1             .
      1.stroke_d~a|      0.04097         0.64        1         0.4240
      0b.other_n~o|            .            .        1             .
      1.other_ne~o|      0.03222         0.35        1         0.5552
      1b.reduced~t|            .            .        1             .
      2.reduced_~t|     -0.00143         0.00        1         0.9782
      0b.esrd     |            .            .        1             .
      1.esrd      |     -0.05476         1.37        1         0.2410
      0b.other_t~t|            .            .        1             .
      1.other_tr~t|     -0.04803         0.84        1         0.3602
      0b.asplenia |            .            .        1             .
      1.asplenia  |      0.04232         0.62        1         0.4305
      0b.ra_sle_~s|            .            .        1             .
      1.ra_sle_p~s|     -0.00615         0.02        1         0.8975
      0b.other_i~o|            .            .        1             .
      1.other_im~o|     -0.04788         0.94        1         0.3333
      ------------+---------------------------------------------------
      global test |                     29.81       42         0.9209
      ----------------------------------------------------------------

note: robust variance-covariance matrix used.
   1:      0.42 /        1 =       0.4230
(3,865 observations (episodes) created)
(cat_time: 3865 changes made)
(covid_tpp_prob: 3865 changes made)

observation |
   interval |      Freq.     Percent        Cum.
------------+-----------------------------------
          0 |      4,504       53.82       53.82
          1 |      2,303       27.52       81.34
          2 |        968       11.57       92.90
          3 |        594        7.10      100.00
------------+-----------------------------------
      Total |      8,369      100.00

           |   Failure/censoring
           |     indicator for
           |  outcome: covid prob
observatio |         case
n interval |         0          1 |     Total
-----------+----------------------+----------
         0 |     2,491      2,013 |     4,504 
         1 |     1,144      1,159 |     2,303 
         2 |       659        309 |       968 
         3 |       339        255 |       594 
-----------+----------------------+----------
     Total |     4,633      3,736 |     8,369 
(7,776 observations deleted)
   1:      1.38 /        1 =       1.3830

-------------------------------------------------------------------------------
active results
-------------------------------------------------------------------------------

Stratified Cox regr. -- Breslow method for ties

No. of subjects      =          594             Number of obs    =         594
No. of failures      =          255
Time at risk         =        14546
                                                Wald chi2(40)    =       75.67
Log pseudolikelihood =   -934.00146             Prob > chi2      =      0.0006

                         (Std. Err. adjusted for 400 clusters in household_id)
------------------------------------------------------------------------------
             |               Robust
          _t | Haz. Ratio   Std. Err.      z    P>|z|     [95% Conf. Interval]
-------------+----------------------------------------------------------------
   kids_cat4 |
only <12 ..  |   .8029758   .4232659    -0.42   0.677     .2857694     2.25626
 only 12-18  |   1.354259   .9734912     0.42   0.673     .3309993    5.540853
      mixed  |   .7526667   .3790466    -0.56   0.573     .2805003    2.019631
             |
        age1 |   1.162674   .0620414     2.82   0.005     1.047218    1.290859
        age2 |   .5397159   .1257185    -2.65   0.008     .3418937    .8519997
        age3 |   4.044258   2.268427     2.49   0.013     1.347099    12.14167
      1.male |   .9362422   .1168404    -0.53   0.598     .7330957    1.195682
             |
   obese4cat |
Obese I ..)  |   .9626537   .1994719    -0.18   0.854     .6413457    1.444934
Obese II..)  |   1.516396   .3466916     1.82   0.069     .9687319    2.373677
Obese II..)  |   .9589524   .2718233    -0.15   0.882     .5501951    1.671388
             |
smoke_nomiss |
     Former  |   1.205915    .456861     0.49   0.621     .5739038    2.533929
    Current  |   .6473702   .1502067    -1.87   0.061     .4108203    1.020125
             |
         imd |
          4  |     1.1607   .1901272     0.91   0.363     .8419566    1.600111
5 most de..  |   1.341388   .2725796     1.45   0.148     .9007079    1.997674
             |
tot_adults~h |
          2  |   3.194678   2.684324     1.38   0.167     .6154688    16.58242
          3  |   .9221065   .6306264    -0.12   0.906     .2413495    3.523025
             |
   ethnicity |
Asian or ..  |   1.255226   .2597283     1.10   0.272     .8367453    1.883001
      Other  |   1.656455   .3076928     2.72   0.007     1.150975    2.383931
             |
1.htdiag_o~p |    .857499    .119063    -1.11   0.268     .6531982    1.125699
1.~y_disease |   .8453995   .1393356    -1.02   0.308     .6120264    1.167761
    1.asthma |     1.0291   .2868163     0.10   0.918     .5959678    1.777021
1.~c_disease |    1.16605   .1875715     0.96   0.340     .8507312     1.59824
             |
     diabcat |
T1DM, con..  |   .5085933   .3446325    -1.00   0.318      .134766     1.91938
T1DM, unc..  |   2.562769   1.293671     1.86   0.062      .952857    6.892729
T2DM, con..  |    .929181   .1610619    -0.42   0.672     .6615387    1.305105
T2DM, unc..  |   1.127287    .296478     0.46   0.649     .6732362    1.887564
Diabetes,..  |   5.66e-20          .        .       .            .           .
             |
cancer_exh~t |
  Last year  |   6.91e-20          .        .       .            .           .
2-5 years..  |   1.498896   .5236486     1.16   0.247     .7557862    2.972652
   5+ years  |   .9831088   .1670884    -0.10   0.920     .7045828    1.371738
             |
cancer_hae~t |
  Last year  |   2.937879    2.86409     1.11   0.269     .4347222    19.85437
2-5 years..  |   .7158195   .3308802    -0.72   0.470     .2892972     1.77118
   5+ years  |   1.147126   .1808746     0.87   0.384      .842164    1.562519
             |
1.~r_disease |   .8323939   .1633164    -0.94   0.350     .5666599    1.222743
1.stroke_d~a |   1.089807   .1745674     0.54   0.591     .7961634    1.491752
1.other_ne~o |   1.394627   .2214322     2.09   0.036     1.021665    1.903741
             |
reduced_ki~t |
Stage 3a/..  |   1.256745     .50117     0.57   0.567     .5751771    2.745951
      1.esrd |   1.067832   .1528006     0.46   0.646     .8066791    1.413529
1.other_tr~t |   1.372329   .2149758     2.02   0.043     1.009525    1.865517
  1.asplenia |   1.330814   .2090315     1.82   0.069     .9781802    1.810573
1.ra_sle_p~s |   .7422121   .1215522    -1.82   0.069     .5384267    1.023127
1.other_im~o |   .8864598    .156104    -0.68   0.494     .6277172    1.251855
------------------------------------------------------------------------------
                                                             Stratified by stp
(note: file ./output/an_multivariate_cox_models_covid_tpp_prob_kids_cat4_FULLYA
> DJMODEL_ageband_1_timeperiod3_11thJuneCensor.ster not found)
file ./output/an_multivariate_cox_models_covid_tpp_prob_kids_cat4_FULLYADJMODEL
> _ageband_1_timeperiod3_11thJuneCensor.ster saved

      Test of proportional-hazards assumption

      Time:  Time
      ----------------------------------------------------------------
                  |       rho            chi2       df       Prob>chi2
      ------------+---------------------------------------------------
      0b.kids_cat4|            .            .        1             .
      1.kids_cat4 |      0.04480         0.76        1         0.3839
      2.kids_cat4 |     -0.02086         0.14        1         0.7079
      3.kids_cat4 |      0.05972         1.36        1         0.2430
      age1        |      0.05940         1.06        1         0.3031
      age2        |     -0.09913         2.83        1         0.0924
      age3        |      0.10839         3.37        1         0.0663
      0b.male     |            .            .        1             .
      1.male      |     -0.07736         1.78        1         0.1823
      1b.obese4cat|            .            .        1             .
      2.obese4cat |      0.02025         0.15        1         0.6969
      3.obese4cat |     -0.03436         0.38        1         0.5375
      4.obese4cat |      0.05343         0.94        1         0.3312
      1b.smoke_n~s|            .            .        1             .
      2.smoke_no~s|      0.03676         0.43        1         0.5102
      3.smoke_no~s|      0.03695         0.41        1         0.5199
      1b.imd      |            .            .        1             .
      4.imd       |      0.02336         0.17        1         0.6833
      5.imd       |      0.09527         2.59        1         0.1079
      1b.tot_adu~h|            .            .        1             .
      2.tot_adul~h|      0.04225         0.28        1         0.5984
      3.tot_adul~h|      0.00288         0.00        1         0.9729
      1b.ethnicity|            .            .        1             .
      3.ethnicity |      0.01969         0.12        1         0.7303
      5.ethnicity |     -0.01458         0.06        1         0.7997
      0b.htdiag_~p|            .            .        1             .
      1.htdiag_o~p|     -0.04431         0.67        1         0.4119
      0b.chronic..|            .            .        1             .
      1.~y_disease|     -0.07795         2.25        1         0.1340
      0b.asthma   |            .            .        1             .
      1.asthma    |     -0.06842         2.06        1         0.1508
      0b.chronic..|            .            .        1             .
      1.~c_disease|      0.00816         0.02        1         0.8752
      1b.diabcat  |            .            .        1             .
      2.diabcat   |      0.00193         0.00        1         0.9681
      3.diabcat   |      0.05014         0.38        1         0.5366
      4.diabcat   |      0.06752         1.66        1         0.1970
      5.diabcat   |      0.01230         0.03        1         0.8562
      6.diabcat   |            .            .        1             .
      1b.c~exhae~t|            .            .        1             .
      2.cancer_e~t|            .            .        1             .
      3.cancer_e~t|     -0.00879         0.02        1         0.8928
      4.cancer_e~t|      0.05267         0.87        1         0.3497
      1b.cancer_..|            .            .        1             .
      2.cancer_h~t|      0.06599         1.12        1         0.2904
      3.cancer_h~t|      0.06641         1.15        1         0.2841
      4.cancer_h~t|      0.10004         2.88        1         0.0896
      0b.chronic..|            .            .        1             .
      1.~r_disease|     -0.02196         0.20        1         0.6549
      0b.stroke_~a|            .            .        1             .
      1.stroke_d~a|      0.04493         0.69        1         0.4065
      0b.other_n~o|            .            .        1             .
      1.other_ne~o|     -0.05001         0.93        1         0.3353
      1b.reduced~t|            .            .        1             .
      2.reduced_~t|      0.02380         0.21        1         0.6479
      0b.esrd     |            .            .        1             .
      1.esrd      |      0.06923         2.09        1         0.1482
      0b.other_t~t|            .            .        1             .
      1.other_tr~t|      0.05413         1.06        1         0.3032
      0b.asplenia |            .            .        1             .
      1.asplenia  |      0.01378         0.06        1         0.8141
      0b.ra_sle_~s|            .            .        1             .
      1.ra_sle_p~s|      0.05872         1.23        1         0.2669
      0b.other_i~o|            .            .        1             .
      1.other_im~o|      0.03366         0.41        1         0.5219
      ------------+---------------------------------------------------
      global test |                     33.26       40         0.7658
      ----------------------------------------------------------------

note: robust variance-covariance matrix used.
   1:      0.32 /        1 =       0.3200

. log close
      name:  <unnamed>
       log:  /workspace/logs/07b_an_multivariable_cox_models_covid_tpp_prob_11t
> hJuneCensor.log
  log type:  text
 closed on:  17 Aug 2021, 07:48:25
-------------------------------------------------------------------------------
