-------------------------------------------------------------------------------
      name:  <unnamed>
       log:  /workspace/logs/10_an_interaction_cox_models_vaccine_covid_tpp_pro
> b_sex_shield.log
  log type:  text
 opened on:  15 Mar 2023, 14:22:41

. 
. *****************************************************************************
> ********
. 
. * Open dataset and fit specified model(s)
. foreach x in 0 1 {
  2. 
. use "$tempdir/cr_create_analysis_dataset_STSET_`outcome'_ageband_`x'.dta", cl
> ear
  3. 
. *Censor at date of first child being vaccinated in hh
. replace stime_`outcome'         = under18vacc if stime_`outcome'>under18vacc
  4. stset stime_`outcome', fail(`outcome')          ///
>         id(patient_id) enter(enter_date) origin(enter_date)
  5. 
. gen first_vacc_plus_7d=covid_vacc_date+7
  6. gen second_vacc_plus_7d=covid_vacc_second_dose_date+7
  7. format first_vacc_plus_7d second_vacc_plus_7d %td
  8.  
. stsplit vaccine, after(first_vacc_plus_7d) at(0)
  9. replace vaccine = vaccine +1
 10. stsplit vaccine2, after(second_vacc_plus_7d) at(0)
 11. replace vaccine=2 if vaccine==1 &vaccine2==0 & second_vacc_plus_7d!=.
 12. recode `outcome' .=0 
 13. 
. tab vaccine
 14. tab vaccine `outcome'
 15. foreach strata in male shield {
 16. 
. foreach level in 0 1 {  
 17. 
. *Age spline model (not adj ethnicity, interaction)
. stcox   i.kids_cat4     age1 age2 age3                                  ///
>                         $demogadjlist                                        
>            ///
>                         $comordidadjlist                                     
>            ///
>                         1.vaccine#0.kids_cat4 1.vaccine#1.kids_cat4 1.vaccine
> #2.kids_cat4 1.vaccine#3.kids_cat4 2.vaccine#0.kids_cat4 2.vaccine#1.kids_cat
> 4 2.vaccine#2.kids_cat4 2.vaccine#3.kids_cat4 if `strata'==`level'           
>                  ///
>                         , strata(stp) vce(cluster household_id)
 18. if _rc==0       {
 19. di _n "kids_cat4 " _n "****************"
 20. lincom 1.kids_cat4 + 1.vaccine#1.kids_cat4, eform
 21. di "kids_cat4" _n "****************"
 22. lincom 2.kids_cat4 + 1.vaccine#2.kids_cat4, eform
 23. di "kids_cat4" _n "****************"
 24. lincom 3.kids_cat4 + 1.vaccine#3.kids_cat4, eform
 25. di _n "kids_cat4 " _n "****************"
 26. lincom 1.kids_cat4 + 2.vaccine#1.kids_cat4, eform
 27. di "kids_cat4" _n "****************"
 28. lincom 2.kids_cat4 + 2.vaccine#2.kids_cat4, eform
 29. di "kids_cat4" _n "****************"
 30. lincom 3.kids_cat4 + 2.vaccine#3.kids_cat4, eform
 31. estimates save ./output/an_interaction_cox_models_`outcome'_kids_cat4_vacc
> ine_`x'`strata'`level', replace
 32. }
 33. else di "WARNING GROUP MODEL DID NOT FIT (OUTCOME `outcome')"
 34. }
 35. }
 36. }
(51,919 real changes made)

                id:  patient_id
     failure event:  covid_tpp_prob != 0 & covid_tpp_prob < .
obs. time interval:  (stime_covid_tpp_prob[_n-1], stime_covid_tpp_prob]
 enter on or after:  time enter_date
 exit on or before:  failure
    t for analysis:  (time-origin)
            origin:  time enter_date

------------------------------------------------------------------------------
    107,238  total observations
         12  observations end on or before enter()
------------------------------------------------------------------------------
    107,226  observations remaining, representing
    107,226  subjects
     85,850  failures in single-failure-per-subject data
   13756347  total analysis time at risk and under observation
                                                at risk from t =         0
                                     earliest observed entry t =         0
                                          last observed exit t =       428
(5,307 missing values generated)
(17,201 missing values generated)
(62,257 observations (episodes) created)
(169,483 real changes made)
(2,282 observations (episodes) created)
(2,282 real changes made)
(covid_tpp_prob: 64539 changes made)

observation |
   interval |      Freq.     Percent        Cum.
------------+-----------------------------------
          0 |     99,294       57.81       57.81
          1 |     70,189       40.86       98.67
          2 |      2,282        1.33      100.00
------------+-----------------------------------
      Total |    171,765      100.00

           |   Failure/censoring
           |     indicator for
           |  outcome: covid prob
observatio |         case
n interval |         0          1 |     Total
-----------+----------------------+----------
         0 |    67,316     31,978 |    99,294 
         1 |    17,902     52,287 |    70,189 
         2 |       697      1,585 |     2,282 
-----------+----------------------+----------
     Total |    85,915     85,850 |   171,765 

         failure _d:  covid_tpp_prob
   analysis time _t:  (stime_covid_tpp_prob-origin)
             origin:  time enter_date
  enter on or after:  time enter_date
                 id:  patient_id

note: age1 omitted because of collinearity
note: age2 omitted because of collinearity
note: age3 omitted because of collinearity
note: 0.male omitted because of collinearity
Iteration 0:   log pseudolikelihood = -339008.65
Iteration 1:   log pseudolikelihood =  -338586.9
Iteration 2:   log pseudolikelihood = -338535.95
Iteration 3:   log pseudolikelihood = -338533.66
Iteration 4:   log pseudolikelihood = -338533.65
Refining estimates:
Iteration 0:   log pseudolikelihood = -338533.65

Stratified Cox regr. -- Breslow method for ties

No. of subjects      =       54,870             Number of obs    =      87,952
No. of failures      =       43,908
Time at risk         =      7051576
                                                Wald chi2(49)    =      513.61
Log pseudolikelihood =   -338533.65             Prob > chi2      =      0.0000

                       (Std. Err. adjusted for 1,293 clusters in household_id)
------------------------------------------------------------------------------
             |               Robust
          _t | Haz. Ratio   Std. Err.      z    P>|z|     [95% Conf. Interval]
-------------+----------------------------------------------------------------
   kids_cat4 |
only <12 ..  |   .9543957   .1865983    -0.24   0.811     .6505881    1.400073
 only 12-18  |   .9755186   .2770611    -0.09   0.930     .5590907    1.702115
      mixed  |    1.35834   .2290786     1.82   0.069     .9760156    1.890429
             |
        age1 |   1.002324   .0017516     1.33   0.184     .9988964    1.005762
        age2 |   .9930358   .0055414    -1.25   0.210      .982234    1.003956
        age3 |   1.019937   .0163391     1.23   0.218     .9884102    1.052469
        age1 |          1  (omitted)
        age2 |          1  (omitted)
        age3 |          1  (omitted)
      0.male |          1  (omitted)
             |
   ethnicity |
Asian or ..  |   .9866219   .0155593    -0.85   0.393     .9565927    1.017594
      Other  |   .9942966   .0156927    -0.36   0.717     .9640102    1.025534
             |
   obese4cat |
Obese I ..)  |   .9940855   .0131339    -0.45   0.653      .968674    1.020164
Obese II..)  |   .9986608   .0172909    -0.08   0.938     .9653398    1.033132
Obese II..)  |   .9945964   .0204635    -0.26   0.792     .9552865    1.035524
             |
smoke_nomiss |
     Former  |   1.003165   .0346484     0.09   0.927      .937503    1.073426
    Current  |   1.000291   .0138791     0.02   0.983     .9734551    1.027867
             |
         imd |
          4  |   .9903765   .0111458    -0.86   0.390     .9687702    1.012465
5 most de..  |   .9993095   .0156393    -0.04   0.965     .9691224    1.030437
             |
tot_adults~h |
          2  |   .8192567   .2480825    -0.66   0.510     .4525475    1.483118
          3  |    .971841   .2767124    -0.10   0.920      .556202    1.698079
             |
1.htdiag_o~p |   .9991031   .0105153    -0.09   0.932     .9787046    1.019927
1.~y_disease |   1.005646   .0115016     0.49   0.623      .983354    1.028443
    1.asthma |   1.003089   .0173064     0.18   0.858      .969736    1.037589
1.~c_disease |   1.003888   .0118316     0.33   0.742     .9809644    1.027348
             |
     diabcat |
T1DM, con..  |   1.031673   .0311248     1.03   0.301     .9724376    1.094516
T1DM, unc..  |   1.152336   .0687437     2.38   0.017     1.025179    1.295264
T2DM, con..  |    .996774   .0126357    -0.25   0.799     .9723135     1.02185
T2DM, unc..  |   1.019546     .02553     0.77   0.439     .9707166    1.070832
Diabetes,..  |   1.270205   .1526803     1.99   0.047     1.003595    1.607642
             |
cancer_exh~t |
  Last year  |    .978446   .0726773    -0.29   0.769     .8458845    1.131782
2-5 years..  |   1.021137   .0403088     0.53   0.596     .9451118    1.103277
   5+ years  |   1.012837    .012335     1.05   0.295     .9889467    1.037303
             |
cancer_hae~t |
  Last year  |   1.031735   .0755176     0.43   0.670     .8938497     1.19089
2-5 years..  |    .997572   .0357763    -0.07   0.946     .9298595    1.070215
   5+ years  |   1.011283   .0121473     0.93   0.350     .9877526    1.035374
             |
1.~r_disease |   .9776077   .0112046    -1.98   0.048     .9558919     .999817
1.stroke_d~a |   1.005493   .0120911     0.46   0.649     .9820718    1.029473
1.other_ne~o |   .9912569   .0118135    -0.74   0.461     .9683712    1.014683
             |
reduced_ki~t |
Stage 3a/..  |    .920964   .0506922    -1.50   0.135     .8267807    1.025876
      1.esrd |   1.000008    .009224     0.00   0.999      .982092    1.018251
1.other_tr~t |    1.00971   .0121073     0.81   0.420     .9862565    1.033721
  1.asplenia |   .9721339   .0110911    -2.48   0.013      .950637    .9941169
1.ra_sle_p~s |   .9926723    .012145    -0.60   0.548     .9691518    1.016764
1.other_im~o |   1.003115   .0121756     0.26   0.798     .9795327    1.027264
             |
     vaccine#|
   kids_cat4 |
     1#none  |    .313374    .067186    -5.41   0.000     .2058586    .4770424
          1 #|
only <12 ..  |   .3211022   .0400801    -9.10   0.000     .2514178    .4101008
          1 #|
 only 12-18  |   .6432689   .1936265    -1.47   0.143     .3565969      1.1604
    1#mixed  |   .9908686   .0117891    -0.77   0.441     .9680297    1.014246
     2#none  |   .5096972   .1295791    -2.65   0.008       .30968     .838902
          2 #|
only <12 ..  |   .3931459    .068486    -5.36   0.000     .2794309    .5531375
          2 #|
 only 12-18  |   .3907255   .1642317    -2.24   0.025     .1714314    .8905394
    2#mixed  |   .9473173   .0415454    -1.23   0.217     .8692913    1.032347
------------------------------------------------------------------------------
                                                             Stratified by stp

kids_cat4 
****************

 ( 1)  1.kids_cat4 + 1bn.vaccine#1.kids_cat4 = 0

------------------------------------------------------------------------------
          _t |     exp(b)   Std. Err.      z    P>|z|     [95% Conf. Interval]
-------------+----------------------------------------------------------------
         (1) |   .3064586   .0570892    -6.35   0.000      .212718    .4415088
------------------------------------------------------------------------------
kids_cat4
****************

 ( 1)  2.kids_cat4 + 1bn.vaccine#2.kids_cat4 = 0

------------------------------------------------------------------------------
          _t |     exp(b)   Std. Err.      z    P>|z|     [95% Conf. Interval]
-------------+----------------------------------------------------------------
         (1) |   .6275208   .1375547    -2.13   0.034     .4083587    .9643051
------------------------------------------------------------------------------
kids_cat4
****************

 ( 1)  3.kids_cat4 + 1bn.vaccine#3.kids_cat4 = 0

------------------------------------------------------------------------------
          _t |     exp(b)   Std. Err.      z    P>|z|     [95% Conf. Interval]
-------------+----------------------------------------------------------------
         (1) |   1.345936   .2270399     1.76   0.078     .9670285    1.873311
------------------------------------------------------------------------------

kids_cat4 
****************

 ( 1)  1.kids_cat4 + 2.vaccine#1.kids_cat4 = 0

------------------------------------------------------------------------------
          _t |     exp(b)   Std. Err.      z    P>|z|     [95% Conf. Interval]
-------------+----------------------------------------------------------------
         (1) |   .3752168   .0851622    -4.32   0.000     .2404843    .5854337
------------------------------------------------------------------------------
kids_cat4
****************

 ( 1)  2.kids_cat4 + 2.vaccine#2.kids_cat4 = 0

------------------------------------------------------------------------------
          _t |     exp(b)   Std. Err.      z    P>|z|     [95% Conf. Interval]
-------------+----------------------------------------------------------------
         (1) |     .38116   .1420961    -2.59   0.010     .1835608    .7914702
------------------------------------------------------------------------------
kids_cat4
****************

 ( 1)  3.kids_cat4 + 2.vaccine#3.kids_cat4 = 0

------------------------------------------------------------------------------
          _t |     exp(b)   Std. Err.      z    P>|z|     [95% Conf. Interval]
-------------+----------------------------------------------------------------
         (1) |   1.286779    .223472     1.45   0.147     .9155409    1.808549
------------------------------------------------------------------------------
(note: file ./output/an_interaction_cox_models_covid_tpp_prob_kids_cat4_vaccine
> _0male0.ster not found)
file ./output/an_interaction_cox_models_covid_tpp_prob_kids_cat4_vaccine_0male0
> .ster saved

         failure _d:  covid_tpp_prob
   analysis time _t:  (stime_covid_tpp_prob-origin)
             origin:  time enter_date
  enter on or after:  time enter_date
                 id:  patient_id

note: age1 omitted because of collinearity
note: age2 omitted because of collinearity
note: age3 omitted because of collinearity
note: 1.male omitted because of collinearity
Iteration 0:   log pseudolikelihood = -321708.86
Iteration 1:   log pseudolikelihood = -321312.84
Iteration 2:   log pseudolikelihood =  -321267.4
Iteration 3:   log pseudolikelihood = -321265.62
Iteration 4:   log pseudolikelihood = -321265.61
Refining estimates:
Iteration 0:   log pseudolikelihood = -321265.61

Stratified Cox regr. -- Breslow method for ties

No. of subjects      =       52,356             Number of obs    =      83,813
No. of failures      =       41,942
Time at risk         =      6704771
                                                Wald chi2(49)    =      481.75
Log pseudolikelihood =   -321265.61             Prob > chi2      =      0.0000

                       (Std. Err. adjusted for 1,288 clusters in household_id)
------------------------------------------------------------------------------
             |               Robust
          _t | Haz. Ratio   Std. Err.      z    P>|z|     [95% Conf. Interval]
-------------+----------------------------------------------------------------
   kids_cat4 |
only <12 ..  |   .9550384   .2086021    -0.21   0.833     .6224422    1.465354
 only 12-18  |   .9221293   .2759377    -0.27   0.786     .5129541    1.657697
      mixed  |   1.270452   .2422722     1.26   0.209     .8742507    1.846207
             |
        age1 |   .9984122   .0018001    -0.88   0.378     .9948903    1.001947
        age2 |    1.00238   .0057931     0.41   0.681     .9910901    1.013799
        age3 |   .9969254   .0163907    -0.19   0.851     .9653123    1.029574
        age1 |          1  (omitted)
        age2 |          1  (omitted)
        age3 |          1  (omitted)
      1.male |          1  (omitted)
             |
   ethnicity |
Asian or ..  |   .9772054     .01601    -1.41   0.159     .9463249    1.009094
      Other  |   1.003211   .0160407     0.20   0.841     .9722591    1.035148
             |
   obese4cat |
Obese I ..)  |   1.015129   .0137695     1.11   0.268     .9884969    1.042479
Obese II..)  |   .9911709   .0164852    -0.53   0.594     .9593814    1.024014
Obese II..)  |   .9873215   .0209792    -0.60   0.548     .9470476    1.029308
             |
smoke_nomiss |
     Former  |   1.019739   .0343452     0.58   0.562     .9545978    1.089326
    Current  |   .9750404   .0144741    -1.70   0.089     .9470803    1.003826
             |
         imd |
          4  |   1.003266   .0122131     0.27   0.789     .9796121    1.027491
5 most de..  |   .9861065   .0155605    -0.89   0.375     .9560754    1.017081
             |
tot_adults~h |
          2  |   1.442611   .3792483     1.39   0.163      .861741    2.415026
          3  |    1.43103   .2888925     1.78   0.076     .9634081    2.125626
             |
1.htdiag_o~p |   .9952458   .0103626    -0.46   0.647     .9751413    1.015765
1.~y_disease |   1.023692    .012094     1.98   0.047     1.000261    1.047673
    1.asthma |   1.015771   .0173654     0.92   0.360     .9822997    1.050384
1.~c_disease |   .9948917   .0119666    -0.43   0.670     .9717118    1.018625
             |
     diabcat |
T1DM, con..  |   1.003509   .0295595     0.12   0.905     .9472138    1.063149
T1DM, unc..  |   .9705579   .0707797    -0.41   0.682     .8412906    1.119688
T2DM, con..  |   1.002097   .0129679     0.16   0.871     .9770002    1.027839
T2DM, unc..  |   1.021146   .0250786     0.85   0.394     .9731566    1.071501
Diabetes,..  |   1.091906   .1768336     0.54   0.587     .7949386    1.499812
             |
cancer_exh~t |
  Last year  |   1.032891   .0828023     0.40   0.686     .8827088    1.208625
2-5 years..  |    1.02225   .0375014     0.60   0.549      .951329    1.098459
   5+ years  |   .9778268   .0122978    -1.78   0.075     .9540181     1.00223
             |
cancer_hae~t |
  Last year  |   .9792408   .0833897    -0.25   0.805     .8287114    1.157113
2-5 years..  |   .9498775   .0385658    -1.27   0.205     .8772191    1.028554
   5+ years  |   1.006535   .0128199     0.51   0.609     .9817199    1.031978
             |
1.~r_disease |   .9994709   .0120716    -0.04   0.965     .9760889    1.023413
1.stroke_d~a |   1.012078   .0116746     1.04   0.298     .9894534    1.035221
1.other_ne~o |   1.005829   .0122948     0.48   0.634     .9820184    1.030218
             |
reduced_ki~t |
Stage 3a/..  |   1.814115   2.111421     0.51   0.609     .1853379    17.75683
      1.esrd |    1.00121   .0104652     0.12   0.908     .9809076    1.021933
1.other_tr~t |   1.003384   .0119496     0.28   0.777     .9802348    1.027081
  1.asplenia |   .9992689   .0116334    -0.06   0.950      .976726    1.022332
1.ra_sle_p~s |   .9969699   .0119923    -0.25   0.801     .9737404    1.020754
1.other_im~o |   1.001941   .0121705     0.16   0.873     .9783689    1.026081
             |
     vaccine#|
   kids_cat4 |
     1#none  |   .3323991     .07673    -4.77   0.000     .2114322    .5225749
          1 #|
only <12 ..  |   .3291551   .0451094    -8.11   0.000     .2516208    .4305806
          1 #|
 only 12-18  |   .4625067   .1178221    -3.03   0.002     .2807225    .7620069
    1#mixed  |   1.005465   .0121806     0.45   0.653     .9818729    1.029625
     2#none  |   .3709841    .094087    -3.91   0.000     .2256723    .6098633
          2 #|
only <12 ..  |   .4137924   .0785072    -4.65   0.000     .2852905    .6001746
          2 #|
 only 12-18  |   .7738836   .2944328    -0.67   0.500     .3671354    1.631267
    2#mixed  |   .9653897   .0419957    -0.81   0.418      .886491    1.051311
------------------------------------------------------------------------------
                                                             Stratified by stp

kids_cat4 
****************

 ( 1)  1.kids_cat4 + 1bn.vaccine#1.kids_cat4 = 0

------------------------------------------------------------------------------
          _t |     exp(b)   Std. Err.      z    P>|z|     [95% Conf. Interval]
-------------+----------------------------------------------------------------
         (1) |   .3143557   .0652135    -5.58   0.000     .2093334    .4720675
------------------------------------------------------------------------------
kids_cat4
****************

 ( 1)  2.kids_cat4 + 1bn.vaccine#2.kids_cat4 = 0

------------------------------------------------------------------------------
          _t |     exp(b)   Std. Err.      z    P>|z|     [95% Conf. Interval]
-------------+----------------------------------------------------------------
         (1) |    .426491   .1052192    -3.45   0.001     .2629728     .691686
------------------------------------------------------------------------------
kids_cat4
****************

 ( 1)  3.kids_cat4 + 1bn.vaccine#3.kids_cat4 = 0

------------------------------------------------------------------------------
          _t |     exp(b)   Std. Err.      z    P>|z|     [95% Conf. Interval]
-------------+----------------------------------------------------------------
         (1) |   1.277395   .2437744     1.28   0.200     .8787886    1.856804
------------------------------------------------------------------------------

kids_cat4 
****************

 ( 1)  1.kids_cat4 + 2.vaccine#1.kids_cat4 = 0

------------------------------------------------------------------------------
          _t |     exp(b)   Std. Err.      z    P>|z|     [95% Conf. Interval]
-------------+----------------------------------------------------------------
         (1) |   .3951876   .0957658    -3.83   0.000     .2457716    .6354406
------------------------------------------------------------------------------
kids_cat4
****************

 ( 1)  2.kids_cat4 + 2.vaccine#2.kids_cat4 = 0

------------------------------------------------------------------------------
          _t |     exp(b)   Std. Err.      z    P>|z|     [95% Conf. Interval]
-------------+----------------------------------------------------------------
         (1) |   .7136207   .2638622    -0.91   0.361      .345728    1.472992
------------------------------------------------------------------------------
kids_cat4
****************

 ( 1)  3.kids_cat4 + 2.vaccine#3.kids_cat4 = 0

------------------------------------------------------------------------------
          _t |     exp(b)   Std. Err.      z    P>|z|     [95% Conf. Interval]
-------------+----------------------------------------------------------------
         (1) |   1.226481   .2393471     1.05   0.296     .8366606    1.797928
------------------------------------------------------------------------------
(note: file ./output/an_interaction_cox_models_covid_tpp_prob_kids_cat4_vaccine
> _0male1.ster not found)
file ./output/an_interaction_cox_models_covid_tpp_prob_kids_cat4_vaccine_0male1
> .ster saved

         failure _d:  covid_tpp_prob
   analysis time _t:  (stime_covid_tpp_prob-origin)
             origin:  time enter_date
  enter on or after:  time enter_date
                 id:  patient_id

note: age1 omitted because of collinearity
note: age2 omitted because of collinearity
note: age3 omitted because of collinearity
note: 0.chronic_respiratory_disease omitted because of collinearity
note: 0.asthma omitted because of collinearity
note: 1.cancer_exhaem_cat omitted because of collinearity
note: 1.cancer_haem_cat omitted because of collinearity
note: 0.esrd omitted because of collinearity
note: 0.other_transplant omitted because of collinearity
note: 0.asplenia omitted because of collinearity
note: 0.other_immuno omitted because of collinearity
Iteration 0:   log pseudolikelihood = -85919.177
Iteration 1:   log pseudolikelihood = -85799.057
Iteration 2:   log pseudolikelihood = -85786.338
Iteration 3:   log pseudolikelihood =  -85785.82
Iteration 4:   log pseudolikelihood = -85785.818
Iteration 5:   log pseudolikelihood = -85785.818
Refining estimates:
Iteration 0:   log pseudolikelihood = -85785.818

Stratified Cox regr. -- Breslow method for ties

No. of subjects      =       16,412             Number of obs    =      26,247
No. of failures      =       13,184
Time at risk         =      2100132
                                                Wald chi2(38)    =      182.06
Log pseudolikelihood =   -85785.818             Prob > chi2      =      0.0000

                       (Std. Err. adjusted for 1,131 clusters in household_id)
------------------------------------------------------------------------------
             |               Robust
          _t | Haz. Ratio   Std. Err.      z    P>|z|     [95% Conf. Interval]
-------------+----------------------------------------------------------------
   kids_cat4 |
only <12 ..  |   1.741567   .6903455     1.40   0.162       .80081    3.787484
 only 12-18  |   1.657836   .8771123     0.96   0.339     .5877544    4.676138
      mixed  |   2.193893   .7749038     2.22   0.026     1.097901    4.383973
             |
        age1 |   .9975876   .0030928    -0.78   0.436     .9915441    1.003668
        age2 |   1.010954   .0099684     1.10   0.269     .9916033    1.030681
        age3 |   .9655871   .0274042    -1.23   0.217     .9133424     1.02082
        age1 |          1  (omitted)
        age2 |          1  (omitted)
        age3 |          1  (omitted)
      1.male |   1.004218   .0171608     0.25   0.805     .9711402    1.038422
             |
   ethnicity |
Asian or ..  |   .9573161    .027627    -1.51   0.131      .904671    1.013025
      Other  |   .9427524   .0271454    -2.05   0.041     .8910218    .9974863
             |
   obese4cat |
Obese I ..)  |     .98857   .0256076    -0.44   0.657     .9396328    1.040056
Obese II..)  |   1.006318   .0296134     0.21   0.831     .9499185    1.066065
Obese II..)  |   .9761803   .0369082    -0.64   0.524     .9064569    1.051267
             |
smoke_nomiss |
     Former  |   1.041949   .0616545     0.69   0.487     .9278527    1.170076
    Current  |   .9492955   .0245257    -2.01   0.044     .9024228    .9986028
             |
         imd |
          4  |   1.006507   .0215145     0.30   0.762     .9652103     1.04957
5 most de..  |   .9862498   .0273018    -0.50   0.617     .9341651    1.041238
             |
tot_adults~h |
          2  |   2.056509   1.167916     1.27   0.204     .6756523    6.259477
          3  |   2.078496   1.086146     1.40   0.161     .7463501    5.788364
             |
1.htdiag_o~p |   .9822484   .0177937    -0.99   0.323     .9479853     1.01775
0.~y_disease |          1  (omitted)
    0.asthma |          1  (omitted)
1.~c_disease |   .9784348   .0223657    -0.95   0.340     .9355663    1.023268
             |
     diabcat |
T1DM, con..  |    1.08678   .0534275     1.69   0.090     .9869504    1.196707
T1DM, unc..  |   1.133442    .125553     1.13   0.258     .9122431    1.408277
T2DM, con..  |   .9596723   .0239525    -1.65   0.099      .913856    1.007786
T2DM, unc..  |   1.014749    .042445     0.35   0.726     .9348774    1.101445
Diabetes,..  |    1.10782   .2816477     0.40   0.687     .6730748    1.823372
             |
cancer_exh~t |
      Never  |          1  (omitted)
             |
cancer_hae~t |
      Never  |          1  (omitted)
1.~r_disease |   1.023514   .0226425     1.05   0.293     .9800837    1.068869
1.stroke_d~a |   .9904879   .0216656    -0.44   0.662     .9489214    1.033875
1.other_ne~o |   1.017294   .0219806     0.79   0.427      .975112      1.0613
             |
reduced_ki~t |
Stage 3a/..  |   1.084551   .1569305     0.56   0.575     .8167406    1.440176
      0.esrd |          1  (omitted)
0.other_tr~t |          1  (omitted)
  0.asplenia |          1  (omitted)
1.ra_sle_p~s |   1.020297   .0220593     0.93   0.353     .9779644    1.064461
0.other_im~o |          1  (omitted)
             |
     vaccine#|
   kids_cat4 |
     1#none  |   .8054293   .2918405    -0.60   0.550     .3959148    1.638525
          1 #|
only <12 ..  |   .3186851   .0675842    -5.39   0.000     .2103031    .4829231
          1 #|
 only 12-18  |   .3857411   .1999892    -1.84   0.066     .1396325    1.065627
    1#mixed  |   .9807772   .0208897    -0.91   0.362      .940677    1.022587
     2#none  |   .7678246   .3980477    -0.51   0.610     .2779655    2.120963
          2 #|
only <12 ..  |   .4038487   .1256933    -2.91   0.004      .219428    .7432679
          2 #|
 only 12-18  |   .8975011   .6733485    -0.14   0.885     .2062636    3.905237
    2#mixed  |   .9825707    .077909    -0.22   0.825     .8411456    1.147774
------------------------------------------------------------------------------
                                                             Stratified by stp

kids_cat4 
****************

 ( 1)  1.kids_cat4 + 1bn.vaccine#1.kids_cat4 = 0

------------------------------------------------------------------------------
          _t |     exp(b)   Std. Err.      z    P>|z|     [95% Conf. Interval]
-------------+----------------------------------------------------------------
         (1) |   .5550115   .2115879    -1.54   0.122     .2629039    1.171674
------------------------------------------------------------------------------
kids_cat4
****************

 ( 1)  2.kids_cat4 + 1bn.vaccine#2.kids_cat4 = 0

------------------------------------------------------------------------------
          _t |     exp(b)   Std. Err.      z    P>|z|     [95% Conf. Interval]
-------------+----------------------------------------------------------------
         (1) |   .6394955   .3168794    -0.90   0.367     .2421334    1.688964
------------------------------------------------------------------------------
kids_cat4
****************

 ( 1)  3.kids_cat4 + 1bn.vaccine#3.kids_cat4 = 0

------------------------------------------------------------------------------
          _t |     exp(b)   Std. Err.      z    P>|z|     [95% Conf. Interval]
-------------+----------------------------------------------------------------
         (1) |   2.151721   .7596517     2.17   0.030     1.077146    4.298306
------------------------------------------------------------------------------

kids_cat4 
****************

 ( 1)  1.kids_cat4 + 2.vaccine#1.kids_cat4 = 0

------------------------------------------------------------------------------
          _t |     exp(b)   Std. Err.      z    P>|z|     [95% Conf. Interval]
-------------+----------------------------------------------------------------
         (1) |   .7033294    .298906    -0.83   0.408       .30578    1.617739
------------------------------------------------------------------------------
kids_cat4
****************

 ( 1)  2.kids_cat4 + 2.vaccine#2.kids_cat4 = 0

------------------------------------------------------------------------------
          _t |     exp(b)   Std. Err.      z    P>|z|     [95% Conf. Interval]
-------------+----------------------------------------------------------------
         (1) |    1.48791   1.101739     0.54   0.592     .3485741    6.351233
------------------------------------------------------------------------------
kids_cat4
****************

 ( 1)  3.kids_cat4 + 2.vaccine#3.kids_cat4 = 0

------------------------------------------------------------------------------
          _t |     exp(b)   Std. Err.      z    P>|z|     [95% Conf. Interval]
-------------+----------------------------------------------------------------
         (1) |   2.155655   .7780226     2.13   0.033     1.062582     4.37317
------------------------------------------------------------------------------
(note: file ./output/an_interaction_cox_models_covid_tpp_prob_kids_cat4_vaccine
> _0shield0.ster not found)
file ./output/an_interaction_cox_models_covid_tpp_prob_kids_cat4_vaccine_0shiel
> d0.ster saved

         failure _d:  covid_tpp_prob
   analysis time _t:  (stime_covid_tpp_prob-origin)
             origin:  time enter_date
  enter on or after:  time enter_date
                 id:  patient_id

note: age1 omitted because of collinearity
note: age2 omitted because of collinearity
note: age3 omitted because of collinearity
Iteration 0:   log pseudolikelihood = -597471.09
Iteration 1:   log pseudolikelihood = -596775.17
Iteration 2:   log pseudolikelihood = -596692.26
Iteration 3:   log pseudolikelihood = -596688.61
Iteration 4:   log pseudolikelihood = -596688.59
Refining estimates:
Iteration 0:   log pseudolikelihood = -596688.59

Stratified Cox regr. -- Breslow method for ties

No. of subjects      =       90,814             Number of obs    =     145,518
No. of failures      =       72,666
Time at risk         =     11656215
                                                Wald chi2(50)    =      758.12
Log pseudolikelihood =   -596688.59             Prob > chi2      =      0.0000

                       (Std. Err. adjusted for 1,353 clusters in household_id)
------------------------------------------------------------------------------
             |               Robust
          _t | Haz. Ratio   Std. Err.      z    P>|z|     [95% Conf. Interval]
-------------+----------------------------------------------------------------
   kids_cat4 |
only <12 ..  |   .8703047   .1413164    -0.86   0.392     .6330773    1.196426
 only 12-18  |   .8854753   .1983773    -0.54   0.587     .5707917    1.373647
      mixed  |   1.224336   .1771533     1.40   0.162     .9220135    1.625788
             |
        age1 |   1.000882   .0013546     0.65   0.515     .9982302     1.00354
        age2 |   .9955013   .0043018    -1.04   0.297     .9871055    1.003968
        age3 |   1.015566   .0126192     1.24   0.214     .9911311    1.040602
        age1 |          1  (omitted)
        age2 |          1  (omitted)
        age3 |          1  (omitted)
      1.male |   1.008378    .007541     1.12   0.265     .9937058    1.023267
             |
   ethnicity |
Asian or ..  |   .9862022    .012171    -1.13   0.260     .9626336    1.010348
      Other  |   1.008386   .0124575     0.68   0.499     .9842634    1.033101
             |
   obese4cat |
Obese I ..)  |   1.006887   .0104875     0.66   0.510     .9865406    1.027654
Obese II..)  |   .9924124   .0130467    -0.58   0.562     .9671679    1.018316
Obese II..)  |   .9939235   .0163983    -0.37   0.712     .9622976    1.026589
             |
smoke_nomiss |
     Former  |   1.003667   .0263491     0.14   0.889     .9533294    1.056662
    Current  |   .9952019   .0108361    -0.44   0.659     .9741885    1.016669
             |
         imd |
          4  |   .9947841   .0089322    -0.58   0.560     .9774305    1.012446
5 most de..  |   .9939716   .0125405    -0.48   0.632      .969694    1.018857
             |
tot_adults~h |
          2  |   .9835556   .1989432    -0.08   0.935     .6616478    1.462079
          3  |   1.062423   .1803919     0.36   0.721     .7616742    1.481922
             |
1.htdiag_o~p |   1.000302     .00826     0.04   0.971     .9842431    1.016623
1.~y_disease |   1.017748    .008706     2.06   0.040     1.000827    1.034955
    1.asthma |   1.011894   .0117412     1.02   0.308     .9891411     1.03517
1.~c_disease |   1.003365   .0096632     0.35   0.727     .9846031    1.022484
             |
     diabcat |
T1DM, con..  |    1.00545   .0246317     0.22   0.824     .9583137    1.054905
T1DM, unc..  |    1.04395   .0549337     0.82   0.414     .9416486    1.157367
T2DM, con..  |   1.006794   .0098254     0.69   0.488     .9877193    1.026236
T2DM, unc..  |   1.023915   .0202149     1.20   0.231     .9850516    1.064312
Diabetes,..  |   1.198797   .1295702     1.68   0.093     .9699396    1.481653
             |
cancer_exh~t |
  Last year  |    1.00256   .0537657     0.05   0.962     .9025305    1.113677
2-5 years..  |   1.024937   .0286299     0.88   0.378     .9703315    1.082615
   5+ years  |   .9995325   .0091366    -0.05   0.959     .9817846    1.017601
             |
cancer_hae~t |
  Last year  |   1.008268   .0566088     0.15   0.883     .9032032    1.125554
2-5 years..  |   .9773623   .0270348    -0.83   0.408     .9257857    1.031812
   5+ years  |   1.012879   .0092191     1.41   0.160     .9949696     1.03111
             |
1.~r_disease |   .9820694   .0086412    -2.06   0.040     .9652782    .9991526
1.stroke_d~a |   1.012144   .0094572     1.29   0.196     .9937764     1.03085
1.other_ne~o |   .9945355    .009453    -0.58   0.564     .9761795    1.013237
             |
reduced_ki~t |
Stage 3a/..  |   .9029699   .0526899    -1.75   0.080     .8053861    1.012377
      1.esrd |    1.00515   .0075989     0.68   0.497     .9903661    1.020154
1.other_tr~t |   1.010225   .0084942     1.21   0.226     .9937135    1.027012
  1.asplenia |   .9895147   .0086628    -1.20   0.229     .9726808     1.00664
1.ra_sle_p~s |   .9909389   .0093128    -0.97   0.333     .9728533    1.009361
1.other_im~o |   1.006346   .0084523     0.75   0.451     .9899152    1.023049
             |
     vaccine#|
   kids_cat4 |
     1#none  |   .2746176   .0478469    -7.42   0.000     .1951742    .3863974
          1 #|
only <12 ..  |   .3276303   .0328492   -11.13   0.000     .2691784    .3987751
          1 #|
 only 12-18  |   .5648241   .1168078    -2.76   0.006      .376601      .84712
    1#mixed  |   1.000924   .0095252     0.10   0.923     .9824282    1.019768
     2#none  |   .3973901   .0743062    -4.94   0.000     .2754575    .5732967
          2 #|
only <12 ..  |   .4122021    .058241    -6.27   0.000     .3124942     .543724
          2 #|
 only 12-18  |   .5584169   .1525204    -2.13   0.033     .3269414     .953778
    2#mixed  |   .9593778   .0331573    -1.20   0.230     .8965428    1.026617
------------------------------------------------------------------------------
                                                             Stratified by stp

kids_cat4 
****************

 ( 1)  1.kids_cat4 + 1bn.vaccine#1.kids_cat4 = 0

------------------------------------------------------------------------------
          _t |     exp(b)   Std. Err.      z    P>|z|     [95% Conf. Interval]
-------------+----------------------------------------------------------------
         (1) |   .2851382   .0448896    -7.97   0.000     .2094353    .3882048
------------------------------------------------------------------------------
kids_cat4
****************

 ( 1)  2.kids_cat4 + 1bn.vaccine#2.kids_cat4 = 0

------------------------------------------------------------------------------
          _t |     exp(b)   Std. Err.      z    P>|z|     [95% Conf. Interval]
-------------+----------------------------------------------------------------
         (1) |   .5001378    .093954    -3.69   0.000     .3460876    .7227585
------------------------------------------------------------------------------
kids_cat4
****************

 ( 1)  3.kids_cat4 + 1bn.vaccine#3.kids_cat4 = 0

------------------------------------------------------------------------------
          _t |     exp(b)   Std. Err.      z    P>|z|     [95% Conf. Interval]
-------------+----------------------------------------------------------------
         (1) |   1.225467   .1774333     1.40   0.160      .922694    1.627593
------------------------------------------------------------------------------

kids_cat4 
****************

 ( 1)  1.kids_cat4 + 2.vaccine#1.kids_cat4 = 0

------------------------------------------------------------------------------
          _t |     exp(b)   Std. Err.      z    P>|z|     [95% Conf. Interval]
-------------+----------------------------------------------------------------
         (1) |   .3587414   .0687322    -5.35   0.000     .2464323    .5222344
------------------------------------------------------------------------------
kids_cat4
****************

 ( 1)  2.kids_cat4 + 2.vaccine#2.kids_cat4 = 0

------------------------------------------------------------------------------
          _t |     exp(b)   Std. Err.      z    P>|z|     [95% Conf. Interval]
-------------+----------------------------------------------------------------
         (1) |   .4944644   .1458426    -2.39   0.017     .2773784    .8814495
------------------------------------------------------------------------------
kids_cat4
****************

 ( 1)  3.kids_cat4 + 2.vaccine#3.kids_cat4 = 0

------------------------------------------------------------------------------
          _t |     exp(b)   Std. Err.      z    P>|z|     [95% Conf. Interval]
-------------+----------------------------------------------------------------
         (1) |   1.174601   .1740742     1.09   0.278     .8785031    1.570497
------------------------------------------------------------------------------
(note: file ./output/an_interaction_cox_models_covid_tpp_prob_kids_cat4_vaccine
> _0shield1.ster not found)
file ./output/an_interaction_cox_models_covid_tpp_prob_kids_cat4_vaccine_0shiel
> d1.ster saved
(14,504 real changes made)

                id:  patient_id
     failure event:  covid_tpp_prob != 0 & covid_tpp_prob < .
obs. time interval:  (stime_covid_tpp_prob[_n-1], stime_covid_tpp_prob]
 enter on or after:  time enter_date
 exit on or before:  failure
    t for analysis:  (time-origin)
            origin:  time enter_date

------------------------------------------------------------------------------
     30,221  total observations
          4  observations end on or before enter()
------------------------------------------------------------------------------
     30,217  observations remaining, representing
     30,217  subjects
     24,264  failures in single-failure-per-subject data
  3,870,813  total analysis time at risk and under observation
                                                at risk from t =         0
                                     earliest observed entry t =         0
                                          last observed exit t =       428
(1,543 missing values generated)
(4,919 missing values generated)
(17,660 observations (episodes) created)
(47,877 real changes made)
(602 observations (episodes) created)
(602 real changes made)
(covid_tpp_prob: 18262 changes made)

observation |
   interval |      Freq.     Percent        Cum.
------------+-----------------------------------
          0 |     27,984       57.72       57.72
          1 |     19,893       41.03       98.76
          2 |        602        1.24      100.00
------------+-----------------------------------
      Total |     48,479      100.00

           |   Failure/censoring
           |     indicator for
           |  outcome: covid prob
observatio |         case
n interval |         0          1 |     Total
-----------+----------------------+----------
         0 |    19,089      8,895 |    27,984 
         1 |     4,935     14,958 |    19,893 
         2 |       191        411 |       602 
-----------+----------------------+----------
     Total |    24,215     24,264 |    48,479 

         failure _d:  covid_tpp_prob
   analysis time _t:  (stime_covid_tpp_prob-origin)
             origin:  time enter_date
  enter on or after:  time enter_date
                 id:  patient_id

note: age1 omitted because of collinearity
note: age2 omitted because of collinearity
note: age3 omitted because of collinearity
note: 0.male omitted because of collinearity
Iteration 0:   log pseudolikelihood = -80031.597
Iteration 1:   log pseudolikelihood = -79893.235
Iteration 2:   log pseudolikelihood = -79876.503
Iteration 3:   log pseudolikelihood = -79875.721
Iteration 4:   log pseudolikelihood = -79875.717
Refining estimates:
Iteration 0:   log pseudolikelihood = -79875.717

Stratified Cox regr. -- Breslow method for ties

No. of subjects      =       15,466             Number of obs    =      24,909
No. of failures      =       12,407
Time at risk         =      1989568
                                                Wald chi2(49)    =      221.18
Log pseudolikelihood =   -79875.717             Prob > chi2      =      0.0000

                       (Std. Err. adjusted for 1,100 clusters in household_id)
------------------------------------------------------------------------------
             |               Robust
          _t | Haz. Ratio   Std. Err.      z    P>|z|     [95% Conf. Interval]
-------------+----------------------------------------------------------------
   kids_cat4 |
only <12 ..  |   .7425775   .2538176    -0.87   0.384     .3800107    1.451068
 only 12-18  |   .6882281   .3131552    -0.82   0.412      .282112    1.678971
      mixed  |   .9470637   .2765137    -0.19   0.852      .534385    1.678433
             |
        age1 |   1.013827   .0078857     1.77   0.077     .9984887    1.029401
        age2 |   .9242406   .0376641    -1.93   0.053     .8532914    1.001089
        age3 |   1.168574   .0941757     1.93   0.053     .9978323    1.368531
        age1 |          1  (omitted)
        age2 |          1  (omitted)
        age3 |          1  (omitted)
      0.male |          1  (omitted)
             |
   ethnicity |
Asian or ..  |   1.010812   .0280106     0.39   0.698     .9573769    1.067231
      Other  |   1.007393   .0283669     0.26   0.794     .9533013    1.064554
             |
   obese4cat |
Obese I ..)  |    .986473   .0255935    -0.52   0.600     .9375647    1.037933
Obese II..)  |    .975436   .0329335    -0.74   0.461     .9129769    1.042168
Obese II..)  |   1.003336   .0373876     0.09   0.929       .93267    1.079357
             |
smoke_nomiss |
     Former  |   .9326886   .0551883    -1.18   0.239     .8305582    1.047378
    Current  |   .9579037   .0267146    -1.54   0.123     .9069494    1.011721
             |
         imd |
          4  |   .9853534   .0221464    -0.66   0.512     .9428895     1.02973
5 most de..  |   .9889611   .0295455    -0.37   0.710     .9327157    1.048598
             |
tot_adults~h |
          2  |    .696565   .2783866    -0.90   0.366     .3182538    1.524578
          3  |   .5805532   .1781253    -1.77   0.076     .3181826    1.059272
             |
1.htdiag_o~p |   .9916546   .0186712    -0.45   0.656     .9557267    1.028933
1.~y_disease |   .9840398   .0217847    -0.73   0.467     .9422555    1.027677
    1.asthma |   .9767295   .0326298    -0.70   0.481      .914825    1.042823
1.~c_disease |   1.030491   .0228721     1.35   0.176     .9866236    1.076309
             |
     diabcat |
T1DM, con..  |   .8950659   .0522556    -1.90   0.058     .7982892    1.003575
T1DM, unc..  |   1.165018   .1440557     1.24   0.217     .9142834    1.484516
T2DM, con..  |   .9887394   .0241847    -0.46   0.643     .9424566    1.037295
T2DM, unc..  |   1.019713   .0480476     0.41   0.679     .9297592     1.11837
Diabetes,..  |   .7206169   .3230011    -0.73   0.465     .2993447    1.734751
             |
cancer_exh~t |
  Last year  |   .9845953   .1398391    -0.11   0.913     .7453568    1.300623
2-5 years..  |   .9163041   .0601492    -1.33   0.183     .8056827    1.042114
   5+ years  |   1.002484   .0229304     0.11   0.914     .9585339     1.04845
             |
cancer_hae~t |
  Last year  |   1.025727   .1329811     0.20   0.845     .7955682    1.322472
2-5 years..  |   .9217242    .069491    -1.08   0.280     .7951093    1.068501
   5+ years  |    .992223   .0239545    -0.32   0.746     .9463665    1.040301
             |
1.~r_disease |   .9888065   .0224835    -0.50   0.621     .9457071     1.03387
1.stroke_d~a |   .9942975   .0218214    -0.26   0.794     .9524352       1.038
1.other_ne~o |    .961555   .0206306    -1.83   0.068     .9219582    1.002852
             |
reduced_ki~t |
Stage 3a/..  |   1.047698   .0357349     1.37   0.172     .9799484    1.120131
      1.esrd |   1.000336   .0188567     0.02   0.986     .9640522    1.037986
1.other_tr~t |   .9780093   .0209949    -1.04   0.300     .9377137    1.020036
  1.asplenia |   1.039461   .0226482     1.78   0.076     .9960061    1.084812
1.ra_sle_p~s |   .9830434   .0218427    -0.77   0.441     .9411514      1.0268
1.other_im~o |   .9684541   .0221895    -1.40   0.162     .9259255    1.012936
             |
     vaccine#|
   kids_cat4 |
     1#none  |   .1758017   .0653894    -4.67   0.000     .0848045    .3644411
          1 #|
only <12 ..  |   .2915739   .0619394    -5.80   0.000     .1922768    .4421509
          1 #|
 only 12-18  |   .4785254   .1724116    -2.05   0.041     .2361669    .9695963
    1#mixed  |   1.037811   .0235759     1.63   0.102     .9926169    1.085063
     2#none  |   .2434245   .0855391    -4.02   0.000     .1222512    .4847028
          2 #|
only <12 ..  |   .1871987   .0630036    -4.98   0.000     .0967882    .3620622
          2 #|
 only 12-18  |   1.483755   .7560432     0.77   0.439      .546556    4.028001
    2#mixed  |   1.044261   .0865254     0.52   0.601     .8877291    1.228395
------------------------------------------------------------------------------
                                                             Stratified by stp

kids_cat4 
****************

 ( 1)  1.kids_cat4 + 1bn.vaccine#1.kids_cat4 = 0

------------------------------------------------------------------------------
          _t |     exp(b)   Std. Err.      z    P>|z|     [95% Conf. Interval]
-------------+----------------------------------------------------------------
         (1) |   .2165162   .0700908    -4.73   0.000     .1147992     .408359
------------------------------------------------------------------------------
kids_cat4
****************

 ( 1)  2.kids_cat4 + 1bn.vaccine#2.kids_cat4 = 0

------------------------------------------------------------------------------
          _t |     exp(b)   Std. Err.      z    P>|z|     [95% Conf. Interval]
-------------+----------------------------------------------------------------
         (1) |   .3293346   .1338232    -2.73   0.006     .1485103    .7303284
------------------------------------------------------------------------------
kids_cat4
****************

 ( 1)  3.kids_cat4 + 1bn.vaccine#3.kids_cat4 = 0

------------------------------------------------------------------------------
          _t |     exp(b)   Std. Err.      z    P>|z|     [95% Conf. Interval]
-------------+----------------------------------------------------------------
         (1) |   .9828733   .2869612    -0.06   0.953     .5545995     1.74187
------------------------------------------------------------------------------

kids_cat4 
****************

 ( 1)  1.kids_cat4 + 2.vaccine#1.kids_cat4 = 0

------------------------------------------------------------------------------
          _t |     exp(b)   Std. Err.      z    P>|z|     [95% Conf. Interval]
-------------+----------------------------------------------------------------
         (1) |   .1390095   .0549869    -4.99   0.000     .0640238    .3018196
------------------------------------------------------------------------------
kids_cat4
****************

 ( 1)  2.kids_cat4 + 2.vaccine#2.kids_cat4 = 0

------------------------------------------------------------------------------
          _t |     exp(b)   Std. Err.      z    P>|z|     [95% Conf. Interval]
-------------+----------------------------------------------------------------
         (1) |   1.021162   .5051993     0.04   0.966     .3872394    2.692833
------------------------------------------------------------------------------
kids_cat4
****************

 ( 1)  3.kids_cat4 + 2.vaccine#3.kids_cat4 = 0

------------------------------------------------------------------------------
          _t |     exp(b)   Std. Err.      z    P>|z|     [95% Conf. Interval]
-------------+----------------------------------------------------------------
         (1) |   .9889821   .2973907    -0.04   0.971      .548566    1.782986
------------------------------------------------------------------------------
(note: file ./output/an_interaction_cox_models_covid_tpp_prob_kids_cat4_vaccine
> _1male0.ster not found)
file ./output/an_interaction_cox_models_covid_tpp_prob_kids_cat4_vaccine_1male0
> .ster saved

         failure _d:  covid_tpp_prob
   analysis time _t:  (stime_covid_tpp_prob-origin)
             origin:  time enter_date
  enter on or after:  time enter_date
                 id:  patient_id

note: age1 omitted because of collinearity
note: age2 omitted because of collinearity
note: age3 omitted because of collinearity
note: 1.male omitted because of collinearity
Iteration 0:   log pseudolikelihood = -76031.299
Iteration 1:   log pseudolikelihood = -75945.049
Iteration 2:   log pseudolikelihood = -75938.822
Iteration 3:   log pseudolikelihood = -75938.717
Iteration 4:   log pseudolikelihood = -75938.717
Refining estimates:
Iteration 0:   log pseudolikelihood = -75938.717

Stratified Cox regr. -- Breslow method for ties

No. of subjects      =       14,751             Number of obs    =      23,570
No. of failures      =       11,857
Time at risk         =      1881245
                                                Wald chi2(49)    =      138.57
Log pseudolikelihood =   -75938.717             Prob > chi2      =      0.0000

                       (Std. Err. adjusted for 1,114 clusters in household_id)
------------------------------------------------------------------------------
             |               Robust
          _t | Haz. Ratio   Std. Err.      z    P>|z|     [95% Conf. Interval]
-------------+----------------------------------------------------------------
   kids_cat4 |
only <12 ..  |   1.005636   .3897191     0.01   0.988     .4705117     2.14937
 only 12-18  |   1.708544   .7829201     1.17   0.242     .6959419     4.19449
      mixed  |   1.435014   .4658833     1.11   0.266     .7594688    2.711454
             |
        age1 |   .9993434    .008214    -0.08   0.936     .9833732    1.015573
        age2 |   1.010419   .0438855     0.24   0.811     .9279645      1.1002
        age3 |   .9710677   .0837474    -0.34   0.734     .8200488    1.149898
        age1 |          1  (omitted)
        age2 |          1  (omitted)
        age3 |          1  (omitted)
      1.male |          1  (omitted)
             |
   ethnicity |
Asian or ..  |   1.022837   .0326295     0.71   0.479     .9608429    1.088831
      Other  |   1.016447   .0307261     0.54   0.589     .9579746    1.078489
             |
   obese4cat |
Obese I ..)  |   .9949451    .027266    -0.18   0.853     .9429146    1.049847
Obese II..)  |   .9716502   .0298291    -0.94   0.349     .9149104    1.031909
Obese II..)  |   1.023949   .0388134     0.62   0.532     .9506329    1.102919
             |
smoke_nomiss |
     Former  |    .960973   .0635809    -0.60   0.547     .8440984     1.09403
    Current  |   1.015361   .0296149     0.52   0.601     .9589452    1.075097
             |
         imd |
          4  |   1.026052   .0235161     1.12   0.262     .9809816    1.073194
5 most de..  |   .9930646   .0289536    -0.24   0.811     .9379077    1.051465
             |
tot_adults~h |
          2  |   1.085026   .6828309     0.13   0.897     .3160532    3.724948
          3  |   .6625782   .3466652    -0.79   0.431     .2376201    1.847529
             |
1.htdiag_o~p |   1.037429   .0200633     1.90   0.057     .9988419    1.077508
1.~y_disease |   1.023238   .0215432     1.09   0.275     .9818731    1.066345
    1.asthma |   .9461073   .0318694    -1.64   0.100     .8856618    1.010678
1.~c_disease |   1.030619   .0230942     1.35   0.178      .986335    1.076892
             |
     diabcat |
T1DM, con..  |   1.019177   .0587413     0.33   0.742     .9103106    1.141062
T1DM, unc..  |   1.038203   .1055573     0.37   0.712     .8506252    1.267146
T2DM, con..  |   1.038022    .024815     1.56   0.119     .9905079    1.087816
T2DM, unc..  |   .9812633   .0478504    -0.39   0.698     .8918206    1.079676
Diabetes,..  |   1.099588   .2794097     0.37   0.709     .6682463    1.809355
             |
cancer_exh~t |
  Last year  |   .8358237   .1255287    -1.19   0.232     .6226966    1.121897
2-5 years..  |   1.042812   .0802995     0.54   0.586     .8967284    1.212693
   5+ years  |   .9521783   .0237421    -1.97   0.049     .9067635    .9998677
             |
cancer_hae~t |
  Last year  |   1.104894    .181178     0.61   0.543     .8012025    1.523697
2-5 years..  |   1.049701   .0862909     0.59   0.555     .8934961    1.233215
   5+ years  |   1.036755   .0239598     1.56   0.118     .9908423    1.084795
             |
1.~r_disease |   .9777092   .0222199    -0.99   0.321     .9351146    1.022244
1.stroke_d~a |   .9793857   .0223847    -0.91   0.362     .9364806    1.024256
1.other_ne~o |    1.05547   .0232788     2.45   0.014     1.010816    1.102096
             |
reduced_ki~t |
Stage 3a/..  |   .9831376   .1830303    -0.09   0.927     .6825689    1.416062
      1.esrd |    .987105   .0185637    -0.69   0.490     .9513832    1.024168
1.other_tr~t |   1.011134   .0221093     0.51   0.613     .9687163    1.055409
  1.asplenia |   .9890553   .0214774    -0.51   0.612     .9478437    1.032059
1.ra_sle_p~s |    .996546   .0234745    -0.15   0.883     .9515828    1.043634
1.other_im~o |   .9842887   .0229247    -0.68   0.497     .9403671    1.030262
             |
     vaccine#|
   kids_cat4 |
     1#none  |   .4315531   .1505475    -2.41   0.016     .2178172      .85502
          1 #|
only <12 ..  |   .5143813   .1583569    -2.16   0.031     .2813424    .9404488
          1 #|
 only 12-18  |   .3592766   .1607797    -2.29   0.022     .1494542    .8636736
    1#mixed  |   1.007785   .0227177     0.34   0.731      .964228    1.053309
     2#none  |   .7121527   .4074672    -0.59   0.553     .2320317    2.185742
          2 #|
only <12 ..  |   .3203733   .1139725    -3.20   0.001     .1595299    .6433842
          2 #|
 only 12-18  |   .1949061   .1832841    -1.74   0.082     .0308589    1.231036
    2#mixed  |   1.001886   .0798159     0.02   0.981     .8570514    1.171197
------------------------------------------------------------------------------
                                                             Stratified by stp

kids_cat4 
****************

 ( 1)  1.kids_cat4 + 1bn.vaccine#1.kids_cat4 = 0

------------------------------------------------------------------------------
          _t |     exp(b)   Std. Err.      z    P>|z|     [95% Conf. Interval]
-------------+----------------------------------------------------------------
         (1) |   .5172804   .1925344    -1.77   0.077     .2494046    1.072871
------------------------------------------------------------------------------
kids_cat4
****************

 ( 1)  2.kids_cat4 + 1bn.vaccine#2.kids_cat4 = 0

------------------------------------------------------------------------------
          _t |     exp(b)   Std. Err.      z    P>|z|     [95% Conf. Interval]
-------------+----------------------------------------------------------------
         (1) |   .6138397   .2426482    -1.23   0.217     .2828646    1.332083
------------------------------------------------------------------------------
kids_cat4
****************

 ( 1)  3.kids_cat4 + 1bn.vaccine#3.kids_cat4 = 0

------------------------------------------------------------------------------
          _t |     exp(b)   Std. Err.      z    P>|z|     [95% Conf. Interval]
-------------+----------------------------------------------------------------
         (1) |   1.446185   .4694135     1.14   0.256     .7654809    2.732204
------------------------------------------------------------------------------

kids_cat4 
****************

 ( 1)  1.kids_cat4 + 2.vaccine#1.kids_cat4 = 0

------------------------------------------------------------------------------
          _t |     exp(b)   Std. Err.      z    P>|z|     [95% Conf. Interval]
-------------+----------------------------------------------------------------
         (1) |   .3221789   .1327967    -2.75   0.006     .1436303    .7226832
------------------------------------------------------------------------------
kids_cat4
****************

 ( 1)  2.kids_cat4 + 2.vaccine#2.kids_cat4 = 0

------------------------------------------------------------------------------
          _t |     exp(b)   Std. Err.      z    P>|z|     [95% Conf. Interval]
-------------+----------------------------------------------------------------
         (1) |   .3330057   .3168067    -1.16   0.248     .0516008    2.149051
------------------------------------------------------------------------------
kids_cat4
****************

 ( 1)  3.kids_cat4 + 2.vaccine#3.kids_cat4 = 0

------------------------------------------------------------------------------
          _t |     exp(b)   Std. Err.      z    P>|z|     [95% Conf. Interval]
-------------+----------------------------------------------------------------
         (1) |   1.437721   .4783388     1.09   0.275     .7489871    2.759781
------------------------------------------------------------------------------
(note: file ./output/an_interaction_cox_models_covid_tpp_prob_kids_cat4_vaccine
> _1male1.ster not found)
file ./output/an_interaction_cox_models_covid_tpp_prob_kids_cat4_vaccine_1male1
> .ster saved

         failure _d:  covid_tpp_prob
   analysis time _t:  (stime_covid_tpp_prob-origin)
             origin:  time enter_date
  enter on or after:  time enter_date
                 id:  patient_id

note: age1 omitted because of collinearity
note: age2 omitted because of collinearity
note: age3 omitted because of collinearity
note: 0.chronic_respiratory_disease omitted because of collinearity
note: 0.asthma omitted because of collinearity
note: 1.cancer_exhaem_cat omitted because of collinearity
note: 1.cancer_haem_cat omitted because of collinearity
note: 0.esrd omitted because of collinearity
note: 0.other_transplant omitted because of collinearity
note: 0.asplenia omitted because of collinearity
note: 0.other_immuno omitted because of collinearity
Iteration 0:   log pseudolikelihood = -19483.774
Iteration 1:   log pseudolikelihood = -19458.464
Iteration 2:   log pseudolikelihood = -19456.602
Iteration 3:   log pseudolikelihood =  -19456.41
Iteration 4:   log pseudolikelihood = -19456.358
Iteration 5:   log pseudolikelihood = -19456.339
Iteration 6:   log pseudolikelihood = -19456.332
Iteration 7:   log pseudolikelihood = -19456.329
Iteration 8:   log pseudolikelihood = -19456.328
Iteration 9:   log pseudolikelihood = -19456.328
Iteration 10:  log pseudolikelihood = -19456.328
Iteration 11:  log pseudolikelihood = -19456.328
Iteration 12:  log pseudolikelihood = -19456.328
Iteration 13:  log pseudolikelihood = -19456.328
Iteration 14:  log pseudolikelihood = -19456.328
Iteration 15:  log pseudolikelihood = -19456.328
Iteration 16:  log pseudolikelihood = -19456.328
Iteration 17:  log pseudolikelihood = -19456.328
Iteration 18:  log pseudolikelihood = -19456.328
Iteration 19:  log pseudolikelihood = -19456.328
Iteration 20:  log pseudolikelihood = -19456.328
Iteration 21:  log pseudolikelihood = -19456.328
Iteration 22:  log pseudolikelihood = -19456.328
Iteration 23:  log pseudolikelihood = -19456.328
Iteration 24:  log pseudolikelihood = -19456.328
Iteration 25:  log pseudolikelihood = -19456.328
Iteration 26:  log pseudolikelihood = -19456.328
Iteration 27:  log pseudolikelihood = -19456.328
Iteration 28:  log pseudolikelihood = -19456.328
Iteration 29:  log pseudolikelihood = -19456.328
Iteration 30:  log pseudolikelihood = -19456.328
Iteration 31:  log pseudolikelihood = -19456.328
Iteration 32:  log pseudolikelihood = -19456.328
Iteration 33:  log pseudolikelihood = -19456.328
Iteration 34:  log pseudolikelihood = -19456.328
Iteration 35:  log pseudolikelihood = -19456.328
Iteration 36:  log pseudolikelihood = -19456.328
Iteration 37:  log pseudolikelihood = -19456.328
Iteration 38:  log pseudolikelihood = -19456.328
Iteration 39:  log pseudolikelihood = -19456.328
Iteration 40:  log pseudolikelihood = -19456.328
Iteration 41:  log pseudolikelihood = -19456.328
Iteration 42:  log pseudolikelihood = -19456.328
Iteration 43:  log pseudolikelihood = -19456.328
Refining estimates:
Iteration 0:   log pseudolikelihood = -19456.328
Iteration 1:   log pseudolikelihood = -19456.328
Iteration 2:   log pseudolikelihood = -19456.328

Stratified Cox regr. -- Breslow method for ties

No. of subjects      =        4,590             Number of obs    =       7,343
No. of failures      =        3,717
Time at risk         =       581763
                                                Wald chi2(37)    =       50.96
Log pseudolikelihood =   -19456.328             Prob > chi2      =      0.0630

                         (Std. Err. adjusted for 919 clusters in household_id)
------------------------------------------------------------------------------
             |               Robust
          _t | Haz. Ratio   Std. Err.      z    P>|z|     [95% Conf. Interval]
-------------+----------------------------------------------------------------
   kids_cat4 |
only <12 ..  |   .9810006   .7404897    -0.03   0.980     .2234375    4.307077
 only 12-18  |   1.087323   .9581414     0.10   0.924     .1933239    6.115493
      mixed  |    .970973   .6423476    -0.04   0.964     .2655183    3.550748
             |
        age1 |   1.008408   .0143419     0.59   0.556     .9806862    1.036913
        age2 |   .9343604   .0691774    -0.92   0.359     .8081535    1.080277
        age3 |   1.147484   .1678875     0.94   0.347     .8614064     1.52857
        age1 |          1  (omitted)
        age2 |          1  (omitted)
        age3 |          1  (omitted)
      1.male |   1.050999   .0365059     1.43   0.152     .9818298    1.125041
             |
   ethnicity |
Asian or ..  |   1.016214   .0567973     0.29   0.774     .9107736     1.13386
      Other  |   1.055849   .0553095     1.04   0.300     .9528233    1.170014
             |
   obese4cat |
Obese I ..)  |   .9762559   .0441048    -0.53   0.595     .8935287    1.066642
Obese II..)  |   .8859682   .0584406    -1.84   0.066     .7785219    1.008243
Obese II..)  |   1.029796   .0694911     0.44   0.663     .9022184    1.175413
             |
smoke_nomiss |
     Former  |   1.019479   .1156547     0.17   0.865     .8162321    1.273335
    Current  |   .9274026    .048174    -1.45   0.147     .8376307    1.026796
             |
         imd |
          4  |   1.036875   .0428348     0.88   0.381     .9562293    1.124322
5 most de..  |     1.0028   .0528589     0.05   0.958     .9043708    1.111943
             |
tot_adults~h |
          2  |   1.402749   1.165979     0.41   0.684     .2750758    7.153317
          3  |   .5112762   .2283957    -1.50   0.133     .2130147    1.227161
             |
1.htdiag_o~p |   1.043566   .0364848     1.22   0.223     .9744519    1.117581
0.~y_disease |          1  (omitted)
    0.asthma |          1  (omitted)
1.~c_disease |   1.006912   .0397525     0.17   0.861     .9319365    1.087919
             |
     diabcat |
T1DM, con..  |   .8576392   .0866261    -1.52   0.128     .7036048    1.045395
T1DM, unc..  |    1.28593   .2258018     1.43   0.152     .9114891    1.814193
T2DM, con..  |   .9924017   .0454469    -0.17   0.868      .907208    1.085596
T2DM, unc..  |   1.032891   .0975154     0.34   0.732     .8584057    1.242844
Diabetes,..  |   1.693914    .654549     1.36   0.173     .7942852    3.612484
             |
cancer_exh~t |
      Never  |          1  (omitted)
             |
cancer_hae~t |
      Never  |          1  (omitted)
1.~r_disease |   .9582806   .0380377    -1.07   0.283     .8865543     1.03581
1.stroke_d~a |    .963289   .0410928    -0.88   0.381     .8860237    1.047292
1.other_ne~o |   .9644462   .0381314    -0.92   0.360     .8925323    1.042154
             |
reduced_ki~t |
Stage 3a/..  |   1.056036   .0830974     0.69   0.488     .9051059    1.232135
      0.esrd |          1  (omitted)
0.other_tr~t |          1  (omitted)
  0.asplenia |          1  (omitted)
1.ra_sle_p~s |   .9678191   .0398437    -0.79   0.427     .8927945    1.049148
0.other_im~o |          1  (omitted)
             |
     vaccine#|
   kids_cat4 |
     1#none  |   .2857212   .1725348    -2.07   0.038     .0874859    .9331397
          1 #|
only <12 ..  |    .552386   .3036925    -1.08   0.280      .188047    1.622628
          1 #|
 only 12-18  |   .2821962   .1924038    -1.86   0.064     .0741642    1.073761
    1#mixed  |   1.014238   .0389661     0.37   0.713     .9406702    1.093559
     2#none  |   .2439966    .396192    -0.87   0.385     .0101213    5.882083
          2 #|
only <12 ..  |   .1461675   .1526227    -1.84   0.066     .0188824    1.131473
          2 #|
 only 12-18  |   1.66e-20          .        .       .            .           .
    2#mixed  |   1.051251   .1347968     0.39   0.697     .8176383    1.351612
------------------------------------------------------------------------------
                                                             Stratified by stp

kids_cat4 
****************

 ( 1)  1.kids_cat4 + 1bn.vaccine#1.kids_cat4 = 0

------------------------------------------------------------------------------
          _t |     exp(b)   Std. Err.      z    P>|z|     [95% Conf. Interval]
-------------+----------------------------------------------------------------
         (1) |    .541891   .4117412    -0.81   0.420     .1222221     2.40256
------------------------------------------------------------------------------
kids_cat4
****************

 ( 1)  2.kids_cat4 + 1bn.vaccine#2.kids_cat4 = 0

------------------------------------------------------------------------------
          _t |     exp(b)   Std. Err.      z    P>|z|     [95% Conf. Interval]
-------------+----------------------------------------------------------------
         (1) |   .3068383   .2366091    -1.53   0.125     .0676911    1.390874
------------------------------------------------------------------------------
kids_cat4
****************

 ( 1)  3.kids_cat4 + 1bn.vaccine#3.kids_cat4 = 0

------------------------------------------------------------------------------
          _t |     exp(b)   Std. Err.      z    P>|z|     [95% Conf. Interval]
-------------+----------------------------------------------------------------
         (1) |   .9847975   .6514278    -0.02   0.982     .2693337    3.600835
------------------------------------------------------------------------------

kids_cat4 
****************

 ( 1)  1.kids_cat4 + 2.vaccine#1.kids_cat4 = 0

------------------------------------------------------------------------------
          _t |     exp(b)   Std. Err.      z    P>|z|     [95% Conf. Interval]
-------------+----------------------------------------------------------------
         (1) |   .1433904   .1658025    -1.68   0.093     .0148687     1.38282
------------------------------------------------------------------------------
kids_cat4
****************

 ( 1)  2.kids_cat4 + 2.vaccine#2.kids_cat4 = 0

------------------------------------------------------------------------------
          _t |     exp(b)   Std. Err.      z    P>|z|     [95% Conf. Interval]
-------------+----------------------------------------------------------------
         (1) |   1.81e-20   1.59e-20   -51.59   0.000     3.22e-21    1.02e-19
------------------------------------------------------------------------------
kids_cat4
****************

 ( 1)  3.kids_cat4 + 2.vaccine#3.kids_cat4 = 0

------------------------------------------------------------------------------
          _t |     exp(b)   Std. Err.      z    P>|z|     [95% Conf. Interval]
-------------+----------------------------------------------------------------
         (1) |   1.020737   .6910852     0.03   0.976     .2707769     3.84783
------------------------------------------------------------------------------
(note: file ./output/an_interaction_cox_models_covid_tpp_prob_kids_cat4_vaccine
> _1shield0.ster not found)
file ./output/an_interaction_cox_models_covid_tpp_prob_kids_cat4_vaccine_1shiel
> d0.ster saved

         failure _d:  covid_tpp_prob
   analysis time _t:  (stime_covid_tpp_prob-origin)
             origin:  time enter_date
  enter on or after:  time enter_date
                 id:  patient_id

note: age1 omitted because of collinearity
note: age2 omitted because of collinearity
note: age3 omitted because of collinearity
Iteration 0:   log pseudolikelihood = -143008.64
Iteration 1:   log pseudolikelihood = -142820.41
Iteration 2:   log pseudolikelihood = -142800.71
Iteration 3:   log pseudolikelihood = -142800.12
Iteration 4:   log pseudolikelihood = -142800.12
Refining estimates:
Iteration 0:   log pseudolikelihood = -142800.12

Stratified Cox regr. -- Breslow method for ties

No. of subjects      =       25,627             Number of obs    =      41,136
No. of failures      =       20,547
Time at risk         =      3289050
                                                Wald chi2(50)    =      258.35
Log pseudolikelihood =   -142800.12             Prob > chi2      =      0.0000

                       (Std. Err. adjusted for 1,178 clusters in household_id)
------------------------------------------------------------------------------
             |               Robust
          _t | Haz. Ratio   Std. Err.      z    P>|z|     [95% Conf. Interval]
-------------+----------------------------------------------------------------
   kids_cat4 |
only <12 ..  |   .8790997   .2390895    -0.47   0.636      .515865    1.498098
 only 12-18  |   1.083095   .4009978     0.22   0.829     .5242317     2.23774
      mixed  |     1.2245   .2781945     0.89   0.373     .7844658    1.911364
             |
        age1 |    1.00602   .0063026     0.96   0.338     .9937427    1.018449
        age2 |    .974211   .0321363    -0.79   0.428     .9132179    1.039278
        age3 |   1.046315   .0685103     0.69   0.489     .9202961    1.189589
        age1 |          1  (omitted)
        age2 |          1  (omitted)
        age3 |          1  (omitted)
      1.male |   1.015255   .0134187     1.15   0.252     .9892928    1.041899
             |
   ethnicity |
Asian or ..  |    1.01994   .0243169     0.83   0.408     .9733759    1.068731
      Other  |   1.003974   .0218848     0.18   0.856     .9619841    1.047797
             |
   obese4cat |
Obese I ..)  |   .9927294   .0204539    -0.35   0.723      .953439    1.033639
Obese II..)  |     .99007    .023438    -0.42   0.673     .9451818     1.03709
Obese II..)  |   1.012566   .0306489     0.41   0.680     .9542422    1.074454
             |
smoke_nomiss |
     Former  |   .9392497   .0433736    -1.36   0.175     .8579727    1.028226
    Current  |   .9976925   .0225085    -0.10   0.918     .9545377    1.042798
             |
         imd |
          4  |   1.000711   .0164956     0.04   0.966     .9688975     1.03357
5 most de..  |   .9923247   .0225565    -0.34   0.735     .9490851    1.037534
             |
tot_adults~h |
          2  |   .7901986   .2941161    -0.63   0.527     .3809908    1.638921
          3  |   .6388824   .2012045    -1.42   0.155     .3446278    1.184381
             |
1.htdiag_o~p |   1.008657   .0150344     0.58   0.563      .979616    1.038558
1.~y_disease |   1.006478   .0160147     0.41   0.685     .9755741    1.038361
    1.asthma |   .9661991   .0230339    -1.44   0.149     .9220919    1.012416
1.~c_disease |   1.035847   .0179334     2.03   0.042     1.001288    1.071599
             |
     diabcat |
T1DM, con..  |   .9651906   .0442409    -0.77   0.440     .8822609    1.055916
T1DM, unc..  |   1.064454   .0892352     0.75   0.456     .9031693    1.254541
T2DM, con..  |    1.01673   .0190674     0.88   0.376     .9800371    1.054797
T2DM, unc..  |   .9890901   .0359198    -0.30   0.763     .9211358    1.062058
Diabetes,..  |   .8942834   .2168297    -0.46   0.645      .556021    1.438332
             |
cancer_exh~t |
  Last year  |   .9174035   .0959351    -0.82   0.410     .7473916    1.126089
2-5 years..  |   .9701608   .0481534    -0.61   0.542     .8802273    1.069283
   5+ years  |   .9805883   .0176286    -1.09   0.276     .9466385    1.015756
             |
cancer_hae~t |
  Last year  |   1.074651   .1100351     0.70   0.482     .8792486    1.313479
2-5 years..  |   .9778437   .0537698    -0.41   0.684     .8779373    1.089119
   5+ years  |   1.017455   .0176597     1.00   0.319     .9834252    1.052663
             |
1.~r_disease |   .9881228   .0171291    -0.69   0.491     .9551143    1.022272
1.stroke_d~a |   .9910179   .0171534    -0.52   0.602     .9579616    1.025215
1.other_ne~o |   1.016066   .0167781     0.97   0.334     .9837081    1.049488
             |
reduced_ki~t |
Stage 3a/..  |   1.042461   .0387561     1.12   0.263      .969202    1.121258
      1.esrd |   .9962092   .0145806    -0.26   0.795     .9680378      1.0252
1.other_tr~t |   .9973173   .0150462    -0.18   0.859     .9682589    1.027248
  1.asplenia |   1.015927   .0158655     1.01   0.312      .985302    1.047503
1.ra_sle_p~s |   .9921073   .0166044    -0.47   0.636     .9600912    1.025191
1.other_im~o |   .9795479   .0163586    -1.24   0.216     .9480046    1.012141
             |
     vaccine#|
   kids_cat4 |
     1#none  |   .2873954   .0820021    -4.37   0.000     .1642887    .5027496
          1 #|
only <12 ..  |   .3771074   .0791589    -4.65   0.000     .2499128    .5690383
          1 #|
 only 12-18  |   .4626053   .1459541    -2.44   0.015       .24926     .858556
    1#mixed  |   1.022287    .017621     1.28   0.201     .9883274    1.057414
     2#none  |   .3567585    .111138    -3.31   0.001     .1937343    .6569648
          2 #|
only <12 ..  |    .276021    .068204    -5.21   0.000     .1700642    .4479934
          2 #|
 only 12-18  |   .9129891   .6734701    -0.12   0.902     .2150668    3.875768
    2#mixed  |   1.020556   .0663563     0.31   0.754     .8984454    1.159262
------------------------------------------------------------------------------
                                                             Stratified by stp

kids_cat4 
****************

 ( 1)  1.kids_cat4 + 1bn.vaccine#1.kids_cat4 = 0

------------------------------------------------------------------------------
          _t |     exp(b)   Std. Err.      z    P>|z|     [95% Conf. Interval]
-------------+----------------------------------------------------------------
         (1) |    .331515     .08645    -4.23   0.000     .1988535    .5526792
------------------------------------------------------------------------------
kids_cat4
****************

 ( 1)  2.kids_cat4 + 1bn.vaccine#2.kids_cat4 = 0

------------------------------------------------------------------------------
          _t |     exp(b)   Std. Err.      z    P>|z|     [95% Conf. Interval]
-------------+----------------------------------------------------------------
         (1) |   .5010454   .1501711    -2.31   0.021     .2784574    .9015616
------------------------------------------------------------------------------
kids_cat4
****************

 ( 1)  3.kids_cat4 + 1bn.vaccine#3.kids_cat4 = 0

------------------------------------------------------------------------------
          _t |     exp(b)   Std. Err.      z    P>|z|     [95% Conf. Interval]
-------------+----------------------------------------------------------------
         (1) |   1.251791   .2843956     0.99   0.323     .8019482    1.953966
------------------------------------------------------------------------------

kids_cat4 
****************

 ( 1)  1.kids_cat4 + 2.vaccine#1.kids_cat4 = 0

------------------------------------------------------------------------------
          _t |     exp(b)   Std. Err.      z    P>|z|     [95% Conf. Interval]
-------------+----------------------------------------------------------------
         (1) |     .24265    .069875    -4.92   0.000     .1379949    .4266754
------------------------------------------------------------------------------
kids_cat4
****************

 ( 1)  2.kids_cat4 + 2.vaccine#2.kids_cat4 = 0

------------------------------------------------------------------------------
          _t |     exp(b)   Std. Err.      z    P>|z|     [95% Conf. Interval]
-------------+----------------------------------------------------------------
         (1) |   .9888538   .6135511    -0.02   0.986     .2930824    3.336372
------------------------------------------------------------------------------
kids_cat4
****************

 ( 1)  3.kids_cat4 + 2.vaccine#3.kids_cat4 = 0

------------------------------------------------------------------------------
          _t |     exp(b)   Std. Err.      z    P>|z|     [95% Conf. Interval]
-------------+----------------------------------------------------------------
         (1) |    1.24967   .2923041     0.95   0.341     .7901238    1.976495
------------------------------------------------------------------------------
(note: file ./output/an_interaction_cox_models_covid_tpp_prob_kids_cat4_vaccine
> _1shield1.ster not found)
file ./output/an_interaction_cox_models_covid_tpp_prob_kids_cat4_vaccine_1shiel
> d1.ster saved

. log close
      name:  <unnamed>
       log:  /workspace/logs/10_an_interaction_cox_models_vaccine_covid_tpp_pro
> b_sex_shield.log
  log type:  text
 closed on:  15 Mar 2023, 14:26:07
-------------------------------------------------------------------------------
