-------------------------------------------------------------------------------
      name:  <unnamed>
       log:  /workspace/logs/10_an_interaction_cox_models_sex_covid_death.log
  log type:  text
 opened on:  25 Jul 2021, 08:25:57

. 
. 
. *PROG TO DEFINE THE BASIC COX MODEL WITH OPTIONS FOR HANDLING OF AGE, BMI, ET
> HNICITY:
. cap prog drop basemodel

. prog define basemodel
  1.         syntax , exposure(string)  age(string) [ethnicity(real 0) interact
> ion(string)] 
  2. timer clear
  3. timer on 1
  4. stcox   `exposure'                                                        
>       ///
>                         $demogadjlist                                        
>            ///
>                         $comordidadjlist                                     
>            ///
>                         `interaction'                                        
>            ///
>                         , strata(stp) vce(cluster household_id)
  5.         timer off 1
  6. timer list
  7. end

. *****************************************************************************
> ********
. 
. * Open dataset and fit specified model(s)
. forvalues x=0/1 {
  2. forvalues period=0/2 {
  3. 
. use "$tempdir/cr_create_analysis_dataset_STSET_`outcome'_ageband_`x'.dta", cl
> ear
  4. stsplit cat_time, at(0,78,147,400)
  5. recode cat_time 78=1 147=2 400=3
  6. recode `outcome' .=0 
  7. tab cat_time
  8. tab cat_time `outcome'
  9. 
. keep if cat_time==`period'
 10. 
. foreach int_type in  male  {
 11. 
. tab male `outcome'
 12. *Age interaction for 3-level exposure vars
. foreach exposure_type in kids_cat4  {
 13. 
. *Age spline model (not adj ethnicity, no interaction)
. basemodel, exposure("i.`exposure_type'") age("age1 age2 age3")  
 14. 
. *Age spline model (not adj ethnicity, interaction)
. basemodel, exposure("i.`exposure_type'") age("age1 age2 age3")  ///
> interaction(1.`int_type'#1.`exposure_type' 1.`int_type'#2.`exposure_type' 1.`
> int_type'#3.`exposure_type')
 15. if _rc==0{
 16. testparm 1.`int_type'#i.`exposure_type'
 17. di _n "`exposure_type' " _n "****************"
 18. lincom 1.`exposure_type' + 1.`int_type'#1.`exposure_type', eform
 19. di "`exposure_type'" _n "****************"
 20. lincom 2.`exposure_type' + 1.`int_type'#2.`exposure_type', eform
 21. di "`exposure_type'" _n "****************"
 22. lincom 3.`exposure_type' + 1.`int_type'#3.`exposure_type', eform
 23. estimates save ./output/an_interaction_cox_models_`outcome'_`exposure_type
> '_`int_type'_`x'_timeperiod`period', replace
 24. }
 25. else di "WARNING GROUP MODEL DID NOT FIT (OUTCOME `outcome')"
 26. }
 27. }
 28. }
 29. }
(18,407 observations (episodes) created)
(cat_time: 18407 changes made)
(covid_death: 18407 changes made)

observation |
   interval |      Freq.     Percent        Cum.
------------+-----------------------------------
          0 |     16,005       46.51       46.51
          1 |     11,270       32.75       79.26
          2 |      7,137       20.74      100.00
------------+-----------------------------------
      Total |     34,412      100.00

           |   Failure/censoring
           |     indicator for
observatio | outcome: covid death
n interval |         0          1 |     Total
-----------+----------------------+----------
         0 |    13,190      2,815 |    16,005 
         1 |     8,752      2,518 |    11,270 
         2 |     4,998      2,139 |     7,137 
-----------+----------------------+----------
     Total |    26,940      7,472 |    34,412 
(18,409 observations deleted)

           |   Failure/censoring
           |     indicator for
           | outcome: covid death
      Male |         0          1 |     Total
-----------+----------------------+----------
         0 |     6,661      1,439 |     8,100 
         1 |     6,529      1,376 |     7,905 
-----------+----------------------+----------
     Total |    13,190      2,815 |    16,005 

         failure _d:  covid_death
   analysis time _t:  (stime_covid_death-origin)
             origin:  time enter_date
  enter on or after:  time enter_date
                 id:  patient_id

Iteration 0:   log pseudolikelihood =  -20306.11
Iteration 1:   log pseudolikelihood = -20285.105
Iteration 2:   log pseudolikelihood = -20284.084
Iteration 3:   log pseudolikelihood = -20283.932
Iteration 4:   log pseudolikelihood = -20283.879
Iteration 5:   log pseudolikelihood =  -20283.86
Iteration 6:   log pseudolikelihood = -20283.853
Iteration 7:   log pseudolikelihood =  -20283.85
Iteration 8:   log pseudolikelihood = -20283.849
Iteration 9:   log pseudolikelihood = -20283.849
Iteration 10:  log pseudolikelihood = -20283.849
Iteration 11:  log pseudolikelihood = -20283.849
Iteration 12:  log pseudolikelihood = -20283.849
Iteration 13:  log pseudolikelihood = -20283.849
Iteration 14:  log pseudolikelihood = -20283.849
Iteration 15:  log pseudolikelihood = -20283.849
Iteration 16:  log pseudolikelihood = -20283.849
Iteration 17:  log pseudolikelihood = -20283.849
Iteration 18:  log pseudolikelihood = -20283.849
Iteration 19:  log pseudolikelihood = -20283.849
Iteration 20:  log pseudolikelihood = -20283.849
Iteration 21:  log pseudolikelihood = -20283.849
Iteration 22:  log pseudolikelihood = -20283.849
Iteration 23:  log pseudolikelihood = -20283.849
Iteration 24:  log pseudolikelihood = -20283.849
Iteration 25:  log pseudolikelihood = -20283.849
Iteration 26:  log pseudolikelihood = -20283.849
Iteration 27:  log pseudolikelihood = -20283.849
Iteration 28:  log pseudolikelihood = -20283.849
Iteration 29:  log pseudolikelihood = -20283.849
Iteration 30:  log pseudolikelihood = -20283.849
Refining estimates:
Iteration 0:   log pseudolikelihood = -20283.849
Iteration 1:   log pseudolikelihood = -20283.849

Stratified Cox regr. -- Breslow method for ties

No. of subjects      =       16,005             Number of obs    =      16,005
No. of failures      =        2,815
Time at risk         =      1066391
                                                Wald chi2(42)    =     8891.05
Log pseudolikelihood =   -20283.849             Prob > chi2      =      0.0000

                       (Std. Err. adjusted for 1,113 clusters in household_id)
------------------------------------------------------------------------------
             |               Robust
          _t | Haz. Ratio   Std. Err.      z    P>|z|     [95% Conf. Interval]
-------------+----------------------------------------------------------------
   kids_cat4 |
only <12 ..  |   1.123627   .1757579     0.75   0.456     .8269462    1.526748
 only 12-18  |   1.264061   .2532282     1.17   0.242     .8535866    1.871925
      mixed  |   1.157135   .1705107     0.99   0.322     .8668709    1.544591
             |
        age1 |   .9883503   .0070223    -1.65   0.099     .9746822     1.00221
        age2 |   1.025396   .0230591     1.12   0.265     .9811822    1.071602
        age3 |    .948218   .0607046    -0.83   0.406     .8364009    1.074984
      1.male |   .9789013   .0353103    -0.59   0.554     .9120841    1.050613
             |
   ethnicity |
Asian or ..  |   1.057656    .065957     0.90   0.369     .9359704    1.195161
      Other  |   1.038379    .064477     0.61   0.544     .9193941    1.172764
             |
   obese4cat |
Obese I ..)  |   .9627545   .0526978    -0.69   0.488     .8648161    1.071784
Obese II..)  |   .9645361   .0697542    -0.50   0.618     .8370675    1.111416
Obese II..)  |   .9042913   .0786621    -1.16   0.247     .7625431    1.072389
             |
smoke_nomiss |
     Former  |   .9056028   .1397021    -0.64   0.520     .6693109    1.225315
    Current  |   1.011683   .0575171     0.20   0.838     .9050055    1.130935
             |
         imd |
          4  |   1.045394   .0477376     0.97   0.331      .955895    1.143273
5 most de..  |   .9868868   .0623174    -0.21   0.834     .8720027    1.116907
             |
tot_adults~h |
          2  |   .9581955   .3186971    -0.13   0.898      .499279    1.838929
          3  |   .8641733   .2387317    -0.53   0.597     .5028664    1.485077
             |
1.htdiag_o~p |   1.007194   .0715036     0.10   0.920     .8763625    1.157557
1.~y_disease |   1.048213   .0494694     1.00   0.318     .9556041    1.149797
    1.asthma |   1.088781   .0743244     1.25   0.213     .9524328    1.244649
1.~c_disease |   .9422584   .0454995    -1.23   0.218      .857171    1.035792
             |
     diabcat |
T1DM, con..  |    1.09509   .1191284     0.84   0.404     .8848157    1.355336
T1DM, unc..  |   .6425928   .2175401    -1.31   0.191     .3309592    1.247663
T2DM, con..  |   1.076643   .0545206     1.46   0.145     .9749167    1.188985
T2DM, unc..  |   .9303265   .1026277    -0.65   0.513     .7494389    1.154874
Diabetes,..  |   3.38e-14   1.17e-14   -89.62   0.000     1.71e-14    6.66e-14
             |
cancer_exh~t |
  Last year  |   1.267575   .3606243     0.83   0.405     .7257837    2.213808
2-5 years..  |   1.144828     .16806     0.92   0.357     .8585869    1.526497
   5+ years  |   1.009611   .0502282     0.19   0.848     .9158129    1.113016
             |
cancer_hae~t |
  Last year  |   1.744502    .436374     2.22   0.026     1.068439    2.848349
2-5 years..  |   .8343318   .1479157    -1.02   0.307     .5894301    1.180988
   5+ years  |   .9785461   .0499787    -0.42   0.671      .885333    1.081573
             |
1.~r_disease |   .9838565   .0462466    -0.35   0.729     .8972648    1.078805
1.stroke_d~a |    1.02402   .0497211     0.49   0.625     .9310622     1.12626
1.other_ne~o |   .9207543   .0436449    -1.74   0.082     .8390653    1.010396
             |
reduced_ki~t |
Stage 3a/..  |    .376908   .1667226    -2.21   0.027     .1583844    .8969296
      1.esrd |   1.039437   .0411282     0.98   0.328     .9618733    1.123254
1.other_tr~t |   .9335264   .0444311    -1.45   0.148     .8503815    1.024801
  1.asplenia |    1.01462   .0466071     0.32   0.752     .9272636    1.110207
1.ra_sle_p~s |   .9644548   .0467583    -0.75   0.455     .8770295    1.060595
1.other_im~o |   .9868796   .0457254    -0.29   0.776     .9012083    1.080695
------------------------------------------------------------------------------
                                                             Stratified by stp
   1:      9.85 /        1 =       9.8510

         failure _d:  covid_death
   analysis time _t:  (stime_covid_death-origin)
             origin:  time enter_date
  enter on or after:  time enter_date
                 id:  patient_id

Iteration 0:   log pseudolikelihood =  -20306.11
Iteration 1:   log pseudolikelihood = -20284.838
Iteration 2:   log pseudolikelihood = -20283.814
Iteration 3:   log pseudolikelihood = -20283.662
Iteration 4:   log pseudolikelihood = -20283.609
Iteration 5:   log pseudolikelihood = -20283.589
Iteration 6:   log pseudolikelihood = -20283.582
Iteration 7:   log pseudolikelihood =  -20283.58
Iteration 8:   log pseudolikelihood = -20283.579
Iteration 9:   log pseudolikelihood = -20283.578
Iteration 10:  log pseudolikelihood = -20283.578
Iteration 11:  log pseudolikelihood = -20283.578
Iteration 12:  log pseudolikelihood = -20283.578
Iteration 13:  log pseudolikelihood = -20283.578
Iteration 14:  log pseudolikelihood = -20283.578
Iteration 15:  log pseudolikelihood = -20283.578
Iteration 16:  log pseudolikelihood = -20283.578
Iteration 17:  log pseudolikelihood = -20283.578
Iteration 18:  log pseudolikelihood = -20283.578
Iteration 19:  log pseudolikelihood = -20283.578
Iteration 20:  log pseudolikelihood = -20283.578
Iteration 21:  log pseudolikelihood = -20283.578
Iteration 22:  log pseudolikelihood = -20283.578
Iteration 23:  log pseudolikelihood = -20283.578
Iteration 24:  log pseudolikelihood = -20283.578
Iteration 25:  log pseudolikelihood = -20283.578
Iteration 26:  log pseudolikelihood = -20283.578
Iteration 27:  log pseudolikelihood = -20283.578
Iteration 28:  log pseudolikelihood = -20283.578
Iteration 29:  log pseudolikelihood = -20283.578
Iteration 30:  log pseudolikelihood = -20283.578
Iteration 31:  log pseudolikelihood = -20283.578
Iteration 32:  log pseudolikelihood = -20283.578
Refining estimates:
Iteration 0:   log pseudolikelihood = -20283.578
Iteration 1:   log pseudolikelihood = -20283.578

Stratified Cox regr. -- Breslow method for ties

No. of subjects      =       16,005             Number of obs    =      16,005
No. of failures      =        2,815
Time at risk         =      1066391
                                                Wald chi2(45)    =    10141.09
Log pseudolikelihood =   -20283.578             Prob > chi2      =      0.0000

                       (Std. Err. adjusted for 1,113 clusters in household_id)
------------------------------------------------------------------------------
             |               Robust
          _t | Haz. Ratio   Std. Err.      z    P>|z|     [95% Conf. Interval]
-------------+----------------------------------------------------------------
   kids_cat4 |
only <12 ..  |   1.080373   .1943201     0.43   0.667     .7594049    1.537001
 only 12-18  |   1.118761   .2705371     0.46   0.643     .6964677    1.797106
      mixed  |   1.087614   .1809419     0.50   0.614     .7849898    1.506905
             |
        age1 |   .9883364    .007022    -1.65   0.099      .974669    1.002196
        age2 |   1.025437   .0230567     1.12   0.264     .9812278    1.071638
        age3 |   .9480783   .0606864    -0.83   0.405     .8362939    1.074805
      1.male |     .87001   .1986164    -0.61   0.542     .5561624    1.360965
             |
   ethnicity |
Asian or ..  |   1.057387    .065922     0.90   0.371     .9357641    1.194817
      Other  |    1.03855   .0644871     0.61   0.542     .9195459    1.172955
             |
   obese4cat |
Obese I ..)  |   .9627756   .0527042    -0.69   0.488     .8648258    1.071819
Obese II..)  |   .9648618   .0697762    -0.49   0.621     .8373529    1.111787
Obese II..)  |   .9051119   .0787622    -1.15   0.252     .7631877    1.073429
             |
smoke_nomiss |
     Former  |   .9062792   .1398053    -0.64   0.524     .6698124    1.226227
    Current  |   1.011294   .0575246     0.20   0.843     .9046054    1.130565
             |
         imd |
          4  |   1.045834   .0477485     0.98   0.326     .9563142    1.143735
5 most de..  |   .9867956    .062316    -0.21   0.833     .8719147    1.116813
             |
tot_adults~h |
          2  |   .9592475   .3188188    -0.13   0.900     .5000603    1.840089
          3  |   .8680174   .2396379    -0.51   0.608      .505281    1.491159
             |
1.htdiag_o~p |   1.007028   .0714772     0.10   0.921     .8762429    1.157333
1.~y_disease |   1.048203   .0494686     1.00   0.319     .9555957    1.149786
    1.asthma |   1.088588   .0743045     1.24   0.214     .9522754    1.244413
1.~c_disease |   .9425625   .0455214    -1.22   0.221     .8574347    1.036142
             |
     diabcat |
T1DM, con..  |   1.095042   .1192162     0.83   0.404     .8846293    1.355502
T1DM, unc..  |   .6419541    .217375    -1.31   0.191     .3305786    1.246617
T2DM, con..  |   1.075951   .0544956     1.45   0.148     .9742717    1.188242
T2DM, unc..  |   .9301897   .1026604    -0.66   0.512     .7492533     1.15482
Diabetes,..  |   4.52e-15   1.57e-15   -95.46   0.000     2.30e-15    8.91e-15
             |
cancer_exh~t |
  Last year  |   1.268432   .3609895     0.84   0.403     .7261388    2.215721
2-5 years..  |   1.144298   .1678837     0.92   0.358     .8583345    1.525533
   5+ years  |   1.009688   .0502366     0.19   0.846     .9158748    1.113111
             |
cancer_hae~t |
  Last year  |   1.747114   .4370069     2.23   0.026     1.070063    2.852547
2-5 years..  |    .835474    .148115    -1.01   0.311     .5902414    1.182595
   5+ years  |   .9786328    .049973    -0.42   0.672     .8854294    1.081647
             |
1.~r_disease |   .9842081   .0462862    -0.34   0.735     .8975443     1.07924
1.stroke_d~a |   1.024745   .0497749     0.50   0.615      .931688    1.127097
1.other_ne~o |   .9205108    .043631    -1.75   0.081     .8388476    1.010124
             |
reduced_ki~t |
Stage 3a/..  |   .3776187   .1670442    -2.20   0.028     .1586771    .8986548
      1.esrd |   1.039553   .0411318     0.98   0.327     .9619825    1.123378
1.other_tr~t |   .9337089   .0444483    -1.44   0.150     .8505326    1.025019
  1.asplenia |   1.014405   .0465892     0.31   0.755     .9270811    1.109954
1.ra_sle_p~s |   .9643807   .0467549    -0.75   0.454      .876962    1.060514
1.other_im~o |   .9868678   .0457042    -0.29   0.775     .9012345    1.080638
             |
        male#|
   kids_cat4 |
          1 #|
only <12 ..  |    1.08008   .2759982     0.30   0.763     .6545522    1.782246
          1 #|
 only 12-18  |   1.269015   .4064138     0.74   0.457     .6774252    2.377234
    1#mixed  |   1.130984   .2618146     0.53   0.595     .7184715    1.780342
------------------------------------------------------------------------------
                                                             Stratified by stp
   1:     19.17 /        1 =      19.1690

 ( 1)  1.male#1.kids_cat4 = 0
 ( 2)  1.male#2.kids_cat4 = 0
 ( 3)  1.male#3.kids_cat4 = 0

           chi2(  3) =    0.70
         Prob > chi2 =    0.8736

kids_cat4 
****************

 ( 1)  1.kids_cat4 + 1.male#1.kids_cat4 = 0

------------------------------------------------------------------------------
          _t |     exp(b)   Std. Err.      z    P>|z|     [95% Conf. Interval]
-------------+----------------------------------------------------------------
         (1) |    1.16689   .2603689     0.69   0.489       .75353    1.807003
------------------------------------------------------------------------------
kids_cat4
****************

 ( 1)  2.kids_cat4 + 1.male#2.kids_cat4 = 0

------------------------------------------------------------------------------
          _t |     exp(b)   Std. Err.      z    P>|z|     [95% Conf. Interval]
-------------+----------------------------------------------------------------
         (1) |   1.419724   .3846281     1.29   0.196     .8348309      2.4144
------------------------------------------------------------------------------
kids_cat4
****************

 ( 1)  3.kids_cat4 + 1.male#3.kids_cat4 = 0

------------------------------------------------------------------------------
          _t |     exp(b)   Std. Err.      z    P>|z|     [95% Conf. Interval]
-------------+----------------------------------------------------------------
         (1) |   1.230075   .2551919     1.00   0.318     .8191072    1.847235
------------------------------------------------------------------------------
(note: file ./output/an_interaction_cox_models_covid_death_kids_cat4_male_0_tim
> eperiod0.ster not found)
file ./output/an_interaction_cox_models_covid_death_kids_cat4_male_0_timeperiod
> 0.ster saved
(18,407 observations (episodes) created)
(cat_time: 18407 changes made)
(covid_death: 18407 changes made)

observation |
   interval |      Freq.     Percent        Cum.
------------+-----------------------------------
          0 |     16,005       46.51       46.51
          1 |     11,270       32.75       79.26
          2 |      7,137       20.74      100.00
------------+-----------------------------------
      Total |     34,412      100.00

           |   Failure/censoring
           |     indicator for
observatio | outcome: covid death
n interval |         0          1 |     Total
-----------+----------------------+----------
         0 |    13,190      2,815 |    16,005 
         1 |     8,752      2,518 |    11,270 
         2 |     4,998      2,139 |     7,137 
-----------+----------------------+----------
     Total |    26,940      7,472 |    34,412 
(23,144 observations deleted)

           |   Failure/censoring
           |     indicator for
           | outcome: covid death
      Male |         0          1 |     Total
-----------+----------------------+----------
         0 |     4,401      1,285 |     5,686 
         1 |     4,351      1,233 |     5,584 
-----------+----------------------+----------
     Total |     8,752      2,518 |    11,270 

         failure _d:  covid_death
   analysis time _t:  (stime_covid_death-origin)
             origin:  time enter_date
  enter on or after:  time enter_date
                 id:  patient_id

Iteration 0:   log pseudolikelihood = -17169.948
Iteration 1:   log pseudolikelihood = -17149.638
Iteration 2:   log pseudolikelihood = -17149.531
Iteration 3:   log pseudolikelihood = -17149.531
Refining estimates:
Iteration 0:   log pseudolikelihood = -17149.531

Stratified Cox regr. -- Breslow method for ties

No. of subjects      =       11,270             Number of obs    =      11,270
No. of failures      =        2,518
Time at risk         =       638735
                                                Wald chi2(42)    =       42.36
Log pseudolikelihood =   -17149.531             Prob > chi2      =      0.4553

                       (Std. Err. adjusted for 1,060 clusters in household_id)
------------------------------------------------------------------------------
             |               Robust
          _t | Haz. Ratio   Std. Err.      z    P>|z|     [95% Conf. Interval]
-------------+----------------------------------------------------------------
   kids_cat4 |
only <12 ..  |   .9766685   .1493013    -0.15   0.877      .723812    1.317858
 only 12-18  |    .803582   .1655794    -1.06   0.289     .5365852    1.203432
      mixed  |   .9224325   .1298005    -0.57   0.566     .7000956    1.215379
             |
        age1 |   1.015646   .0077453     2.04   0.042     1.000578     1.03094
        age2 |   .9575904   .0226447    -1.83   0.067     .9142204    1.003018
        age3 |   1.123661   .0758452     1.73   0.084     .9844203    1.282596
      1.male |   .9672291    .038389    -0.84   0.401     .8948401    1.045474
             |
   ethnicity |
Asian or ..  |   1.051571   .0706706     0.75   0.454     .9217939    1.199619
      Other  |   1.065364   .0694478     0.97   0.331     .9375853    1.210557
             |
   obese4cat |
Obese I ..)  |   1.108141   .0630821     1.80   0.071     .9911504    1.238941
Obese II..)  |   1.119229   .0783614     1.61   0.108     .9757149    1.283851
Obese II..)  |   1.187707   .1019237     2.00   0.045     1.003836    1.405257
             |
smoke_nomiss |
     Former  |   .7807756   .1248224    -1.55   0.122     .5707486    1.068089
    Current  |   1.018287   .0613408     0.30   0.764     .9048873    1.145898
             |
         imd |
          4  |   .9335766   .0453244    -1.42   0.157      .848838    1.026774
5 most de..  |   .9314533   .0624041    -1.06   0.289     .8168335    1.062157
             |
tot_adults~h |
          2  |   .6247054   .2732712    -1.08   0.282     .2650486    1.472397
          3  |   1.078177   .3308194     0.25   0.806        .5909     1.96728
             |
1.htdiag_o~p |   .9246551   .0654975    -1.11   0.269      .804795    1.062366
1.~y_disease |   .9890809   .0499807    -0.22   0.828     .8958154    1.092057
    1.asthma |    .961709   .0724603    -0.52   0.604     .8296781    1.114751
1.~c_disease |   1.058678   .0500842     1.21   0.228     .9649284    1.161536
             |
     diabcat |
T1DM, con..  |   1.108133    .134375     0.85   0.397     .8737212    1.405435
T1DM, unc..  |   .8952969   .2436729    -0.41   0.684     .5251648    1.526295
T2DM, con..  |   1.066099    .057404     1.19   0.235     .9593223     1.18476
T2DM, unc..  |   1.016133   .1106273     0.15   0.883     .8208797    1.257829
Diabetes,..  |   .6909864   .7118529    -0.36   0.720      .091741     5.20446
             |
cancer_exh~t |
  Last year  |   1.234641   .3831286     0.68   0.497     .6720463    2.268203
2-5 years..  |   .9338112   .1600298    -0.40   0.689     .6674002    1.306567
   5+ years  |   .8881069   .0481578    -2.19   0.029     .7985621    .9876927
             |
cancer_hae~t |
  Last year  |   .9603048    .389179    -0.10   0.920     .4339563    2.125065
2-5 years..  |   1.049104   .1639282     0.31   0.759     .7723487    1.425028
   5+ years  |   1.059519   .0510031     1.20   0.230     .9641258    1.164351
             |
1.~r_disease |   .9893263   .0490756    -0.22   0.829     .8976678    1.090344
1.stroke_d~a |   .9942244   .0520561    -0.11   0.912     .8972569    1.101671
1.other_ne~o |   1.003227   .0488498     0.07   0.947     .9119103    1.103689
             |
reduced_ki~t |
Stage 3a/..  |   .7830845   .2511494    -0.76   0.446     .4176504    1.468265
      1.esrd |   .9684336   .0398636    -0.78   0.436      .893371    1.049803
1.other_tr~t |   .9527169   .0481968    -0.96   0.338      .862785    1.052023
  1.asplenia |   .9908686   .0487003    -0.19   0.852      .899871    1.091068
1.ra_sle_p~s |   1.062435    .053821     1.20   0.232     .9620154    1.173337
1.other_im~o |   1.005923   .0479435     0.12   0.901     .9162113     1.10442
------------------------------------------------------------------------------
                                                             Stratified by stp
   1:      6.25 /        1 =       6.2460

         failure _d:  covid_death
   analysis time _t:  (stime_covid_death-origin)
             origin:  time enter_date
  enter on or after:  time enter_date
                 id:  patient_id

Iteration 0:   log pseudolikelihood = -17169.948
Iteration 1:   log pseudolikelihood = -17147.511
Iteration 2:   log pseudolikelihood = -17147.362
Iteration 3:   log pseudolikelihood = -17147.362
Refining estimates:
Iteration 0:   log pseudolikelihood = -17147.362

Stratified Cox regr. -- Breslow method for ties

No. of subjects      =       11,270             Number of obs    =      11,270
No. of failures      =        2,518
Time at risk         =       638735
                                                Wald chi2(45)    =       46.88
Log pseudolikelihood =   -17147.362             Prob > chi2      =      0.3952

                       (Std. Err. adjusted for 1,060 clusters in household_id)
------------------------------------------------------------------------------
             |               Robust
          _t | Haz. Ratio   Std. Err.      z    P>|z|     [95% Conf. Interval]
-------------+----------------------------------------------------------------
   kids_cat4 |
only <12 ..  |    1.32539   .3023992     1.23   0.217     .8474897    2.072777
 only 12-18  |   1.131437   .3766349     0.37   0.711     .5892241    2.172601
      mixed  |   1.180895   .2524787     0.78   0.437     .7766436    1.795562
             |
        age1 |   1.015582   .0077531     2.03   0.043     1.000499    1.030892
        age2 |      .9579   .0226738    -1.82   0.069     .9144752    1.003387
        age3 |   1.122637   .0758385     1.71   0.087     .9834166    1.281567
      1.male |   1.516673   .4071481     1.55   0.121     .8961659     2.56682
             |
   ethnicity |
Asian or ..  |   1.051939   .0707388     0.75   0.451     .9220414    1.200136
      Other  |   1.064212   .0693445     0.96   0.340     .9366199    1.209185
             |
   obese4cat |
Obese I ..)  |   1.105626   .0629657     1.76   0.078     .9888537    1.236188
Obese II..)  |   1.119366   .0783882     1.61   0.107     .9758054    1.284047
Obese II..)  |   1.188365   .1020062     2.01   0.044      1.00435    1.406096
             |
smoke_nomiss |
     Former  |   .7769814   .1243043    -1.58   0.115     .5678482    1.063136
    Current  |   1.018939   .0614286     0.31   0.756      .905382    1.146738
             |
         imd |
          4  |   .9322901   .0453281    -1.44   0.149     .8475503    1.025502
5 most de..  |   .9311321   .0624408    -1.06   0.287     .8164518    1.061921
             |
tot_adults~h |
          2  |   .6204017   .2737773    -1.08   0.279     .2612437     1.47333
          3  |   1.065965   .3292256     0.21   0.836     .5818986    1.952713
             |
1.htdiag_o~p |   .9235779   .0654015    -1.12   0.262     .8038912    1.061084
1.~y_disease |   .9894653   .0499869    -0.21   0.834      .896187    1.092452
    1.asthma |   .9628805   .0725349    -0.50   0.616     .8307118    1.116078
1.~c_disease |   1.056219   .0500035     1.16   0.248     .9626231    1.158915
             |
     diabcat |
T1DM, con..  |    1.10275    .133792     0.81   0.420     .8693696    1.398781
T1DM, unc..  |   .8929393   .2431049    -0.42   0.677     .5236973    1.522522
T2DM, con..  |   1.065448   .0574048     1.18   0.239     .9586739    1.184115
T2DM, unc..  |   1.013474   .1105433     0.12   0.902     .8184065    1.255037
Diabetes,..  |   .6916516   .7123632    -0.36   0.720     .0918748    5.206888
             |
cancer_exh~t |
  Last year  |   1.224228   .3807719     0.65   0.515     .6654457    2.252224
2-5 years..  |   .9344435   .1601983    -0.40   0.692     .6677678    1.307617
   5+ years  |   .8888756   .0481402    -2.18   0.030     .7993578    .9884183
             |
cancer_hae~t |
  Last year  |   .9623064    .389872    -0.09   0.924     .4349655    2.128982
2-5 years..  |   1.046441   .1630907     0.29   0.771      .770997    1.420289
   5+ years  |   1.059132   .0510509     1.19   0.233     .9636554    1.164069
             |
1.~r_disease |   .9897863   .0491565    -0.21   0.836     .8979819    1.090976
1.stroke_d~a |    .992398   .0520556    -0.15   0.884     .8954403    1.099854
1.other_ne~o |   1.003797   .0489042     0.08   0.938     .9123808    1.104373
             |
reduced_ki~t |
Stage 3a/..  |   .7788712   .2498642    -0.78   0.436     .4153341    1.460608
      1.esrd |   .9673868   .0398884    -0.80   0.421     .8922826    1.048813
1.other_tr~t |   .9524352   .0481806    -0.96   0.335     .8625334    1.051707
  1.asplenia |   .9916626   .0487887    -0.17   0.865     .9005043    1.092049
1.ra_sle_p~s |   1.062047   .0538009     1.19   0.235     .9616655    1.172908
1.other_im~o |   1.005727   .0479611     0.12   0.905     .9159838    1.104262
             |
        male#|
   kids_cat4 |
          1 #|
only <12 ..  |     .56845   .1662824    -1.93   0.053     .3204053    1.008521
          1 #|
 only 12-18  |   .5231832   .2285749    -1.48   0.138     .2222133    1.231792
    1#mixed  |   .6404769   .1741745    -1.64   0.101     .3758576    1.091399
------------------------------------------------------------------------------
                                                             Stratified by stp
   1:      7.41 /        1 =       7.4090

 ( 1)  1.male#1.kids_cat4 = 0
 ( 2)  1.male#2.kids_cat4 = 0
 ( 3)  1.male#3.kids_cat4 = 0

           chi2(  3) =    4.13
         Prob > chi2 =    0.2481

kids_cat4 
****************

 ( 1)  1.kids_cat4 + 1.male#1.kids_cat4 = 0

------------------------------------------------------------------------------
          _t |     exp(b)   Std. Err.      z    P>|z|     [95% Conf. Interval]
-------------+----------------------------------------------------------------
         (1) |   .7534176   .1460966    -1.46   0.144     .5152022    1.101777
------------------------------------------------------------------------------
kids_cat4
****************

 ( 1)  2.kids_cat4 + 1.male#2.kids_cat4 = 0

------------------------------------------------------------------------------
          _t |     exp(b)   Std. Err.      z    P>|z|     [95% Conf. Interval]
-------------+----------------------------------------------------------------
         (1) |   .5919486   .1528927    -2.03   0.042     .3568039    .9820608
------------------------------------------------------------------------------
kids_cat4
****************

 ( 1)  3.kids_cat4 + 1.male#3.kids_cat4 = 0

------------------------------------------------------------------------------
          _t |     exp(b)   Std. Err.      z    P>|z|     [95% Conf. Interval]
-------------+----------------------------------------------------------------
         (1) |   .7563357   .1331555    -1.59   0.113     .5356211    1.068001
------------------------------------------------------------------------------
(note: file ./output/an_interaction_cox_models_covid_death_kids_cat4_male_0_tim
> eperiod1.ster not found)
file ./output/an_interaction_cox_models_covid_death_kids_cat4_male_0_timeperiod
> 1.ster saved
(18,407 observations (episodes) created)
(cat_time: 18407 changes made)
(covid_death: 18407 changes made)

observation |
   interval |      Freq.     Percent        Cum.
------------+-----------------------------------
          0 |     16,005       46.51       46.51
          1 |     11,270       32.75       79.26
          2 |      7,137       20.74      100.00
------------+-----------------------------------
      Total |     34,412      100.00

           |   Failure/censoring
           |     indicator for
observatio | outcome: covid death
n interval |         0          1 |     Total
-----------+----------------------+----------
         0 |    13,190      2,815 |    16,005 
         1 |     8,752      2,518 |    11,270 
         2 |     4,998      2,139 |     7,137 
-----------+----------------------+----------
     Total |    26,940      7,472 |    34,412 
(27,277 observations deleted)

           |   Failure/censoring
           |     indicator for
           | outcome: covid death
      Male |         0          1 |     Total
-----------+----------------------+----------
         0 |     2,501      1,099 |     3,600 
         1 |     2,497      1,040 |     3,537 
-----------+----------------------+----------
     Total |     4,998      2,139 |     7,137 

         failure _d:  covid_death
   analysis time _t:  (stime_covid_death-origin)
             origin:  time enter_date
  enter on or after:  time enter_date
                 id:  patient_id

Iteration 0:   log pseudolikelihood = -13386.415
Iteration 1:   log pseudolikelihood = -13368.999
Iteration 2:   log pseudolikelihood = -13368.891
Iteration 3:   log pseudolikelihood = -13368.891
Refining estimates:
Iteration 0:   log pseudolikelihood = -13368.891

Stratified Cox regr. -- Breslow method for ties

No. of subjects      =        7,137             Number of obs    =       7,137
No. of failures      =        2,139
Time at risk         =       326998
                                                Wald chi2(42)    =       36.67
Log pseudolikelihood =   -13368.891             Prob > chi2      =      0.7034

                         (Std. Err. adjusted for 984 clusters in household_id)
------------------------------------------------------------------------------
             |               Robust
          _t | Haz. Ratio   Std. Err.      z    P>|z|     [95% Conf. Interval]
-------------+----------------------------------------------------------------
   kids_cat4 |
only <12 ..  |   .9107248   .1516321    -0.56   0.574     .6571513    1.262144
 only 12-18  |   .6290046   .1452458    -2.01   0.045     .4000365    .9890266
      mixed  |   .8893746   .1355393    -0.77   0.442      .659725    1.198965
             |
        age1 |   .9987863   .0084086    -0.14   0.885     .9824411    1.015404
        age2 |   1.004861   .0269436     0.18   0.856     .9534164    1.059082
        age3 |   .9792667   .0747615    -0.27   0.784     .8431727    1.137327
      1.male |   .9498063   .0409486    -1.19   0.232     .8728459    1.033552
             |
   ethnicity |
Asian or ..  |   .9156898   .0687881    -1.17   0.241     .7903231    1.060943
      Other  |   1.017975   .0742539     0.24   0.807     .8823648    1.174427
             |
   obese4cat |
Obese I ..)  |   1.017413   .0683533     0.26   0.797     .8918884    1.160604
Obese II..)  |   .9189554    .074575    -1.04   0.298     .7838226    1.077385
Obese II..)  |   1.083835   .1023768     0.85   0.394     .9006596    1.304266
             |
smoke_nomiss |
     Former  |   .9084052   .1377518    -0.63   0.526     .6748422    1.222804
    Current  |   1.010826   .0672379     0.16   0.871      .887271    1.151586
             |
         imd |
          4  |   .9972242   .0558816    -0.05   0.960     .8934986    1.112991
5 most de..  |   .9211097   .0696307    -1.09   0.277     .7942648    1.068212
             |
tot_adults~h |
          2  |      1.168   .5121912     0.35   0.723      .494509    2.758746
          3  |   1.427324   .5150586     0.99   0.324     .7036575    2.895235
             |
1.htdiag_o~p |   1.068415   .0899196     0.79   0.432     .9059442    1.260023
1.~y_disease |   .9894817   .0535534    -0.20   0.845     .8898943    1.100214
    1.asthma |   .9130344   .0747419    -1.11   0.266     .7776908    1.071932
1.~c_disease |    1.00879   .0570779     0.15   0.877     .9028991    1.127099
             |
     diabcat |
T1DM, con..  |   .9664855   .1337886    -0.25   0.805     .7368265    1.267726
T1DM, unc..  |   .6468273   .2219542    -1.27   0.204     .3301449    1.267279
T2DM, con..  |   1.020319   .0611555     0.34   0.737     .9072294    1.147506
T2DM, unc..  |   .8593897   .1103711    -1.18   0.238     .6681449    1.105375
Diabetes,..  |   1.448922   .8694063     0.62   0.537      .446985    4.696747
             |
cancer_exh~t |
  Last year  |   1.040731    .342827     0.12   0.904     .5456883    1.984873
2-5 years..  |    .968768   .1587944    -0.19   0.847     .7025806    1.335806
   5+ years  |   1.085143   .0633388     1.40   0.162     .9678394    1.216665
             |
cancer_hae~t |
  Last year  |   .6873186   .2955577    -0.87   0.383     .2958885     1.59657
2-5 years..  |    1.08282   .1786072     0.48   0.630     .7837072    1.496094
   5+ years  |    1.00418   .0578698     0.07   0.942     .8969287    1.124257
             |
1.~r_disease |   .9628429   .0527442    -0.69   0.489     .8648224    1.071973
1.stroke_d~a |   1.056226   .0581741     0.99   0.321     .9481455    1.176627
1.other_ne~o |    1.00648   .0553427     0.12   0.906     .9036504     1.12101
             |
reduced_ki~t |
Stage 3a/..  |   .8439483   .2679359    -0.53   0.593     .4529781    1.572369
      1.esrd |   .9598056   .0456516    -0.86   0.388     .8743741    1.053584
1.other_tr~t |   1.058576   .0568522     1.06   0.289     .9528116     1.17608
  1.asplenia |   .9220842   .0521385    -1.43   0.151     .8253536    1.030152
1.ra_sle_p~s |   1.031737   .0564359     0.57   0.568     .9268478    1.148497
1.other_im~o |   .8544549   .0492077    -2.73   0.006     .7632536    .9565539
------------------------------------------------------------------------------
                                                             Stratified by stp
   1:      3.92 /        1 =       3.9230

         failure _d:  covid_death
   analysis time _t:  (stime_covid_death-origin)
             origin:  time enter_date
  enter on or after:  time enter_date
                 id:  patient_id

Iteration 0:   log pseudolikelihood = -13386.415
Iteration 1:   log pseudolikelihood = -13367.666
Iteration 2:   log pseudolikelihood = -13367.533
Iteration 3:   log pseudolikelihood = -13367.533
Iteration 4:   log pseudolikelihood = -13367.533
Refining estimates:
Iteration 0:   log pseudolikelihood = -13367.533

Stratified Cox regr. -- Breslow method for ties

No. of subjects      =        7,137             Number of obs    =       7,137
No. of failures      =        2,139
Time at risk         =       326998
                                                Wald chi2(45)    =       39.61
Log pseudolikelihood =   -13367.533             Prob > chi2      =      0.6992

                         (Std. Err. adjusted for 984 clusters in household_id)
------------------------------------------------------------------------------
             |               Robust
          _t | Haz. Ratio   Std. Err.      z    P>|z|     [95% Conf. Interval]
-------------+----------------------------------------------------------------
   kids_cat4 |
only <12 ..  |   .9159858   .1837107    -0.44   0.662     .6182602    1.357083
 only 12-18  |   .6215745   .1936873    -1.53   0.127     .3374834    1.144812
      mixed  |    .809863   .1390061    -1.23   0.219     .5785089    1.133739
             |
        age1 |   .9987538   .0084147    -0.15   0.882     .9823967    1.015383
        age2 |   1.004795   .0269773     0.18   0.859      .953288    1.059086
        age3 |   .9795612   .0748978    -0.27   0.787     .8432343    1.137928
      1.male |   .7795715    .205393    -0.95   0.345     .4651475    1.306536
             |
   ethnicity |
Asian or ..  |   .9148261   .0687912    -1.18   0.236     .7894627    1.060097
      Other  |   1.018716   .0744276     0.25   0.800     .8828034    1.175552
             |
   obese4cat |
Obese I ..)  |   1.018021   .0683864     0.27   0.790     .8924346     1.16128
Obese II..)  |   .9169944   .0743916    -1.07   0.285     .7821905    1.075031
Obese II..)  |   1.085432     .10258     0.87   0.386     .9019008     1.30631
             |
smoke_nomiss |
     Former  |   .9111379   .1383693    -0.61   0.540     .6765766    1.227019
    Current  |   1.014001   .0675183     0.21   0.835     .8899395    1.155358
             |
         imd |
          4  |   .9996455   .0559758    -0.01   0.995      .895741    1.115603
5 most de..  |   .9214169   .0696615    -1.08   0.279      .794517    1.068585
             |
tot_adults~h |
          2  |   1.137002   .5016625     0.29   0.771      .478849    2.699754
          3  |   1.385858   .5052464     0.90   0.371     .6782563    2.831678
             |
1.htdiag_o~p |   1.066604   .0899229     0.76   0.444     .9041499    1.258248
1.~y_disease |   .9892257   .0535636    -0.20   0.841     .8896218    1.099981
    1.asthma |   .9140367   .0747749    -1.10   0.272     .7786263    1.072996
1.~c_disease |   1.009611   .0571446     0.17   0.866     .9035983    1.128061
             |
     diabcat |
T1DM, con..  |   .9628096   .1336332    -0.27   0.785     .7334962    1.263813
T1DM, unc..  |   .6478975   .2223488    -1.26   0.206     .3306637    1.269481
T2DM, con..  |   1.019912   .0612489     0.33   0.743     .9066615    1.147307
T2DM, unc..  |    .858922   .1101989    -1.19   0.236     .6679521    1.104491
Diabetes,..  |   1.429256   .8606501     0.59   0.553     .4390815    4.652379
             |
cancer_exh~t |
  Last year  |   1.041132   .3435439     0.12   0.903     .5452977    1.987825
2-5 years..  |   .9647976   .1582976    -0.22   0.827     .6994822    1.330748
   5+ years  |    1.08463   .0632804     1.39   0.164     .9674317    1.216027
             |
cancer_hae~t |
  Last year  |   .6900949   .2961295    -0.86   0.387     .2976091     1.60019
2-5 years..  |   1.087368   .1787807     0.51   0.610     .7878174    1.500817
   5+ years  |     1.0054   .0579111     0.09   0.926     .8980688    1.125559
             |
1.~r_disease |   .9638302   .0528554    -0.67   0.502     .8656085    1.073197
1.stroke_d~a |   1.057612   .0582651     1.02   0.309     .9493637    1.178203
1.other_ne~o |   1.005297   .0552658     0.10   0.923      .902609    1.119666
             |
reduced_ki~t |
Stage 3a/..  |    .845558   .2682391    -0.53   0.597     .4540608    1.574609
      1.esrd |   .9597575   .0456481    -0.86   0.388     .8743324    1.053529
1.other_tr~t |   1.057107   .0568197     1.03   0.301     .9514079    1.174549
  1.asplenia |   .9207505   .0520961    -1.46   0.144     .8241019    1.028734
1.ra_sle_p~s |   1.032327   .0564515     0.58   0.561     .9274075    1.149117
1.other_im~o |   .8539966   .0492566    -2.74   0.006     .7627124    .9562061
             |
        male#|
   kids_cat4 |
          1 #|
only <12 ..  |   1.019559   .3131956     0.06   0.950     .5583856    1.861619
          1 #|
 only 12-18  |   1.056435   .4644822     0.12   0.901      .446268    2.500864
    1#mixed  |   1.253675   .3350802     0.85   0.398     .7424673    2.116863
------------------------------------------------------------------------------
                                                             Stratified by stp
   1:      3.92 /        1 =       3.9170

 ( 1)  1.male#1.kids_cat4 = 0
 ( 2)  1.male#2.kids_cat4 = 0
 ( 3)  1.male#3.kids_cat4 = 0

           chi2(  3) =    2.40
         Prob > chi2 =    0.4928

kids_cat4 
****************

 ( 1)  1.kids_cat4 + 1.male#1.kids_cat4 = 0

------------------------------------------------------------------------------
          _t |     exp(b)   Std. Err.      z    P>|z|     [95% Conf. Interval]
-------------+----------------------------------------------------------------
         (1) |   .9339019   .2393098    -0.27   0.790     .5651753     1.54319
------------------------------------------------------------------------------
kids_cat4
****************

 ( 1)  2.kids_cat4 + 1.male#2.kids_cat4 = 0

------------------------------------------------------------------------------
          _t |     exp(b)   Std. Err.      z    P>|z|     [95% Conf. Interval]
-------------+----------------------------------------------------------------
         (1) |   .6566533   .2177824    -1.27   0.205     .3427921    1.257887
------------------------------------------------------------------------------
kids_cat4
****************

 ( 1)  3.kids_cat4 + 1.male#3.kids_cat4 = 0

------------------------------------------------------------------------------
          _t |     exp(b)   Std. Err.      z    P>|z|     [95% Conf. Interval]
-------------+----------------------------------------------------------------
         (1) |   1.015305   .2407024     0.06   0.949     .6379681    1.615825
------------------------------------------------------------------------------
(note: file ./output/an_interaction_cox_models_covid_death_kids_cat4_male_0_tim
> eperiod2.ster not found)
file ./output/an_interaction_cox_models_covid_death_kids_cat4_male_0_timeperiod
> 2.ster saved
(5,317 observations (episodes) created)
(cat_time: 5317 changes made)
(covid_death: 5317 changes made)

observation |
   interval |      Freq.     Percent        Cum.
------------+-----------------------------------
          0 |      4,605       46.41       46.41
          1 |      3,260       32.86       79.27
          2 |      2,057       20.73      100.00
------------+-----------------------------------
      Total |      9,922      100.00

           |   Failure/censoring
           |     indicator for
observatio | outcome: covid death
n interval |         0          1 |     Total
-----------+----------------------+----------
         0 |     3,785        820 |     4,605 
         1 |     2,509        751 |     3,260 
         2 |     1,440        617 |     2,057 
-----------+----------------------+----------
     Total |     7,734      2,188 |     9,922 
(5,317 observations deleted)

           |   Failure/censoring
           |     indicator for
           | outcome: covid death
      Male |         0          1 |     Total
-----------+----------------------+----------
         0 |     1,949        406 |     2,355 
         1 |     1,836        414 |     2,250 
-----------+----------------------+----------
     Total |     3,785        820 |     4,605 

         failure _d:  covid_death
   analysis time _t:  (stime_covid_death-origin)
             origin:  time enter_date
  enter on or after:  time enter_date
                 id:  patient_id

Iteration 0:   log pseudolikelihood = -4897.2467
Iteration 1:   log pseudolikelihood = -4883.1802
Iteration 2:   log pseudolikelihood = -4882.3595
Iteration 3:   log pseudolikelihood =  -4882.274
Iteration 4:   log pseudolikelihood = -4882.2477
Iteration 5:   log pseudolikelihood =  -4882.238
Iteration 6:   log pseudolikelihood = -4882.2345
Iteration 7:   log pseudolikelihood = -4882.2332
Iteration 8:   log pseudolikelihood = -4882.2327
Iteration 9:   log pseudolikelihood = -4882.2325
Iteration 10:  log pseudolikelihood = -4882.2325
Iteration 11:  log pseudolikelihood = -4882.2324
Iteration 12:  log pseudolikelihood = -4882.2324
Iteration 13:  log pseudolikelihood = -4882.2324
Iteration 14:  log pseudolikelihood = -4882.2324
Iteration 15:  log pseudolikelihood = -4882.2324
Iteration 16:  log pseudolikelihood = -4882.2324
Iteration 17:  log pseudolikelihood = -4882.2324
Iteration 18:  log pseudolikelihood = -4882.2324
Iteration 19:  log pseudolikelihood = -4882.2324
Iteration 20:  log pseudolikelihood = -4882.2324
Iteration 21:  log pseudolikelihood = -4882.2324
Iteration 22:  log pseudolikelihood = -4882.2324
Iteration 23:  log pseudolikelihood = -4882.2324
Iteration 24:  log pseudolikelihood = -4882.2324
Iteration 25:  log pseudolikelihood = -4882.2324
Iteration 26:  log pseudolikelihood = -4882.2324
Iteration 27:  log pseudolikelihood = -4882.2324
Iteration 28:  log pseudolikelihood = -4882.2324
Refining estimates:
Iteration 0:   log pseudolikelihood = -4882.2324
Iteration 1:   log pseudolikelihood = -4882.2324

Stratified Cox regr. -- Breslow method for ties

No. of subjects      =        4,605             Number of obs    =       4,605
No. of failures      =          820
Time at risk         =       308169
                                                Wald chi2(42)    =     3413.63
Log pseudolikelihood =   -4882.2324             Prob > chi2      =      0.0000

                         (Std. Err. adjusted for 928 clusters in household_id)
------------------------------------------------------------------------------
             |               Robust
          _t | Haz. Ratio   Std. Err.      z    P>|z|     [95% Conf. Interval]
-------------+----------------------------------------------------------------
   kids_cat4 |
only <12 ..  |   .7625084   .2009475    -1.03   0.304     .4549078    1.278103
 only 12-18  |   .7873924   .2556335    -0.74   0.462     .4167174    1.487787
      mixed  |   .7586898    .188445    -1.11   0.266     .4662737     1.23449
             |
        age1 |   .9610054   .0286917    -1.33   0.183     .9063844    1.018918
        age2 |   1.217996   .1964027     1.22   0.221     .8879515    1.670717
        age3 |   .6719746   .2164674    -1.23   0.217     .3573962    1.263443
      1.male |   1.090399   .0773455     1.22   0.222     .9488701    1.253037
             |
   ethnicity |
Asian or ..  |   .9733339   .1081781    -0.24   0.808     .7828125    1.210224
      Other  |   .9759282   .1076712    -0.22   0.825     .7861535    1.211514
             |
   obese4cat |
Obese I ..)  |   .9133593    .095549    -0.87   0.386     .7440381    1.121213
Obese II..)  |   .9469616   .1199506    -0.43   0.667     .7387739    1.213817
Obese II..)  |   1.068315   .1487687     0.47   0.635     .8131394    1.403569
             |
smoke_nomiss |
     Former  |   .9173494   .2493948    -0.32   0.751     .5384225    1.562955
    Current  |   1.091011   .1175615     0.81   0.419     .8832995    1.347566
             |
         imd |
          4  |   .8582647   .0836942    -1.57   0.117     .7089503    1.039027
5 most de..  |   1.024398   .1208095     0.20   0.838     .8129895    1.290782
             |
tot_adults~h |
          2  |   .5011333   .2513755    -1.38   0.168     .1874902    1.339455
          3  |   .6469208   .2614678    -1.08   0.281     .2929669    1.428511
             |
1.htdiag_o~p |   1.021453   .1368234     0.16   0.874     .7855972    1.328118
1.~y_disease |   1.125923    .097164     1.37   0.169     .9507197    1.333414
    1.asthma |   1.090563   .1308029     0.72   0.470     .8620992    1.379573
1.~c_disease |   1.000214     .08946     0.00   0.998     .8393845     1.19186
             |
     diabcat |
T1DM, con..  |   1.191315   .2587361     0.81   0.420     .7783195    1.823455
T1DM, unc..  |   .4667346   .2779568    -1.28   0.201     .1452612    1.499652
T2DM, con..  |   .9150466   .0877644    -0.93   0.355     .7582324    1.104293
T2DM, unc..  |   1.058879   .2004563     0.30   0.762     .7306437    1.534572
Diabetes,..  |   2.44e-13   1.26e-13   -56.02   0.000     8.83e-14    6.74e-13
             |
cancer_exh~t |
  Last year  |   .2864503   .2894852    -1.24   0.216     .0395212    2.076199
2-5 years..  |    .916928    .245184    -0.32   0.746      .542908    1.548618
   5+ years  |   .9457451   .0845799    -0.62   0.533     .7936873    1.126935
             |
cancer_hae~t |
  Last year  |    1.35881   .5846026     0.71   0.476     .5847165    3.157711
2-5 years..  |   .7394634   .2276478    -0.98   0.327     .4044546    1.351959
   5+ years  |    1.06251    .090173     0.71   0.475     .8996912    1.254795
             |
1.~r_disease |   1.123819   .0930131     1.41   0.158     .9555346    1.321741
1.stroke_d~a |   .9737291   .0842992    -0.31   0.758     .8217631    1.153798
1.other_ne~o |   .9742753   .0835515    -0.30   0.761       .82354      1.1526
             |
reduced_ki~t |
Stage 3a/..  |   1.037649   .1864171     0.21   0.837     .7296748    1.475611
      1.esrd |   1.003413   .0763922     0.04   0.964     .8643219    1.164886
1.other_tr~t |   .9854152   .0865154    -0.17   0.867     .8296353    1.170446
  1.asplenia |   1.011227   .0984969     0.11   0.909     .8354855    1.223936
1.ra_sle_p~s |   .9649543   .0865011    -0.40   0.691     .8094736    1.150299
1.other_im~o |   .9918219   .0897765    -0.09   0.928     .8305881    1.184355
------------------------------------------------------------------------------
                                                             Stratified by stp
   1:      5.31 /        1 =       5.3070

         failure _d:  covid_death
   analysis time _t:  (stime_covid_death-origin)
             origin:  time enter_date
  enter on or after:  time enter_date
                 id:  patient_id

Iteration 0:   log pseudolikelihood = -4897.2467
Iteration 1:   log pseudolikelihood =    -4882.2
Iteration 2:   log pseudolikelihood =  -4881.221
Iteration 3:   log pseudolikelihood = -4881.1328
Iteration 4:   log pseudolikelihood = -4881.1066
Iteration 5:   log pseudolikelihood =  -4881.097
Iteration 6:   log pseudolikelihood = -4881.0935
Iteration 7:   log pseudolikelihood = -4881.0922
Iteration 8:   log pseudolikelihood = -4881.0917
Iteration 9:   log pseudolikelihood = -4881.0915
Iteration 10:  log pseudolikelihood = -4881.0915
Iteration 11:  log pseudolikelihood = -4881.0914
Iteration 12:  log pseudolikelihood = -4881.0914
Iteration 13:  log pseudolikelihood = -4881.0914
Iteration 14:  log pseudolikelihood = -4881.0914
Iteration 15:  log pseudolikelihood = -4881.0914
Iteration 16:  log pseudolikelihood = -4881.0914
Iteration 17:  log pseudolikelihood = -4881.0914
Iteration 18:  log pseudolikelihood = -4881.0914
Iteration 19:  log pseudolikelihood = -4881.0914
Iteration 20:  log pseudolikelihood = -4881.0914
Iteration 21:  log pseudolikelihood = -4881.0914
Iteration 22:  log pseudolikelihood = -4881.0914
Iteration 23:  log pseudolikelihood = -4881.0914
Iteration 24:  log pseudolikelihood = -4881.0914
Iteration 25:  log pseudolikelihood = -4881.0914
Iteration 26:  log pseudolikelihood = -4881.0914
Iteration 27:  log pseudolikelihood = -4881.0914
Iteration 28:  log pseudolikelihood = -4881.0914
Iteration 29:  log pseudolikelihood = -4881.0914
Iteration 30:  log pseudolikelihood = -4881.0914
Iteration 31:  log pseudolikelihood = -4881.0914
Iteration 32:  log pseudolikelihood = -4881.0914
Iteration 33:  log pseudolikelihood = -4881.0914
Iteration 34:  log pseudolikelihood = -4881.0914
Iteration 35:  log pseudolikelihood = -4881.0914
Iteration 36:  log pseudolikelihood = -4881.0914
Iteration 37:  log pseudolikelihood = -4881.0914
Iteration 38:  log pseudolikelihood = -4881.0914
Iteration 39:  log pseudolikelihood = -4881.0914
Iteration 40:  log pseudolikelihood = -4881.0914
Iteration 41:  log pseudolikelihood = -4881.0914
Iteration 42:  log pseudolikelihood = -4881.0914
Iteration 43:  log pseudolikelihood = -4881.0914
Iteration 44:  log pseudolikelihood = -4881.0914
Refining estimates:
Iteration 0:   log pseudolikelihood = -4881.0914

Stratified Cox regr. -- Breslow method for ties

No. of subjects      =        4,605             Number of obs    =       4,605
No. of failures      =          820
Time at risk         =       308169
                                                Wald chi2(44)    =       32.42
Log pseudolikelihood =   -4881.0914             Prob > chi2      =      0.9015

                         (Std. Err. adjusted for 928 clusters in household_id)
------------------------------------------------------------------------------
             |               Robust
          _t | Haz. Ratio   Std. Err.      z    P>|z|     [95% Conf. Interval]
-------------+----------------------------------------------------------------
   kids_cat4 |
only <12 ..  |   .9198289   .3225455    -0.24   0.812      .462622    1.828891
 only 12-18  |   .6383505   .3155763    -0.91   0.364     .2422464    1.682136
      mixed  |   .8698588   .2829376    -0.43   0.668     .4598114    1.645575
             |
        age1 |   .9604829   .0287132    -1.35   0.177      .905823    1.018441
        age2 |   1.223054   .1972863     1.25   0.212     .8915417    1.677838
        age3 |   .6664026   .2146425    -1.26   0.208     .3544639    1.252857
      1.male |    1.40714   .4962786     0.97   0.333      .704905    2.808951
             |
   ethnicity |
Asian or ..  |   .9703264   .1078421    -0.27   0.786     .7803965    1.206481
      Other  |    .975496   .1076091    -0.22   0.822     .7858282    1.210942
             |
   obese4cat |
Obese I ..)  |   .9108299   .0954343    -0.89   0.373     .7417383    1.118469
Obese II..)  |   .9485236   .1201937    -0.42   0.677     .7399234    1.215933
Obese II..)  |   1.072723   .1492389     0.50   0.614     .8167082     1.40899
             |
smoke_nomiss |
     Former  |   .9211753   .2506415    -0.30   0.763     .5404305    1.570163
    Current  |   1.093762   .1179228     0.83   0.406     .8854243    1.351121
             |
         imd |
          4  |   .8575543   .0836331    -1.58   0.115     .7083503    1.038186
5 most de..  |   1.024815   .1207768     0.21   0.835     .8134476    1.291105
             |
tot_adults~h |
          2  |   .4790602   .2406479    -1.47   0.143     .1789794    1.282263
          3  |   .6254693   .2542975    -1.15   0.248     .2819242    1.387649
             |
1.htdiag_o~p |   1.027409   .1383527     0.20   0.841     .7890767    1.337728
1.~y_disease |   1.128259   .0974314     1.40   0.162     .9525832    1.336334
    1.asthma |   1.092647   .1310527     0.74   0.460     .8637468    1.382208
1.~c_disease |   1.000869   .0897295     0.01   0.992     .8395868    1.193133
             |
     diabcat |
T1DM, con..  |   1.195291   .2596625     0.82   0.412     .7808366    1.829729
T1DM, unc..  |   .4647132    .276838    -1.29   0.198     .1445802    1.493692
T2DM, con..  |   .9176848   .0882719    -0.89   0.372     .7600054    1.108078
T2DM, unc..  |   1.064577   .2014616     0.33   0.741     .7346744    1.542621
Diabetes,..  |   7.23e-20          .        .       .            .           .
             |
cancer_exh~t |
  Last year  |   .2796768   .2833444    -1.26   0.209     .0383966    2.037138
2-5 years..  |   .9120299   .2440272    -0.34   0.731     .5398304    1.540851
   5+ years  |   .9429426   .0843174    -0.66   0.511     .7913549    1.123568
             |
cancer_hae~t |
  Last year  |   1.362006    .586314     0.72   0.473     .5858079     3.16667
2-5 years..  |   .7411105   .2291591    -0.97   0.333     .4042802    1.358574
   5+ years  |   1.067454   .0907647     0.77   0.443     .9035916    1.261032
             |
1.~r_disease |   1.120913   .0927821     1.38   0.168     .9530484    1.318345
1.stroke_d~a |   .9749598   .0844316    -0.29   0.770     .8227589    1.155316
1.other_ne~o |   .9751317   .0835371    -0.29   0.769     .8244095     1.15341
             |
reduced_ki~t |
Stage 3a/..  |   1.041444   .1870651     0.23   0.821     .7323899    1.480913
      1.esrd |   1.006344   .0765645     0.08   0.934     .8669328    1.168174
1.other_tr~t |   .9847055   .0864519    -0.18   0.861     .8290398      1.1696
  1.asplenia |   1.012644   .0986709     0.13   0.897     .8365982    1.225736
1.ra_sle_p~s |   .9623797   .0863523    -0.43   0.669     .8071791    1.147421
1.other_im~o |   .9936999   .0898933    -0.07   0.944     .8322482    1.186472
             |
        male#|
   kids_cat4 |
          1 #|
only <12 ..  |   .6908144   .2890736    -0.88   0.377     .3042098    1.568735
          1 #|
 only 12-18  |   1.438676   .8960552     0.58   0.559     .4244302    4.876628
    1#mixed  |   .7652656   .2757015    -0.74   0.458     .3777031    1.550507
------------------------------------------------------------------------------
                                                             Stratified by stp
   1:      7.27 /        1 =       7.2660

 ( 1)  1.male#1.kids_cat4 = 0
 ( 2)  1.male#2.kids_cat4 = 0
 ( 3)  1.male#3.kids_cat4 = 0

           chi2(  3) =    2.27
         Prob > chi2 =    0.5188

kids_cat4 
****************

 ( 1)  1.kids_cat4 + 1.male#1.kids_cat4 = 0

------------------------------------------------------------------------------
          _t |     exp(b)   Std. Err.      z    P>|z|     [95% Conf. Interval]
-------------+----------------------------------------------------------------
         (1) |    .635431   .2062421    -1.40   0.162     .3363516    1.200448
------------------------------------------------------------------------------
kids_cat4
****************

 ( 1)  2.kids_cat4 + 1.male#2.kids_cat4 = 0

------------------------------------------------------------------------------
          _t |     exp(b)   Std. Err.      z    P>|z|     [95% Conf. Interval]
-------------+----------------------------------------------------------------
         (1) |   .9183795   .3826487    -0.20   0.838     .4058482    2.078169
------------------------------------------------------------------------------
kids_cat4
****************

 ( 1)  3.kids_cat4 + 1.male#3.kids_cat4 = 0

------------------------------------------------------------------------------
          _t |     exp(b)   Std. Err.      z    P>|z|     [95% Conf. Interval]
-------------+----------------------------------------------------------------
         (1) |    .665673   .1929861    -1.40   0.160     .3771274    1.174989
------------------------------------------------------------------------------
(note: file ./output/an_interaction_cox_models_covid_death_kids_cat4_male_1_tim
> eperiod0.ster not found)
file ./output/an_interaction_cox_models_covid_death_kids_cat4_male_1_timeperiod
> 0.ster saved
(5,317 observations (episodes) created)
(cat_time: 5317 changes made)
(covid_death: 5317 changes made)

observation |
   interval |      Freq.     Percent        Cum.
------------+-----------------------------------
          0 |      4,605       46.41       46.41
          1 |      3,260       32.86       79.27
          2 |      2,057       20.73      100.00
------------+-----------------------------------
      Total |      9,922      100.00

           |   Failure/censoring
           |     indicator for
observatio | outcome: covid death
n interval |         0          1 |     Total
-----------+----------------------+----------
         0 |     3,785        820 |     4,605 
         1 |     2,509        751 |     3,260 
         2 |     1,440        617 |     2,057 
-----------+----------------------+----------
     Total |     7,734      2,188 |     9,922 
(6,662 observations deleted)

           |   Failure/censoring
           |     indicator for
           | outcome: covid death
      Male |         0          1 |     Total
-----------+----------------------+----------
         0 |     1,297        386 |     1,683 
         1 |     1,212        365 |     1,577 
-----------+----------------------+----------
     Total |     2,509        751 |     3,260 

         failure _d:  covid_death
   analysis time _t:  (stime_covid_death-origin)
             origin:  time enter_date
  enter on or after:  time enter_date
                 id:  patient_id

Iteration 0:   log pseudolikelihood = -4190.5212
Iteration 1:   log pseudolikelihood = -4168.6534
Iteration 2:   log pseudolikelihood = -4167.9439
Iteration 3:   log pseudolikelihood = -4167.9392
Iteration 4:   log pseudolikelihood = -4167.9392
Refining estimates:
Iteration 0:   log pseudolikelihood = -4167.9392

Stratified Cox regr. -- Breslow method for ties

No. of subjects      =        3,260             Number of obs    =       3,260
No. of failures      =          751
Time at risk         =       184140
                                                Wald chi2(42)    =       51.68
Log pseudolikelihood =   -4167.9392             Prob > chi2      =      0.1454

                         (Std. Err. adjusted for 848 clusters in household_id)
------------------------------------------------------------------------------
             |               Robust
          _t | Haz. Ratio   Std. Err.      z    P>|z|     [95% Conf. Interval]
-------------+----------------------------------------------------------------
   kids_cat4 |
only <12 ..  |   .8042387   .2141926    -0.82   0.413     .4771828    1.355455
 only 12-18  |   .7421065   .2713101    -0.82   0.415     .3624696    1.519361
      mixed  |   1.022848   .2424324     0.10   0.924     .6427796    1.627648
             |
        age1 |   .9956876   .0327175    -0.13   0.895     .9335838    1.061923
        age2 |   .9979273   .1813892    -0.01   0.991     .6988428    1.425011
        age3 |   .9780522    .358871    -0.06   0.952     .4764701    2.007652
      1.male |    1.02545   .0771042     0.33   0.738     .8849361    1.188274
             |
   ethnicity |
Asian or ..  |   1.059385    .123933     0.49   0.622     .8423169    1.332393
      Other  |    1.07237   .1195788     0.63   0.531     .8618432    1.334324
             |
   obese4cat |
Obese I ..)  |   1.111888   .1108154     1.06   0.287     .9145902    1.351746
Obese II..)  |   .9006156   .1229114    -0.77   0.443     .6892422    1.176812
Obese II..)  |    .875965   .1338315    -0.87   0.386       .64929    1.181775
             |
smoke_nomiss |
     Former  |   1.138852   .2944173     0.50   0.615     .6861412    1.890257
    Current  |   1.077071    .118527     0.67   0.500     .8681075    1.336335
             |
         imd |
          4  |    .907579   .0838619    -1.05   0.294     .7572372     1.08777
5 most de..  |   1.078076   .1334867     0.61   0.544     .8457735    1.374183
             |
tot_adults~h |
          2  |   .5469807   .3486966    -0.95   0.344     .1567966    1.908127
          3  |   .6085789   .3144631    -0.96   0.336      .221048    1.675511
             |
1.htdiag_o~p |    1.06294   .1477853     0.44   0.661     .8093987    1.395903
1.~y_disease |   .9927275   .0883445    -0.08   0.935     .8338352    1.181898
    1.asthma |   .8639252   .1219841    -1.04   0.300     .6550713    1.139367
1.~c_disease |   1.030641   .0927988     0.34   0.737     .8639038     1.22956
             |
     diabcat |
T1DM, con..  |   1.511249   .3356149     1.86   0.063     .9779194    2.335442
T1DM, unc..  |   1.223952   .4413829     0.56   0.575     .6036749    2.481565
T2DM, con..  |   .9603849   .0933796    -0.42   0.678     .7937465    1.162007
T2DM, unc..  |   1.336219   .2293972     1.69   0.091     .9544349     1.87072
Diabetes,..  |   .8111828   .9919483    -0.17   0.864     .0738302    8.912583
             |
cancer_exh~t |
  Last year  |   .9994127   .4752196    -0.00   0.999     .3935496    2.537992
2-5 years..  |   .8566675   .2479255    -0.53   0.593     .4858125    1.510622
   5+ years  |   1.077274   .0975759     0.82   0.411     .9020426    1.286545
             |
cancer_hae~t |
  Last year  |   .4095829   .2870517    -1.27   0.203     .1037019    1.617697
2-5 years..  |    1.86976   .4646849     2.52   0.012     1.148788    3.043211
   5+ years  |   1.068312    .098863     0.71   0.475     .8911009    1.280765
             |
1.~r_disease |   1.123589   .1011999     1.29   0.196     .9417622    1.340522
1.stroke_d~a |   .9910472   .0865832    -0.10   0.918     .8350814    1.176142
1.other_ne~o |   1.074939   .0966072     0.80   0.421      .901331    1.281986
             |
reduced_ki~t |
Stage 3a/..  |   1.072682   .2051465     0.37   0.714     .7373636    1.560487
      1.esrd |   1.200622   .0886808     2.48   0.013     1.038806    1.387644
1.other_tr~t |    .864623   .0825117    -1.52   0.127     .7171267    1.042456
  1.asplenia |   1.103342   .1030432     1.05   0.292      .918787    1.324968
1.ra_sle_p~s |    .950348   .0863588    -0.56   0.575     .7953044    1.135617
1.other_im~o |   1.043245   .0938611     0.47   0.638     .8745882    1.244427
------------------------------------------------------------------------------
                                                             Stratified by stp
   1:      1.50 /        1 =       1.5040

         failure _d:  covid_death
   analysis time _t:  (stime_covid_death-origin)
             origin:  time enter_date
  enter on or after:  time enter_date
                 id:  patient_id

Iteration 0:   log pseudolikelihood = -4190.5212
Iteration 1:   log pseudolikelihood = -4167.6163
Iteration 2:   log pseudolikelihood = -4166.8558
Iteration 3:   log pseudolikelihood = -4166.8508
Iteration 4:   log pseudolikelihood = -4166.8508
Refining estimates:
Iteration 0:   log pseudolikelihood = -4166.8508

Stratified Cox regr. -- Breslow method for ties

No. of subjects      =        3,260             Number of obs    =       3,260
No. of failures      =          751
Time at risk         =       184140
                                                Wald chi2(45)    =       55.09
Log pseudolikelihood =   -4166.8508             Prob > chi2      =      0.1442

                         (Std. Err. adjusted for 848 clusters in household_id)
------------------------------------------------------------------------------
             |               Robust
          _t | Haz. Ratio   Std. Err.      z    P>|z|     [95% Conf. Interval]
-------------+----------------------------------------------------------------
   kids_cat4 |
only <12 ..  |   1.051816   .3907454     0.14   0.892     .5078338    2.178501
 only 12-18  |   1.139525   .5797153     0.26   0.797     .4204252    3.088582
      mixed  |   1.306683   .4334266     0.81   0.420     .6820667    2.503305
             |
        age1 |   .9951499   .0327729    -0.15   0.883     .9329454    1.061502
        age2 |   1.001062   .1822233     0.01   0.995     .7006752    1.430228
        age3 |   .9718807   .3569259    -0.08   0.938     .4731587    1.996269
      1.male |   1.768048   .7935255     1.27   0.204      .733605    4.261138
             |
   ethnicity |
Asian or ..  |   1.060437   .1242409     0.50   0.616     .8428646    1.334171
      Other  |   1.072276   .1195083     0.63   0.531     .8618616     1.33406
             |
   obese4cat |
Obese I ..)  |   1.114033   .1111814     1.08   0.279     .9161101    1.354718
Obese II..)  |   .9016502   .1228384    -0.76   0.447     .6903553    1.177615
Obese II..)  |    .872053   .1329553    -0.90   0.369      .646795    1.175761
             |
smoke_nomiss |
     Former  |   1.139005   .2945915     0.50   0.615     .6860746    1.890949
    Current  |   1.076771   .1184063     0.67   0.501     .8680036     1.33575
             |
         imd |
          4  |    .908296   .0840959    -1.04   0.299     .7575611    1.089023
5 most de..  |   1.079526    .133772     0.62   0.537     .8467486    1.376295
             |
tot_adults~h |
          2  |   .4714636   .2968499    -1.19   0.232     .1372467     1.61955
          3  |   .5594289   .2844234    -1.14   0.253     .2065282    1.515342
             |
1.htdiag_o~p |   1.055419   .1459525     0.39   0.697     .8048474    1.384001
1.~y_disease |   .9910557   .0882492    -0.10   0.920      .832343    1.180032
    1.asthma |   .8650565    .122236    -1.03   0.305     .6557921    1.141097
1.~c_disease |   1.024522   .0927928     0.27   0.789     .8578801    1.223534
             |
     diabcat |
T1DM, con..  |   1.522455   .3386431     1.89   0.059     .9844864    2.354394
T1DM, unc..  |   1.222064   .4399219     0.56   0.577      .603498    2.474638
T2DM, con..  |   .9611216   .0938392    -0.41   0.685     .7937271    1.163819
T2DM, unc..  |   1.341207   .2301108     1.71   0.087     .9581979    1.877312
Diabetes,..  |    .804317   .9799824    -0.18   0.858     .0738449    8.760602
             |
cancer_exh~t |
  Last year  |   1.014123   .4820749     0.03   0.976     .3994496    2.574654
2-5 years..  |   .8559594   .2465594    -0.54   0.589     .4867033    1.505366
   5+ years  |   1.076037   .0976004     0.81   0.419     .9007825    1.285388
             |
cancer_hae~t |
  Last year  |   .4154331   .2907231    -1.26   0.209      .105396    1.637488
2-5 years..  |   1.879881   .4683067     2.53   0.011     1.153674    3.063215
   5+ years  |   1.070432   .0988419     0.74   0.461     .8932248    1.282796
             |
1.~r_disease |   1.122469   .1010866     1.28   0.200     .9408439    1.339157
1.stroke_d~a |   .9928819   .0867235    -0.08   0.935     .8366605    1.178273
1.other_ne~o |   1.073922   .0964903     0.79   0.427       .90052    1.280713
             |
reduced_ki~t |
Stage 3a/..  |   1.063854   .2028146     0.32   0.745     .7321632    1.545811
      1.esrd |    1.20009   .0886565     2.47   0.014      1.03832    1.387063
1.other_tr~t |   .8667273   .0829309    -1.49   0.135     .7185171    1.045509
  1.asplenia |   1.103824   .1031273     1.06   0.290     .9191242    1.325639
1.ra_sle_p~s |   .9465382   .0862142    -0.60   0.546     .7917855    1.131537
1.other_im~o |   1.043921   .0940963     0.48   0.633     .8748677     1.24564
             |
        male#|
   kids_cat4 |
          1 #|
only <12 ..  |   .5500618   .2802449    -1.17   0.241     .2026479    1.493072
          1 #|
 only 12-18  |   .3445813   .3011954    -1.22   0.223     .0621247    1.911258
    1#mixed  |    .576743   .2620915    -1.21   0.226     .2366832    1.405391
------------------------------------------------------------------------------
                                                             Stratified by stp
   1:      1.55 /        1 =       1.5470

 ( 1)  1.male#1.kids_cat4 = 0
 ( 2)  1.male#2.kids_cat4 = 0
 ( 3)  1.male#3.kids_cat4 = 0

           chi2(  3) =    2.03
         Prob > chi2 =    0.5668

kids_cat4 
****************

 ( 1)  1.kids_cat4 + 1.male#1.kids_cat4 = 0

------------------------------------------------------------------------------
          _t |     exp(b)   Std. Err.      z    P>|z|     [95% Conf. Interval]
-------------+----------------------------------------------------------------
         (1) |   .5785636   .2115396    -1.50   0.134     .2825708    1.184609
------------------------------------------------------------------------------
kids_cat4
****************

 ( 1)  2.kids_cat4 + 1.male#2.kids_cat4 = 0

------------------------------------------------------------------------------
          _t |     exp(b)   Std. Err.      z    P>|z|     [95% Conf. Interval]
-------------+----------------------------------------------------------------
         (1) |   .3926592   .2498878    -1.47   0.142     .1128008    1.366845
------------------------------------------------------------------------------
kids_cat4
****************

 ( 1)  3.kids_cat4 + 1.male#3.kids_cat4 = 0

------------------------------------------------------------------------------
          _t |     exp(b)   Std. Err.      z    P>|z|     [95% Conf. Interval]
-------------+----------------------------------------------------------------
         (1) |   .7536203   .2455392    -0.87   0.385     .3979423    1.427201
------------------------------------------------------------------------------
(note: file ./output/an_interaction_cox_models_covid_death_kids_cat4_male_1_tim
> eperiod1.ster not found)
file ./output/an_interaction_cox_models_covid_death_kids_cat4_male_1_timeperiod
> 1.ster saved
(5,317 observations (episodes) created)
(cat_time: 5317 changes made)
(covid_death: 5317 changes made)

observation |
   interval |      Freq.     Percent        Cum.
------------+-----------------------------------
          0 |      4,605       46.41       46.41
          1 |      3,260       32.86       79.27
          2 |      2,057       20.73      100.00
------------+-----------------------------------
      Total |      9,922      100.00

           |   Failure/censoring
           |     indicator for
observatio | outcome: covid death
n interval |         0          1 |     Total
-----------+----------------------+----------
         0 |     3,785        820 |     4,605 
         1 |     2,509        751 |     3,260 
         2 |     1,440        617 |     2,057 
-----------+----------------------+----------
     Total |     7,734      2,188 |     9,922 
(7,865 observations deleted)

           |   Failure/censoring
           |     indicator for
           | outcome: covid death
      Male |         0          1 |     Total
-----------+----------------------+----------
         0 |       729        326 |     1,055 
         1 |       711        291 |     1,002 
-----------+----------------------+----------
     Total |     1,440        617 |     2,057 

         failure _d:  covid_death
   analysis time _t:  (stime_covid_death-origin)
             origin:  time enter_date
  enter on or after:  time enter_date
                 id:  patient_id

Iteration 0:   log pseudolikelihood = -3100.1144
Iteration 1:   log pseudolikelihood = -3085.8324
Iteration 2:   log pseudolikelihood = -3068.6831
Iteration 3:   log pseudolikelihood = -3068.2621
Iteration 4:   log pseudolikelihood = -3068.2578
Iteration 5:   log pseudolikelihood = -3068.2578
Refining estimates:
Iteration 0:   log pseudolikelihood = -3068.2578

Stratified Cox regr. -- Breslow method for ties

No. of subjects      =        2,057             Number of obs    =       2,057
No. of failures      =          617
Time at risk         =        94958
                                                Wald chi2(42)    =      114.66
Log pseudolikelihood =   -3068.2578             Prob > chi2      =      0.0000

                         (Std. Err. adjusted for 744 clusters in household_id)
------------------------------------------------------------------------------
             |               Robust
          _t | Haz. Ratio   Std. Err.      z    P>|z|     [95% Conf. Interval]
-------------+----------------------------------------------------------------
   kids_cat4 |
only <12 ..  |   1.479188   .5450835     1.06   0.288     .7183796    3.045739
 only 12-18  |   2.115054   .8792445     1.80   0.072      .936419    4.777191
      mixed  |   1.586496   .5744641     1.27   0.202     .7802293    3.225936
             |
        age1 |     .98109   .0367048    -0.51   0.610     .9117242    1.055733
        age2 |   1.106948   .2188037     0.51   0.607     .7514073    1.630719
        age3 |    .839073   .3281275    -0.45   0.654     .3898785    1.805802
      1.male |   .9108137   .0773325    -1.10   0.271     .7711847    1.075724
             |
   ethnicity |
Asian or ..  |    1.02288    .132191     0.18   0.861     .7939997    1.317738
      Other  |   .8699853   .1183103    -1.02   0.306     .6664323    1.135711
             |
   obese4cat |
Obese I ..)  |   1.119914   .1380867     0.92   0.358     .8794895    1.426064
Obese II..)  |   .8205459   .1249514    -1.30   0.194     .6088121    1.105917
Obese II..)  |   .9874463   .1729524    -0.07   0.943     .7005265    1.391882
             |
smoke_nomiss |
     Former  |   .7943752   .2573917    -0.71   0.477      .420941    1.499098
    Current  |    1.34907   .1685144     2.40   0.017     1.056111    1.723294
             |
         imd |
          4  |   .8125785    .079223    -2.13   0.033     .6712383    .9836803
5 most de..  |   .6783993   .1098732    -2.40   0.017     .4938844    .9318489
             |
tot_adults~h |
          2  |   .3537745   .2673346    -1.38   0.169      .080446    1.555782
          3  |   .3723977    .244925    -1.50   0.133     .1026063    1.351575
             |
1.htdiag_o~p |   1.190611   .1976205     1.05   0.293     .8599738    1.648369
1.~y_disease |   .8805818   .0901853    -1.24   0.214     .7204326    1.076331
    1.asthma |   .8545611   .1381461    -0.97   0.331      .622501     1.17313
1.~c_disease |   .9402571   .1003277    -0.58   0.564     .7628188    1.158969
             |
     diabcat |
T1DM, con..  |   1.359265   .3857659     1.08   0.279     .7793436    2.370714
T1DM, unc..  |   1.315494   .6366484     0.57   0.571     .5094949    3.396547
T2DM, con..  |   .9019889   .0960863    -0.97   0.333     .7320237    1.111418
T2DM, unc..  |    .933528   .2263482    -0.28   0.777     .5804174    1.501462
Diabetes,..  |   25.33377   11.40499     7.18   0.000      10.4833    61.22116
             |
cancer_exh~t |
  Last year  |   2.073469   .8654176     1.75   0.081     .9150098    4.698608
2-5 years..  |   .8403514   .2512426    -0.58   0.561     .4677076    1.509897
   5+ years  |    .988453   .1110694    -0.10   0.918     .7930657    1.231978
             |
cancer_hae~t |
  Last year  |   2.355501   .7846759     2.57   0.010     1.226102    4.525219
2-5 years..  |   .4247189   .2043941    -1.78   0.075      .165373    1.090783
   5+ years  |   1.014383   .1133301     0.13   0.898     .8148974    1.262702
             |
1.~r_disease |   1.124357   .1123539     1.17   0.241     .9243699     1.36761
1.stroke_d~a |   1.069967   .1096693     0.66   0.509     .8752338    1.308027
1.other_ne~o |   1.034466   .1103195     0.32   0.751     .8393455    1.274946
             |
reduced_ki~t |
Stage 3a/..  |   .8764488   .1793469    -0.64   0.519     .5868755    1.308902
      1.esrd |   1.066996   .0927297     0.75   0.456     .8998855     1.26514
1.other_tr~t |   .7922172   .0866932    -2.13   0.033     .6392878    .9817302
  1.asplenia |   1.147333   .1150236     1.37   0.170     .9426571    1.396449
1.ra_sle_p~s |   1.179847   .1121793     1.74   0.082     .9792502    1.421535
1.other_im~o |   .9614382    .099076    -0.38   0.703     .7856067    1.176624
------------------------------------------------------------------------------
                                                             Stratified by stp
   1:      1.37 /        1 =       1.3660

         failure _d:  covid_death
   analysis time _t:  (stime_covid_death-origin)
             origin:  time enter_date
  enter on or after:  time enter_date
                 id:  patient_id

Iteration 0:   log pseudolikelihood = -3100.1144
Iteration 1:   log pseudolikelihood = -3085.3686
Iteration 2:   log pseudolikelihood = -3067.3296
Iteration 3:   log pseudolikelihood = -3066.8142
Iteration 4:   log pseudolikelihood = -3066.8082
Iteration 5:   log pseudolikelihood = -3066.8082
Refining estimates:
Iteration 0:   log pseudolikelihood = -3066.8082

Stratified Cox regr. -- Breslow method for ties

No. of subjects      =        2,057             Number of obs    =       2,057
No. of failures      =          617
Time at risk         =        94958
                                                Wald chi2(45)    =      124.09
Log pseudolikelihood =   -3066.8082             Prob > chi2      =      0.0000

                         (Std. Err. adjusted for 744 clusters in household_id)
------------------------------------------------------------------------------
             |               Robust
          _t | Haz. Ratio   Std. Err.      z    P>|z|     [95% Conf. Interval]
-------------+----------------------------------------------------------------
   kids_cat4 |
only <12 ..  |   1.023563   .4453434     0.05   0.957      .436279    2.401403
 only 12-18  |   1.388295   .6893532     0.66   0.509     .5245904    3.674033
      mixed  |   1.248639   .5114312     0.54   0.588     .5594904    2.786643
             |
        age1 |    .980763   .0366778    -0.52   0.603     .9114471     1.05535
        age2 |   1.109554   .2192235     0.53   0.599     .7533031    1.634283
        age3 |   .8358779   .3267267    -0.46   0.646     .3885317    1.798288
      1.male |   .3820554   .2681963    -1.37   0.170     .0965156     1.51236
             |
   ethnicity |
Asian or ..  |   1.028765   .1331165     0.22   0.827     .7983168    1.325736
      Other  |   .8724961   .1188336    -1.00   0.317     .6680826    1.139454
             |
   obese4cat |
Obese I ..)  |   1.122817   .1388103     0.94   0.349     .8812067    1.430673
Obese II..)  |   .8235217    .125039    -1.28   0.201     .6115519    1.108962
Obese II..)  |   .9887399   .1729354    -0.06   0.948     .7017829    1.393033
             |
smoke_nomiss |
     Former  |   .7979836   .2577921    -0.70   0.485     .4236524    1.503067
    Current  |   1.351011   .1691423     2.40   0.016     1.057039    1.726738
             |
         imd |
          4  |   .8072514   .0789369    -2.19   0.029     .6664601    .9777851
5 most de..  |    .679759   .1101016    -2.38   0.017     .4948624    .9337388
             |
tot_adults~h |
          2  |   .4407729   .3413623    -1.06   0.290     .0966031    2.011124
          3  |   .4685542   .3154882    -1.13   0.260     .1252064    1.753449
             |
1.htdiag_o~p |   1.199027   .2000067     1.09   0.277     .8646534    1.662707
1.~y_disease |   .8825972   .0910032    -1.21   0.226     .7211017    1.080261
    1.asthma |   .8531182   .1382442    -0.98   0.327     .6209771    1.172041
1.~c_disease |   .9384256   .1004495    -0.59   0.553     .7608286    1.157478
             |
     diabcat |
T1DM, con..  |   1.366239   .3885801     1.10   0.273     .7824051    2.385734
T1DM, unc..  |   1.325091   .6388631     0.58   0.559     .5150604    3.409052
T2DM, con..  |   .8998691   .0962815    -0.99   0.324      .729634    1.109823
T2DM, unc..  |   .9236313   .2247322    -0.33   0.744     .5733101    1.488016
Diabetes,..  |    27.8123    12.4712     7.42   0.000     11.54924    66.97621
             |
cancer_exh~t |
  Last year  |   2.052204    .841572     1.75   0.080     .9186668    4.584405
2-5 years..  |     .83748   .2516955    -0.59   0.555     .4646812    1.509363
   5+ years  |   .9853828   .1113549    -0.13   0.896     .7896116    1.229692
             |
cancer_hae~t |
  Last year  |   2.280072   .7608664     2.47   0.014     1.185496    4.385276
2-5 years..  |   .4155828   .1996108    -1.83   0.068     .1621109    1.065376
   5+ years  |   1.013212   .1133805     0.12   0.907     .8136716    1.261687
             |
1.~r_disease |   1.124027   .1127716     1.17   0.244     .9233732    1.368284
1.stroke_d~a |   1.068129   .1095255     0.64   0.520     .8736591    1.305887
1.other_ne~o |   1.032483    .110354     0.30   0.765     .8373457    1.273096
             |
reduced_ki~t |
Stage 3a/..  |   .8896883   .1827121    -0.57   0.569     .5948805    1.330596
      1.esrd |   1.068978   .0930244     0.77   0.443     .9013546    1.267774
1.other_tr~t |   .7901002   .0873398    -2.13   0.033     .6361918    .9812424
  1.asplenia |   1.147499   .1154646     1.37   0.172     .9421107    1.397663
1.ra_sle_p~s |   1.176924    .112171     1.71   0.087     .9763856     1.41865
1.other_im~o |   .9608862   .0987858    -0.39   0.698     .7855295    1.175388
             |
        male#|
   kids_cat4 |
          1 #|
only <12 ..  |   3.044852   2.278734     1.49   0.137     .7023219    13.20068
          1 #|
 only 12-18  |   3.802201   3.563894     1.42   0.154     .6055968    23.87188
    1#mixed  |   2.334068   1.656911     1.19   0.232     .5805795    9.383513
------------------------------------------------------------------------------
                                                             Stratified by stp
   1:      1.22 /        1 =       1.2240

 ( 1)  1.male#1.kids_cat4 = 0
 ( 2)  1.male#2.kids_cat4 = 0
 ( 3)  1.male#3.kids_cat4 = 0

           chi2(  3) =    3.06
         Prob > chi2 =    0.3817

kids_cat4 
****************

 ( 1)  1.kids_cat4 + 1.male#1.kids_cat4 = 0

------------------------------------------------------------------------------
          _t |     exp(b)   Std. Err.      z    P>|z|     [95% Conf. Interval]
-------------+----------------------------------------------------------------
         (1) |   3.116599   2.125286     1.67   0.096     .8188896    11.86141
------------------------------------------------------------------------------
kids_cat4
****************

 ( 1)  2.kids_cat4 + 1.male#2.kids_cat4 = 0

------------------------------------------------------------------------------
          _t |     exp(b)   Std. Err.      z    P>|z|     [95% Conf. Interval]
-------------+----------------------------------------------------------------
         (1) |   5.278576   4.304813     2.04   0.041     1.067432    26.10318
------------------------------------------------------------------------------
kids_cat4
****************

 ( 1)  3.kids_cat4 + 1.male#3.kids_cat4 = 0

------------------------------------------------------------------------------
          _t |     exp(b)   Std. Err.      z    P>|z|     [95% Conf. Interval]
-------------+----------------------------------------------------------------
         (1) |   2.914409   1.946915     1.60   0.109     .7869041    10.79392
------------------------------------------------------------------------------
(note: file ./output/an_interaction_cox_models_covid_death_kids_cat4_male_1_tim
> eperiod2.ster not found)
file ./output/an_interaction_cox_models_covid_death_kids_cat4_male_1_timeperiod
> 2.ster saved

. log close
      name:  <unnamed>
       log:  /workspace/logs/10_an_interaction_cox_models_sex_covid_death.log
  log type:  text
 closed on:  25 Jul 2021, 08:27:08
-------------------------------------------------------------------------------
