-------------------------------------------------------------------------------
      name:  <unnamed>
       log:  /workspace/logs/10_an_interaction_cox_models_shield_covid_death.lo
> g
  log type:  text
 opened on:  17 Aug 2021, 07:51:52

. 
. 
. *PROG TO DEFINE THE BASIC COX MODEL WITH OPTIONS FOR HANDLING OF AGE, BMI, ET
> HNICITY:
. cap prog drop basemodel

. prog define basemodel
  1.         syntax , exposure(string)  age(string) [ethnicity(real 0) interact
> ion(string)] 
  2. timer clear
  3. timer on 1
  4. stcox   `exposure'                                                        
>       ///
>                         $demogadjlist                                        
>            ///
>                         $comordidadjlist                                     
>            ///
>                         `interaction'                                        
>            ///
>                         , strata(stp) vce(cluster household_id)
  5.         timer off 1
  6. timer list
  7. end

. *****************************************************************************
> ********
. 
. * Open dataset and fit specified model(s)
. forvalues x=0/1 {
  2. forvalues period=0/2 {
  3. 
. use "$tempdir/cr_create_analysis_dataset_STSET_`outcome'_ageband_`x'.dta", cl
> ear
  4. stsplit cat_time, at(0,78,147,400)
  5. recode cat_time 78=1 147=2 400=3
  6. recode `outcome' .=0 
  7. tab cat_time
  8. tab cat_time `outcome'
  9. 
. keep if cat_time==`period'
 10. 
. foreach int_type in  shield  {
 11. 
. tab shield `outcome'
 12. *Age interaction for 3-level exposure vars
. foreach exposure_type in kids_cat4  {
 13. 
. *Age spline model (not adj ethnicity, no interaction)
. basemodel, exposure("i.`exposure_type'") age("age1 age2 age3")  
 14. 
. *Age spline model (not adj ethnicity, interaction)
. basemodel, exposure("i.`exposure_type'") age("age1 age2 age3")  ///
> interaction(1.`int_type'#1.`exposure_type' 1.`int_type'#2.`exposure_type' 1.`
> int_type'#3.`exposure_type')
 15. if _rc==0{
 16. testparm 1.`int_type'#i.`exposure_type'
 17. di _n "`exposure_type' " _n "****************"
 18. lincom 1.`exposure_type' + 1.`int_type'#1.`exposure_type', eform
 19. di "`exposure_type'" _n "****************"
 20. lincom 2.`exposure_type' + 1.`int_type'#2.`exposure_type', eform
 21. di "`exposure_type'" _n "****************"
 22. lincom 3.`exposure_type' + 1.`int_type'#3.`exposure_type', eform
 23. estimates save ./output/an_interaction_cox_models_`outcome'_`exposure_type
> '_`int_type'_`x'_timeperiod`period', replace
 24. }
 25. else di "WARNING GROUP MODEL DID NOT FIT (OUTCOME `outcome')"
 26. }
 27. }
 28. }
 29. }
(20,102 observations (episodes) created)
(cat_time: 20102 changes made)
(covid_death: 20102 changes made)

observation |
   interval |      Freq.     Percent        Cum.
------------+-----------------------------------
          0 |     16,146       44.54       44.54
          1 |     11,923       32.89       77.44
          2 |      8,179       22.56      100.00
------------+-----------------------------------
      Total |     36,248      100.00

           |   Failure/censoring
           |     indicator for
observatio | outcome: covid death
n interval |         0          1 |     Total
-----------+----------------------+----------
         0 |    13,629      2,517 |    16,146 
         1 |     9,692      2,231 |    11,923 
         2 |     6,164      2,015 |     8,179 
-----------+----------------------+----------
     Total |    29,485      6,763 |    36,248 
(20,105 observations deleted)

           |   Failure/censoring
           |     indicator for
  Probable | outcome: covid death
 shielding |         0          1 |     Total
-----------+----------------------+----------
         0 |     2,096        388 |     2,484 
         1 |    11,533      2,129 |    13,662 
-----------+----------------------+----------
     Total |    13,629      2,517 |    16,146 

         failure _d:  covid_death
   analysis time _t:  (stime_covid_death-origin)
             origin:  time enter_date
  enter on or after:  time enter_date
                 id:  patient_id

Iteration 0:   log pseudolikelihood = -18236.004
Iteration 1:   log pseudolikelihood =  -18221.03
Iteration 2:   log pseudolikelihood = -18220.942
Iteration 3:   log pseudolikelihood = -18220.942
Iteration 4:   log pseudolikelihood = -18220.942
Refining estimates:
Iteration 0:   log pseudolikelihood = -18220.942

Stratified Cox regr. -- Breslow method for ties

No. of subjects      =       16,146             Number of obs    =      16,146
No. of failures      =        2,517
Time at risk         =      1095592
                                                Wald chi2(42)    =       32.36
Log pseudolikelihood =   -18220.942             Prob > chi2      =      0.8579

                       (Std. Err. adjusted for 1,129 clusters in household_id)
------------------------------------------------------------------------------
             |               Robust
          _t | Haz. Ratio   Std. Err.      z    P>|z|     [95% Conf. Interval]
-------------+----------------------------------------------------------------
   kids_cat4 |
only <12 ..  |   .9620794   .1270703    -0.29   0.770     .7426517     1.24634
 only 12-18  |   .9177869   .1575882    -0.50   0.617      .655521    1.284982
      mixed  |   .8780859   .1064986    -1.07   0.284     .6923075    1.113717
             |
        age1 |   .9947335   .0071012    -0.74   0.459     .9809124    1.008749
        age2 |    1.01911   .0229463     0.84   0.401     .9751136    1.065091
        age3 |   .9492985   .0612101    -0.81   0.420     .8366002    1.077178
      1.male |   1.065308   .0422135     1.60   0.110     .9857028    1.151343
             |
   ethnicity |
Asian or ..  |   .9436347   .0667392    -0.82   0.412     .8214896    1.083941
      Other  |   1.023458    .067431     0.35   0.725     .8994727    1.164533
             |
   obese4cat |
Obese I ..)  |   1.001233   .0564216     0.02   0.983     .8965373    1.118156
Obese II..)  |   .9591667   .0699384    -0.57   0.567     .8314345    1.106522
Obese II..)  |   1.075044   .0856224     0.91   0.364     .9196693    1.256668
             |
smoke_nomiss |
     Former  |   1.035906   .1516588     0.24   0.810     .7775042    1.380188
    Current  |   .8999471   .0556958    -1.70   0.088     .7971461    1.016006
             |
         imd |
          4  |   1.005642   .0482371     0.12   0.907     .9154074    1.104772
5 most de..  |   1.042236   .0695028     0.62   0.535     .9145401    1.187762
             |
tot_adults~h |
          2  |   1.511078   .5247201     1.19   0.235     .7650822    2.984459
          3  |   1.288205   .3622902     0.90   0.368      .742328    2.235495
             |
1.htdiag_o~p |   1.006786   .0450547     0.15   0.880     .9222418     1.09908
1.~y_disease |    1.01445   .0516447     0.28   0.778     .9181145    1.120894
    1.asthma |   .9731534   .0754742    -0.35   0.726      .835921    1.132915
1.~c_disease |   .9697282   .0458268    -0.65   0.515     .8839434    1.063838
             |
     diabcat |
T1DM, con..  |   1.125281   .1343636     0.99   0.323     .8904789    1.421995
T1DM, unc..  |   1.403751   .3505512     1.36   0.174     .8604468    2.290108
T2DM, con..  |   1.077208   .0557835     1.44   0.151     .9732397    1.192283
T2DM, unc..  |   .9493959   .1085972    -0.45   0.650     .7587211    1.187989
Diabetes,..  |   1.649931   1.034525     0.80   0.425     .4827843    5.638693
             |
cancer_exh~t |
  Last year  |   1.036963     .31784     0.12   0.906     .5686709    1.890886
2-5 years..  |   1.087586   .1756234     0.52   0.603     .7925227    1.492505
   5+ years  |   1.049327   .0561359     0.90   0.368     .9448742    1.165326
             |
cancer_hae~t |
  Last year  |   1.025828   .3277113     0.08   0.936     .5484654    1.918667
2-5 years..  |   .8900735   .1577768    -0.66   0.511     .6288392    1.259831
   5+ years  |   1.009914   .0514652     0.19   0.847     .9139176    1.115993
             |
1.~r_disease |   1.068379   .0518599     1.36   0.173     .9714206    1.175014
1.stroke_d~a |   1.080245   .0535257     1.56   0.119     .9802692    1.190416
1.other_ne~o |   1.010868   .0488112     0.22   0.823     .9195876     1.11121
             |
reduced_ki~t |
Stage 3a/..  |   1.222596   .3486328     0.70   0.481     .6991274     2.13801
      1.esrd |   1.020376     .04155     0.50   0.620     .9421049    1.105151
1.other_tr~t |   .9390549   .0497247    -1.19   0.235      .846483    1.041751
  1.asplenia |   1.074127   .0529188     1.45   0.147     .9752584    1.183019
1.ra_sle_p~s |   .9410159   .0497166    -1.15   0.250     .8484485    1.043683
1.other_im~o |   1.008561   .0527825     0.16   0.871     .9102378    1.117504
------------------------------------------------------------------------------
                                                             Stratified by stp
   1:      8.17 /        1 =       8.1670

         failure _d:  covid_death
   analysis time _t:  (stime_covid_death-origin)
             origin:  time enter_date
  enter on or after:  time enter_date
                 id:  patient_id

Iteration 0:   log pseudolikelihood = -18236.004
Iteration 1:   log pseudolikelihood = -18218.699
Iteration 2:   log pseudolikelihood =  -18218.53
Iteration 3:   log pseudolikelihood =  -18218.53
Iteration 4:   log pseudolikelihood =  -18218.53
Refining estimates:
Iteration 0:   log pseudolikelihood =  -18218.53

Stratified Cox regr. -- Breslow method for ties

No. of subjects      =       16,146             Number of obs    =      16,146
No. of failures      =        2,517
Time at risk         =      1095592
                                                Wald chi2(45)    =       38.16
Log pseudolikelihood =    -18218.53             Prob > chi2      =      0.7550

                       (Std. Err. adjusted for 1,129 clusters in household_id)
------------------------------------------------------------------------------
             |               Robust
          _t | Haz. Ratio   Std. Err.      z    P>|z|     [95% Conf. Interval]
-------------+----------------------------------------------------------------
   kids_cat4 |
only <12 ..  |   1.245868   .2257305     1.21   0.225      .873471    1.777033
 only 12-18  |   .6173541   .3069211    -0.97   0.332     .2329993    1.635739
      mixed  |   .8756579   .1200414    -0.97   0.333     .6693384    1.145574
             |
        age1 |   .9949532   .0070894    -0.71   0.478     .9811547    1.008946
        age2 |   1.018477   .0228838     0.81   0.415     .9745992    1.064331
        age3 |   .9508359   .0612015    -0.78   0.433      .838141    1.078683
      1.male |   1.064941   .0421798     1.59   0.112     .9853974    1.150905
             |
   ethnicity |
Asian or ..  |   .9422364   .0665728    -0.84   0.400     .8203875    1.082183
      Other  |   1.022429   .0673871     0.34   0.736     .8985279    1.163416
             |
   obese4cat |
Obese I ..)  |   1.000802   .0564341     0.01   0.989     .8960868    1.117755
Obese II..)  |   .9580694   .0699428    -0.59   0.557       .83034    1.105447
Obese II..)  |   1.074594   .0856003     0.90   0.366     .9192618    1.256174
             |
smoke_nomiss |
     Former  |    1.03612   .1517604     0.24   0.809      .777561    1.380656
    Current  |   .9001559   .0556719    -1.70   0.089      .797395     1.01616
             |
         imd |
          4  |   1.005278   .0482126     0.11   0.913     .9150886    1.104357
5 most de..  |   1.039653   .0693759     0.58   0.560     .9121948    1.184919
             |
tot_adults~h |
          2  |   1.515841   .5277883     1.19   0.232      .766092    2.999346
          3  |   1.294354   .3641103     0.92   0.359     .7457691    2.246475
             |
1.htdiag_o~p |   1.008385   .0450765     0.19   0.852     .9237964    1.100719
1.~y_disease |   1.020485   .0534173     0.39   0.698     .9209805     1.13074
    1.asthma |   .9784241   .0766662    -0.28   0.781     .8391308     1.14084
1.~c_disease |   .9691907   .0457581    -0.66   0.507     .8835308    1.063155
             |
     diabcat |
T1DM, con..  |   1.129023   .1348475     1.02   0.310     .8933827    1.426816
T1DM, unc..  |   1.401178    .348079     1.36   0.175      .861071    2.280068
T2DM, con..  |   1.077019   .0558039     1.43   0.152     .9730154    1.192139
T2DM, unc..  |   .9540584   .1092479    -0.41   0.681     .7622635    1.194111
Diabetes,..  |   1.652927   1.036974     0.80   0.423     .4833335    5.652757
             |
cancer_exh~t |
  Last year  |    1.04376   .3204106     0.14   0.889     .5718752    1.905023
2-5 years..  |   1.094681   .1764391     0.56   0.575      .798164    1.501354
   5+ years  |   1.054783   .0577454     0.97   0.330      .947465    1.174257
             |
cancer_hae~t |
  Last year  |    1.03075   .3295955     0.09   0.925     .5507709    1.929017
2-5 years..  |   .8924957   .1581926    -0.64   0.521     .6305693    1.263221
   5+ years  |   1.015474   .0533743     0.29   0.770     .9160702    1.125664
             |
1.~r_disease |   1.066958   .0518455     1.33   0.182     .9700315    1.173569
1.stroke_d~a |   1.080455    .053517     1.56   0.118     .9804945    1.190607
1.other_ne~o |   1.008615   .0486603     0.18   0.859     .9176127    1.108642
             |
reduced_ki~t |
Stage 3a/..  |   1.218421   .3474693     0.69   0.488     .6967093    2.130801
      1.esrd |   1.028101   .0448506     0.64   0.525     .9438491    1.119874
1.other_tr~t |   .9449107   .0505862    -1.06   0.290      .850788    1.049446
  1.asplenia |   1.080942   .0550896     1.53   0.127     .9781857    1.194492
1.ra_sle_p~s |   .9407177   .0497314    -1.16   0.248     .8481258    1.043418
1.other_im~o |   1.014628   .0542846     0.27   0.786     .9136207    1.126803
             |
      shield#|
   kids_cat4 |
          1 #|
only <12 ..  |   .7306672   .1136859    -2.02   0.044     .5386163    .9911964
          1 #|
 only 12-18  |   1.562643   .7829678     0.89   0.373     .5852781    4.172125
    1#mixed  |     1.0033   .0742897     0.04   0.965     .8677677    1.160001
------------------------------------------------------------------------------
                                                             Stratified by stp
   1:      9.62 /        1 =       9.6200

 ( 1)  1.shield#1.kids_cat4 = 0
 ( 2)  1.shield#2.kids_cat4 = 0
 ( 3)  1.shield#3.kids_cat4 = 0

           chi2(  3) =    5.05
         Prob > chi2 =    0.1681

kids_cat4 
****************

 ( 1)  1.kids_cat4 + 1.shield#1.kids_cat4 = 0

------------------------------------------------------------------------------
          _t |     exp(b)   Std. Err.      z    P>|z|     [95% Conf. Interval]
-------------+----------------------------------------------------------------
         (1) |   .9103148   .1239266    -0.69   0.490     .6971279    1.188696
------------------------------------------------------------------------------
kids_cat4
****************

 ( 1)  2.kids_cat4 + 1.shield#2.kids_cat4 = 0

------------------------------------------------------------------------------
          _t |     exp(b)   Std. Err.      z    P>|z|     [95% Conf. Interval]
-------------+----------------------------------------------------------------
         (1) |   .9647042   .1676904    -0.21   0.836     .6861727    1.356297
------------------------------------------------------------------------------
kids_cat4
****************

 ( 1)  3.kids_cat4 + 1.shield#3.kids_cat4 = 0

------------------------------------------------------------------------------
          _t |     exp(b)   Std. Err.      z    P>|z|     [95% Conf. Interval]
-------------+----------------------------------------------------------------
         (1) |    .878548   .1069147    -1.06   0.287     .6921157    1.115199
------------------------------------------------------------------------------
(note: file ./output/an_interaction_cox_models_covid_death_kids_cat4_shield_0_t
> imeperiod0.ster not found)
file ./output/an_interaction_cox_models_covid_death_kids_cat4_shield_0_timeperi
> od0.ster saved
(20,102 observations (episodes) created)
(cat_time: 20102 changes made)
(covid_death: 20102 changes made)

observation |
   interval |      Freq.     Percent        Cum.
------------+-----------------------------------
          0 |     16,146       44.54       44.54
          1 |     11,923       32.89       77.44
          2 |      8,179       22.56      100.00
------------+-----------------------------------
      Total |     36,248      100.00

           |   Failure/censoring
           |     indicator for
observatio | outcome: covid death
n interval |         0          1 |     Total
-----------+----------------------+----------
         0 |    13,629      2,517 |    16,146 
         1 |     9,692      2,231 |    11,923 
         2 |     6,164      2,015 |     8,179 
-----------+----------------------+----------
     Total |    29,485      6,763 |    36,248 
(24,328 observations deleted)

           |   Failure/censoring
           |     indicator for
  Probable | outcome: covid death
 shielding |         0          1 |     Total
-----------+----------------------+----------
         0 |     1,519        335 |     1,854 
         1 |     8,173      1,896 |    10,069 
-----------+----------------------+----------
     Total |     9,692      2,231 |    11,923 

         failure _d:  covid_death
   analysis time _t:  (stime_covid_death-origin)
             origin:  time enter_date
  enter on or after:  time enter_date
                 id:  patient_id

Iteration 0:   log pseudolikelihood =  -15420.33
Iteration 1:   log pseudolikelihood = -15399.811
Iteration 2:   log pseudolikelihood = -15399.748
Iteration 3:   log pseudolikelihood = -15399.748
Refining estimates:
Iteration 0:   log pseudolikelihood = -15399.748

Stratified Cox regr. -- Breslow method for ties

No. of subjects      =       11,923             Number of obs    =      11,923
No. of failures      =        2,231
Time at risk         =       695708
                                                Wald chi2(42)    =       42.67
Log pseudolikelihood =   -15399.748             Prob > chi2      =      0.4423

                       (Std. Err. adjusted for 1,085 clusters in household_id)
------------------------------------------------------------------------------
             |               Robust
          _t | Haz. Ratio   Std. Err.      z    P>|z|     [95% Conf. Interval]
-------------+----------------------------------------------------------------
   kids_cat4 |
only <12 ..  |   1.176117   .1703937     1.12   0.263     .8853809    1.562324
 only 12-18  |   1.308975     .24526     1.44   0.151     .9066582    1.889815
      mixed  |   1.164216   .1555493     1.14   0.255     .8959955     1.51273
             |
        age1 |   .9958277   .0083281    -0.50   0.617      .979638    1.012285
        age2 |    1.02353   .0262937     0.91   0.365     .9732709    1.076384
        age3 |   .9280357   .0667378    -1.04   0.299     .8060319    1.068506
      1.male |   1.046155   .0443471     1.06   0.287     .9627487    1.136786
             |
   ethnicity |
Asian or ..  |   1.068423   .0743728     0.95   0.342     .9321615    1.224603
      Other  |   .9004157   .0651357    -1.45   0.147     .7813894    1.037573
             |
   obese4cat |
Obese I ..)  |   1.004534     .06041     0.08   0.940     .8928444    1.130196
Obese II..)  |   1.052484   .0806851     0.67   0.505     .9056517    1.223123
Obese II..)  |   1.155294   .0975933     1.71   0.087     .9790102    1.363319
             |
smoke_nomiss |
     Former  |   .9333305   .1526009    -0.42   0.673     .6774274    1.285903
    Current  |   1.107077   .0694088     1.62   0.105     .9790641    1.251827
             |
         imd |
          4  |   .9792401   .0535865    -0.38   0.701     .8796488    1.090107
5 most de..  |   1.049085   .0746117     0.67   0.500     .9125834    1.206004
             |
tot_adults~h |
          2  |   1.066017   .3566633     0.19   0.848     .5533154    2.053787
          3  |   .8019205   .2149421    -0.82   0.410     .4742205    1.356071
             |
1.htdiag_o~p |   1.038334   .0467946     0.83   0.404     .9505524    1.134222
1.~y_disease |    .992039   .0514707    -0.15   0.878     .8961181    1.098227
    1.asthma |   1.015609   .0780915     0.20   0.840     .8735276    1.180801
1.~c_disease |   1.067086   .0544162     1.27   0.203     .9655885    1.179252
             |
     diabcat |
T1DM, con..  |   .7799419   .1134277    -1.71   0.087     .5865043    1.037178
T1DM, unc..  |   .8612614   .2722767    -0.47   0.637     .4634881     1.60041
T2DM, con..  |   .9245866   .0534085    -1.36   0.175     .8256161    1.035421
T2DM, unc..  |   .8424618   .1003215    -1.44   0.150     .6670955    1.063928
Diabetes,..  |   1.098465   .8078334     0.13   0.898     .2598934    4.642769
             |
cancer_exh~t |
  Last year  |   .7081637   .2532581    -0.96   0.335      .351335    1.427401
2-5 years..  |   1.041094   .1818717     0.23   0.818     .7392492    1.466185
   5+ years  |   .9746915   .0548118    -0.46   0.649     .8729711    1.088265
             |
cancer_hae~t |
  Last year  |   .9022015   .3291992    -0.28   0.778     .4412791    1.844564
2-5 years..  |   .9331633   .1691412    -0.38   0.703     .6541428    1.331198
   5+ years  |   1.037474    .055547     0.69   0.492     .9341217    1.152262
             |
1.~r_disease |   .9860236   .0521749    -0.27   0.790     .8888868    1.093775
1.stroke_d~a |   .9697804   .0530442    -0.56   0.575     .8711945    1.079522
1.other_ne~o |   1.012607   .0543234     0.23   0.815      .911542    1.124878
             |
reduced_ki~t |
Stage 3a/..  |    .865445   .3050697    -0.41   0.682     .4337012    1.726984
      1.esrd |   1.038257   .0460966     0.85   0.398      .951729    1.132652
1.other_tr~t |   1.069048   .0529652     1.35   0.178     .9701193    1.178065
  1.asplenia |   .8472729   .0475331    -2.95   0.003     .7590489     .945751
1.ra_sle_p~s |   1.094147   .0561571     1.75   0.080     .9894357    1.209939
1.other_im~o |   .9965327   .0507142    -0.07   0.946     .9019311    1.101057
------------------------------------------------------------------------------
                                                             Stratified by stp
   1:      6.46 /        1 =       6.4630

         failure _d:  covid_death
   analysis time _t:  (stime_covid_death-origin)
             origin:  time enter_date
  enter on or after:  time enter_date
                 id:  patient_id

Iteration 0:   log pseudolikelihood =  -15420.33
Iteration 1:   log pseudolikelihood = -15397.652
Iteration 2:   log pseudolikelihood = -15397.578
Iteration 3:   log pseudolikelihood = -15397.578
Refining estimates:
Iteration 0:   log pseudolikelihood = -15397.578

Stratified Cox regr. -- Breslow method for ties

No. of subjects      =       11,923             Number of obs    =      11,923
No. of failures      =        2,231
Time at risk         =       695708
                                                Wald chi2(45)    =       48.06
Log pseudolikelihood =   -15397.578             Prob > chi2      =      0.3498

                       (Std. Err. adjusted for 1,085 clusters in household_id)
------------------------------------------------------------------------------
             |               Robust
          _t | Haz. Ratio   Std. Err.      z    P>|z|     [95% Conf. Interval]
-------------+----------------------------------------------------------------
   kids_cat4 |
only <12 ..  |     .92441   .1979996    -0.37   0.714      .607499    1.406642
 only 12-18  |   .8125652   .3664108    -0.46   0.645      .335757    1.966488
      mixed  |   1.063481   .1574285     0.42   0.678      .795656    1.421459
             |
        age1 |   .9956113   .0083188    -0.53   0.599     .9794395     1.01205
        age2 |   1.024002   .0262981     0.92   0.356     .9737345    1.076865
        age3 |   .9270391   .0666635    -1.05   0.292     .8051708    1.067353
      1.male |   1.046894   .0443502     1.08   0.279     .9634799    1.137529
             |
   ethnicity |
Asian or ..  |   1.070433   .0745442     0.98   0.328     .9338618    1.226978
      Other  |    .901494   .0651774    -1.43   0.151     .7823868    1.038734
             |
   obese4cat |
Obese I ..)  |   1.004937   .0604753     0.08   0.935     .8931313     1.13074
Obese II..)  |    1.05267   .0807159     0.67   0.503     .9057839    1.223377
Obese II..)  |   1.158244   .0978695     1.74   0.082     .9814656    1.366863
             |
smoke_nomiss |
     Former  |   .9330079    .152483    -0.42   0.671     .6772859    1.285282
    Current  |   1.105129   .0693568     1.59   0.111     .9772205     1.24978
             |
         imd |
          4  |   .9796097   .0535866    -0.38   0.706     .8800161    1.090475
5 most de..  |   1.050142   .0746127     0.69   0.491     .9136293    1.207052
             |
tot_adults~h |
          2  |   1.040638   .3471595     0.12   0.905     .5411738    2.001072
          3  |   .7939471   .2131419    -0.86   0.390     .4691149    1.343705
             |
1.htdiag_o~p |   1.039358   .0468728     0.86   0.392      .951432     1.13541
1.~y_disease |   .9689678   .0527194    -0.58   0.562     .8709582    1.078006
    1.asthma |   .9923535   .0778912    -0.10   0.922     .8508529    1.157386
1.~c_disease |   1.066112   .0543418     1.26   0.209     .9647511    1.178122
             |
     diabcat |
T1DM, con..  |   .7781695   .1130598    -1.73   0.084     .5853337    1.034534
T1DM, unc..  |   .8584801   .2717702    -0.48   0.630     .4615983      1.5966
T2DM, con..  |   .9245588   .0534585    -1.36   0.175      .825501    1.035503
T2DM, unc..  |   .8440777   .1004017    -1.43   0.154     .6685493    1.065691
Diabetes,..  |   1.093768   .8084356     0.12   0.903     .2569079    4.656643
             |
cancer_exh~t |
  Last year  |   .6854385   .2453604    -1.06   0.291     .3398376    1.382501
2-5 years..  |   1.016497   .1780118     0.09   0.926     .7211759    1.432751
   5+ years  |   .9513997   .0545066    -0.87   0.385     .8503483    1.064459
             |
cancer_hae~t |
  Last year  |   .8784086   .3212703    -0.35   0.723     .4289207    1.798938
2-5 years..  |   .9126208   .1667826    -0.50   0.617       .63787    1.305715
   5+ years  |   1.011315   .0573208     0.20   0.843     .9049839     1.13014
             |
1.~r_disease |   .9863499   .0522492    -0.26   0.795     .8890801    1.094261
1.stroke_d~a |   .9685957   .0529881    -0.58   0.560     .8701149    1.078223
1.other_ne~o |   1.012456   .0543359     0.23   0.818     .9113689    1.124755
             |
reduced_ki~t |
Stage 3a/..  |   .8717263   .3065449    -0.39   0.696     .4375753    1.736631
      1.esrd |   1.005916   .0493536     0.12   0.904     .9136905    1.107451
1.other_tr~t |   1.042378   .0537149     0.81   0.421     .9422404    1.153157
  1.asplenia |   .8277189   .0472489    -3.31   0.001     .7401053    .9257042
1.ra_sle_p~s |   1.096457   .0563487     1.79   0.073     .9913955    1.212652
1.other_im~o |   .9714731   .0516191    -0.54   0.586     .8753915      1.0781
             |
      shield#|
   kids_cat4 |
          1 #|
only <12 ..  |   1.323777    .255976     1.45   0.147     .9061908    1.933792
          1 #|
 only 12-18  |   1.722196   .8144626     1.15   0.250     .6816034    4.351446
    1#mixed  |   1.109545   .0861696     1.34   0.181     .9528817    1.291966
------------------------------------------------------------------------------
                                                             Stratified by stp
   1:      6.70 /        1 =       6.7030

 ( 1)  1.shield#1.kids_cat4 = 0
 ( 2)  1.shield#2.kids_cat4 = 0
 ( 3)  1.shield#3.kids_cat4 = 0

           chi2(  3) =    4.46
         Prob > chi2 =    0.2162

kids_cat4 
****************

 ( 1)  1.kids_cat4 + 1.shield#1.kids_cat4 = 0

------------------------------------------------------------------------------
          _t |     exp(b)   Std. Err.      z    P>|z|     [95% Conf. Interval]
-------------+----------------------------------------------------------------
         (1) |   1.223712   .1818937     1.36   0.174     .9144418    1.637581
------------------------------------------------------------------------------
kids_cat4
****************

 ( 1)  2.kids_cat4 + 1.shield#2.kids_cat4 = 0

------------------------------------------------------------------------------
          _t |     exp(b)   Std. Err.      z    P>|z|     [95% Conf. Interval]
-------------+----------------------------------------------------------------
         (1) |   1.399397    .277067     1.70   0.090      .949317    2.062864
------------------------------------------------------------------------------
kids_cat4
****************

 ( 1)  3.kids_cat4 + 1.shield#3.kids_cat4 = 0

------------------------------------------------------------------------------
          _t |     exp(b)   Std. Err.      z    P>|z|     [95% Conf. Interval]
-------------+----------------------------------------------------------------
         (1) |   1.179981   .1583064     1.23   0.217     .9071468    1.534872
------------------------------------------------------------------------------
(note: file ./output/an_interaction_cox_models_covid_death_kids_cat4_shield_0_t
> imeperiod1.ster not found)
file ./output/an_interaction_cox_models_covid_death_kids_cat4_shield_0_timeperi
> od1.ster saved
(20,102 observations (episodes) created)
(cat_time: 20102 changes made)
(covid_death: 20102 changes made)

observation |
   interval |      Freq.     Percent        Cum.
------------+-----------------------------------
          0 |     16,146       44.54       44.54
          1 |     11,923       32.89       77.44
          2 |      8,179       22.56      100.00
------------+-----------------------------------
      Total |     36,248      100.00

           |   Failure/censoring
           |     indicator for
observatio | outcome: covid death
n interval |         0          1 |     Total
-----------+----------------------+----------
         0 |    13,629      2,517 |    16,146 
         1 |     9,692      2,231 |    11,923 
         2 |     6,164      2,015 |     8,179 
-----------+----------------------+----------
     Total |    29,485      6,763 |    36,248 
(28,072 observations deleted)

           |   Failure/censoring
           |     indicator for
  Probable | outcome: covid death
 shielding |         0          1 |     Total
-----------+----------------------+----------
         0 |     1,017        287 |     1,304 
         1 |     5,147      1,728 |     6,875 
-----------+----------------------+----------
     Total |     6,164      2,015 |     8,179 

         failure _d:  covid_death
   analysis time _t:  (stime_covid_death-origin)
             origin:  time enter_date
  enter on or after:  time enter_date
                 id:  patient_id

Iteration 0:   log pseudolikelihood = -13048.403
Iteration 1:   log pseudolikelihood = -13023.674
Iteration 2:   log pseudolikelihood = -13023.409
Iteration 3:   log pseudolikelihood = -13023.409
Refining estimates:
Iteration 0:   log pseudolikelihood = -13023.409

Stratified Cox regr. -- Breslow method for ties

No. of subjects      =        8,179             Number of obs    =       8,179
No. of failures      =        2,015
Time at risk         =       398274
                                                Wald chi2(42)    =       53.82
Log pseudolikelihood =   -13023.409             Prob > chi2      =      0.1045

                       (Std. Err. adjusted for 1,024 clusters in household_id)
------------------------------------------------------------------------------
             |               Robust
          _t | Haz. Ratio   Std. Err.      z    P>|z|     [95% Conf. Interval]
-------------+----------------------------------------------------------------
   kids_cat4 |
only <12 ..  |   .8699664   .1398255    -0.87   0.386      .634882    1.192098
 only 12-18  |   1.139732   .2203249     0.68   0.499      .780287    1.664757
      mixed  |   .9036612   .1290014    -0.71   0.478     .6831138    1.195414
             |
        age1 |   1.013813   .0081116     1.71   0.086     .9980381    1.029836
        age2 |   .9458364   .0243458    -2.16   0.031     .8993032    .9947774
        age3 |    1.17533   .0870519     2.18   0.029     1.016517    1.358954
      1.male |   .9439667   .0416251    -1.31   0.191      .865809     1.02918
             |
   ethnicity |
Asian or ..  |   1.026964   .0776868     0.35   0.725     .8854505    1.191094
      Other  |   .9107092   .0691155    -1.23   0.218     .7848387    1.056767
             |
   obese4cat |
Obese I ..)  |   .9647669   .0627102    -0.55   0.581     .8493642    1.095849
Obese II..)  |   1.133702   .0879006     1.62   0.106      .973872    1.319764
Obese II..)  |   .9003634   .0881352    -1.07   0.284     .7431818    1.090789
             |
smoke_nomiss |
     Former  |   1.250566   .1833312     1.53   0.127     .9382569    1.666831
    Current  |   1.060063   .0722364     0.86   0.392     .9275292    1.211533
             |
         imd |
          4  |   .9729856   .0542982    -0.49   0.624     .8721766    1.085446
5 most de..  |   1.038682   .0788676     0.50   0.617     .8950564    1.205354
             |
tot_adults~h |
          2  |   1.748575   .7075321     1.38   0.167     .7911516    3.864639
          3  |   1.490637   .4959824     1.20   0.230     .7765157      2.8615
             |
1.htdiag_o~p |    .977233   .0467835    -0.48   0.630     .8897094    1.073367
1.~y_disease |   .9844268   .0559011    -0.28   0.782     .8807398    1.100321
    1.asthma |   1.000485   .0778307     0.01   0.995     .8589993    1.165274
1.~c_disease |    1.02486   .0557883     0.45   0.652     .9211475    1.140249
             |
     diabcat |
T1DM, con..  |   1.448404     .18235     2.94   0.003     1.131686    1.853761
T1DM, unc..  |   1.483544   .3794207     1.54   0.123     .8986758     2.44905
T2DM, con..  |   1.031323   .0626265     0.51   0.612        .9156    1.161671
T2DM, unc..  |   1.188421   .1354595     1.51   0.130     .9504906     1.48591
Diabetes,..  |   .6317519   .6453138    -0.45   0.653     .0853242    4.677577
             |
cancer_exh~t |
  Last year  |   1.058549   .3453447     0.17   0.862     .5584855    2.006365
2-5 years..  |   .9434462   .1623314    -0.34   0.735      .673376    1.321833
   5+ years  |   .9956634   .0589426    -0.07   0.941     .8865883    1.118158
             |
cancer_hae~t |
  Last year  |   1.246419   .3908518     0.70   0.482     .6741312    2.304537
2-5 years..  |   .9073751   .1676666    -0.53   0.599     .6316844    1.303388
   5+ years  |   1.012367   .0574714     0.22   0.829     .9057659    1.131515
             |
1.~r_disease |     1.0142    .057847     0.25   0.805     .9069296    1.134158
1.stroke_d~a |   .8999089   .0530905    -1.79   0.074      .801644    1.010219
1.other_ne~o |   .9626363   .0527405    -0.70   0.487     .8646234     1.07176
             |
reduced_ki~t |
Stage 3a/..  |   1.178536   .3932851     0.49   0.623     .6127616    2.266702
      1.esrd |   1.019028   .0458554     0.42   0.675     .9330022    1.112985
1.other_tr~t |   .9722253   .0539079    -0.51   0.611     .8721065    1.083838
  1.asplenia |   1.143105   .0612972     2.49   0.013     1.029062    1.269785
1.ra_sle_p~s |   .9091808   .0530784    -1.63   0.103     .8108803    1.019398
1.other_im~o |   1.083443   .0563453     1.54   0.123     .9784497    1.199702
------------------------------------------------------------------------------
                                                             Stratified by stp
   1:      3.98 /        1 =       3.9780

         failure _d:  covid_death
   analysis time _t:  (stime_covid_death-origin)
             origin:  time enter_date
  enter on or after:  time enter_date
                 id:  patient_id

Iteration 0:   log pseudolikelihood = -13048.403
Iteration 1:   log pseudolikelihood = -13021.037
Iteration 2:   log pseudolikelihood = -13020.729
Iteration 3:   log pseudolikelihood = -13020.728
Refining estimates:
Iteration 0:   log pseudolikelihood = -13020.728

Stratified Cox regr. -- Breslow method for ties

No. of subjects      =        8,179             Number of obs    =       8,179
No. of failures      =        2,015
Time at risk         =       398274
                                                Wald chi2(45)    =       57.41
Log pseudolikelihood =   -13020.728             Prob > chi2      =      0.1015

                       (Std. Err. adjusted for 1,024 clusters in household_id)
------------------------------------------------------------------------------
             |               Robust
          _t | Haz. Ratio   Std. Err.      z    P>|z|     [95% Conf. Interval]
-------------+----------------------------------------------------------------
   kids_cat4 |
only <12 ..  |   .6261021   .1568969    -1.87   0.062     .3831245    1.023176
 only 12-18  |   1.019986   .4529492     0.04   0.964     .4271669    2.435514
      mixed  |   .7985255   .1272351    -1.41   0.158     .5843331    1.091232
             |
        age1 |   1.013472   .0080943     1.68   0.094     .9977307    1.029461
        age2 |   .9467118   .0243344    -2.13   0.033     .9001988    .9956282
        age3 |   1.172477   .0867417     2.15   0.031     1.014217    1.355432
      1.male |   .9449783   .0416922    -1.28   0.200     .8666965    1.030331
             |
   ethnicity |
Asian or ..  |   1.030398   .0781044     0.40   0.693     .8881447    1.195436
      Other  |   .9121677   .0692465    -1.21   0.226     .7860613    1.058505
             |
   obese4cat |
Obese I ..)  |   .9662581   .0629975    -0.53   0.599     .8503486    1.097967
Obese II..)  |   1.134266   .0878409     1.63   0.104       .97453    1.320184
Obese II..)  |   .9027277   .0883902    -1.05   0.296     .7450952    1.093709
             |
smoke_nomiss |
     Former  |   1.253739   .1836257     1.54   0.123     .9408878    1.670614
    Current  |   1.058529   .0720877     0.84   0.404     .9262633    1.209682
             |
         imd |
          4  |   .9728352   .0543065    -0.49   0.622     .8720125    1.085315
5 most de..  |   1.042554   .0791338     0.55   0.583     .8984401    1.209784
             |
tot_adults~h |
          2  |   1.735499   .7028514     1.36   0.173     .7846939    3.838384
          3  |   1.481119   .4944726     1.18   0.239     .7698669     2.84947
             |
1.htdiag_o~p |    .979358   .0469801    -0.43   0.664     .8914749    1.075905
1.~y_disease |   .9560547   .0547165    -0.79   0.432     .8546083    1.069543
    1.asthma |   .9710719   .0767949    -0.37   0.710     .8316416    1.133879
1.~c_disease |   1.025253   .0557639     0.46   0.647     .9215814    1.140586
             |
     diabcat |
T1DM, con..  |   1.445145   .1821862     2.92   0.003     1.128762    1.850208
T1DM, unc..  |   1.487299   .3814941     1.55   0.122     .8996299    2.458853
T2DM, con..  |   1.030737   .0627169     0.50   0.619      .914861     1.16129
T2DM, unc..  |   1.188929     .13562     1.52   0.129      .950737    1.486797
Diabetes,..  |   .6226161   .6383478    -0.46   0.644     .0834664    4.644396
             |
cancer_exh~t |
  Last year  |   1.017414   .3323702     0.05   0.958     .5363226    1.930054
2-5 years..  |   .9130395   .1583251    -0.52   0.600     .6499612    1.282601
   5+ years  |   .9654191   .0592549    -0.57   0.566     .8559952    1.088831
             |
cancer_hae~t |
  Last year  |   1.210337   .3793556     0.61   0.542     .6548085    2.237166
2-5 years..  |   .8804993   .1631177    -0.69   0.492     .6124053    1.265957
   5+ years  |   .9817742   .0568122    -0.32   0.751     .8765067    1.099684
             |
1.~r_disease |   1.015059   .0578965     0.26   0.793     .9076972     1.13512
1.stroke_d~a |   .8992397   .0530493    -1.80   0.072     .8010509    1.009464
1.other_ne~o |   .9617733   .0527626    -0.71   0.477     .8637261    1.070951
             |
reduced_ki~t |
Stage 3a/..  |   1.187621   .3945744     0.52   0.605     .6192632    2.277616
      1.esrd |   .9795595   .0474723    -0.43   0.670     .8907978    1.077166
1.other_tr~t |   .9429265    .054202    -1.02   0.307     .8424584    1.055376
  1.asplenia |   1.107004   .0612293     1.84   0.066     .9932724    1.233757
1.ra_sle_p~s |   .9092783    .053109    -1.63   0.103     .8109236    1.019562
1.other_im~o |   1.048765   .0576237     0.87   0.386     .9416937    1.168011
             |
      shield#|
   kids_cat4 |
          1 #|
only <12 ..  |   1.463673   .3069853     1.82   0.069     .9703226    2.207862
          1 #|
 only 12-18  |    1.13903   .5156483     0.29   0.774     .4690179    2.766185
    1#mixed  |   1.155063   .0971405     1.71   0.087     .9795352    1.362045
------------------------------------------------------------------------------
                                                             Stratified by stp
   1:      4.76 /        1 =       4.7600

 ( 1)  1.shield#1.kids_cat4 = 0
 ( 2)  1.shield#2.kids_cat4 = 0
 ( 3)  1.shield#3.kids_cat4 = 0

           chi2(  3) =    5.60
         Prob > chi2 =    0.1326

kids_cat4 
****************

 ( 1)  1.kids_cat4 + 1.shield#1.kids_cat4 = 0

------------------------------------------------------------------------------
          _t |     exp(b)   Std. Err.      z    P>|z|     [95% Conf. Interval]
-------------+----------------------------------------------------------------
         (1) |   .9164086   .1476845    -0.54   0.588     .6682103    1.256797
------------------------------------------------------------------------------
kids_cat4
****************

 ( 1)  2.kids_cat4 + 1.shield#2.kids_cat4 = 0

------------------------------------------------------------------------------
          _t |     exp(b)   Std. Err.      z    P>|z|     [95% Conf. Interval]
-------------+----------------------------------------------------------------
         (1) |   1.161795   .2322585     0.75   0.453     .7851681     1.71908
------------------------------------------------------------------------------
kids_cat4
****************

 ( 1)  3.kids_cat4 + 1.shield#3.kids_cat4 = 0

------------------------------------------------------------------------------
          _t |     exp(b)   Std. Err.      z    P>|z|     [95% Conf. Interval]
-------------+----------------------------------------------------------------
         (1) |   .9223476   .1321406    -0.56   0.573     .6965413    1.221356
------------------------------------------------------------------------------
(note: file ./output/an_interaction_cox_models_covid_death_kids_cat4_shield_0_t
> imeperiod2.ster not found)
file ./output/an_interaction_cox_models_covid_death_kids_cat4_shield_0_timeperi
> od2.ster saved
(5,599 observations (episodes) created)
(cat_time: 5599 changes made)
(covid_death: 5599 changes made)

observation |
   interval |      Freq.     Percent        Cum.
------------+-----------------------------------
          0 |      4,504       44.58       44.58
          1 |      3,319       32.85       77.43
          2 |      2,280       22.57      100.00
------------+-----------------------------------
      Total |     10,103      100.00

           |   Failure/censoring
           |     indicator for
observatio | outcome: covid death
n interval |         0          1 |     Total
-----------+----------------------+----------
         0 |     3,770        734 |     4,504 
         1 |     2,695        624 |     3,319 
         2 |     1,766        514 |     2,280 
-----------+----------------------+----------
     Total |     8,231      1,872 |    10,103 
(5,600 observations deleted)

           |   Failure/censoring
           |     indicator for
  Probable | outcome: covid death
 shielding |         0          1 |     Total
-----------+----------------------+----------
         0 |       562        105 |       667 
         1 |     3,208        629 |     3,837 
-----------+----------------------+----------
     Total |     3,770        734 |     4,504 

         failure _d:  covid_death
   analysis time _t:  (stime_covid_death-origin)
             origin:  time enter_date
  enter on or after:  time enter_date
                 id:  patient_id

Iteration 0:   log pseudolikelihood = -4380.2403
Iteration 1:   log pseudolikelihood = -4361.0533
Iteration 2:   log pseudolikelihood = -4359.6061
Iteration 3:   log pseudolikelihood = -4359.4361
Iteration 4:   log pseudolikelihood = -4359.4096
Iteration 5:   log pseudolikelihood = -4359.4003
Iteration 6:   log pseudolikelihood = -4359.3969
Iteration 7:   log pseudolikelihood = -4359.3956
Iteration 8:   log pseudolikelihood = -4359.3952
Iteration 9:   log pseudolikelihood =  -4359.395
Iteration 10:  log pseudolikelihood = -4359.3949
Iteration 11:  log pseudolikelihood = -4359.3949
Iteration 12:  log pseudolikelihood = -4359.3949
Iteration 13:  log pseudolikelihood = -4359.3949
Iteration 14:  log pseudolikelihood = -4359.3949
Iteration 15:  log pseudolikelihood = -4359.3949
Iteration 16:  log pseudolikelihood = -4359.3949
Iteration 17:  log pseudolikelihood = -4359.3949
Iteration 18:  log pseudolikelihood = -4359.3949
Iteration 19:  log pseudolikelihood = -4359.3949
Iteration 20:  log pseudolikelihood = -4359.3949
Iteration 21:  log pseudolikelihood = -4359.3949
Iteration 22:  log pseudolikelihood = -4359.3949
Iteration 23:  log pseudolikelihood = -4359.3949
Iteration 24:  log pseudolikelihood = -4359.3949
Iteration 25:  log pseudolikelihood = -4359.3949
Iteration 26:  log pseudolikelihood = -4359.3949
Iteration 27:  log pseudolikelihood = -4359.3949
Iteration 28:  log pseudolikelihood = -4359.3949
Iteration 29:  log pseudolikelihood = -4359.3949
Iteration 30:  log pseudolikelihood = -4359.3949
Refining estimates:
Iteration 0:   log pseudolikelihood = -4359.3949
Iteration 1:   log pseudolikelihood = -4359.3949
Iteration 2:   log pseudolikelihood = -4359.3949

Stratified Cox regr. -- Breslow method for ties

No. of subjects      =        4,504             Number of obs    =       4,504
No. of failures      =          734
Time at risk         =       305568
                                                Wald chi2(42)    =     4254.42
Log pseudolikelihood =   -4359.3949             Prob > chi2      =      0.0000

                         (Std. Err. adjusted for 923 clusters in household_id)
------------------------------------------------------------------------------
             |               Robust
          _t | Haz. Ratio   Std. Err.      z    P>|z|     [95% Conf. Interval]
-------------+----------------------------------------------------------------
   kids_cat4 |
only <12 ..  |   .7538626    .179325    -1.19   0.235     .4729473    1.201633
 only 12-18  |     .73579   .3076255    -0.73   0.463     .3242471    1.669674
      mixed  |   .7436538   .1574773    -1.40   0.162     .4910424    1.126218
             |
        age1 |   1.014302   .0293714     0.49   0.624     .9583385    1.073534
        age2 |   .9377063   .1259374    -0.48   0.632     .7206881    1.220074
        age3 |   1.163587   .3814674     0.46   0.644     .6119884    2.212354
      1.male |   .9996453   .0756072    -0.00   0.996     .8619183     1.15938
             |
   ethnicity |
Asian or ..  |   .9613455   .1195296    -0.32   0.751     .7534332    1.226632
      Other  |   1.058221   .1249374     0.48   0.632     .8396159    1.333744
             |
   obese4cat |
Obese I ..)  |   .9587187   .1086213    -0.37   0.710     .7678058    1.197102
Obese II..)  |   .8775835   .1225506    -0.94   0.350      .667455    1.153865
Obese II..)  |   .8798919   .1489136    -0.76   0.450      .631497    1.225991
             |
smoke_nomiss |
     Former  |   .1961076   .1141922    -2.80   0.005      .062639    .6139652
    Current  |   .9617615   .1198335    -0.31   0.754      .753372    1.227794
             |
         imd |
          4  |   .9300348   .0905917    -0.74   0.456     .7683983    1.125672
5 most de..  |    .972627   .1258075    -0.21   0.830     .7548228    1.253279
             |
tot_adults~h |
          2  |   1.198686   .8351599     0.26   0.795     .3059484    4.696374
          3  |   1.386231   .6600769     0.69   0.493     .5451576    3.524921
             |
1.htdiag_o~p |   .9334392   .0746727    -0.86   0.389     .7979803    1.091893
1.~y_disease |   .9059325   .0861614    -1.04   0.299     .7518649    1.091571
    1.asthma |    .842929   .1188725    -1.21   0.226     .6393695    1.111297
1.~c_disease |   1.067096   .0898171     0.77   0.440     .9048112    1.258487
             |
     diabcat |
T1DM, con..  |   1.139446   .2920991     0.51   0.611     .6894245    1.883219
T1DM, unc..  |   1.400006   .5596226     0.84   0.400     .6395587    3.064641
T2DM, con..  |   .8743754   .0916629    -1.28   0.200     .7119745     1.07382
T2DM, unc..  |   .8971091   .1865028    -0.52   0.601      .596879    1.348355
Diabetes,..  |   1.33e-14   6.91e-15   -61.49   0.000     4.80e-15    3.68e-14
             |
cancer_exh~t |
  Last year  |   .9174114   .5790096    -0.14   0.891      .266282    3.160723
2-5 years..  |   .7839488   .2484502    -0.77   0.442     .4212342    1.458988
   5+ years  |   .9949732   .1011036    -0.05   0.960     .8152994    1.214243
             |
cancer_hae~t |
  Last year  |   .8378113   .6172921    -0.24   0.810     .1976916     3.55062
2-5 years..  |   1.050989   .3082595     0.17   0.865     .5914761    1.867494
   5+ years  |   1.110978   .1064787     1.10   0.272      .920713    1.340561
             |
1.~r_disease |   1.046078   .0959718     0.49   0.623     .8739189    1.252152
1.stroke_d~a |   1.071851   .0974743     0.76   0.445     .8968627    1.280981
1.other_ne~o |   .8341008   .0790745    -1.91   0.056     .6926643    1.004417
             |
reduced_ki~t |
Stage 3a/..  |   1.004292   .2258601     0.02   0.985     .6462924    1.560597
      1.esrd |   1.208068   .0921006     2.48   0.013     1.040394    1.402766
1.other_tr~t |   .9043897   .0914442    -0.99   0.320     .7418042     1.10261
  1.asplenia |   1.018982   .0951647     0.20   0.840     .8485373    1.223663
1.ra_sle_p~s |   .9355966   .0884955    -0.70   0.482      .777277    1.126163
1.other_im~o |   .9870253   .0895231    -0.14   0.886     .8262746     1.17905
------------------------------------------------------------------------------
                                                             Stratified by stp
   1:      5.46 /        1 =       5.4650

         failure _d:  covid_death
   analysis time _t:  (stime_covid_death-origin)
             origin:  time enter_date
  enter on or after:  time enter_date
                 id:  patient_id

Iteration 0:   log pseudolikelihood = -4380.2403
Iteration 1:   log pseudolikelihood = -4360.2575
Iteration 2:   log pseudolikelihood = -4358.8027
Iteration 3:   log pseudolikelihood = -4358.6319
Iteration 4:   log pseudolikelihood = -4358.6049
Iteration 5:   log pseudolikelihood = -4358.5954
Iteration 6:   log pseudolikelihood =  -4358.592
Iteration 7:   log pseudolikelihood = -4358.5907
Iteration 8:   log pseudolikelihood = -4358.5902
Iteration 9:   log pseudolikelihood =   -4358.59
Iteration 10:  log pseudolikelihood =   -4358.59
Iteration 11:  log pseudolikelihood = -4358.5899
Iteration 12:  log pseudolikelihood = -4358.5899
Iteration 13:  log pseudolikelihood = -4358.5899
Iteration 14:  log pseudolikelihood = -4358.5899
Iteration 15:  log pseudolikelihood = -4358.5899
Iteration 16:  log pseudolikelihood = -4358.5899
Iteration 17:  log pseudolikelihood = -4358.5899
Iteration 18:  log pseudolikelihood = -4358.5899
Iteration 19:  log pseudolikelihood = -4358.5899
Iteration 20:  log pseudolikelihood = -4358.5899
Iteration 21:  log pseudolikelihood = -4358.5899
Iteration 22:  log pseudolikelihood = -4358.5899
Iteration 23:  log pseudolikelihood = -4358.5899
Iteration 24:  log pseudolikelihood = -4358.5899
Iteration 25:  log pseudolikelihood = -4358.5899
Iteration 26:  log pseudolikelihood = -4358.5899
Iteration 27:  log pseudolikelihood = -4358.5899
Iteration 28:  log pseudolikelihood = -4358.5899
Iteration 29:  log pseudolikelihood = -4358.5899
Iteration 30:  log pseudolikelihood = -4358.5899
Iteration 31:  log pseudolikelihood = -4358.5899
Refining estimates:
Iteration 0:   log pseudolikelihood = -4358.5899
Iteration 1:   log pseudolikelihood = -4358.5899
Iteration 2:   log pseudolikelihood = -4358.5899

Stratified Cox regr. -- Breslow method for ties

No. of subjects      =        4,504             Number of obs    =       4,504
No. of failures      =          734
Time at risk         =       305568
                                                Wald chi2(45)    =     4472.75
Log pseudolikelihood =   -4358.5899             Prob > chi2      =      0.0000

                         (Std. Err. adjusted for 923 clusters in household_id)
------------------------------------------------------------------------------
             |               Robust
          _t | Haz. Ratio   Std. Err.      z    P>|z|     [95% Conf. Interval]
-------------+----------------------------------------------------------------
   kids_cat4 |
only <12 ..  |   .9359678   .3586056    -0.17   0.863     .4417052    1.983304
 only 12-18  |   .3995212    .391482    -0.94   0.349     .0585418    2.726549
      mixed  |   .6942824   .1704502    -1.49   0.137     .4291029    1.123339
             |
        age1 |   1.013532   .0293799     0.46   0.643     .9575536    1.072783
        age2 |    .941123   .1265513    -0.45   0.652     .7230806    1.224915
        age3 |   1.153658    .378558     0.44   0.663     .6064098    2.194765
      1.male |   1.001049   .0758539     0.01   0.989     .8628912    1.161327
             |
   ethnicity |
Asian or ..  |   .9646605   .1196738    -0.29   0.772      .756443    1.230192
      Other  |   1.056666   .1248146     0.47   0.641     .8382876    1.331934
             |
   obese4cat |
Obese I ..)  |   .9590608   .1086823    -0.37   0.712      .768045    1.197583
Obese II..)  |   .8740648   .1222415    -0.96   0.336     .6645071    1.149708
Obese II..)  |    .874871   .1480568    -0.79   0.430     .6279035    1.218976
             |
smoke_nomiss |
     Former  |   .1969585   .1147202    -2.79   0.005     .0628905    .6168288
    Current  |   .9628158   .1199655    -0.30   0.761     .7541967    1.229141
             |
         imd |
          4  |   .9284582    .090511    -0.76   0.446     .7669776    1.123937
5 most de..  |   .9695547   .1250255    -0.24   0.811     .7530237    1.248349
             |
tot_adults~h |
          2  |   1.201361   .8400073     0.26   0.793      .305142    4.729822
          3  |   1.389094   .6620545     0.69   0.490     .5458103    3.535264
             |
1.htdiag_o~p |   .9317098   .0747294    -0.88   0.378     .7961751    1.090317
1.~y_disease |   .8989968   .0868666    -1.10   0.270     .7438918    1.086442
    1.asthma |   .8372392   .1186113    -1.25   0.210     .6342497    1.105195
1.~c_disease |   1.066698   .0900547     0.76   0.444      .904024    1.258645
             |
     diabcat |
T1DM, con..  |   1.133308   .2924823     0.48   0.628     .6833941    1.879424
T1DM, unc..  |   1.395982   .5578808     0.83   0.404     .6378391     3.05526
T2DM, con..  |   .8752674   .0917795    -1.27   0.204     .7126639    1.074971
T2DM, unc..  |   .8956685   .1860036    -0.53   0.596      .596181    1.345601
Diabetes,..  |   4.67e-15   2.47e-15   -62.33   0.000     1.66e-15    1.32e-14
             |
cancer_exh~t |
  Last year  |   .9093944   .5728351    -0.15   0.880     .2645899    3.125584
2-5 years..  |   .7784417   .2468279    -0.79   0.430     .4181457    1.449188
   5+ years  |   .9874843    .102847    -0.12   0.904     .8051507    1.211109
             |
cancer_hae~t |
  Last year  |   .8238306   .6114063    -0.26   0.794     .1923615    3.528236
2-5 years..  |   1.040829   .3068692     0.14   0.892     .5840077    1.854985
   5+ years  |   1.100469   .1076346     0.98   0.328     .9084967    1.333006
             |
1.~r_disease |   1.043307   .0957236     0.46   0.644     .8715939    1.248849
1.stroke_d~a |   1.069619   .0973373     0.74   0.460     .8948871    1.278469
1.other_ne~o |   .8355677   .0792475    -1.89   0.058     .6938272    1.006264
             |
reduced_ki~t |
Stage 3a/..  |   .9989709   .2246842    -0.00   0.996     .6428421    1.552392
      1.esrd |   1.192259   .0962324     2.18   0.029      1.01781    1.396609
1.other_tr~t |   .8966553   .0926366    -1.06   0.291     .7322931    1.097908
  1.asplenia |   1.010196   .0962723     0.11   0.915     .8380801    1.217659
1.ra_sle_p~s |   .9376265   .0888361    -0.68   0.497     .7787215    1.128958
1.other_im~o |   .9773552   .0912079    -0.25   0.806     .8139867    1.173512
             |
      shield#|
   kids_cat4 |
          1 #|
only <12 ..  |   .7759706   .2716985    -0.72   0.469     .3906657    1.541293
          1 #|
 only 12-18  |    2.05872   1.926794     0.77   0.440     .3288077    12.88999
    1#mixed  |    1.08386   .1535192     0.57   0.570     .8211228    1.430667
------------------------------------------------------------------------------
                                                             Stratified by stp
   1:      6.52 /        1 =       6.5170

 ( 1)  1.shield#1.kids_cat4 = 0
 ( 2)  1.shield#2.kids_cat4 = 0
 ( 3)  1.shield#3.kids_cat4 = 0

           chi2(  3) =    1.51
         Prob > chi2 =    0.6795

kids_cat4 
****************

 ( 1)  1.kids_cat4 + 1.shield#1.kids_cat4 = 0

------------------------------------------------------------------------------
          _t |     exp(b)   Std. Err.      z    P>|z|     [95% Conf. Interval]
-------------+----------------------------------------------------------------
         (1) |   .7262835   .1760835    -1.32   0.187     .4515823    1.168087
------------------------------------------------------------------------------
kids_cat4
****************

 ( 1)  2.kids_cat4 + 1.shield#2.kids_cat4 = 0

------------------------------------------------------------------------------
          _t |     exp(b)   Std. Err.      z    P>|z|     [95% Conf. Interval]
-------------+----------------------------------------------------------------
         (1) |   .8225024   .3528228    -0.46   0.649     .3548163    1.906649
------------------------------------------------------------------------------
kids_cat4
****************

 ( 1)  3.kids_cat4 + 1.shield#3.kids_cat4 = 0

------------------------------------------------------------------------------
          _t |     exp(b)   Std. Err.      z    P>|z|     [95% Conf. Interval]
-------------+----------------------------------------------------------------
         (1) |   .7525051   .1596355    -1.34   0.180     .4965198    1.140466
------------------------------------------------------------------------------
(note: file ./output/an_interaction_cox_models_covid_death_kids_cat4_shield_1_t
> imeperiod0.ster not found)
file ./output/an_interaction_cox_models_covid_death_kids_cat4_shield_1_timeperi
> od0.ster saved
(5,599 observations (episodes) created)
(cat_time: 5599 changes made)
(covid_death: 5599 changes made)

observation |
   interval |      Freq.     Percent        Cum.
------------+-----------------------------------
          0 |      4,504       44.58       44.58
          1 |      3,319       32.85       77.43
          2 |      2,280       22.57      100.00
------------+-----------------------------------
      Total |     10,103      100.00

           |   Failure/censoring
           |     indicator for
observatio | outcome: covid death
n interval |         0          1 |     Total
-----------+----------------------+----------
         0 |     3,770        734 |     4,504 
         1 |     2,695        624 |     3,319 
         2 |     1,766        514 |     2,280 
-----------+----------------------+----------
     Total |     8,231      1,872 |    10,103 
(6,785 observations deleted)

           |   Failure/censoring
           |     indicator for
  Probable | outcome: covid death
 shielding |         0          1 |     Total
-----------+----------------------+----------
         0 |       403         96 |       499 
         1 |     2,292        528 |     2,820 
-----------+----------------------+----------
     Total |     2,695        624 |     3,319 

         failure _d:  covid_death
   analysis time _t:  (stime_covid_death-origin)
             origin:  time enter_date
  enter on or after:  time enter_date
                 id:  patient_id

Iteration 0:   log pseudolikelihood = -3512.3439
Iteration 1:   log pseudolikelihood = -3489.5817
Iteration 2:   log pseudolikelihood = -3487.5856
Iteration 3:   log pseudolikelihood = -3487.4517
Iteration 4:   log pseudolikelihood = -3487.4214
Iteration 5:   log pseudolikelihood = -3487.4103
Iteration 6:   log pseudolikelihood = -3487.4063
Iteration 7:   log pseudolikelihood = -3487.4048
Iteration 8:   log pseudolikelihood = -3487.4042
Iteration 9:   log pseudolikelihood =  -3487.404
Iteration 10:  log pseudolikelihood = -3487.4039
Iteration 11:  log pseudolikelihood = -3487.4039
Iteration 12:  log pseudolikelihood = -3487.4039
Iteration 13:  log pseudolikelihood = -3487.4039
Iteration 14:  log pseudolikelihood = -3487.4039
Iteration 15:  log pseudolikelihood = -3487.4039
Iteration 16:  log pseudolikelihood = -3487.4039
Iteration 17:  log pseudolikelihood = -3487.4039
Iteration 18:  log pseudolikelihood = -3487.4039
Iteration 19:  log pseudolikelihood = -3487.4039
Iteration 20:  log pseudolikelihood = -3487.4039
Iteration 21:  log pseudolikelihood = -3487.4039
Iteration 22:  log pseudolikelihood = -3487.4039
Iteration 23:  log pseudolikelihood = -3487.4039
Iteration 24:  log pseudolikelihood = -3487.4039
Iteration 25:  log pseudolikelihood = -3487.4039
Iteration 26:  log pseudolikelihood = -3487.4039
Iteration 27:  log pseudolikelihood = -3487.4039
Iteration 28:  log pseudolikelihood = -3487.4039
Iteration 29:  log pseudolikelihood = -3487.4039
Iteration 30:  log pseudolikelihood = -3487.4039
Iteration 31:  log pseudolikelihood = -3487.4039
Iteration 32:  log pseudolikelihood = -3487.4039
Iteration 33:  log pseudolikelihood = -3487.4039
Iteration 34:  log pseudolikelihood = -3487.4039
Iteration 35:  log pseudolikelihood = -3487.4039
Iteration 36:  log pseudolikelihood = -3487.4039
Iteration 37:  log pseudolikelihood = -3487.4039
Iteration 38:  log pseudolikelihood = -3487.4039
Iteration 39:  log pseudolikelihood = -3487.4039
Refining estimates:
Iteration 0:   log pseudolikelihood = -3487.4039
Iteration 1:   log pseudolikelihood = -3487.4039
Iteration 2:   log pseudolikelihood = -3487.4039
Iteration 3:   log pseudolikelihood = -3487.4039
Iteration 4:   log pseudolikelihood = -3487.4039

Stratified Cox regr. -- Breslow method for ties

No. of subjects      =        3,319             Number of obs    =       3,319
No. of failures      =          624
Time at risk         =       193557
                                                Wald chi2(42)    =     7579.48
Log pseudolikelihood =   -3487.4039             Prob > chi2      =      0.0000

                         (Std. Err. adjusted for 864 clusters in household_id)
------------------------------------------------------------------------------
             |               Robust
          _t | Haz. Ratio   Std. Err.      z    P>|z|     [95% Conf. Interval]
-------------+----------------------------------------------------------------
   kids_cat4 |
only <12 ..  |   .7816547   .2249555    -0.86   0.392     .4446766    1.373996
 only 12-18  |    .682718   .3492523    -0.75   0.456     .2504952     1.86073
      mixed  |    .688184   .1829468    -1.41   0.160     .4087156    1.158745
             |
        age1 |   .9950953   .0332421    -0.15   0.883     .9320292    1.062429
        age2 |   .9877057   .1453508    -0.08   0.933     .7402267    1.317924
        age3 |   1.058983   .3719405     0.16   0.870     .5320184    2.107908
      1.male |   .8858078   .0762564    -1.41   0.159     .7482768    1.048617
             |
   ethnicity |
Asian or ..  |   1.050978   .1369634     0.38   0.703     .8140763     1.35682
      Other  |   1.102694   .1534114     0.70   0.482     .8395228    1.448364
             |
   obese4cat |
Obese I ..)  |   1.175791   .1317622     1.45   0.148     .9439351    1.464596
Obese II..)  |   1.211064   .1688582     1.37   0.170     .9214764    1.591658
Obese II..)  |   1.026896   .1775413     0.15   0.878     .7317477    1.441092
             |
smoke_nomiss |
     Former  |   .8817551   .2416824    -0.46   0.646     .5152763    1.508884
    Current  |   .6658464   .0979459    -2.76   0.006      .499071    .8883532
             |
         imd |
          4  |   1.106879   .1113985     1.01   0.313     .9087272    1.348239
5 most de..  |   1.004934   .1306236     0.04   0.970     .7789264    1.296518
             |
tot_adults~h |
          2  |   .3379709   .2825458    -1.30   0.194     .0656552    1.739759
          3  |   .5562347   .2326673    -1.40   0.161     .2450243     1.26272
             |
1.htdiag_o~p |   1.013967   .0846203     0.17   0.868     .8609683    1.194155
1.~y_disease |   .8758805   .0925894    -1.25   0.210     .7119742     1.07752
    1.asthma |   .7598973    .123566    -1.69   0.091     .5525123    1.045124
1.~c_disease |   1.068169   .1042977     0.68   0.499     .8821197    1.293459
             |
     diabcat |
T1DM, con..  |   .9277814   .2617766    -0.27   0.790     .5336743    1.612928
T1DM, unc..  |   .4866395    .351532    -1.00   0.319     .1181212    2.004872
T2DM, con..  |    1.07848   .1188855     0.69   0.493      .868921    1.338578
T2DM, unc..  |   .9017437   .2024069    -0.46   0.645     .5807926    1.400055
Diabetes,..  |   1.78e-19   9.07e-20   -84.67   0.000     6.55e-20    4.83e-19
             |
cancer_exh~t |
  Last year  |   .9529413   .6847115    -0.07   0.947     .2330543    3.896504
2-5 years..  |   .7286272   .2550718    -0.90   0.366     .3668798    1.447062
   5+ years  |    1.28746   .1346768     2.42   0.016       1.0488     1.58043
             |
cancer_hae~t |
  Last year  |   1.472975   .8684565     0.66   0.511     .4638021    4.677979
2-5 years..  |   .4405983   .2251444    -1.60   0.109     .1618383    1.199511
   5+ years  |   .9916165   .1055507    -0.08   0.937     .8048951    1.221654
             |
1.~r_disease |   .9956675   .1002906    -0.04   0.966     .8172885    1.212979
1.stroke_d~a |   .9235909   .0960029    -0.76   0.444     .7533577    1.132291
1.other_ne~o |   .8842339   .0902734    -1.21   0.228     .7238793     1.08011
             |
reduced_ki~t |
Stage 3a/..  |   .9069131   .2089866    -0.42   0.672     .5773207     1.42467
      1.esrd |   .9748684   .0833647    -0.30   0.766     .8244352    1.152751
1.other_tr~t |   1.071596   .1168403     0.63   0.526     .8654091    1.326909
  1.asplenia |   1.040533   .1006668     0.41   0.681     .8608078    1.257783
1.ra_sle_p~s |   .9808015   .1016559    -0.19   0.852     .8004933    1.201723
1.other_im~o |   .9409142   .0934529    -0.61   0.540     .7744751    1.143122
------------------------------------------------------------------------------
                                                             Stratified by stp
   1:      6.54 /        1 =       6.5430

         failure _d:  covid_death
   analysis time _t:  (stime_covid_death-origin)
             origin:  time enter_date
  enter on or after:  time enter_date
                 id:  patient_id

Iteration 0:   log pseudolikelihood = -3512.3439
Iteration 1:   log pseudolikelihood = -3488.6417
Iteration 2:   log pseudolikelihood = -3486.5566
Iteration 3:   log pseudolikelihood = -3486.4231
Iteration 4:   log pseudolikelihood =  -3486.393
Iteration 5:   log pseudolikelihood = -3486.3819
Iteration 6:   log pseudolikelihood = -3486.3778
Iteration 7:   log pseudolikelihood = -3486.3763
Iteration 8:   log pseudolikelihood = -3486.3758
Iteration 9:   log pseudolikelihood = -3486.3756
Iteration 10:  log pseudolikelihood = -3486.3755
Iteration 11:  log pseudolikelihood = -3486.3755
Iteration 12:  log pseudolikelihood = -3486.3755
Iteration 13:  log pseudolikelihood = -3486.3755
Iteration 14:  log pseudolikelihood = -3486.3755
Iteration 15:  log pseudolikelihood = -3486.3755
Iteration 16:  log pseudolikelihood = -3486.3755
Iteration 17:  log pseudolikelihood = -3486.3755
Iteration 18:  log pseudolikelihood = -3486.3755
Iteration 19:  log pseudolikelihood = -3486.3755
Iteration 20:  log pseudolikelihood = -3486.3755
Iteration 21:  log pseudolikelihood = -3486.3755
Iteration 22:  log pseudolikelihood = -3486.3755
Iteration 23:  log pseudolikelihood = -3486.3755
Iteration 24:  log pseudolikelihood = -3486.3755
Iteration 25:  log pseudolikelihood = -3486.3755
Iteration 26:  log pseudolikelihood = -3486.3755
Iteration 27:  log pseudolikelihood = -3486.3755
Iteration 28:  log pseudolikelihood = -3486.3755
Iteration 29:  log pseudolikelihood = -3486.3755
Iteration 30:  log pseudolikelihood = -3486.3755
Iteration 31:  log pseudolikelihood = -3486.3755
Iteration 32:  log pseudolikelihood = -3486.3755
Iteration 33:  log pseudolikelihood = -3486.3755
Iteration 34:  log pseudolikelihood = -3486.3755
Iteration 35:  log pseudolikelihood = -3486.3755
Iteration 36:  log pseudolikelihood = -3486.3755
Iteration 37:  log pseudolikelihood = -3486.3755
Iteration 38:  log pseudolikelihood = -3486.3755
Iteration 39:  log pseudolikelihood = -3486.3755
Iteration 40:  log pseudolikelihood = -3486.3755
Iteration 41:  log pseudolikelihood = -3486.3755
Iteration 42:  log pseudolikelihood = -3486.3755
Refining estimates:
Iteration 0:   log pseudolikelihood = -3486.3755
Iteration 1:   log pseudolikelihood = -3486.3755
Iteration 2:   log pseudolikelihood = -3486.3755

Stratified Cox regr. -- Breslow method for ties

No. of subjects      =        3,319             Number of obs    =       3,319
No. of failures      =          624
Time at risk         =       193557
                                                Wald chi2(44)    =       52.72
Log pseudolikelihood =   -3486.3755             Prob > chi2      =      0.1725

                         (Std. Err. adjusted for 864 clusters in household_id)
------------------------------------------------------------------------------
             |               Robust
          _t | Haz. Ratio   Std. Err.      z    P>|z|     [95% Conf. Interval]
-------------+----------------------------------------------------------------
   kids_cat4 |
only <12 ..  |   .7323273   .3153653    -0.72   0.469     .3148825    1.703185
 only 12-18  |   1.421016   .9290592     0.54   0.591     .3945334    5.118161
      mixed  |    .743771   .2175081    -1.01   0.311     .4192897    1.319363
             |
        age1 |    .995684   .0332757    -0.13   0.897      .932555    1.063087
        age2 |   .9842079   .1448927    -0.11   0.914     .7375221    1.313405
        age3 |   1.068502   .3755619     0.19   0.850     .5365261     2.12794
      1.male |   .8868014   .0764141    -1.39   0.163     .7489966     1.04996
             |
   ethnicity |
Asian or ..  |   1.050402   .1367536     0.38   0.706     .8138347    1.355735
      Other  |   1.110362   .1548178     0.75   0.453     .8448536     1.45931
             |
   obese4cat |
Obese I ..)  |   1.172552   .1315401     1.42   0.156     .9411135    1.460906
Obese II..)  |    1.21619   .1699265     1.40   0.161     .9248501    1.599307
Obese II..)  |   1.033186   .1789204     0.19   0.850     .7358223    1.450721
             |
smoke_nomiss |
     Former  |   .8814092   .2421344    -0.46   0.646     .5144482    1.510127
    Current  |    .662501   .0977783    -2.79   0.005     .4960871    .8847389
             |
         imd |
          4  |   1.108277   .1116658     1.02   0.308     .9096712    1.350243
5 most de..  |   1.010239   .1315646     0.08   0.938     .7826564    1.303998
             |
tot_adults~h |
          2  |   .3426716   .2866155    -1.28   0.200     .0665152    1.765368
          3  |    .559987   .2348934    -1.38   0.167     .2461111    1.274162
             |
1.htdiag_o~p |    1.01887   .0850145     0.22   0.823     .8651565    1.199895
1.~y_disease |   .8889624   .0955978    -1.09   0.274     .7200229     1.09754
    1.asthma |   .7710003   .1278221    -1.57   0.117     .5571038    1.067021
1.~c_disease |   1.067151   .1041822     0.67   0.506     .8813049    1.292188
             |
     diabcat |
T1DM, con..  |   .9399318   .2645672    -0.22   0.826     .5413828     1.63188
T1DM, unc..  |   .4826881   .3486793    -1.01   0.313     .1171613    1.988607
T2DM, con..  |   1.077988   .1195014     0.68   0.498      .867467    1.339598
T2DM, unc..  |    .903376    .202513    -0.45   0.650     .5821724    1.401798
Diabetes,..  |   6.70e-20          .        .       .            .           .
             |
cancer_exh~t |
  Last year  |   .9619486   .6923205    -0.05   0.957     .2347128    3.942457
2-5 years..  |   .7414304   .2617607    -0.85   0.397     .3711549    1.481104
   5+ years  |   1.310682   .1426883     2.49   0.013     1.058841    1.622423
             |
cancer_hae~t |
  Last year  |   1.503209   .8868187     0.69   0.490     .4729909    4.777338
2-5 years..  |   .4468974   .2287487    -1.57   0.116     .1638748    1.218719
   5+ years  |   1.011408   .1117624     0.10   0.918     .8144547    1.255989
             |
1.~r_disease |   .9973357   .1005018    -0.03   0.979     .8185883    1.215114
1.stroke_d~a |   .9275973   .0966148    -0.72   0.471     .7563132    1.137672
1.other_ne~o |   .8828523   .0901773    -1.22   0.223     .7226761     1.07853
             |
reduced_ki~t |
Stage 3a/..  |    .908491   .2094759    -0.42   0.677     .5781683    1.427536
      1.esrd |   .9969107   .0900443    -0.03   0.973     .8351661     1.18998
1.other_tr~t |   1.091536   .1207176     0.79   0.428     .8788198    1.355739
  1.asplenia |   1.057755   .1074118     0.55   0.580     .8668581     1.29069
1.ra_sle_p~s |   .9804888    .101817    -0.19   0.850     .7999287    1.201805
1.other_im~o |   .9593107   .1000805    -0.40   0.690     .7819111    1.176959
             |
      shield#|
   kids_cat4 |
          1 #|
only <12 ..  |   1.070988   .3731069     0.20   0.844     .5410605    2.119937
          1 #|
 only 12-18  |   .3642365   .2914238    -1.26   0.207     .0759174    1.747534
    1#mixed  |   .9093096   .1399881    -0.62   0.537     .6724646    1.229572
------------------------------------------------------------------------------
                                                             Stratified by stp
   1:      5.92 /        1 =       5.9190

 ( 1)  1.shield#1.kids_cat4 = 0
 ( 2)  1.shield#2.kids_cat4 = 0
 ( 3)  1.shield#3.kids_cat4 = 0

           chi2(  3) =    1.98
         Prob > chi2 =    0.5773

kids_cat4 
****************

 ( 1)  1.kids_cat4 + 1.shield#1.kids_cat4 = 0

------------------------------------------------------------------------------
          _t |     exp(b)   Std. Err.      z    P>|z|     [95% Conf. Interval]
-------------+----------------------------------------------------------------
         (1) |   .7843134   .2270469    -0.84   0.401     .4447128    1.383247
------------------------------------------------------------------------------
kids_cat4
****************

 ( 1)  2.kids_cat4 + 1.shield#2.kids_cat4 = 0

------------------------------------------------------------------------------
          _t |     exp(b)   Std. Err.      z    P>|z|     [95% Conf. Interval]
-------------+----------------------------------------------------------------
         (1) |   .5175857   .3119115    -1.09   0.274     .1588637     1.68632
------------------------------------------------------------------------------
kids_cat4
****************

 ( 1)  3.kids_cat4 + 1.shield#3.kids_cat4 = 0

------------------------------------------------------------------------------
          _t |     exp(b)   Std. Err.      z    P>|z|     [95% Conf. Interval]
-------------+----------------------------------------------------------------
         (1) |   .6763181   .1815037    -1.46   0.145     .3996813    1.144427
------------------------------------------------------------------------------
(note: file ./output/an_interaction_cox_models_covid_death_kids_cat4_shield_1_t
> imeperiod1.ster not found)
file ./output/an_interaction_cox_models_covid_death_kids_cat4_shield_1_timeperi
> od1.ster saved
(5,599 observations (episodes) created)
(cat_time: 5599 changes made)
(covid_death: 5599 changes made)

observation |
   interval |      Freq.     Percent        Cum.
------------+-----------------------------------
          0 |      4,504       44.58       44.58
          1 |      3,319       32.85       77.43
          2 |      2,280       22.57      100.00
------------+-----------------------------------
      Total |     10,103      100.00

           |   Failure/censoring
           |     indicator for
observatio | outcome: covid death
n interval |         0          1 |     Total
-----------+----------------------+----------
         0 |     3,770        734 |     4,504 
         1 |     2,695        624 |     3,319 
         2 |     1,766        514 |     2,280 
-----------+----------------------+----------
     Total |     8,231      1,872 |    10,103 
(7,824 observations deleted)

           |   Failure/censoring
           |     indicator for
  Probable | outcome: covid death
 shielding |         0          1 |     Total
-----------+----------------------+----------
         0 |       257         81 |       338 
         1 |     1,509        433 |     1,942 
-----------+----------------------+----------
     Total |     1,766        514 |     2,280 

         failure _d:  covid_death
   analysis time _t:  (stime_covid_death-origin)
             origin:  time enter_date
  enter on or after:  time enter_date
                 id:  patient_id

Iteration 0:   log pseudolikelihood = -2677.7394
Iteration 1:   log pseudolikelihood = -2660.8114
Iteration 2:   log pseudolikelihood = -2660.4919
Iteration 3:   log pseudolikelihood = -2660.4913
Iteration 4:   log pseudolikelihood = -2660.4913
Refining estimates:
Iteration 0:   log pseudolikelihood = -2660.4913

Stratified Cox regr. -- Breslow method for ties

No. of subjects      =        2,280             Number of obs    =       2,280
No. of failures      =          514
Time at risk         =       113073
                                                Wald chi2(42)    =       37.42
Log pseudolikelihood =   -2660.4913             Prob > chi2      =      0.6722

                         (Std. Err. adjusted for 780 clusters in household_id)
------------------------------------------------------------------------------
             |               Robust
          _t | Haz. Ratio   Std. Err.      z    P>|z|     [95% Conf. Interval]
-------------+----------------------------------------------------------------
   kids_cat4 |
only <12 ..  |   .6699689   .1988099    -1.35   0.177     .3745112    1.198518
 only 12-18  |   .9042294   .3931023    -0.23   0.817     .3856821     2.11996
      mixed  |   .6010356   .1641783    -1.86   0.062     .3518737    1.026629
             |
        age1 |   .9076119   .0328737    -2.68   0.007     .8454144    .9743854
        age2 |   1.407823   .2312666     2.08   0.037     1.020279    1.942572
        age3 |   .4777144   .1890905    -1.87   0.062      .219909    1.037753
      1.male |   1.123876   .1069685     1.23   0.220     .9326154     1.35436
             |
   ethnicity |
Asian or ..  |   .9747448   .1449044    -0.17   0.863     .7283705    1.304456
      Other  |   1.082657   .1708524     0.50   0.615     .7946285    1.475087
             |
   obese4cat |
Obese I ..)  |   1.088142   .1376905     0.67   0.504     .8491349    1.394422
Obese II..)  |   .7469234   .1270371    -1.72   0.086     .5351842    1.042435
Obese II..)  |   .8939314   .1822835    -0.55   0.582     .5994235    1.333136
             |
smoke_nomiss |
     Former  |   1.125486   .3315826     0.40   0.688     .6317793    2.005003
    Current  |   1.050559   .1526859     0.34   0.734     .7901481    1.396793
             |
         imd |
          4  |   1.016387    .115205     0.14   0.886     .8139118    1.269231
5 most de..  |   1.048244   .1597826     0.31   0.757     .7775253     1.41322
             |
tot_adults~h |
          2  |   .9672629   .9282858    -0.03   0.972     .1474495    6.345207
          3  |   1.420341   .9549798     0.52   0.602     .3802589    5.305253
             |
1.htdiag_o~p |   1.058971    .098895     0.61   0.540     .8818445    1.271674
1.~y_disease |   1.034221   .1151743     0.30   0.763     .8314208    1.286489
    1.asthma |   1.076072   .1645253     0.48   0.632      .797439    1.452062
1.~c_disease |   .8949497    .103464    -0.96   0.337     .7134973    1.122548
             |
     diabcat |
T1DM, con..  |   1.484596   .4078584     1.44   0.150      .866484    2.543644
T1DM, unc..  |   1.132001   .5739418     0.24   0.807     .4190586     3.05787
T2DM, con..  |   .9308931    .114804    -0.58   0.561     .7310111    1.185429
T2DM, unc..  |   1.254787   .2971123     0.96   0.338      .788896    1.995814
Diabetes,..  |   .9274315   .7442511    -0.09   0.925     .1923996    4.470534
             |
cancer_exh~t |
  Last year  |   1.376735   1.052429     0.42   0.676     .3077225     6.15944
2-5 years..  |   1.426313   .4507001     1.12   0.261     .7677932    2.649633
   5+ years  |   1.002711   .1185073     0.02   0.982     .7953804    1.264086
             |
cancer_hae~t |
  Last year  |   .8955167   .6393093    -0.15   0.877     .2210044    3.628661
2-5 years..  |   .8306837    .322883    -0.48   0.633      .387773    1.779483
   5+ years  |   .9824506    .113014    -0.15   0.878     .7841418    1.230911
             |
1.~r_disease |   1.110258   .1232112     0.94   0.346     .8932269    1.380023
1.stroke_d~a |   1.175251   .1253844     1.51   0.130     .9534946    1.448582
1.other_ne~o |   1.097501   .1148139     0.89   0.374     .8940407    1.347263
             |
reduced_ki~t |
Stage 3a/..  |   1.298969   .2964686     1.15   0.252     .8304737    2.031757
      1.esrd |   .9456709   .0872401    -0.61   0.545     .7892506    1.133092
1.other_tr~t |   1.014552   .1211507     0.12   0.904     .8028413    1.282091
  1.asplenia |   .9707761   .1113923    -0.26   0.796     .7752601      1.2156
1.ra_sle_p~s |    .946536   .1087586    -0.48   0.633     .7556708    1.185609
1.other_im~o |   .8617947   .0972727    -1.32   0.188     .6907594    1.075179
------------------------------------------------------------------------------
                                                             Stratified by stp
   1:      1.06 /        1 =       1.0610

         failure _d:  covid_death
   analysis time _t:  (stime_covid_death-origin)
             origin:  time enter_date
  enter on or after:  time enter_date
                 id:  patient_id

Iteration 0:   log pseudolikelihood = -2677.7394
Iteration 1:   log pseudolikelihood = -2660.1569
Iteration 2:   log pseudolikelihood = -2659.8217
Iteration 3:   log pseudolikelihood = -2659.8211
Iteration 4:   log pseudolikelihood = -2659.8211
Refining estimates:
Iteration 0:   log pseudolikelihood = -2659.8211

Stratified Cox regr. -- Breslow method for ties

No. of subjects      =        2,280             Number of obs    =       2,280
No. of failures      =          514
Time at risk         =       113073
                                                Wald chi2(45)    =       38.71
Log pseudolikelihood =   -2659.8211             Prob > chi2      =      0.7342

                         (Std. Err. adjusted for 780 clusters in household_id)
------------------------------------------------------------------------------
             |               Robust
          _t | Haz. Ratio   Std. Err.      z    P>|z|     [95% Conf. Interval]
-------------+----------------------------------------------------------------
   kids_cat4 |
only <12 ..  |   .5284172   .2501451    -1.35   0.178     .2089443     1.33636
 only 12-18  |   .7343569    .781076    -0.29   0.772     .0913173    5.905564
      mixed  |    .670743   .2029212    -1.32   0.187     .3707152     1.21359
             |
        age1 |   .9080605   .0329491    -2.66   0.008     .8457243    .9749915
        age2 |   1.402879   .2313729     2.05   0.040     1.015393    1.938235
        age3 |   .4821381   .1917315    -1.83   0.067     .2211438    1.051158
      1.male |   1.119373   .1067504     1.18   0.237      .928536    1.349431
             |
   ethnicity |
Asian or ..  |   .9724208   .1445122    -0.19   0.851     .7267024    1.301224
      Other  |   1.084312   .1714385     0.51   0.609     .7953753     1.47821
             |
   obese4cat |
Obese I ..)  |   1.086123   .1375776     0.65   0.514     .8473413    1.392192
Obese II..)  |   .7455044   .1274222    -1.72   0.086     .5332885    1.042169
Obese II..)  |   .9026975   .1850136    -0.50   0.617     .6040642    1.348967
             |
smoke_nomiss |
     Former  |   1.127809   .3347272     0.41   0.685     .6303819    2.017749
    Current  |   1.047906   .1524275     0.32   0.748     .7879654    1.393597
             |
         imd |
          4  |   1.016596    .115424     0.14   0.885     .8137728     1.26997
5 most de..  |   1.048455   .1591516     0.31   0.755      .778647    1.411754
             |
tot_adults~h |
          2  |   .9746141   .9333918    -0.03   0.979     .1491535    6.368421
          3  |   1.428258    .959455     0.53   0.596     .3828235    5.328621
             |
1.htdiag_o~p |    1.05482    .099009     0.57   0.570     .8775694     1.26787
1.~y_disease |   1.048799   .1197802     0.42   0.677     .8384535    1.311914
    1.asthma |    1.09397   .1709447     0.57   0.565     .8053709    1.485987
1.~c_disease |   .8972796     .10383    -0.94   0.349     .7152038    1.125708
             |
     diabcat |
T1DM, con..  |   1.504363   .4144983     1.48   0.138     .8766381    2.581576
T1DM, unc..  |   1.119754   .5689638     0.22   0.824      .413632    3.031314
T2DM, con..  |   .9302588   .1145809    -0.59   0.557     .7307359     1.18426
T2DM, unc..  |   1.246651   .2983853     0.92   0.357     .7798486    1.992873
Diabetes,..  |   .9672678   .7778215    -0.04   0.967     .2000134    4.677722
             |
cancer_exh~t |
  Last year  |   1.399539   1.074379     0.44   0.661     .3108466    6.301206
2-5 years..  |   1.436162   .4586958     1.13   0.257     .7679593    2.685769
   5+ years  |   1.018347   .1239424     0.15   0.881     .8022253    1.292691
             |
cancer_hae~t |
  Last year  |   .9223416   .6538045    -0.11   0.909     .2298874    3.700569
2-5 years..  |   .8440813   .3284772    -0.44   0.663     .3936735    1.809807
   5+ years  |   .9994258   .1187617    -0.00   0.996      .791776    1.261533
             |
1.~r_disease |   1.112597   .1233874     0.96   0.336     .8952399    1.382727
1.stroke_d~a |    1.18166   .1269444     1.55   0.120     .9573019      1.4586
1.other_ne~o |   1.096262   .1145503     0.88   0.379     .8932459     1.34542
             |
reduced_ki~t |
Stage 3a/..  |   1.307967   .2991768     1.17   0.241     .8354062    2.047838
      1.esrd |   .9635638   .0921609    -0.39   0.698     .7988524    1.162236
1.other_tr~t |   1.029557   .1271805     0.24   0.814     .8081684    1.311592
  1.asplenia |   .9853011    .115711    -0.13   0.900     .7827196    1.240314
1.ra_sle_p~s |   .9387388   .1082521    -0.55   0.584     .7488367    1.176799
1.other_im~o |   .8765083   .1043857    -1.11   0.268     .6940395     1.10695
             |
      shield#|
   kids_cat4 |
          1 #|
only <12 ..  |   1.310799   .5454576     0.65   0.515     .5798679    2.963079
          1 #|
 only 12-18  |    1.26346    1.29017     0.23   0.819     .1707517    9.348844
    1#mixed  |   .8760812   .1424882    -0.81   0.416     .6369461    1.204997
------------------------------------------------------------------------------
                                                             Stratified by stp
   1:      1.21 /        1 =       1.2080

 ( 1)  1.shield#1.kids_cat4 = 0
 ( 2)  1.shield#2.kids_cat4 = 0
 ( 3)  1.shield#3.kids_cat4 = 0

           chi2(  3) =    1.29
         Prob > chi2 =    0.7313

kids_cat4 
****************

 ( 1)  1.kids_cat4 + 1.shield#1.kids_cat4 = 0

------------------------------------------------------------------------------
          _t |     exp(b)   Std. Err.      z    P>|z|     [95% Conf. Interval]
-------------+----------------------------------------------------------------
         (1) |   .6926488   .2081918    -1.22   0.222     .3842949    1.248423
------------------------------------------------------------------------------
kids_cat4
****************

 ( 1)  2.kids_cat4 + 1.shield#2.kids_cat4 = 0

------------------------------------------------------------------------------
          _t |     exp(b)   Std. Err.      z    P>|z|     [95% Conf. Interval]
-------------+----------------------------------------------------------------
         (1) |   .9278305   .3968181    -0.18   0.861     .4012578    2.145427
------------------------------------------------------------------------------
kids_cat4
****************

 ( 1)  3.kids_cat4 + 1.shield#3.kids_cat4 = 0

------------------------------------------------------------------------------
          _t |     exp(b)   Std. Err.      z    P>|z|     [95% Conf. Interval]
-------------+----------------------------------------------------------------
         (1) |   .5876253   .1616288    -1.93   0.053     .3427472    1.007458
------------------------------------------------------------------------------
(note: file ./output/an_interaction_cox_models_covid_death_kids_cat4_shield_1_t
> imeperiod2.ster not found)
file ./output/an_interaction_cox_models_covid_death_kids_cat4_shield_1_timeperi
> od2.ster saved

. log close
      name:  <unnamed>
       log:  /workspace/logs/10_an_interaction_cox_models_shield_covid_death.lo
> g
  log type:  text
 closed on:  17 Aug 2021, 07:53:01
-------------------------------------------------------------------------------
