-------------------------------------------------------------------------------
      name:  <unnamed>
       log:  /workspace/logs/10_an_interaction_cox_models_sex_covidadmission.lo
> g
  log type:  text
 opened on:  25 Jul 2021, 08:26:32

. 
. 
. *PROG TO DEFINE THE BASIC COX MODEL WITH OPTIONS FOR HANDLING OF AGE, BMI, ET
> HNICITY:
. cap prog drop basemodel

. prog define basemodel
  1.         syntax , exposure(string)  age(string) [ethnicity(real 0) interact
> ion(string)] 
  2. timer clear
  3. timer on 1
  4. stcox   `exposure'                                                        
>       ///
>                         $demogadjlist                                        
>            ///
>                         $comordidadjlist                                     
>            ///
>                         `interaction'                                        
>            ///
>                         , strata(stp) vce(cluster household_id)
  5.         timer off 1
  6. timer list
  7. end

. *****************************************************************************
> ********
. 
. * Open dataset and fit specified model(s)
. forvalues x=0/1 {
  2. forvalues period=0/2 {
  3. 
. use "$tempdir/cr_create_analysis_dataset_STSET_`outcome'_ageband_`x'.dta", cl
> ear
  4. stsplit cat_time, at(0,78,147,400)
  5. recode cat_time 78=1 147=2 400=3
  6. recode `outcome' .=0 
  7. tab cat_time
  8. tab cat_time `outcome'
  9. 
. keep if cat_time==`period'
 10. 
. foreach int_type in  male  {
 11. 
. tab male `outcome'
 12. *Age interaction for 3-level exposure vars
. foreach exposure_type in kids_cat4  {
 13. 
. *Age spline model (not adj ethnicity, no interaction)
. basemodel, exposure("i.`exposure_type'") age("age1 age2 age3")  
 14. 
. *Age spline model (not adj ethnicity, interaction)
. basemodel, exposure("i.`exposure_type'") age("age1 age2 age3")  ///
> interaction(1.`int_type'#1.`exposure_type' 1.`int_type'#2.`exposure_type' 1.`
> int_type'#3.`exposure_type')
 15. if _rc==0{
 16. testparm 1.`int_type'#i.`exposure_type'
 17. di _n "`exposure_type' " _n "****************"
 18. lincom 1.`exposure_type' + 1.`int_type'#1.`exposure_type', eform
 19. di "`exposure_type'" _n "****************"
 20. lincom 2.`exposure_type' + 1.`int_type'#2.`exposure_type', eform
 21. di "`exposure_type'" _n "****************"
 22. lincom 3.`exposure_type' + 1.`int_type'#3.`exposure_type', eform
 23. estimates save ./output/an_interaction_cox_models_`outcome'_`exposure_type
> '_`int_type'_`x'_timeperiod`period', replace
 24. }
 25. else di "WARNING GROUP MODEL DID NOT FIT (OUTCOME `outcome')"
 26. }
 27. }
 28. }
 29. }
(11,235 observations (episodes) created)
(cat_time: 11235 changes made)
(covidadmission: 11235 changes made)

observation |
   interval |      Freq.     Percent        Cum.
------------+-----------------------------------
          0 |     15,946       58.67       58.67
          1 |      8,030       29.54       88.21
          2 |      3,205       11.79      100.00
------------+-----------------------------------
      Total |     27,181      100.00

           |   Failure/censoring
           |     indicator for
           |  outcome: covid SUS
observatio |       admission
n interval |         0          1 |     Total
-----------+----------------------+----------
         0 |    12,001      3,945 |    15,946 
         1 |     5,601      2,429 |     8,030 
         2 |     2,487        718 |     3,205 
-----------+----------------------+----------
     Total |    20,089      7,092 |    27,181 
(11,296 observations deleted)

           |   Failure/censoring
           |     indicator for
           |  outcome: covid SUS
           |       admission
      Male |         0          1 |     Total
-----------+----------------------+----------
         0 |     6,037      2,036 |     8,073 
         1 |     5,964      1,909 |     7,873 
-----------+----------------------+----------
     Total |    12,001      3,945 |    15,946 

         failure _d:  covidadmission
   analysis time _t:  (stime_covidadmission-origin)
             origin:  time enter_date
  enter on or after:  time enter_date
                 id:  patient_id

Iteration 0:   log pseudolikelihood =  -27910.04
Iteration 1:   log pseudolikelihood = -27886.046
Iteration 2:   log pseudolikelihood = -27885.493
Iteration 3:   log pseudolikelihood = -27885.485
Iteration 4:   log pseudolikelihood = -27885.485
Refining estimates:
Iteration 0:   log pseudolikelihood = -27885.485

Stratified Cox regr. -- Breslow method for ties

No. of subjects      =       15,946             Number of obs    =      15,946
No. of failures      =        3,945
Time at risk         =       920803
                                                Wald chi2(42)    =       51.55
Log pseudolikelihood =   -27885.485             Prob > chi2      =      0.1484

                       (Std. Err. adjusted for 1,112 clusters in household_id)
------------------------------------------------------------------------------
             |               Robust
          _t | Haz. Ratio   Std. Err.      z    P>|z|     [95% Conf. Interval]
-------------+----------------------------------------------------------------
   kids_cat4 |
only <12 ..  |   1.122737   .1366851     0.95   0.342     .8844034    1.425298
 only 12-18  |   1.056129   .1819674     0.32   0.751     .7534557    1.480389
      mixed  |   1.193903   .1350077     1.57   0.117     .9565646    1.490129
             |
        age1 |   .9995687   .0058023    -0.07   0.941     .9882608    1.011006
        age2 |   .9955626   .0184822    -0.24   0.811     .9599892    1.032454
        age3 |   1.019547   .0541118     0.36   0.715     .9188197    1.131317
      1.male |     .95512   .0299408    -1.46   0.143     .8982035    1.015643
             |
   ethnicity |
Asian or ..  |   .9560492   .0549677    -0.78   0.434     .8541631    1.070089
      Other  |   .9502142    .051031    -0.95   0.342     .8552793    1.055687
             |
   obese4cat |
Obese I ..)  |   .9979845   .0468125    -0.04   0.966     .9103249    1.094085
Obese II..)  |     .96529   .0536349    -0.64   0.525     .8656893     1.07635
Obese II..)  |    .958493   .0703188    -0.58   0.563     .8301211    1.106717
             |
smoke_nomiss |
     Former  |   .9856981   .1135099    -0.13   0.900     .7865426    1.235281
    Current  |   .9202935   .0476529    -1.60   0.109     .8314785    1.018595
             |
         imd |
          4  |   1.050315   .0429205     1.20   0.230     .9694728    1.137898
5 most de..  |    .951447   .0544963    -0.87   0.385     .8504134    1.064484
             |
tot_adults~h |
          2  |   .6026823   .1692962    -1.80   0.071     .3475218    1.045189
          3  |   .5732503   .1181628    -2.70   0.007      .382726    .8586191
             |
1.htdiag_o~p |   1.045923   .0620094     0.76   0.449      .931182    1.174802
1.~y_disease |   .9528496    .038255    -1.20   0.229     .8807453    1.030857
    1.asthma |   .9349738   .0568154    -1.11   0.269     .8299933    1.053233
1.~c_disease |    1.02176   .0427588     0.51   0.607     .9412992    1.109099
             |
     diabcat |
T1DM, con..  |   1.005758   .1029813     0.06   0.955     .8228824    1.229277
T1DM, unc..  |   .8263502   .2092831    -0.75   0.451     .5030222    1.357504
T2DM, con..  |   1.044973   .0444008     1.04   0.301     .9614743    1.135724
T2DM, unc..  |   .9857674   .0913538    -0.15   0.877     .8220368    1.182109
Diabetes,..  |   2.138689   1.084606     1.50   0.134     .7915399    5.778601
             |
cancer_exh~t |
  Last year  |   .5906182     .19312    -1.61   0.107     .3111582    1.121069
2-5 years..  |    .867232   .1126318    -1.10   0.273     .6723346    1.118627
   5+ years  |   1.085333   .0420415     2.11   0.035     1.005984    1.170942
             |
cancer_hae~t |
  Last year  |   1.125415    .314438     0.42   0.672     .6508628     1.94597
2-5 years..  |   .8445903   .1285392    -1.11   0.267     .6267593    1.138129
   5+ years  |   1.121125   .0451531     2.84   0.005      1.03603     1.21321
             |
1.~r_disease |    .982884   .0389371    -0.44   0.663     .9094561     1.06224
1.stroke_d~a |   .9601377   .0395996    -0.99   0.324     .8855781    1.040975
1.other_ne~o |   1.027105   .0401996     0.68   0.494     .9512612    1.108996
             |
reduced_ki~t |
Stage 3a/..  |   1.068465   .2436766     0.29   0.772     .6833348    1.670657
      1.esrd |   1.019095   .0332811     0.58   0.562     .9559087    1.086457
1.other_tr~t |   .9629986   .0395569    -0.92   0.359     .8885073    1.043735
  1.asplenia |   .9777897   .0394361    -0.56   0.578     .9034724     1.05822
1.ra_sle_p~s |    1.03165   .0396519     0.81   0.418     .9567883    1.112368
1.other_im~o |   1.001111    .040703     0.03   0.978     .9244301    1.084152
------------------------------------------------------------------------------
                                                             Stratified by stp
   1:     10.39 /        1 =      10.3920

         failure _d:  covidadmission
   analysis time _t:  (stime_covidadmission-origin)
             origin:  time enter_date
  enter on or after:  time enter_date
                 id:  patient_id

Iteration 0:   log pseudolikelihood =  -27910.04
Iteration 1:   log pseudolikelihood = -27885.225
Iteration 2:   log pseudolikelihood = -27884.667
Iteration 3:   log pseudolikelihood = -27884.659
Iteration 4:   log pseudolikelihood = -27884.659
Refining estimates:
Iteration 0:   log pseudolikelihood = -27884.659

Stratified Cox regr. -- Breslow method for ties

No. of subjects      =       15,946             Number of obs    =      15,946
No. of failures      =        3,945
Time at risk         =       920803
                                                Wald chi2(45)    =       54.32
Log pseudolikelihood =   -27884.659             Prob > chi2      =      0.1608

                       (Std. Err. adjusted for 1,112 clusters in household_id)
------------------------------------------------------------------------------
             |               Robust
          _t | Haz. Ratio   Std. Err.      z    P>|z|     [95% Conf. Interval]
-------------+----------------------------------------------------------------
   kids_cat4 |
only <12 ..  |   1.069556    .170496     0.42   0.673     .7825551    1.461814
 only 12-18  |   .9189178    .217506    -0.36   0.721     .5778286     1.46135
      mixed  |   1.191917   .1770416     1.18   0.237     .8908668    1.594702
             |
        age1 |   .9995144    .005799    -0.08   0.933      .988213    1.010945
        age2 |   .9957125   .0184788    -0.23   0.817     .9601455    1.032597
        age3 |   1.019139   .0540815     0.36   0.721     .9184676    1.130846
      1.male |   .9415159   .1938634    -0.29   0.770     .6288694    1.409597
             |
   ethnicity |
Asian or ..  |    .955687   .0549196    -0.79   0.430      .853887    1.069623
      Other  |   .9504416   .0510287    -0.95   0.344     .8555096    1.055908
             |
   obese4cat |
Obese I ..)  |   .9983583   .0468366    -0.04   0.972     .9106542    1.094509
Obese II..)  |    .965609   .0536567    -0.63   0.529     .8659682    1.076715
Obese II..)  |    .958041   .0703643    -0.58   0.559     .8295962    1.106373
             |
smoke_nomiss |
     Former  |   .9865689   .1136239    -0.12   0.907     .7872159    1.236406
    Current  |   .9195963    .047672    -1.62   0.106     .8307509    1.017943
             |
         imd |
          4  |   1.050265   .0429682     1.20   0.231     .9693369     1.13795
5 most de..  |   .9513791    .054509    -0.87   0.384     .8503236    1.064444
             |
tot_adults~h |
          2  |   .6048933   .1699454    -1.79   0.074      .348765    1.049119
          3  |     .57473   .1181683    -2.69   0.007     .3841061    .8599566
             |
1.htdiag_o~p |   1.046269   .0620349     0.76   0.446     .9314812    1.175201
1.~y_disease |   .9525846   .0382442    -1.21   0.226     .8805006     1.03057
    1.asthma |   .9350812   .0568456    -1.10   0.270     .8300475    1.053406
1.~c_disease |   1.022143   .0427987     0.52   0.601     .9416088    1.109565
             |
     diabcat |
T1DM, con..  |   1.006245   .1029923     0.06   0.951      .823343    1.229779
T1DM, unc..  |   .8260446   .2093056    -0.75   0.451     .5027169    1.357324
T2DM, con..  |   1.045037   .0444014     1.04   0.300     .9615368    1.135788
T2DM, unc..  |   .9861348   .0913414    -0.15   0.880     .8224191    1.182441
Diabetes,..  |   2.109054   1.080691     1.46   0.145      .772551    5.757688
             |
cancer_exh~t |
  Last year  |   .5914384   .1932607    -1.61   0.108     .3117222    1.122151
2-5 years..  |   .8665375   .1125074    -1.10   0.270     .6718482    1.117644
   5+ years  |   1.085448   .0420355     2.12   0.034     1.006109    1.171044
             |
cancer_hae~t |
  Last year  |   1.124725   .3143149     0.42   0.674     .6503846    1.945013
2-5 years..  |   .8455737   .1286553    -1.10   0.270     .6275377    1.139365
   5+ years  |   1.120768   .0451547     2.83   0.005      1.03567    1.212858
             |
1.~r_disease |   .9829366   .0389185    -0.43   0.664     .9095424    1.062253
1.stroke_d~a |   .9597227   .0396054    -1.00   0.319     .8851539    1.040573
1.other_ne~o |   1.027687   .0402122     0.70   0.485     .9518194    1.109603
             |
reduced_ki~t |
Stage 3a/..  |   1.068756   .2437915     0.29   0.771     .6834595    1.671261
      1.esrd |   1.019688   .0333016     0.60   0.551     .9564628    1.087092
1.other_tr~t |   .9633889   .0395645    -0.91   0.364     .8888826     1.04414
  1.asplenia |   .9782501   .0394489    -0.55   0.586     .9039081    1.058706
1.ra_sle_p~s |   1.031975   .0396634     0.82   0.413     .9570919    1.112717
1.other_im~o |   1.001663   .0407455     0.04   0.967     .9249034    1.084792
             |
        male#|
   kids_cat4 |
          1 #|
only <12 ..  |   1.100759   .2462459     0.43   0.668     .7100248    1.706517
          1 #|
 only 12-18  |   1.296387   .4566446     0.74   0.461     .6499859    2.585624
    1#mixed  |   1.001596   .2088679     0.01   0.994     .6655597    1.507294
------------------------------------------------------------------------------
                                                             Stratified by stp
   1:      9.97 /        1 =       9.9700

 ( 1)  1.male#1.kids_cat4 = 0
 ( 2)  1.male#2.kids_cat4 = 0
 ( 3)  1.male#3.kids_cat4 = 0

           chi2(  3) =    1.76
         Prob > chi2 =    0.6230

kids_cat4 
****************

 ( 1)  1.kids_cat4 + 1.male#1.kids_cat4 = 0

------------------------------------------------------------------------------
          _t |     exp(b)   Std. Err.      z    P>|z|     [95% Conf. Interval]
-------------+----------------------------------------------------------------
         (1) |   1.177323   .2011313     0.96   0.339      .842322    1.645558
------------------------------------------------------------------------------
kids_cat4
****************

 ( 1)  2.kids_cat4 + 1.male#2.kids_cat4 = 0

------------------------------------------------------------------------------
          _t |     exp(b)   Std. Err.      z    P>|z|     [95% Conf. Interval]
-------------+----------------------------------------------------------------
         (1) |   1.191273   .3003198     0.69   0.488     .7268144    1.952536
------------------------------------------------------------------------------
kids_cat4
****************

 ( 1)  3.kids_cat4 + 1.male#3.kids_cat4 = 0

------------------------------------------------------------------------------
          _t |     exp(b)   Std. Err.      z    P>|z|     [95% Conf. Interval]
-------------+----------------------------------------------------------------
         (1) |   1.193819   .1893789     1.12   0.264     .8748025    1.629172
------------------------------------------------------------------------------
(note: file ./output/an_interaction_cox_models_covidadmission_kids_cat4_male_0_
> timeperiod0.ster not found)
file ./output/an_interaction_cox_models_covidadmission_kids_cat4_male_0_timeper
> iod0.ster saved
(11,235 observations (episodes) created)
(cat_time: 11235 changes made)
(covidadmission: 11235 changes made)

observation |
   interval |      Freq.     Percent        Cum.
------------+-----------------------------------
          0 |     15,946       58.67       58.67
          1 |      8,030       29.54       88.21
          2 |      3,205       11.79      100.00
------------+-----------------------------------
      Total |     27,181      100.00

           |   Failure/censoring
           |     indicator for
           |  outcome: covid SUS
observatio |       admission
n interval |         0          1 |     Total
-----------+----------------------+----------
         0 |    12,001      3,945 |    15,946 
         1 |     5,601      2,429 |     8,030 
         2 |     2,487        718 |     3,205 
-----------+----------------------+----------
     Total |    20,089      7,092 |    27,181 
(19,212 observations deleted)

           |   Failure/censoring
           |     indicator for
           |  outcome: covid SUS
           |       admission
      Male |         0          1 |     Total
-----------+----------------------+----------
         0 |     2,806      1,215 |     4,021 
         1 |     2,795      1,214 |     4,009 
-----------+----------------------+----------
     Total |     5,601      2,429 |     8,030 

         failure _d:  covidadmission
   analysis time _t:  (stime_covidadmission-origin)
             origin:  time enter_date
  enter on or after:  time enter_date
                 id:  patient_id

Iteration 0:   log pseudolikelihood = -15326.948
Iteration 1:   log pseudolikelihood = -15307.572
Iteration 2:   log pseudolikelihood = -15299.426
Iteration 3:   log pseudolikelihood = -15299.199
Iteration 4:   log pseudolikelihood = -15299.195
Iteration 5:   log pseudolikelihood = -15299.195
Refining estimates:
Iteration 0:   log pseudolikelihood = -15299.195

Stratified Cox regr. -- Breslow method for ties

No. of subjects      =        8,030             Number of obs    =       8,030
No. of failures      =        2,429
Time at risk         =       378677
                                                Wald chi2(42)    =      321.89
Log pseudolikelihood =   -15299.195             Prob > chi2      =      0.0000

                       (Std. Err. adjusted for 1,003 clusters in household_id)
------------------------------------------------------------------------------
             |               Robust
          _t | Haz. Ratio   Std. Err.      z    P>|z|     [95% Conf. Interval]
-------------+----------------------------------------------------------------
   kids_cat4 |
only <12 ..  |   1.001692   .1662384     0.01   0.992     .7235536    1.386748
 only 12-18  |   .9910265   .2193584    -0.04   0.968      .642209    1.529305
      mixed  |   .9555867   .1475254    -0.29   0.769     .7060897    1.293243
             |
        age1 |   .9950347    .007421    -0.67   0.504     .9805955    1.009686
        age2 |   1.013081   .0242517     0.54   0.587      .966646    1.061746
        age3 |   .9576754   .0660184    -0.63   0.530     .8366424    1.096218
      1.male |   .9886313   .0409533    -0.28   0.783     .9115364    1.072247
             |
   ethnicity |
Asian or ..  |   1.146304   .0769612     2.03   0.042     1.004966     1.30752
      Other  |    .887239   .0636564    -1.67   0.095     .7708499    1.021201
             |
   obese4cat |
Obese I ..)  |   .9623287   .0565361    -0.65   0.513     .8576617    1.079769
Obese II..)  |   1.041366    .076194     0.55   0.580     .9022424    1.201942
Obese II..)  |   .9183158   .0872716    -0.90   0.370     .7622521    1.106332
             |
smoke_nomiss |
     Former  |   1.457937   .1765822     3.11   0.002     1.149855    1.848564
    Current  |   1.103885   .0621493     1.76   0.079     .9885545     1.23267
             |
         imd |
          4  |   .9623434   .0504325    -0.73   0.464     .8684045    1.066444
5 most de..  |   1.019778    .070433     0.28   0.777     .8906676    1.167604
             |
tot_adults~h |
          2  |   .6933268   .3314387    -0.77   0.444     .2716619    1.769487
          3  |   1.370399   .5309752     0.81   0.416     .6412693    2.928558
             |
1.htdiag_o~p |   1.179882   .0943065     2.07   0.038     1.008796    1.379984
1.~y_disease |   .9550878   .0461641    -0.95   0.342     .8687614    1.049992
    1.asthma |   .9742314   .0766833    -0.33   0.740     .8349543    1.136741
1.~c_disease |   1.006379   .0512216     0.12   0.901     .9108315    1.111949
             |
     diabcat |
T1DM, con..  |   .9896968    .126777    -0.08   0.936     .7699561     1.27215
T1DM, unc..  |   1.169607   .2824945     0.65   0.517     .7285342    1.877718
T2DM, con..  |   .9851456   .0579547    -0.25   0.799     .8778603    1.105542
T2DM, unc..  |   .9421403   .1066743    -0.53   0.599     .7546366    1.176233
Diabetes,..  |   7.289766    .965596    15.00   0.000     5.622949    9.450678
             |
cancer_exh~t |
  Last year  |   .6163955   .2716845    -1.10   0.272      .259825    1.462305
2-5 years..  |   .9083964   .1342431    -0.65   0.516     .6799618    1.213574
   5+ years  |   .9269146   .0509119    -1.38   0.167     .8323126    1.032269
             |
cancer_hae~t |
  Last year  |   .7967403   .2875935    -0.63   0.529     .3927036    1.616474
2-5 years..  |   1.078461   .1831108     0.44   0.656     .7731784    1.504281
   5+ years  |   1.055307   .0552272     1.03   0.304     .9524303    1.169297
             |
1.~r_disease |   1.041313   .0534545     0.79   0.430     .9416427    1.151534
1.stroke_d~a |   .9699619   .0506088    -0.58   0.559     .8756737    1.074403
1.other_ne~o |   .9641967    .049466    -0.71   0.477     .8719602     1.06619
             |
reduced_ki~t |
Stage 3a/..  |   .8565291    .254048    -0.52   0.602     .4789325    1.531828
      1.esrd |   1.048199   .0435716     1.13   0.257     .9661868    1.137173
1.other_tr~t |   .9584523   .0499395    -0.81   0.415     .8654046    1.061504
  1.asplenia |   1.066802   .0558244     1.24   0.217     .9628116    1.182023
1.ra_sle_p~s |   .9181386   .0446746    -1.76   0.079     .8346236     1.01001
1.other_im~o |   .9714981   .0487488    -0.58   0.564     .8805003      1.0719
------------------------------------------------------------------------------
                                                             Stratified by stp
   1:      4.48 /        1 =       4.4790

         failure _d:  covidadmission
   analysis time _t:  (stime_covidadmission-origin)
             origin:  time enter_date
  enter on or after:  time enter_date
                 id:  patient_id

Iteration 0:   log pseudolikelihood = -15326.948
Iteration 1:   log pseudolikelihood = -15305.382
Iteration 2:   log pseudolikelihood = -15296.536
Iteration 3:   log pseudolikelihood = -15296.307
Iteration 4:   log pseudolikelihood = -15296.303
Iteration 5:   log pseudolikelihood = -15296.303
Refining estimates:
Iteration 0:   log pseudolikelihood = -15296.303

Stratified Cox regr. -- Breslow method for ties

No. of subjects      =        8,030             Number of obs    =       8,030
No. of failures      =        2,429
Time at risk         =       378677
                                                Wald chi2(45)    =      343.72
Log pseudolikelihood =   -15296.303             Prob > chi2      =      0.0000

                       (Std. Err. adjusted for 1,003 clusters in household_id)
------------------------------------------------------------------------------
             |               Robust
          _t | Haz. Ratio   Std. Err.      z    P>|z|     [95% Conf. Interval]
-------------+----------------------------------------------------------------
   kids_cat4 |
only <12 ..  |   1.061339   .2248824     0.28   0.779     .7006431    1.607724
 only 12-18  |   .9447562   .2679566    -0.20   0.841     .5418731    1.647183
      mixed  |   .8675747    .170626    -0.72   0.470     .5900666    1.275595
             |
        age1 |    .994898   .0074253    -0.69   0.493     .9804505    1.009558
        age2 |    1.01347   .0242668     0.56   0.576     .9670061    1.062165
        age3 |   .9567785    .065964    -0.64   0.522      .835846    1.095208
      1.male |   .8488029   .2374911    -0.59   0.558     .4905064    1.468822
             |
   ethnicity |
Asian or ..  |   1.147308   .0769828     2.05   0.041     1.005925    1.308563
      Other  |   .8886043   .0638261    -1.64   0.100     .7719138    1.022935
             |
   obese4cat |
Obese I ..)  |   .9640242   .0566909    -0.62   0.533     .8590762    1.081793
Obese II..)  |   1.037508   .0759869     0.50   0.615     .8987725     1.19766
Obese II..)  |   .9217948   .0875675    -0.86   0.391     .7651963    1.110441
             |
smoke_nomiss |
     Former  |   1.454912   .1768696     3.08   0.002     1.146459    1.846353
    Current  |   1.105359   .0622874     1.78   0.075     .9897781    1.234437
             |
         imd |
          4  |    .962344   .0504059    -0.73   0.464     .8684521    1.066387
5 most de..  |   1.018931   .0704088     0.27   0.786     .8898692    1.166711
             |
tot_adults~h |
          2  |   .6734095   .3233332    -0.82   0.410     .2627728    1.725751
          3  |   1.343903   .5219671     0.76   0.447     .6277172     2.87721
             |
1.htdiag_o~p |   1.181275   .0944159     2.08   0.037      1.00999    1.381609
1.~y_disease |   .9549186   .0461894    -0.95   0.340     .8685478    1.049878
    1.asthma |   .9747855   .0768292    -0.32   0.746     .8352574    1.137621
1.~c_disease |   1.006095   .0512374     0.12   0.905     .9105205    1.111701
             |
     diabcat |
T1DM, con..  |   .9856378   .1262804    -0.11   0.910     .7667627    1.266992
T1DM, unc..  |   1.165519   .2819774     0.63   0.527     .7254134    1.872634
T2DM, con..  |   .9847459   .0579558    -0.26   0.794     .8774613    1.105148
T2DM, unc..  |   .9377653   .1062824    -0.57   0.571       .75097    1.171024
Diabetes,..  |   7.171059   .9538162    14.81   0.000     5.525425     9.30681
             |
cancer_exh~t |
  Last year  |   .6095513   .2686965    -1.12   0.261     .2569164    1.446201
2-5 years..  |   .9052081   .1344085    -0.67   0.502      .676642    1.210982
   5+ years  |   .9280385   .0510355    -1.36   0.174     .8332128    1.033656
             |
cancer_hae~t |
  Last year  |   .8026202   .2881456    -0.61   0.540     .3971215    1.622171
2-5 years..  |   1.077536   .1833485     0.44   0.661     .7719609    1.504071
   5+ years  |   1.056668     .05529     1.05   0.292     .9536735    1.170786
             |
1.~r_disease |   1.043268   .0535246     0.83   0.409     .9434636     1.15363
1.stroke_d~a |    .972193   .0506967    -0.54   0.589     .8777385    1.076812
1.other_ne~o |   .9621315   .0494547    -0.75   0.453     .8699247    1.064112
             |
reduced_ki~t |
Stage 3a/..  |   .8618892   .2533287    -0.51   0.613     .4844669    1.533341
      1.esrd |    1.04824   .0435661     1.13   0.257     .9662373    1.137202
1.other_tr~t |   .9583086   .0499236    -0.82   0.414     .8652898    1.061327
  1.asplenia |   1.067702   .0558647     1.25   0.211      .963636    1.183006
1.ra_sle_p~s |   .9192384   .0447223    -1.73   0.083     .8356338    1.011208
1.other_im~o |   .9712013   .0486739    -0.58   0.560      .880338    1.071443
             |
        male#|
   kids_cat4 |
          1 #|
only <12 ..  |   .8821153    .265965    -0.42   0.677     .4885186    1.592831
          1 #|
 only 12-18  |   1.096712   .4588258     0.22   0.825     .4830362    2.490035
    1#mixed  |   1.209692   .3430682     0.67   0.502     .6938638    2.108993
------------------------------------------------------------------------------
                                                             Stratified by stp
   1:      4.81 /        1 =       4.8060

 ( 1)  1.male#1.kids_cat4 = 0
 ( 2)  1.male#2.kids_cat4 = 0
 ( 3)  1.male#3.kids_cat4 = 0

           chi2(  3) =    7.06
         Prob > chi2 =    0.0700

kids_cat4 
****************

 ( 1)  1.kids_cat4 + 1.male#1.kids_cat4 = 0

------------------------------------------------------------------------------
          _t |     exp(b)   Std. Err.      z    P>|z|     [95% Conf. Interval]
-------------+----------------------------------------------------------------
         (1) |   .9362235   .2198252    -0.28   0.779     .5909047    1.483343
------------------------------------------------------------------------------
kids_cat4
****************

 ( 1)  2.kids_cat4 + 1.male#2.kids_cat4 = 0

------------------------------------------------------------------------------
          _t |     exp(b)   Std. Err.      z    P>|z|     [95% Conf. Interval]
-------------+----------------------------------------------------------------
         (1) |   1.036125   .3354558     0.11   0.913     .5493226    1.954327
------------------------------------------------------------------------------
kids_cat4
****************

 ( 1)  3.kids_cat4 + 1.male#3.kids_cat4 = 0

------------------------------------------------------------------------------
          _t |     exp(b)   Std. Err.      z    P>|z|     [95% Conf. Interval]
-------------+----------------------------------------------------------------
         (1) |   1.049498   .2317653     0.22   0.827     .6807802    1.617917
------------------------------------------------------------------------------
(note: file ./output/an_interaction_cox_models_covidadmission_kids_cat4_male_0_
> timeperiod1.ster not found)
file ./output/an_interaction_cox_models_covidadmission_kids_cat4_male_0_timeper
> iod1.ster saved
(11,235 observations (episodes) created)
(cat_time: 11235 changes made)
(covidadmission: 11235 changes made)

observation |
   interval |      Freq.     Percent        Cum.
------------+-----------------------------------
          0 |     15,946       58.67       58.67
          1 |      8,030       29.54       88.21
          2 |      3,205       11.79      100.00
------------+-----------------------------------
      Total |     27,181      100.00

           |   Failure/censoring
           |     indicator for
           |  outcome: covid SUS
observatio |       admission
n interval |         0          1 |     Total
-----------+----------------------+----------
         0 |    12,001      3,945 |    15,946 
         1 |     5,601      2,429 |     8,030 
         2 |     2,487        718 |     3,205 
-----------+----------------------+----------
     Total |    20,089      7,092 |    27,181 
(24,037 observations deleted)

           |   Failure/censoring
           |     indicator for
           |  outcome: covid SUS
           |       admission
      Male |         0          1 |     Total
-----------+----------------------+----------
         0 |     1,228        366 |     1,594 
         1 |     1,259        352 |     1,611 
-----------+----------------------+----------
     Total |     2,487        718 |     3,205 

         failure _d:  covidadmission
   analysis time _t:  (stime_covidadmission-origin)
             origin:  time enter_date
  enter on or after:  time enter_date
                 id:  patient_id

Iteration 0:   log pseudolikelihood = -3953.6003
Iteration 1:   log pseudolikelihood = -3938.7989
Iteration 2:   log pseudolikelihood = -3938.3753
Iteration 3:   log pseudolikelihood = -3938.3733
Iteration 4:   log pseudolikelihood = -3938.3733
Refining estimates:
Iteration 0:   log pseudolikelihood = -3938.3733

Stratified Cox regr. -- Breslow method for ties

No. of subjects      =        3,205             Number of obs    =       3,205
No. of failures      =          718
Time at risk         =        76671
                                                Wald chi2(41)    =       35.49
Log pseudolikelihood =   -3938.3733             Prob > chi2      =      0.7133

                         (Std. Err. adjusted for 860 clusters in household_id)
------------------------------------------------------------------------------
             |               Robust
          _t | Haz. Ratio   Std. Err.      z    P>|z|     [95% Conf. Interval]
-------------+----------------------------------------------------------------
   kids_cat4 |
only <12 ..  |   1.065154   .3005888     0.22   0.823     .6126347    1.851925
 only 12-18  |   1.348582   .5021675     0.80   0.422      .650007     2.79793
      mixed  |   1.078818   .2880452     0.28   0.776     .6392586    1.820621
             |
        age1 |   1.006039   .0141523     0.43   0.669     .9786795    1.034163
        age2 |   .9793134   .0441117    -0.46   0.643     .8965626    1.069702
        age3 |   1.053964   .1365567     0.41   0.685     .8175985    1.358663
      1.male |   .9495691   .0750433    -0.65   0.513      .813312    1.108654
             |
   ethnicity |
Asian or ..  |   1.008502   .1337549     0.06   0.949     .7776506    1.307885
      Other  |   1.227475   .1391333     1.81   0.071     .9829463    1.532836
             |
   obese4cat |
Obese I ..)  |    .981552   .1082319    -0.17   0.866     .7907782     1.21835
Obese II..)  |   1.042647   .1360041     0.32   0.749     .8074313    1.346384
Obese II..)  |   .9845624   .1642092    -0.09   0.926     .7100297    1.365243
             |
smoke_nomiss |
     Former  |   1.149879   .3000009     0.54   0.592     .6895653     1.91747
    Current  |   1.117942   .1180446     1.06   0.291     .9089503    1.374987
             |
         imd |
          4  |   1.115019   .1029584     1.18   0.238     .9304312    1.336227
5 most de..  |   1.163245   .1378426     1.28   0.202     .9221578    1.467362
             |
tot_adults~h |
          2  |   1.060461   .7842138     0.08   0.937     .2489025    4.518148
          3  |   1.218665   .8125665     0.30   0.767     .3298605    4.502338
             |
1.htdiag_o~p |   1.178806   .1811959     1.07   0.285     .8721734    1.593242
1.~y_disease |   .9927433   .0936764    -0.08   0.938     .8251191    1.194421
    1.asthma |   .9102224   .1263377    -0.68   0.498     .6934287    1.194795
1.~c_disease |   1.032975   .0933718     0.36   0.720     .8652641    1.233193
             |
     diabcat |
T1DM, con..  |   1.628003   .3399189     2.33   0.020     1.081256    2.451218
T1DM, unc..  |   1.199019   .5252624     0.41   0.679     .5080828    2.829552
T2DM, con..  |   .9510474   .0972952    -0.49   0.624     .7782543    1.162205
T2DM, unc..  |   1.106062   .2250659     0.50   0.620     .7422902    1.648107
             |
cancer_exh~t |
  Last year  |   .4772759   .3378202    -1.05   0.296     .1192014    1.910987
2-5 years..  |   .7846035    .216919    -0.88   0.380     .4563719    1.348906
   5+ years  |   .9067679   .0954239    -0.93   0.352     .7377679    1.114481
             |
cancer_hae~t |
  Last year  |    1.77116   .7039262     1.44   0.150      .812752    3.859736
2-5 years..  |   1.021615   .3073742     0.07   0.943     .5664812    1.842422
   5+ years  |   1.111121   .1079286     1.08   0.278     .9185017    1.344134
             |
1.~r_disease |   .9688314   .0937624    -0.33   0.744     .8014379    1.171188
1.stroke_d~a |   .9977799   .0942307    -0.02   0.981     .8291765    1.200667
1.other_ne~o |    1.07753   .0969551     0.83   0.407     .9033151    1.285345
             |
reduced_ki~t |
Stage 3a/..  |   1.536112   .5471664     1.21   0.228     .7642286    3.087612
      1.esrd |   .9232802   .0758818    -0.97   0.331     .7859151    1.084654
1.other_tr~t |   .9833138   .0858539    -0.19   0.847     .8286536     1.16684
  1.asplenia |   .8881061   .0910928    -1.16   0.247     .7263691    1.085856
1.ra_sle_p~s |   1.181831   .1090329     1.81   0.070     .9863378    1.416072
1.other_im~o |   1.096361   .0985378     1.02   0.306     .9192851    1.307547
------------------------------------------------------------------------------
                                                             Stratified by stp
   1:      1.11 /        1 =       1.1150

         failure _d:  covidadmission
   analysis time _t:  (stime_covidadmission-origin)
             origin:  time enter_date
  enter on or after:  time enter_date
                 id:  patient_id

Iteration 0:   log pseudolikelihood = -3953.6003
Iteration 1:   log pseudolikelihood = -3937.4544
Iteration 2:   log pseudolikelihood = -3936.9523
Iteration 3:   log pseudolikelihood = -3936.9499
Iteration 4:   log pseudolikelihood = -3936.9499
Refining estimates:
Iteration 0:   log pseudolikelihood = -3936.9499

Stratified Cox regr. -- Breslow method for ties

No. of subjects      =        3,205             Number of obs    =       3,205
No. of failures      =          718
Time at risk         =        76671
                                                Wald chi2(44)    =       38.27
Log pseudolikelihood =   -3936.9499             Prob > chi2      =      0.7149

                         (Std. Err. adjusted for 860 clusters in household_id)
------------------------------------------------------------------------------
             |               Robust
          _t | Haz. Ratio   Std. Err.      z    P>|z|     [95% Conf. Interval]
-------------+----------------------------------------------------------------
   kids_cat4 |
only <12 ..  |   .7207797   .2569308    -0.92   0.358     .3584109    1.449519
 only 12-18  |   1.049348   .4411205     0.11   0.909     .4603573    2.391906
      mixed  |   .7526848   .2459013    -0.87   0.384     .3967587    1.427906
             |
        age1 |   1.005992   .0141199     0.43   0.670     .9786942     1.03405
        age2 |   .9790896   .0440277    -0.47   0.638     .8964904    1.069299
        age3 |   1.054258   .1364285     0.41   0.683      .818079    1.358621
      1.male |   .4282108   .2211223    -1.64   0.100     .1556355    1.178166
             |
   ethnicity |
Asian or ..  |   1.011448   .1342632     0.09   0.932     .7797437    1.312004
      Other  |   1.229491   .1393093     1.82   0.068     .9846428    1.535225
             |
   obese4cat |
Obese I ..)  |    .984945   .1085354    -0.14   0.891     .7936233    1.222389
Obese II..)  |    1.03534   .1358091     0.26   0.791     .8006233    1.338869
Obese II..)  |   .9845783   .1645756    -0.09   0.926     .7095271    1.366254
             |
smoke_nomiss |
     Former  |   1.156549   .3015963     0.56   0.577     .6937359     1.92812
    Current  |   1.115633   .1177814     1.04   0.300     .9071036      1.3721
             |
         imd |
          4  |   1.119621   .1034509     1.22   0.221     .9341611    1.341901
5 most de..  |   1.169287   .1386667     1.32   0.187     .9267793     1.47525
             |
tot_adults~h |
          2  |   .9381615   .7292691    -0.08   0.935     .2044588    4.304765
          3  |   1.116363   .7660873     0.16   0.873     .2908581    4.284791
             |
1.htdiag_o~p |   1.177896   .1812974     1.06   0.287     .8711508    1.592652
1.~y_disease |   .9895436   .0934705    -0.11   0.911     .8223032    1.190798
    1.asthma |   .9125257   .1268785    -0.66   0.510     .6948534    1.198387
1.~c_disease |   1.034728   .0940239     0.38   0.707     .8659225    1.236441
             |
     diabcat |
T1DM, con..  |   1.649382   .3457354     2.39   0.017     1.093696    2.487402
T1DM, unc..  |   1.216259    .533253     0.45   0.655     .5150246    2.872264
T2DM, con..  |    .951565   .0973047    -0.49   0.627     .7787475    1.162734
T2DM, unc..  |    1.11755   .2274724     0.55   0.585     .7499094    1.665426
             |
cancer_exh~t |
  Last year  |     .48474   .3420618    -1.03   0.305     .1215765    1.932716
2-5 years..  |   .7776463   .2158364    -0.91   0.365     .4513675    1.339781
   5+ years  |   .9063515   .0955609    -0.93   0.351     .7371407    1.114405
             |
cancer_hae~t |
  Last year  |   1.770343    .699284     1.45   0.148     .8162696    3.839559
2-5 years..  |   1.017992   .3074722     0.06   0.953     .5631827    1.840092
   5+ years  |   1.115231   .1081641     1.12   0.261     .9221649    1.348718
             |
1.~r_disease |   .9674973   .0937234    -0.34   0.733     .8001883    1.169789
1.stroke_d~a |   .9962047   .0942052    -0.04   0.968     .8276667    1.199062
1.other_ne~o |   1.072822    .096577     0.78   0.435     .8992933    1.279835
             |
reduced_ki~t |
Stage 3a/..  |   1.553169   .5551949     1.23   0.218     .7708126    3.129599
      1.esrd |   .9225483   .0757538    -0.98   0.326     .7854053    1.083638
1.other_tr~t |   .9808037   .0856802    -0.22   0.824     .8264633    1.163967
  1.asplenia |   .8875359    .090768    -1.17   0.243     .7263298    1.084521
1.ra_sle_p~s |    1.18183   .1090196     1.81   0.070     .9863588     1.41604
1.other_im~o |   1.097557   .0984591     1.04   0.299     .9205934    1.308537
             |
        male#|
   kids_cat4 |
          1 #|
only <12 ..  |   2.387021   1.365728     1.52   0.128     .7777564    7.326035
          1 #|
 only 12-18  |   1.799631   1.312699     0.81   0.421     .4308181    7.517489
    1#mixed  |   2.259628   1.182931     1.56   0.119     .8098915    6.304446
------------------------------------------------------------------------------
                                                             Stratified by stp
   1:      1.34 /        1 =       1.3440

 ( 1)  1.male#1.kids_cat4 = 0
 ( 2)  1.male#2.kids_cat4 = 0
 ( 3)  1.male#3.kids_cat4 = 0

           chi2(  3) =    2.72
         Prob > chi2 =    0.4368

kids_cat4 
****************

 ( 1)  1.kids_cat4 + 1.male#1.kids_cat4 = 0

------------------------------------------------------------------------------
          _t |     exp(b)   Std. Err.      z    P>|z|     [95% Conf. Interval]
-------------+----------------------------------------------------------------
         (1) |   1.720516   .7735183     1.21   0.227     .7128061     4.15285
------------------------------------------------------------------------------
kids_cat4
****************

 ( 1)  2.kids_cat4 + 1.male#2.kids_cat4 = 0

------------------------------------------------------------------------------
          _t |     exp(b)   Std. Err.      z    P>|z|     [95% Conf. Interval]
-------------+----------------------------------------------------------------
         (1) |   1.888439    1.17134     1.02   0.305     .5599237    6.369085
------------------------------------------------------------------------------
kids_cat4
****************

 ( 1)  3.kids_cat4 + 1.male#3.kids_cat4 = 0

------------------------------------------------------------------------------
          _t |     exp(b)   Std. Err.      z    P>|z|     [95% Conf. Interval]
-------------+----------------------------------------------------------------
         (1) |   1.700787   .7202404     1.25   0.210     .7416307    3.900429
------------------------------------------------------------------------------
(note: file ./output/an_interaction_cox_models_covidadmission_kids_cat4_male_0_
> timeperiod2.ster not found)
file ./output/an_interaction_cox_models_covidadmission_kids_cat4_male_0_timeper
> iod2.ster saved
(3,162 observations (episodes) created)
(cat_time: 3162 changes made)
(covidadmission: 3162 changes made)

observation |
   interval |      Freq.     Percent        Cum.
------------+-----------------------------------
          0 |      4,589       59.21       59.21
          1 |      2,271       29.30       88.50
          2 |        891       11.50      100.00
------------+-----------------------------------
      Total |      7,751      100.00

           |   Failure/censoring
           |     indicator for
           |  outcome: covid SUS
observatio |       admission
n interval |         0          1 |     Total
-----------+----------------------+----------
         0 |     3,404      1,185 |     4,589 
         1 |     1,575        696 |     2,271 
         2 |       686        205 |       891 
-----------+----------------------+----------
     Total |     5,665      2,086 |     7,751 
(3,178 observations deleted)

           |   Failure/censoring
           |     indicator for
           |  outcome: covid SUS
           |       admission
      Male |         0          1 |     Total
-----------+----------------------+----------
         0 |     1,738        611 |     2,349 
         1 |     1,666        574 |     2,240 
-----------+----------------------+----------
     Total |     3,404      1,185 |     4,589 

         failure _d:  covidadmission
   analysis time _t:  (stime_covidadmission-origin)
             origin:  time enter_date
  enter on or after:  time enter_date
                 id:  patient_id

Iteration 0:   log pseudolikelihood =  -6912.465
Iteration 1:   log pseudolikelihood = -6898.1058
Iteration 2:   log pseudolikelihood = -6897.8394
Iteration 3:   log pseudolikelihood = -6897.8384
Iteration 4:   log pseudolikelihood = -6897.8384
Refining estimates:
Iteration 0:   log pseudolikelihood = -6897.8384

Stratified Cox regr. -- Breslow method for ties

No. of subjects      =        4,589             Number of obs    =       4,589
No. of failures      =        1,185
Time at risk         =       262734
                                                Wald chi2(42)    =       33.52
Log pseudolikelihood =   -6897.8384             Prob > chi2      =      0.8218

                         (Std. Err. adjusted for 927 clusters in household_id)
------------------------------------------------------------------------------
             |               Robust
          _t | Haz. Ratio   Std. Err.      z    P>|z|     [95% Conf. Interval]
-------------+----------------------------------------------------------------
   kids_cat4 |
only <12 ..  |   1.117997   .2611974     0.48   0.633      .707253    1.767285
 only 12-18  |   1.563528   .4871927     1.43   0.151     .8489312    2.879643
      mixed  |   1.201017   .2662755     0.83   0.409     .7777335    1.854674
             |
        age1 |   1.009921   .0264445     0.38   0.706     .9593985    1.063105
        age2 |   .9366177   .1303674    -0.47   0.638     .7129909    1.230384
        age3 |   1.129767   .3112462     0.44   0.658     .6583949    1.938615
      1.male |   .9915722   .0591444    -0.14   0.887     .8821706    1.114541
             |
   ethnicity |
Asian or ..  |   .9712683    .093316    -0.30   0.762     .8045607    1.172518
      Other  |   .9978546   .0933974    -0.02   0.982     .8306084    1.198776
             |
   obese4cat |
Obese I ..)  |   .9577865   .0845228    -0.49   0.625     .8056601    1.138638
Obese II..)  |    .923267   .0978362    -0.75   0.451     .7501147    1.136389
Obese II..)  |   1.002252   .1199584     0.02   0.985      .792679    1.267232
             |
smoke_nomiss |
     Former  |   .9601628   .1770311    -0.22   0.825     .6689653    1.378117
    Current  |   .9477404   .0885849    -0.57   0.566     .7890925    1.138285
             |
         imd |
          4  |   1.015275   .0740937     0.21   0.835      .879962    1.171396
5 most de..  |   .9217674   .0966965    -0.78   0.437     .7504598    1.132179
             |
tot_adults~h |
          2  |   .7127781   .3537964    -0.68   0.495     .2694323    1.885641
          3  |   .6420871   .2629394    -1.08   0.279     .2877535     1.43274
             |
1.htdiag_o~p |   .9479522   .1037016    -0.49   0.625     .7650132    1.174638
1.~y_disease |     1.0385   .0756678     0.52   0.604     .9002966    1.197918
    1.asthma |   .8936225   .1009895    -1.00   0.320     .7160753    1.115192
1.~c_disease |   1.000047    .076034     0.00   1.000     .8615953    1.160747
             |
     diabcat |
T1DM, con..  |   .7771847   .1742937    -1.12   0.261      .500762    1.206194
T1DM, unc..  |   .7720237   .2882213    -0.69   0.488     .3714066    1.604765
T2DM, con..  |   1.079941     .08583     0.97   0.333     .9241654    1.261975
T2DM, unc..  |    1.30955   .1857658     1.90   0.057     .9916883    1.729295
Diabetes,..  |   .8880515   .9311792    -0.11   0.910     .1137361    6.933904
             |
cancer_exh~t |
  Last year  |   .8992997   .3724876    -0.26   0.798     .3993365     2.02521
2-5 years..  |   1.342534   .2299239     1.72   0.085      .959727    1.878033
   5+ years  |   .8958518   .0695261    -1.42   0.156      .769441    1.043031
             |
cancer_hae~t |
  Last year  |   1.678119   .5146618     1.69   0.091     .9199584      3.0611
2-5 years..  |   1.204329   .2453364     0.91   0.361     .8078768    1.795334
   5+ years  |   .9088088   .0753991    -1.15   0.249     .7724187    1.069282
             |
1.~r_disease |    1.04979   .0757121     0.67   0.500     .9114079    1.209183
1.stroke_d~a |   1.038271   .0736939     0.53   0.597     .9034304    1.193238
1.other_ne~o |   1.114527   .0771602     1.57   0.117     .9731077    1.276499
             |
reduced_ki~t |
Stage 3a/..  |   .8942354   .1358076    -0.74   0.462     .6640179     1.20427
      1.esrd |   1.049805    .063156     0.81   0.419     .9330403    1.181181
1.other_tr~t |   1.021654   .0737627     0.30   0.767     .8868453    1.176956
  1.asplenia |   .9724236   .0696768    -0.39   0.696     .8450153    1.119042
1.ra_sle_p~s |   .9216858   .0683319    -1.10   0.271     .7970335    1.065833
1.other_im~o |   1.001791   .0733114     0.02   0.980     .8679328    1.156295
------------------------------------------------------------------------------
                                                             Stratified by stp
   1:      2.58 /        1 =       2.5840

         failure _d:  covidadmission
   analysis time _t:  (stime_covidadmission-origin)
             origin:  time enter_date
  enter on or after:  time enter_date
                 id:  patient_id

Iteration 0:   log pseudolikelihood =  -6912.465
Iteration 1:   log pseudolikelihood = -6897.8976
Iteration 2:   log pseudolikelihood = -6897.6084
Iteration 3:   log pseudolikelihood = -6897.6074
Iteration 4:   log pseudolikelihood = -6897.6074
Refining estimates:
Iteration 0:   log pseudolikelihood = -6897.6074

Stratified Cox regr. -- Breslow method for ties

No. of subjects      =        4,589             Number of obs    =       4,589
No. of failures      =        1,185
Time at risk         =       262734
                                                Wald chi2(45)    =       34.95
Log pseudolikelihood =   -6897.6074             Prob > chi2      =      0.8597

                         (Std. Err. adjusted for 927 clusters in household_id)
------------------------------------------------------------------------------
             |               Robust
          _t | Haz. Ratio   Std. Err.      z    P>|z|     [95% Conf. Interval]
-------------+----------------------------------------------------------------
   kids_cat4 |
only <12 ..  |   1.040986   .3124481     0.13   0.894     .5780428    1.874692
 only 12-18  |   1.661403   .6294925     1.34   0.180     .7906083    3.491311
      mixed  |   1.161341   .3183372     0.55   0.585     .6786339    1.987395
             |
        age1 |   1.010099   .0264432     0.38   0.701     .9595788     1.06328
        age2 |    .935093   .1301346    -0.48   0.630      .711861    1.228328
        age3 |   1.133525   .3122316     0.46   0.649     .6606422    1.944895
      1.male |    .922367   .3233021    -0.23   0.818       .46403    1.833418
             |
   ethnicity |
Asian or ..  |   .9725528   .0935416    -0.29   0.772     .8054588    1.174311
      Other  |    .997788   .0934833    -0.02   0.981     .8304027    1.198913
             |
   obese4cat |
Obese I ..)  |   .9580269   .0844783    -0.49   0.627     .8059706     1.13877
Obese II..)  |   .9227113   .0978106    -0.76   0.448     .7496102    1.135785
Obese II..)  |   .9998577   .1197712    -0.00   0.999     .7906317    1.264451
             |
smoke_nomiss |
     Former  |   .9587769   .1767517    -0.23   0.819     .6680325    1.376061
    Current  |   .9465759   .0886538    -0.59   0.558      .787833    1.137304
             |
         imd |
          4  |    1.01545   .0741349     0.21   0.834     .8800658    1.171662
5 most de..  |   .9213526   .0967589    -0.78   0.435     .7499531    1.131925
             |
tot_adults~h |
          2  |   .7260913   .3651685    -0.64   0.524     .2709579    1.945721
          3  |    .650157   .2665404    -1.05   0.294     .2911099    1.452043
             |
1.htdiag_o~p |   .9454638   .1033489    -0.51   0.608     .7631322    1.171359
1.~y_disease |   1.037731   .0756081     0.51   0.611     .8996368    1.197023
    1.asthma |   .8939558   .1010157    -0.99   0.321     .7163603     1.11558
1.~c_disease |   .9992562   .0759321    -0.01   0.992     .8609842    1.159734
             |
     diabcat |
T1DM, con..  |   .7766303   .1742198    -1.13   0.260     .5003411    1.205487
T1DM, unc..  |   .7728462   .2879863    -0.69   0.489     .3723138    1.604268
T2DM, con..  |   1.078416    .085794     0.95   0.343     .9227172    1.260388
T2DM, unc..  |   1.307385   .1854128     1.89   0.059     .9901172    1.726317
Diabetes,..  |   .9089483   .9580797    -0.09   0.928     .1151669    7.173824
             |
cancer_exh~t |
  Last year  |   .9061944    .374582    -0.24   0.812     .4030613    2.037378
2-5 years..  |   1.344175   .2303331     1.73   0.084     .9607203    1.880679
   5+ years  |   .8957033   .0695622    -1.42   0.156     .7692332    1.042966
             |
cancer_hae~t |
  Last year  |   1.679217   .5142366     1.69   0.091     .9213787     3.06038
2-5 years..  |    1.20109   .2452189     0.90   0.369     .8049916    1.792091
   5+ years  |   .9075573   .0755255    -1.17   0.244     .7709716    1.068341
             |
1.~r_disease |   1.050252    .075741     0.68   0.497     .9118166    1.209706
1.stroke_d~a |   1.038054   .0738917     0.52   0.600     .9028778    1.193469
1.other_ne~o |   1.114146    .077143     1.56   0.119     .9727589    1.276083
             |
reduced_ki~t |
Stage 3a/..  |   .8929809   .1357236    -0.74   0.456     .6629314    1.202862
      1.esrd |   1.048126   .0633032     0.78   0.436     .9311157     1.17984
1.other_tr~t |   1.022074   .0740354     0.30   0.763     .8867975    1.177987
  1.asplenia |   .9721321   .0696211    -0.39   0.693     .8448214    1.118628
1.ra_sle_p~s |   .9224246   .0683544    -1.09   0.276      .797727    1.066614
1.other_im~o |   1.000871   .0733607     0.01   0.991     .8669377    1.155497
             |
        male#|
   kids_cat4 |
          1 #|
only <12 ..  |   1.159139   .4698988     0.36   0.716     .5236852     2.56567
          1 #|
 only 12-18  |   .8785472   .4835589    -0.24   0.814     .2987153    2.583882
    1#mixed  |   1.074289    .382325     0.20   0.840     .5347986    2.158004
------------------------------------------------------------------------------
                                                             Stratified by stp
   1:      1.97 /        1 =       1.9650

 ( 1)  1.male#1.kids_cat4 = 0
 ( 2)  1.male#2.kids_cat4 = 0
 ( 3)  1.male#3.kids_cat4 = 0

           chi2(  3) =    0.40
         Prob > chi2 =    0.9401

kids_cat4 
****************

 ( 1)  1.kids_cat4 + 1.male#1.kids_cat4 = 0

------------------------------------------------------------------------------
          _t |     exp(b)   Std. Err.      z    P>|z|     [95% Conf. Interval]
-------------+----------------------------------------------------------------
         (1) |   1.206648   .3831873     0.59   0.554     .6475449     2.24849
------------------------------------------------------------------------------
kids_cat4
****************

 ( 1)  2.kids_cat4 + 1.male#2.kids_cat4 = 0

------------------------------------------------------------------------------
          _t |     exp(b)   Std. Err.      z    P>|z|     [95% Conf. Interval]
-------------+----------------------------------------------------------------
         (1) |   1.459621   .6629859     0.83   0.405     .5992514    3.555257
------------------------------------------------------------------------------
kids_cat4
****************

 ( 1)  3.kids_cat4 + 1.male#3.kids_cat4 = 0

------------------------------------------------------------------------------
          _t |     exp(b)   Std. Err.      z    P>|z|     [95% Conf. Interval]
-------------+----------------------------------------------------------------
         (1) |   1.247617   .3661681     0.75   0.451      .701873    2.217705
------------------------------------------------------------------------------
(note: file ./output/an_interaction_cox_models_covidadmission_kids_cat4_male_1_
> timeperiod0.ster not found)
file ./output/an_interaction_cox_models_covidadmission_kids_cat4_male_1_timeper
> iod0.ster saved
(3,162 observations (episodes) created)
(cat_time: 3162 changes made)
(covidadmission: 3162 changes made)

observation |
   interval |      Freq.     Percent        Cum.
------------+-----------------------------------
          0 |      4,589       59.21       59.21
          1 |      2,271       29.30       88.50
          2 |        891       11.50      100.00
------------+-----------------------------------
      Total |      7,751      100.00

           |   Failure/censoring
           |     indicator for
           |  outcome: covid SUS
observatio |       admission
n interval |         0          1 |     Total
-----------+----------------------+----------
         0 |     3,404      1,185 |     4,589 
         1 |     1,575        696 |     2,271 
         2 |       686        205 |       891 
-----------+----------------------+----------
     Total |     5,665      2,086 |     7,751 
(5,496 observations deleted)

           |   Failure/censoring
           |     indicator for
           |  outcome: covid SUS
           |       admission
      Male |         0          1 |     Total
-----------+----------------------+----------
         0 |       819        363 |     1,182 
         1 |       756        333 |     1,089 
-----------+----------------------+----------
     Total |     1,575        696 |     2,271 

         failure _d:  covidadmission
   analysis time _t:  (stime_covidadmission-origin)
             origin:  time enter_date
  enter on or after:  time enter_date
                 id:  patient_id

Iteration 0:   log pseudolikelihood = -3509.9735
Iteration 1:   log pseudolikelihood = -3489.6209
Iteration 2:   log pseudolikelihood = -3488.6801
Iteration 3:   log pseudolikelihood = -3488.5641
Iteration 4:   log pseudolikelihood = -3488.5255
Iteration 5:   log pseudolikelihood = -3488.5113
Iteration 6:   log pseudolikelihood = -3488.5061
Iteration 7:   log pseudolikelihood = -3488.5042
Iteration 8:   log pseudolikelihood = -3488.5035
Iteration 9:   log pseudolikelihood = -3488.5032
Iteration 10:  log pseudolikelihood = -3488.5031
Iteration 11:  log pseudolikelihood = -3488.5031
Iteration 12:  log pseudolikelihood = -3488.5031
Iteration 13:  log pseudolikelihood = -3488.5031
Iteration 14:  log pseudolikelihood = -3488.5031
Iteration 15:  log pseudolikelihood = -3488.5031
Iteration 16:  log pseudolikelihood = -3488.5031
Iteration 17:  log pseudolikelihood = -3488.5031
Iteration 18:  log pseudolikelihood = -3488.5031
Iteration 19:  log pseudolikelihood = -3488.5031
Iteration 20:  log pseudolikelihood = -3488.5031
Iteration 21:  log pseudolikelihood = -3488.5031
Iteration 22:  log pseudolikelihood = -3488.5031
Iteration 23:  log pseudolikelihood = -3488.5031
Iteration 24:  log pseudolikelihood = -3488.5031
Iteration 25:  log pseudolikelihood = -3488.5031
Iteration 26:  log pseudolikelihood = -3488.5031
Iteration 27:  log pseudolikelihood = -3488.5031
Iteration 28:  log pseudolikelihood = -3488.5031
Iteration 29:  log pseudolikelihood = -3488.5031
Refining estimates:
Iteration 0:   log pseudolikelihood = -3488.5031
Iteration 1:   log pseudolikelihood = -3488.5031
Iteration 2:   log pseudolikelihood = -3488.5031

Stratified Cox regr. -- Breslow method for ties

No. of subjects      =        2,271             Number of obs    =       2,271
No. of failures      =          696
Time at risk         =       106248
                                                Wald chi2(42)    =     2691.51
Log pseudolikelihood =   -3488.5031             Prob > chi2      =      0.0000

                         (Std. Err. adjusted for 761 clusters in household_id)
------------------------------------------------------------------------------
             |               Robust
          _t | Haz. Ratio   Std. Err.      z    P>|z|     [95% Conf. Interval]
-------------+----------------------------------------------------------------
   kids_cat4 |
only <12 ..  |   1.672507   .4857412     1.77   0.077      .946577    2.955152
 only 12-18  |   1.824085   .7227092     1.52   0.129     .8390657    3.965466
      mixed  |   1.737333   .4768328     2.01   0.044     1.014519     2.97513
             |
        age1 |   1.013558   .0334391     0.41   0.683     .9500924    1.081263
        age2 |   .9063326   .1586174    -0.56   0.574     .6431595    1.277193
        age3 |   1.229742   .4249904     0.60   0.550     .6246612    2.420937
      1.male |   1.006912   .0776679     0.09   0.929     .8656339    1.171247
             |
   ethnicity |
Asian or ..  |   1.089675   .1287976     0.73   0.467     .8643434    1.373749
      Other  |   1.001636   .1216393     0.01   0.989     .7894771    1.270809
             |
   obese4cat |
Obese I ..)  |   1.117854   .1238302     1.01   0.315     .8996912    1.388919
Obese II..)  |   .9702191   .1310086    -0.22   0.823     .7446157    1.264176
Obese II..)  |   1.004452    .156283     0.03   0.977      .740441    1.362599
             |
smoke_nomiss |
     Former  |   1.299038   .2895137     1.17   0.240     .8392984    2.010607
    Current  |   1.038124   .1259331     0.31   0.758     .8184481    1.316761
             |
         imd |
          4  |   1.091169   .1043023     0.91   0.361     .9047482    1.316002
5 most de..  |   .8692422   .1112754    -1.09   0.274     .6763551    1.117138
             |
tot_adults~h |
          2  |    1.13752   .8616773     0.17   0.865     .2577324     5.02052
          3  |   .9495091    .596821    -0.08   0.934     .2769938    3.254829
             |
1.htdiag_o~p |   1.478442   .2516819     2.30   0.022     1.059011    2.063993
1.~y_disease |   1.022798   .1040712     0.22   0.825     .8378747    1.248536
    1.asthma |   1.015651    .137898     0.11   0.909     .7783493    1.325302
1.~c_disease |   .9947996   .0938541    -0.06   0.956     .8268548    1.196856
             |
     diabcat |
T1DM, con..  |   1.091421   .2971962     0.32   0.748     .6400418    1.861128
T1DM, unc..  |   1.843332   .5629729     2.00   0.045     1.013066     3.35405
T2DM, con..  |   .8967196   .0943719    -1.04   0.300     .7295838    1.102143
T2DM, unc..  |   1.158361   .2467114     0.69   0.490     .7630484    1.758472
Diabetes,..  |   3.78e-14   2.40e-14   -48.70   0.000     1.09e-14    1.31e-13
             |
cancer_exh~t |
  Last year  |   .2642958   .2826489    -1.24   0.213     .0324923    2.149811
2-5 years..  |   1.461422   .3511107     1.58   0.114      .912582    2.340341
   5+ years  |   1.198242   .1157073     1.87   0.061     .9916282    1.447905
             |
cancer_hae~t |
  Last year  |   1.573682   .7634624     0.93   0.350     .6080816    4.072605
2-5 years..  |   .5694145   .2257006    -1.42   0.155     .2618395    1.238289
   5+ years  |   1.129939   .1131221     1.22   0.222     .9286208    1.374902
             |
1.~r_disease |   1.213013   .1145485     2.04   0.041     1.008054    1.459644
1.stroke_d~a |   .9856354   .0965086    -0.15   0.883     .8135249    1.194158
1.other_ne~o |   1.032926   .1015657     0.33   0.742     .8518677    1.252467
             |
reduced_ki~t |
Stage 3a/..  |   1.178556   .2096659     0.92   0.356     .8316122    1.670242
      1.esrd |   .9340704   .0796087    -0.80   0.424     .7903757     1.10389
1.other_tr~t |   1.034404    .095039     0.37   0.713     .8639401    1.238503
  1.asplenia |   1.043642   .1038599     0.43   0.668     .8587022    1.268412
1.ra_sle_p~s |   1.188898   .1103124     1.86   0.062     .9912096    1.426014
1.other_im~o |   1.025205   .0959688     0.27   0.790      .853356    1.231661
------------------------------------------------------------------------------
                                                             Stratified by stp
   1:      2.07 /        1 =       2.0680

         failure _d:  covidadmission
   analysis time _t:  (stime_covidadmission-origin)
             origin:  time enter_date
  enter on or after:  time enter_date
                 id:  patient_id

Iteration 0:   log pseudolikelihood = -3509.9735
Iteration 1:   log pseudolikelihood = -3489.4938
Iteration 2:   log pseudolikelihood = -3488.5384
Iteration 3:   log pseudolikelihood = -3488.4226
Iteration 4:   log pseudolikelihood = -3488.3841
Iteration 5:   log pseudolikelihood = -3488.3699
Iteration 6:   log pseudolikelihood = -3488.3647
Iteration 7:   log pseudolikelihood = -3488.3628
Iteration 8:   log pseudolikelihood = -3488.3621
Iteration 9:   log pseudolikelihood = -3488.3618
Iteration 10:  log pseudolikelihood = -3488.3617
Iteration 11:  log pseudolikelihood = -3488.3617
Iteration 12:  log pseudolikelihood = -3488.3617
Iteration 13:  log pseudolikelihood = -3488.3617
Iteration 14:  log pseudolikelihood = -3488.3617
Iteration 15:  log pseudolikelihood = -3488.3617
Iteration 16:  log pseudolikelihood = -3488.3617
Iteration 17:  log pseudolikelihood = -3488.3617
Iteration 18:  log pseudolikelihood = -3488.3617
Iteration 19:  log pseudolikelihood = -3488.3617
Iteration 20:  log pseudolikelihood = -3488.3617
Iteration 21:  log pseudolikelihood = -3488.3617
Iteration 22:  log pseudolikelihood = -3488.3617
Iteration 23:  log pseudolikelihood = -3488.3617
Iteration 24:  log pseudolikelihood = -3488.3617
Iteration 25:  log pseudolikelihood = -3488.3617
Iteration 26:  log pseudolikelihood = -3488.3617
Iteration 27:  log pseudolikelihood = -3488.3617
Iteration 28:  log pseudolikelihood = -3488.3617
Iteration 29:  log pseudolikelihood = -3488.3617
Refining estimates:
Iteration 0:   log pseudolikelihood = -3488.3617
Iteration 1:   log pseudolikelihood = -3488.3617

Stratified Cox regr. -- Breslow method for ties

No. of subjects      =        2,271             Number of obs    =       2,271
No. of failures      =          696
Time at risk         =       106248
                                                Wald chi2(45)    =     2531.46
Log pseudolikelihood =   -3488.3617             Prob > chi2      =      0.0000

                         (Std. Err. adjusted for 761 clusters in household_id)
------------------------------------------------------------------------------
             |               Robust
          _t | Haz. Ratio   Std. Err.      z    P>|z|     [95% Conf. Interval]
-------------+----------------------------------------------------------------
   kids_cat4 |
only <12 ..  |   1.776001   .7012647     1.45   0.146     .8191079    3.850749
 only 12-18  |   2.090298   1.052434     1.46   0.143     .7791856    5.607579
      mixed  |   1.912542   .7057566     1.76   0.079     .9279083    3.942005
             |
        age1 |   1.013156   .0334927     0.40   0.693     .9495929    1.080974
        age2 |   .9078543    .159236    -0.55   0.582     .6437496    1.280311
        age3 |   1.226062   .4246587     0.59   0.556     .6218567    2.417322
      1.male |   1.261049   .7335646     0.40   0.690     .4032546    3.943522
             |
   ethnicity |
Asian or ..  |   1.091709   .1296131     0.74   0.460     .8650637    1.377735
      Other  |   1.000114   .1217879     0.00   0.999     .7877626    1.269708
             |
   obese4cat |
Obese I ..)  |   1.118794   .1240543     1.01   0.311     .9002586    1.390379
Obese II..)  |   .9693983   .1312418    -0.23   0.818     .7434683    1.263985
Obese II..)  |    1.00342   .1559762     0.02   0.982     .7398913    1.360809
             |
smoke_nomiss |
     Former  |   1.297359   .2896958     1.17   0.244     .8375093    2.009697
    Current  |   1.037781   .1260023     0.31   0.760     .8180074    1.316602
             |
         imd |
          4  |   1.090814   .1043453     0.91   0.364     .9043287    1.315755
5 most de..  |   .8684313   .1114418    -1.10   0.272     .6753123    1.116777
             |
tot_adults~h |
          2  |   1.089125   .8366617     0.11   0.912     .2416504    4.908713
          3  |   .9241564   .5785145    -0.13   0.900     .2709569    3.152033
             |
1.htdiag_o~p |   1.477225   .2513106     2.29   0.022      1.05837    2.061845
1.~y_disease |    1.02312   .1041637     0.22   0.822     .8380419    1.249071
    1.asthma |   1.015554    .138242     0.11   0.910     .7777384    1.326089
1.~c_disease |   .9934545    .093662    -0.07   0.944     .8258429    1.195084
             |
     diabcat |
T1DM, con..  |   1.091656   .2978902     0.32   0.748     .6394555    1.863635
T1DM, unc..  |   1.838937   .5621372     1.99   0.046     1.010105    3.347859
T2DM, con..  |   .8963678   .0943205    -1.04   0.298     .7293204    1.101677
T2DM, unc..  |   1.151489   .2466335     0.66   0.510     .7567354    1.752168
Diabetes,..  |   1.05e-13   6.69e-14   -46.97   0.000     3.02e-14    3.66e-13
             |
cancer_exh~t |
  Last year  |   .2681608   .2873886    -1.23   0.219     .0328217    2.190939
2-5 years..  |    1.46594   .3528819     1.59   0.112     .9145651     2.34973
   5+ years  |    1.19715   .1158855     1.86   0.063     .9902647    1.447258
             |
cancer_hae~t |
  Last year  |   1.583503   .7661596     0.95   0.342     .6134443    4.087548
2-5 years..  |   .5660358   .2251239    -1.43   0.152     .2595994    1.234196
   5+ years  |   1.131684    .113557     1.23   0.218     .9296356    1.377646
             |
1.~r_disease |   1.213644   .1147954     2.05   0.041     1.008273    1.460845
1.stroke_d~a |   .9856686    .096872    -0.15   0.883     .8129698    1.195054
1.other_ne~o |   1.031979   .1015309     0.32   0.749     .8509924    1.251457
             |
reduced_ki~t |
Stage 3a/..  |    1.17668   .2101753     0.91   0.362     .8291236    1.669928
      1.esrd |   .9327643   .0802852    -0.81   0.419     .7879652    1.104172
1.other_tr~t |   1.035553   .0956863     0.38   0.705     .8640127     1.24115
  1.asplenia |   1.044797   .1039091     0.44   0.659     .8597586    1.269659
1.ra_sle_p~s |   1.188672   .1103383     1.86   0.063     .9909442    1.425852
1.other_im~o |   1.024918   .0959258     0.26   0.793     .8531438    1.231279
             |
        male#|
   kids_cat4 |
          1 #|
only <12 ..  |   .8539725   .5415945    -0.25   0.803     .2463807    2.959927
          1 #|
 only 12-18  |   .7199509   .5242983    -0.45   0.652     .1727517    3.000429
    1#mixed  |   .7904354   .4642234    -0.40   0.689     .2500086    2.499067
------------------------------------------------------------------------------
                                                             Stratified by stp
   1:      2.12 /        1 =       2.1150

 ( 1)  1.male#1.kids_cat4 = 0
 ( 2)  1.male#2.kids_cat4 = 0
 ( 3)  1.male#3.kids_cat4 = 0

           chi2(  3) =    0.30
         Prob > chi2 =    0.9604

kids_cat4 
****************

 ( 1)  1.kids_cat4 + 1.male#1.kids_cat4 = 0

------------------------------------------------------------------------------
          _t |     exp(b)   Std. Err.      z    P>|z|     [95% Conf. Interval]
-------------+----------------------------------------------------------------
         (1) |   1.516656   .7110331     0.89   0.374     .6051037    3.801406
------------------------------------------------------------------------------
kids_cat4
****************

 ( 1)  2.kids_cat4 + 1.male#2.kids_cat4 = 0

------------------------------------------------------------------------------
          _t |     exp(b)   Std. Err.      z    P>|z|     [95% Conf. Interval]
-------------+----------------------------------------------------------------
         (1) |   1.504912   .8661144     0.71   0.478     .4871057    4.649421
------------------------------------------------------------------------------
kids_cat4
****************

 ( 1)  3.kids_cat4 + 1.male#3.kids_cat4 = 0

------------------------------------------------------------------------------
          _t |     exp(b)   Std. Err.      z    P>|z|     [95% Conf. Interval]
-------------+----------------------------------------------------------------
         (1) |   1.511741   .6635725     0.94   0.346     .6395082    3.573624
------------------------------------------------------------------------------
(note: file ./output/an_interaction_cox_models_covidadmission_kids_cat4_male_1_
> timeperiod1.ster not found)
file ./output/an_interaction_cox_models_covidadmission_kids_cat4_male_1_timeper
> iod1.ster saved
(3,162 observations (episodes) created)
(cat_time: 3162 changes made)
(covidadmission: 3162 changes made)

observation |
   interval |      Freq.     Percent        Cum.
------------+-----------------------------------
          0 |      4,589       59.21       59.21
          1 |      2,271       29.30       88.50
          2 |        891       11.50      100.00
------------+-----------------------------------
      Total |      7,751      100.00

           |   Failure/censoring
           |     indicator for
           |  outcome: covid SUS
observatio |       admission
n interval |         0          1 |     Total
-----------+----------------------+----------
         0 |     3,404      1,185 |     4,589 
         1 |     1,575        696 |     2,271 
         2 |       686        205 |       891 
-----------+----------------------+----------
     Total |     5,665      2,086 |     7,751 
(6,876 observations deleted)

           |   Failure/censoring
           |     indicator for
           |  outcome: covid SUS
           |       admission
      Male |         0          1 |     Total
-----------+----------------------+----------
         0 |       349        114 |       463 
         1 |       337         91 |       428 
-----------+----------------------+----------
     Total |       686        205 |       891 

         failure _d:  covidadmission
   analysis time _t:  (stime_covidadmission-origin)
             origin:  time enter_date
  enter on or after:  time enter_date
                 id:  patient_id

Iteration 0:   log pseudolikelihood = -865.81483
Iteration 1:   log pseudolikelihood = -836.68078
Iteration 2:   log pseudolikelihood = -833.47907
Iteration 3:   log pseudolikelihood = -833.20207
Iteration 4:   log pseudolikelihood = -833.12404
Iteration 5:   log pseudolikelihood = -833.09546
Iteration 6:   log pseudolikelihood = -833.08495
Iteration 7:   log pseudolikelihood = -833.08108
Iteration 8:   log pseudolikelihood = -833.07966
Iteration 9:   log pseudolikelihood = -833.07913
Iteration 10:  log pseudolikelihood = -833.07894
Iteration 11:  log pseudolikelihood = -833.07887
Iteration 12:  log pseudolikelihood = -833.07885
Iteration 13:  log pseudolikelihood = -833.07884
Iteration 14:  log pseudolikelihood = -833.07883
Iteration 15:  log pseudolikelihood = -833.07883
Iteration 16:  log pseudolikelihood = -833.07883
Iteration 17:  log pseudolikelihood = -833.07883
Iteration 18:  log pseudolikelihood = -833.07883
Iteration 19:  log pseudolikelihood = -833.07883
Iteration 20:  log pseudolikelihood = -833.07883
Iteration 21:  log pseudolikelihood = -833.07883
Iteration 22:  log pseudolikelihood = -833.07883
Iteration 23:  log pseudolikelihood = -833.07883
Iteration 24:  log pseudolikelihood = -833.07883
Iteration 25:  log pseudolikelihood = -833.07883
Iteration 26:  log pseudolikelihood = -833.07883
Iteration 27:  log pseudolikelihood = -833.07883
Iteration 28:  log pseudolikelihood = -833.07883
Iteration 29:  log pseudolikelihood = -833.07883
Iteration 30:  log pseudolikelihood = -833.07883
Iteration 31:  log pseudolikelihood = -833.07883
Iteration 32:  log pseudolikelihood = -833.07883
Iteration 33:  log pseudolikelihood = -833.07883
Iteration 34:  log pseudolikelihood = -833.07883
Iteration 35:  log pseudolikelihood = -833.07883
Iteration 36:  log pseudolikelihood = -833.07883
Iteration 37:  log pseudolikelihood = -833.07883
Iteration 38:  log pseudolikelihood = -833.07883
Iteration 39:  log pseudolikelihood = -833.07883
Iteration 40:  log pseudolikelihood = -833.07883
Iteration 41:  log pseudolikelihood = -833.07883
Iteration 42:  log pseudolikelihood = -833.07883
Iteration 43:  log pseudolikelihood = -833.07883
Iteration 44:  log pseudolikelihood = -833.07883
Iteration 45:  log pseudolikelihood = -833.07883
Refining estimates:
Iteration 0:   log pseudolikelihood = -833.07883

Stratified Cox regr. -- Breslow method for ties

No. of subjects      =          891             Number of obs    =         891
No. of failures      =          205
Time at risk         =        21410
                                                Wald chi2(39)    =      776.84
Log pseudolikelihood =   -833.07883             Prob > chi2      =      0.0000

                         (Std. Err. adjusted for 528 clusters in household_id)
------------------------------------------------------------------------------
             |               Robust
          _t | Haz. Ratio   Std. Err.      z    P>|z|     [95% Conf. Interval]
-------------+----------------------------------------------------------------
   kids_cat4 |
only <12 ..  |   .9522695   .4644992    -0.10   0.920     .3660663    2.477194
 only 12-18  |   3.125506   2.137516     1.67   0.096     .8180659    11.94132
      mixed  |   1.113179   .4698866     0.25   0.799     .4867013    2.546055
             |
        age1 |   1.141405   .0791073     1.91   0.056     .9964269    1.307476
        age2 |   .5477262   .1903241    -1.73   0.083     .2771965    1.082279
        age3 |   3.181272   2.147471     1.71   0.086     .8472462    11.94516
      1.male |   .7467403   .1125885    -1.94   0.053     .5556882    1.003478
             |
   ethnicity |
Asian or ..  |   .8294039   .1986978    -0.78   0.435     .5186164    1.326435
      Other  |   1.113453   .2361522     0.51   0.612     .7347521    1.687343
             |
   obese4cat |
Obese I ..)  |   .9111982   .1970485    -0.43   0.667     .5964015    1.392153
Obese II..)  |   .9841744   .2691104    -0.06   0.953     .5758661    1.681987
Obese II..)  |   1.278726   .3632813     0.87   0.387     .7327476     2.23152
             |
smoke_nomiss |
     Former  |   2.875321   1.194479     2.54   0.011     1.273727    6.490772
    Current  |   1.100922   .2566142     0.41   0.680     .6971874    1.738454
             |
         imd |
          4  |   1.142072   .2152671     0.70   0.481     .7893184    1.652476
5 most de..  |   1.210282   .2621702     0.88   0.378     .7915899    1.850432
             |
tot_adults~h |
          2  |   2.23e+09          .        .       .            .           .
          3  |   2.93e+09   3.09e+09    20.69   0.000     3.72e+08    2.31e+10
             |
1.htdiag_o~p |   .6867224   .1623576    -1.59   0.112     .4320528    1.091505
1.~y_disease |   1.148843   .2347151     0.68   0.497     .7697596    1.714612
    1.asthma |   .6065499   .1886067    -1.61   0.108     .3297504    1.115701
1.~c_disease |   .6744125   .1362754    -1.95   0.051     .4538656     1.00213
             |
     diabcat |
T1DM, con..  |   2.026647   1.023975     1.40   0.162     .7528415    5.455726
T1DM, unc..  |   4.576994   4.759496     1.46   0.144     .5962633    35.13359
T2DM, con..  |   1.465325   .2696265     2.08   0.038     1.021666    2.101643
T2DM, unc..  |   .6868972   .3295692    -0.78   0.434     .2682195    1.759111
Diabetes,..  |   6.70e-19          .        .       .            .           .
             |
cancer_exh~t |
  Last year  |   2.010297   2.119808     0.66   0.508      .254501    15.87928
2-5 years..  |   2.65e-20          .        .       .            .           .
   5+ years  |   1.237244   .2161847     1.22   0.223     .8784648    1.742555
             |
cancer_hae~t |
  Last year  |   2.520157   1.070847     2.18   0.030     1.095825    5.795809
2-5 years..  |   .4780689   .3485005    -1.01   0.311     .1145475    1.995242
   5+ years  |   .9929372   .2028628    -0.03   0.972     .6652983    1.481928
             |
1.~r_disease |   .7920039   .1772562    -1.04   0.297     .5107663    1.228096
1.stroke_d~a |   .7629552   .1610832    -1.28   0.200     .5044108    1.154021
1.other_ne~o |   .9038172   .1653283    -0.55   0.580     .6315051    1.293553
             |
reduced_ki~t |
Stage 3a/..  |   .6118213   .2626836    -1.14   0.252     .2637326    1.419336
      1.esrd |   .7398618   .1147577    -1.94   0.052     .5459129    1.002716
1.other_tr~t |   1.177663   .1963526     0.98   0.327     .8493754    1.632836
  1.asplenia |   1.439784   .2540649     2.07   0.039     1.018811    2.034701
1.ra_sle_p~s |   .7757289   .1526938    -1.29   0.197     .5274244    1.140932
1.other_im~o |   .7854925   .1510236    -1.26   0.209      .538871    1.144984
------------------------------------------------------------------------------
                                                             Stratified by stp
   1:      0.74 /        1 =       0.7440

         failure _d:  covidadmission
   analysis time _t:  (stime_covidadmission-origin)
             origin:  time enter_date
  enter on or after:  time enter_date
                 id:  patient_id

Iteration 0:   log pseudolikelihood = -865.81483
Iteration 1:   log pseudolikelihood = -843.44425
Iteration 2:   log pseudolikelihood = -832.36058
Iteration 3:   log pseudolikelihood = -831.26677
Iteration 4:   log pseudolikelihood = -831.16412
Iteration 5:   log pseudolikelihood = -831.13768
Iteration 6:   log pseudolikelihood = -831.12798
Iteration 7:   log pseudolikelihood = -831.12441
Iteration 8:   log pseudolikelihood =  -831.1231
Iteration 9:   log pseudolikelihood = -831.12262
Iteration 10:  log pseudolikelihood = -831.12244
Iteration 11:  log pseudolikelihood = -831.12238
Iteration 12:  log pseudolikelihood = -831.12235
Iteration 13:  log pseudolikelihood = -831.12234
Iteration 14:  log pseudolikelihood = -831.12234
Iteration 15:  log pseudolikelihood = -831.12234
Iteration 16:  log pseudolikelihood = -831.12234
Iteration 17:  log pseudolikelihood = -831.12234
Iteration 18:  log pseudolikelihood = -831.12234
Iteration 19:  log pseudolikelihood = -831.12234
Iteration 20:  log pseudolikelihood = -831.12234
Iteration 21:  log pseudolikelihood = -831.12234
Iteration 22:  log pseudolikelihood = -831.12234
Iteration 23:  log pseudolikelihood = -831.12234
Iteration 24:  log pseudolikelihood = -831.12234
Iteration 25:  log pseudolikelihood = -831.12234
Iteration 26:  log pseudolikelihood = -831.12234
Iteration 27:  log pseudolikelihood = -831.12234
Iteration 28:  log pseudolikelihood = -831.12234
Iteration 29:  log pseudolikelihood = -831.12234
Iteration 30:  log pseudolikelihood = -831.12234
Refining estimates:
Iteration 0:   log pseudolikelihood = -831.12234
Iteration 1:   log pseudolikelihood = -831.12234
Iteration 2:   log pseudolikelihood = -831.12234

Stratified Cox regr. -- Breslow method for ties

No. of subjects      =          891             Number of obs    =         891
No. of failures      =          205
Time at risk         =        21410
                                                Wald chi2(44)    =     6576.24
Log pseudolikelihood =   -831.12234             Prob > chi2      =      0.0000

                         (Std. Err. adjusted for 528 clusters in household_id)
------------------------------------------------------------------------------
             |               Robust
          _t | Haz. Ratio   Std. Err.      z    P>|z|     [95% Conf. Interval]
-------------+----------------------------------------------------------------
   kids_cat4 |
only <12 ..  |   .9382288   .5720751    -0.10   0.917     .2839864    3.099702
 only 12-18  |   .8711993   1.080434    -0.11   0.911     .0766451    9.902629
      mixed  |   1.092668     .55372     0.17   0.861     .4047002    2.950141
             |
        age1 |   1.124915   .0775038     1.71   0.088     .9828204    1.287554
        age2 |    .593055   .2049299    -1.51   0.131     .3012747     1.16742
        age3 |   2.730101   1.833019     1.50   0.135     .7322727    10.17852
      1.male |    .697137   .5696862    -0.44   0.659     .1405185    3.458619
             |
   ethnicity |
Asian or ..  |   .8323925   .2017409    -0.76   0.449      .517641    1.338529
      Other  |   1.123124    .236793     0.55   0.582     .7429598    1.697814
             |
   obese4cat |
Obese I ..)  |   .9095899   .1965622    -0.44   0.661     .5955265    1.389281
Obese II..)  |   .9830171   .2675798    -0.06   0.950     .5765831    1.675947
Obese II..)  |   1.283766   .3644492     0.88   0.379      .735932    2.239412
             |
smoke_nomiss |
     Former  |   2.886803   1.199241     2.55   0.011      1.27882    6.516658
    Current  |   1.095637   .2572289     0.39   0.697     .6915527    1.735834
             |
         imd |
          4  |   1.126425   .2115767     0.63   0.526     .7795089    1.627735
5 most de..  |   1.213689   .2603136     0.90   0.367     .7971508    1.847882
             |
tot_adults~h |
          2  |   2.04e+09          .        .       .            .           .
          3  |   3.19e+09   2.90e+09    24.12   0.000     5.40e+08    1.89e+10
             |
1.htdiag_o~p |   .6950067   .1651944    -1.53   0.126     .4361832    1.107411
1.~y_disease |   1.128921   .2306505     0.59   0.553     .7564046    1.684896
    1.asthma |   .5671608   .1812214    -1.77   0.076     .3031985    1.060927
1.~c_disease |   .6823587   .1377873    -1.89   0.058     .4593369    1.013664
             |
     diabcat |
T1DM, con..  |   2.033998   1.015529     1.42   0.155     .7644775     5.41173
T1DM, unc..  |   4.595363   4.860001     1.44   0.149     .5782283    36.52081
T2DM, con..  |   1.490987   .2733323     2.18   0.029     1.040948    2.135594
T2DM, unc..  |   .7012909   .3389012    -0.73   0.463     .2719895    1.808191
Diabetes,..  |   1.40e-14   1.55e-14   -28.66   0.000     1.57e-15    1.24e-13
             |
cancer_exh~t |
  Last year  |   1.852724   1.977133     0.58   0.563     .2287976    15.00271
2-5 years..  |   1.10e-14   5.73e-15   -61.81   0.000     3.97e-15    3.05e-14
   5+ years  |   1.231749   .2188246     1.17   0.241     .8695671    1.744782
             |
cancer_hae~t |
  Last year  |   2.548413   1.082715     2.20   0.028     1.108229    5.860168
2-5 years..  |    .486129   .3548669    -0.99   0.323     .1162484      2.0329
   5+ years  |    .988641   .2065227    -0.05   0.956     .6564874    1.488849
             |
1.~r_disease |   .8105549   .1821021    -0.93   0.350     .5218535    1.258973
1.stroke_d~a |   .7242092   .1553122    -1.50   0.132     .4756827    1.102582
1.other_ne~o |   .8718118   .1643173    -0.73   0.467     .6025458    1.261408
             |
reduced_ki~t |
Stage 3a/..  |    .619969   .2727464    -1.09   0.277     .2617557    1.468398
      1.esrd |   .7674544   .1195045    -1.70   0.089     .5655973    1.041353
1.other_tr~t |   1.138123   .1916256     0.77   0.442     .8182242    1.583091
  1.asplenia |   1.418646   .2530149     1.96   0.050     1.000144    2.012266
1.ra_sle_p~s |   .7632907   .1491994    -1.38   0.167     .5203634    1.119627
1.other_im~o |   .7764974   .1531739    -1.28   0.200     .5275089     1.14301
             |
        male#|
   kids_cat4 |
          1 #|
only <12 ..  |    1.00549   .9277233     0.01   0.995       .16482    6.134026
          1 #|
 only 12-18  |   7.390116   10.87048     1.36   0.174     .4135971    132.0459
    1#mixed  |   1.024796   .8532506     0.03   0.977     .2004114    5.240255
------------------------------------------------------------------------------
                                                             Stratified by stp
   1:      0.74 /        1 =       0.7370

 ( 1)  1.male#1.kids_cat4 = 0
 ( 2)  1.male#2.kids_cat4 = 0
 ( 3)  1.male#3.kids_cat4 = 0

           chi2(  3) =    2.62
         Prob > chi2 =    0.4543

kids_cat4 
****************

 ( 1)  1.kids_cat4 + 1.male#1.kids_cat4 = 0

------------------------------------------------------------------------------
          _t |     exp(b)   Std. Err.      z    P>|z|     [95% Conf. Interval]
-------------+----------------------------------------------------------------
         (1) |   .9433796   .6889869    -0.08   0.936     .2254347    3.947773
------------------------------------------------------------------------------
kids_cat4
****************

 ( 1)  2.kids_cat4 + 1.male#2.kids_cat4 = 0

------------------------------------------------------------------------------
          _t |     exp(b)   Std. Err.      z    P>|z|     [95% Conf. Interval]
-------------+----------------------------------------------------------------
         (1) |   6.438264   5.372502     2.23   0.026     1.254502    33.04198
------------------------------------------------------------------------------
kids_cat4
****************

 ( 1)  3.kids_cat4 + 1.male#3.kids_cat4 = 0

------------------------------------------------------------------------------
          _t |     exp(b)   Std. Err.      z    P>|z|     [95% Conf. Interval]
-------------+----------------------------------------------------------------
         (1) |   1.119761   .7565873     0.17   0.867     .2978485    4.209741
------------------------------------------------------------------------------
(note: file ./output/an_interaction_cox_models_covidadmission_kids_cat4_male_1_
> timeperiod2.ster not found)
file ./output/an_interaction_cox_models_covidadmission_kids_cat4_male_1_timeper
> iod2.ster saved

. log close
      name:  <unnamed>
       log:  /workspace/logs/10_an_interaction_cox_models_sex_covidadmission.lo
> g
  log type:  text
 closed on:  25 Jul 2021, 08:27:17
-------------------------------------------------------------------------------
