-------------------------------------------------------------------------------
      name:  <unnamed>
       log:  /workspace/logs/10_an_interaction_cox_models_sex_covid_icu.log
  log type:  text
 opened on:  25 Jul 2021, 08:26:18

. 
. 
. *PROG TO DEFINE THE BASIC COX MODEL WITH OPTIONS FOR HANDLING OF AGE, BMI, ET
> HNICITY:
. cap prog drop basemodel

. prog define basemodel
  1.         syntax , exposure(string)  age(string) [ethnicity(real 0) interact
> ion(string)] 
  2. timer clear
  3. timer on 1
  4. stcox   `exposure'                                                        
>       ///
>                         $demogadjlist                                        
>            ///
>                         $comordidadjlist                                     
>            ///
>                         `interaction'                                        
>            ///
>                         , strata(stp) vce(cluster household_id)
  5.         timer off 1
  6. timer list
  7. end

. *****************************************************************************
> ********
. 
. * Open dataset and fit specified model(s)
. forvalues x=0/1 {
  2. forvalues period=0/2 {
  3. 
. use "$tempdir/cr_create_analysis_dataset_STSET_`outcome'_ageband_`x'.dta", cl
> ear
  4. stsplit cat_time, at(0,78,147,400)
  5. recode cat_time 78=1 147=2 400=3
  6. recode `outcome' .=0 
  7. tab cat_time
  8. tab cat_time `outcome'
  9. 
. keep if cat_time==`period'
 10. 
. foreach int_type in  male  {
 11. 
. tab male `outcome'
 12. *Age interaction for 3-level exposure vars
. foreach exposure_type in kids_cat4  {
 13. 
. *Age spline model (not adj ethnicity, no interaction)
. basemodel, exposure("i.`exposure_type'") age("age1 age2 age3")  
 14. 
. *Age spline model (not adj ethnicity, interaction)
. basemodel, exposure("i.`exposure_type'") age("age1 age2 age3")  ///
> interaction(1.`int_type'#1.`exposure_type' 1.`int_type'#2.`exposure_type' 1.`
> int_type'#3.`exposure_type')
 15. if _rc==0{
 16. testparm 1.`int_type'#i.`exposure_type'
 17. di _n "`exposure_type' " _n "****************"
 18. lincom 1.`exposure_type' + 1.`int_type'#1.`exposure_type', eform
 19. di "`exposure_type'" _n "****************"
 20. lincom 2.`exposure_type' + 1.`int_type'#2.`exposure_type', eform
 21. di "`exposure_type'" _n "****************"
 22. lincom 3.`exposure_type' + 1.`int_type'#3.`exposure_type', eform
 23. estimates save ./output/an_interaction_cox_models_`outcome'_`exposure_type
> '_`int_type'_`x'_timeperiod`period', replace
 24. }
 25. else di "WARNING GROUP MODEL DID NOT FIT (OUTCOME `outcome')"
 26. }
 27. }
 28. }
 29. }
(11,234 observations (episodes) created)
(cat_time: 11234 changes made)
(covid_icu: 11234 changes made)

observation |
   interval |      Freq.     Percent        Cum.
------------+-----------------------------------
          0 |     16,005       58.76       58.76
          1 |      8,043       29.53       88.29
          2 |      3,191       11.71      100.00
------------+-----------------------------------
      Total |     27,239      100.00

           |   Failure/censoring
           |     indicator for
observatio |  outcome: covid icu
n interval |         0          1 |     Total
-----------+----------------------+----------
         0 |     9,122      6,883 |    16,005 
         1 |     4,072      3,971 |     8,043 
         2 |     1,627      1,564 |     3,191 
-----------+----------------------+----------
     Total |    14,821     12,418 |    27,239 
(11,236 observations deleted)

           |   Failure/censoring
           |     indicator for
           |  outcome: covid icu
      Male |         0          1 |     Total
-----------+----------------------+----------
         0 |     4,618      3,482 |     8,100 
         1 |     4,504      3,401 |     7,905 
-----------+----------------------+----------
     Total |     9,122      6,883 |    16,005 

         failure _d:  covid_icu
   analysis time _t:  (stime_covid_icu-origin)
             origin:  time enter_date
  enter on or after:  time enter_date
                 id:  patient_id

Iteration 0:   log pseudolikelihood = -48736.856
Iteration 1:   log pseudolikelihood = -48713.104
Iteration 2:   log pseudolikelihood = -48712.839
Iteration 3:   log pseudolikelihood = -48712.839
Refining estimates:
Iteration 0:   log pseudolikelihood = -48712.839

Stratified Cox regr. -- Breslow method for ties

No. of subjects      =       16,005             Number of obs    =      16,005
No. of failures      =        6,883
Time at risk         =       923753
                                                Wald chi2(42)    =       50.67
Log pseudolikelihood =   -48712.839             Prob > chi2      =      0.1687

                       (Std. Err. adjusted for 1,113 clusters in household_id)
------------------------------------------------------------------------------
             |               Robust
          _t | Haz. Ratio   Std. Err.      z    P>|z|     [95% Conf. Interval]
-------------+----------------------------------------------------------------
   kids_cat4 |
only <12 ..  |   .9329492   .0872259    -0.74   0.458     .7767389    1.120575
 only 12-18  |   .8206354   .0934074    -1.74   0.082     .6565438    1.025739
      mixed  |   .9376467   .0799467    -0.76   0.450     .7933469    1.108193
             |
        age1 |   .9954751   .0042171    -1.07   0.284     .9872441    1.003775
        age2 |   1.017674   .0136369     1.31   0.191     .9912937    1.044755
        age3 |   .9524942    .036813    -1.26   0.208     .8830071    1.027449
      1.male |   1.003692   .0240765     0.15   0.878     .9575951    1.052008
             |
   ethnicity |
Asian or ..  |   1.016431   .0417381     0.40   0.691     .9378315    1.101618
      Other  |   1.037246   .0395793     0.96   0.338     .9625021    1.117795
             |
   obese4cat |
Obese I ..)  |   .9913901   .0342792    -0.25   0.803     .9264302    1.060905
Obese II..)  |   .9571041   .0427147    -0.98   0.326     .8769418    1.044594
Obese II..)  |     1.0616   .0535686     1.18   0.236     .9616326     1.17196
             |
smoke_nomiss |
     Former  |   1.044922   .0902168     0.51   0.611     .8822518    1.237585
    Current  |   1.024602   .0372699     0.67   0.504     .9540972    1.100316
             |
         imd |
          4  |    .995458   .0317519    -0.14   0.887     .9351309    1.059677
5 most de..  |   .9797792   .0390515    -0.51   0.608      .906153    1.059388
             |
tot_adults~h |
          2  |   1.131715   .2700315     0.52   0.604     .7089851    1.806496
          3  |    1.29481   .2439297     1.37   0.170     .8950511    1.873114
             |
1.htdiag_o~p |    1.03901   .0465972     0.85   0.393     .9515801    1.134473
1.~y_disease |    1.00951   .0300813     0.32   0.751     .9522407    1.070224
    1.asthma |   1.037172    .046625     0.81   0.417     .9496994    1.132702
1.~c_disease |   .9830358    .029578    -0.57   0.570     .9267402    1.042751
             |
     diabcat |
T1DM, con..  |   .8928722   .0716608    -1.41   0.158     .7629093    1.044974
T1DM, unc..  |   .9242681   .1685893    -0.43   0.666     .6464519    1.321477
T2DM, con..  |   1.068288   .0371105     1.90   0.057      .997974    1.143557
T2DM, unc..  |   .9426524   .0655084    -0.85   0.395     .8226185    1.080201
Diabetes,..  |   .6323296   .3762305    -0.77   0.441     .1970091    2.029555
             |
cancer_exh~t |
  Last year  |   1.344243   .2504818     1.59   0.112       .93297    1.936814
2-5 years..  |    1.17889   .1073411     1.81   0.071     .9862091    1.409216
   5+ years  |   .9846246   .0323177    -0.47   0.637     .9232776    1.050048
             |
cancer_hae~t |
  Last year  |   1.018655    .200555     0.09   0.925     .6925339    1.498351
2-5 years..  |   1.125872   .1104887     1.21   0.227     .9288713    1.364655
   5+ years  |   .9980541   .0327024    -0.06   0.953     .9359732    1.064253
             |
1.~r_disease |   .9605295   .0285889    -1.35   0.176     .9060992    1.018229
1.stroke_d~a |   1.022979   .0314545     0.74   0.460     .9631501    1.086524
1.other_ne~o |   .9791099   .0298665    -0.69   0.489      .922288    1.039432
             |
reduced_ki~t |
Stage 3a/..  |   .5528341    .120691    -2.71   0.007     .3603846    .8480537
      1.esrd |   1.034189   .0261053     1.33   0.183     .9842684    1.086641
1.other_tr~t |   .9482369   .0286956    -1.76   0.079     .8936301    1.006181
  1.asplenia |   .9973287   .0290395    -0.09   0.927      .942006      1.0559
1.ra_sle_p~s |    .945651   .0283157    -1.87   0.062     .8917503     1.00281
1.other_im~o |   1.017931   .0297426     0.61   0.543     .9612741    1.077927
------------------------------------------------------------------------------
                                                             Stratified by stp
   1:      8.62 /        1 =       8.6160

         failure _d:  covid_icu
   analysis time _t:  (stime_covid_icu-origin)
             origin:  time enter_date
  enter on or after:  time enter_date
                 id:  patient_id

Iteration 0:   log pseudolikelihood = -48736.856
Iteration 1:   log pseudolikelihood = -48712.106
Iteration 2:   log pseudolikelihood = -48711.828
Iteration 3:   log pseudolikelihood = -48711.828
Refining estimates:
Iteration 0:   log pseudolikelihood = -48711.828

Stratified Cox regr. -- Breslow method for ties

No. of subjects      =       16,005             Number of obs    =      16,005
No. of failures      =        6,883
Time at risk         =       923753
                                                Wald chi2(45)    =       52.43
Log pseudolikelihood =   -48711.828             Prob > chi2      =      0.2080

                       (Std. Err. adjusted for 1,113 clusters in household_id)
------------------------------------------------------------------------------
             |               Robust
          _t | Haz. Ratio   Std. Err.      z    P>|z|     [95% Conf. Interval]
-------------+----------------------------------------------------------------
   kids_cat4 |
only <12 ..  |   .8452437   .1011621    -1.40   0.160     .6685083    1.068703
 only 12-18  |   .6903346   .1243672    -2.06   0.040     .4849663    .9826702
      mixed  |   .8549133   .0925846    -1.45   0.148     .6914159    1.057072
             |
        age1 |   .9954498   .0042182    -1.08   0.282     .9872165    1.003752
        age2 |   1.017767   .0136382     1.31   0.189     .9913841    1.044851
        age3 |   .9521657    .036796    -1.27   0.205     .8827104    1.027086
      1.male |    .840388   .1207464    -1.21   0.226     .6341322     1.11373
             |
   ethnicity |
Asian or ..  |   1.015789    .041703     0.38   0.703     .9372547    1.100904
      Other  |   1.037601   .0395847     0.97   0.333     .9628459     1.11816
             |
   obese4cat |
Obese I ..)  |   .9916612   .0342889    -0.24   0.809     .9266828    1.061196
Obese II..)  |   .9568927   .0427306    -0.99   0.324     .8767026    1.044418
Obese II..)  |   1.062028    .053559     1.19   0.233      .962075    1.172365
             |
smoke_nomiss |
     Former  |    1.04658   .0903519     0.53   0.598     .8836655    1.239531
    Current  |   1.023868   .0372517     0.65   0.517     .9533981    1.099546
             |
         imd |
          4  |   .9959619    .031753    -0.13   0.899     .9356319    1.060182
5 most de..  |   .9796754   .0390639    -0.51   0.607     .9060268    1.059311
             |
tot_adults~h |
          2  |   1.130853   .2702899     0.51   0.607     .7078753    1.806572
          3  |   1.308386   .2471108     1.42   0.155     .9035913    1.894522
             |
1.htdiag_o~p |   1.039458   .0466566     0.86   0.389     .9519193    1.135046
1.~y_disease |   1.009634   .0300783     0.32   0.748     .9523694    1.070341
    1.asthma |   1.036943   .0466085     0.81   0.420     .9495005    1.132439
1.~c_disease |   .9837218   .0296104    -0.55   0.586     .9273652    1.043503
             |
     diabcat |
T1DM, con..  |   .8940241   .0717657    -1.40   0.163     .7638728    1.046351
T1DM, unc..  |   .9246875   .1686136    -0.43   0.668     .6468168    1.321931
T2DM, con..  |   1.067873   .0370997     1.89   0.059     .9975791     1.14312
T2DM, unc..  |   .9433497   .0655251    -0.84   0.401     .8232812    1.080929
Diabetes,..  |   .6269001   .3735878    -0.78   0.433     .1949588     2.01583
             |
cancer_exh~t |
  Last year  |   1.346305   .2507981     1.60   0.110     .9344934    1.939593
2-5 years..  |   1.177382   .1072343     1.79   0.073      .984898    1.407485
   5+ years  |   .9846009   .0323209    -0.47   0.636     .9232479    1.050031
             |
cancer_hae~t |
  Last year  |   1.020803   .2013338     0.10   0.917     .6935201    1.502537
2-5 years..  |   1.127723   .1106031     1.23   0.220     .9305064    1.366738
   5+ years  |   .9982152   .0327121    -0.05   0.957     .9361164    1.064434
             |
1.~r_disease |   .9608513   .0286052    -1.34   0.180     .9063904    1.018584
1.stroke_d~a |   1.023562    .031476     0.76   0.449     .9636924    1.087151
1.other_ne~o |   .9791942   .0298809    -0.69   0.491     .9223456    1.039547
             |
reduced_ki~t |
Stage 3a/..  |   .5542893   .1209759    -2.70   0.007     .3613752    .8501876
      1.esrd |   1.034646   .0261135     1.35   0.177     .9847098    1.087115
1.other_tr~t |   .9486057   .0287062    -1.74   0.081     .8939787    1.006571
  1.asplenia |   .9971305   .0290429    -0.10   0.921     .9418017     1.05571
1.ra_sle_p~s |   .9454975    .028316    -1.87   0.061     .8915966    1.002657
1.other_im~o |    1.01825   .0297533     0.62   0.536     .9615733    1.078268
             |
        male#|
   kids_cat4 |
          1 #|
only <12 ..  |   1.211182   .1941613     1.20   0.232      .884618    1.658301
          1 #|
 only 12-18  |   1.392476   .3500683     1.32   0.188     .8507376    2.279185
    1#mixed  |   1.195457   .1745278     1.22   0.221     .8979767    1.591487
------------------------------------------------------------------------------
                                                             Stratified by stp
   1:     10.12 /        1 =      10.1190

 ( 1)  1.male#1.kids_cat4 = 0
 ( 2)  1.male#2.kids_cat4 = 0
 ( 3)  1.male#3.kids_cat4 = 0

           chi2(  3) =    2.12
         Prob > chi2 =    0.5479

kids_cat4 
****************

 ( 1)  1.kids_cat4 + 1.male#1.kids_cat4 = 0

------------------------------------------------------------------------------
          _t |     exp(b)   Std. Err.      z    P>|z|     [95% Conf. Interval]
-------------+----------------------------------------------------------------
         (1) |   1.023744   .1295099     0.19   0.853     .7989309    1.311818
------------------------------------------------------------------------------
kids_cat4
****************

 ( 1)  2.kids_cat4 + 1.male#2.kids_cat4 = 0

------------------------------------------------------------------------------
          _t |     exp(b)   Std. Err.      z    P>|z|     [95% Conf. Interval]
-------------+----------------------------------------------------------------
         (1) |   .9612742   .1547799    -0.25   0.806     .7011174    1.317965
------------------------------------------------------------------------------
kids_cat4
****************

 ( 1)  3.kids_cat4 + 1.male#3.kids_cat4 = 0

------------------------------------------------------------------------------
          _t |     exp(b)   Std. Err.      z    P>|z|     [95% Conf. Interval]
-------------+----------------------------------------------------------------
         (1) |   1.022012   .1185517     0.19   0.851     .8141759    1.282904
------------------------------------------------------------------------------
(note: file ./output/an_interaction_cox_models_covid_icu_kids_cat4_male_0_timep
> eriod0.ster not found)
file ./output/an_interaction_cox_models_covid_icu_kids_cat4_male_0_timeperiod0.
> ster saved
(11,234 observations (episodes) created)
(cat_time: 11234 changes made)
(covid_icu: 11234 changes made)

observation |
   interval |      Freq.     Percent        Cum.
------------+-----------------------------------
          0 |     16,005       58.76       58.76
          1 |      8,043       29.53       88.29
          2 |      3,191       11.71      100.00
------------+-----------------------------------
      Total |     27,239      100.00

           |   Failure/censoring
           |     indicator for
observatio |  outcome: covid icu
n interval |         0          1 |     Total
-----------+----------------------+----------
         0 |     9,122      6,883 |    16,005 
         1 |     4,072      3,971 |     8,043 
         2 |     1,627      1,564 |     3,191 
-----------+----------------------+----------
     Total |    14,821     12,418 |    27,239 
(19,198 observations deleted)

           |   Failure/censoring
           |     indicator for
           |  outcome: covid icu
      Male |         0          1 |     Total
-----------+----------------------+----------
         0 |     2,068      1,999 |     4,067 
         1 |     2,004      1,972 |     3,976 
-----------+----------------------+----------
     Total |     4,072      3,971 |     8,043 

         failure _d:  covid_icu
   analysis time _t:  (stime_covid_icu-origin)
             origin:  time enter_date
  enter on or after:  time enter_date
                 id:  patient_id

Iteration 0:   log pseudolikelihood = -25075.463
Iteration 1:   log pseudolikelihood = -25062.249
Iteration 2:   log pseudolikelihood = -25062.196
Iteration 3:   log pseudolikelihood = -25062.196
Refining estimates:
Iteration 0:   log pseudolikelihood = -25062.196

Stratified Cox regr. -- Breslow method for ties

No. of subjects      =        8,043             Number of obs    =       8,043
No. of failures      =        3,971
Time at risk         =       378553
                                                Wald chi2(42)    =       24.37
Log pseudolikelihood =   -25062.196             Prob > chi2      =      0.9865

                       (Std. Err. adjusted for 1,016 clusters in household_id)
------------------------------------------------------------------------------
             |               Robust
          _t | Haz. Ratio   Std. Err.      z    P>|z|     [95% Conf. Interval]
-------------+----------------------------------------------------------------
   kids_cat4 |
only <12 ..  |   1.068262     .14601     0.48   0.629     .8172141    1.396433
 only 12-18  |   .8489252   .1675135    -0.83   0.407     .5766426    1.249776
      mixed  |   1.115016   .1441854     0.84   0.400     .8653867    1.436653
             |
        age1 |   1.001707   .0056361     0.30   0.762     .9907207    1.012814
        age2 |   .9893007   .0176734    -0.60   0.547     .9552609    1.024553
        age3 |    1.03179   .0528628     0.61   0.541     .9332133     1.14078
      1.male |   1.016322   .0331736     0.50   0.620     .9533393    1.083466
             |
   ethnicity |
Asian or ..  |   1.036463   .0560667     0.66   0.508     .9321986    1.152388
      Other  |   1.132409   .0573774     2.45   0.014     1.025355     1.25064
             |
   obese4cat |
Obese I ..)  |   1.007312   .0471349     0.16   0.876     .9190388    1.104063
Obese II..)  |   .9841979   .0569779    -0.28   0.783      .878626    1.102455
Obese II..)  |   .9770318   .0705458    -0.32   0.748     .8481026    1.125561
             |
smoke_nomiss |
     Former  |   1.035512   .1227571     0.29   0.768     .8208189    1.306359
    Current  |   .9940986   .0500544    -0.12   0.906     .9006792    1.097207
             |
         imd |
          4  |   1.022938   .0403281     0.58   0.565     .9468729    1.105114
5 most de..  |   .9790755   .0545224    -0.38   0.704     .8778387    1.091987
             |
tot_adults~h |
          2  |     .70786   .2030029    -1.20   0.228     .4034935    1.241819
          3  |   .8007942   .1845633    -0.96   0.335     .5097298    1.258061
             |
1.htdiag_o~p |   .9954417   .0573818    -0.08   0.937     .8890961    1.114507
1.~y_disease |   .9446213    .038135    -1.41   0.158     .8727587    1.022401
    1.asthma |   1.009442    .059115     0.16   0.873     .8999812    1.132217
1.~c_disease |   1.014149   .0419398     0.34   0.734     .9351921    1.099773
             |
     diabcat |
T1DM, con..  |   .9127114   .0930068    -0.90   0.370     .7474715     1.11448
T1DM, unc..  |   .9836144   .2025965    -0.08   0.936     .6569037    1.472815
T2DM, con..  |   .9375674   .0410372    -1.47   0.141     .8604893     1.02155
T2DM, unc..  |   .9559582   .0851299    -0.51   0.613     .8028563    1.138256
Diabetes,..  |   .7265157   .3803598    -0.61   0.542     .2603797    2.027136
             |
cancer_exh~t |
  Last year  |   .7242319   .2209838    -1.06   0.290     .3982463    1.317054
2-5 years..  |   .9861135   .1226199    -0.11   0.910     .7728279    1.258262
   5+ years  |   1.016717   .0413178     0.41   0.683     .9388762     1.10101
             |
cancer_hae~t |
  Last year  |   .9485592   .2550969    -0.20   0.844      .559951    1.606863
2-5 years..  |   .9094479   .1387398    -0.62   0.534     .6744097    1.226399
   5+ years  |    1.05059   .0427408     1.21   0.225     .9700725    1.137791
             |
1.~r_disease |   .9895388   .0376524    -0.28   0.782     .9184261    1.066158
1.stroke_d~a |   .9544217     .03947    -1.13   0.259      .880114    1.035003
1.other_ne~o |   .9697071   .0383867    -0.78   0.437     .8973151    1.047939
             |
reduced_ki~t |
Stage 3a/..  |   1.082426   .2230087     0.38   0.701     .7228162    1.620945
      1.esrd |   .9971392   .0324961    -0.09   0.930     .9354395    1.062908
1.other_tr~t |   .9855508   .0394639    -0.36   0.716     .9111603    1.066015
  1.asplenia |   1.004395   .0381308     0.12   0.908     .9323733    1.081981
1.ra_sle_p~s |     1.0148   .0426675     0.35   0.727     .9345265    1.101969
1.other_im~o |   1.014962   .0407525     0.37   0.711     .9381502    1.098062
------------------------------------------------------------------------------
                                                             Stratified by stp
   1:      4.42 /        1 =       4.4170

         failure _d:  covid_icu
   analysis time _t:  (stime_covid_icu-origin)
             origin:  time enter_date
  enter on or after:  time enter_date
                 id:  patient_id

Iteration 0:   log pseudolikelihood = -25075.463
Iteration 1:   log pseudolikelihood = -25059.199
Iteration 2:   log pseudolikelihood = -25059.001
Iteration 3:   log pseudolikelihood = -25059.001
Iteration 4:   log pseudolikelihood = -25059.001
Refining estimates:
Iteration 0:   log pseudolikelihood = -25059.001

Stratified Cox regr. -- Breslow method for ties

No. of subjects      =        8,043             Number of obs    =       8,043
No. of failures      =        3,971
Time at risk         =       378553
                                                Wald chi2(45)    =       28.99
Log pseudolikelihood =   -25059.001             Prob > chi2      =      0.9693

                       (Std. Err. adjusted for 1,016 clusters in household_id)
------------------------------------------------------------------------------
             |               Robust
          _t | Haz. Ratio   Std. Err.      z    P>|z|     [95% Conf. Interval]
-------------+----------------------------------------------------------------
   kids_cat4 |
only <12 ..  |   1.237437   .2383735     1.11   0.269     .8483045     1.80507
 only 12-18  |   .8040688   .2662211    -0.66   0.510     .4202104    1.538578
      mixed  |   1.350849   .2447737     1.66   0.097     .9470416    1.926834
             |
        age1 |   1.001477    .005626     0.26   0.793     .9905111    1.012565
        age2 |   .9897179   .0176557    -0.58   0.562     .9557114    1.024935
        age3 |   1.031264   .0527758     0.60   0.547     .9328436    1.140068
      1.male |    1.40915   .3153399     1.53   0.125     .9088144    2.184939
             |
   ethnicity |
Asian or ..  |   1.034374   .0560538     0.62   0.533     .9301441    1.150284
      Other  |   1.131543   .0573748     2.44   0.015     1.024497    1.249773
             |
   obese4cat |
Obese I ..)  |   1.008898   .0472744     0.19   0.850     .9203693    1.105942
Obese II..)  |   .9874176   .0572199    -0.22   0.827      .881403    1.106184
Obese II..)  |   .9773204   .0706138    -0.32   0.751     .8482728       1.126
             |
smoke_nomiss |
     Former  |   1.033818   .1230092     0.28   0.780      .818773    1.305343
    Current  |   .9928436   .0499529    -0.14   0.886     .8996102    1.095739
             |
         imd |
          4  |   1.021154   .0403647     0.53   0.596     .9450274    1.103412
5 most de..  |    .978069   .0544382    -0.40   0.690     .8769859    1.090803
             |
tot_adults~h |
          2  |   .7123461    .206937    -1.17   0.243     .4031034    1.258826
          3  |   .7965607   .1885866    -0.96   0.337     .5008365    1.266898
             |
1.htdiag_o~p |   .9954797   .0574179    -0.08   0.937     .8890706    1.114624
1.~y_disease |   .9437122   .0380975    -1.44   0.151       .87192    1.021416
    1.asthma |   1.009792   .0591434     0.17   0.868     .9002788    1.132626
1.~c_disease |   1.012879    .041905     0.31   0.757      .933988    1.098433
             |
     diabcat |
T1DM, con..  |   .9093078   .0926992    -0.93   0.351     .7446212    1.110418
T1DM, unc..  |   .9752464   .2020781    -0.12   0.904     .6497395    1.463826
T2DM, con..  |   .9366276   .0410261    -1.49   0.135     .8595728     1.02059
T2DM, unc..  |   .9558181   .0850133    -0.51   0.611     .8029099    1.137846
Diabetes,..  |   .7306958   .3799407    -0.60   0.546     .2637159    2.024589
             |
cancer_exh~t |
  Last year  |   .7188369   .2204964    -1.08   0.282     .3940327     1.31138
2-5 years..  |   .9860242   .1225107    -0.11   0.910     .7729086    1.257902
   5+ years  |   1.018584   .0413962     0.45   0.650     .9405961    1.103038
             |
cancer_hae~t |
  Last year  |   .9473211   .2551371    -0.20   0.841     .5587885    1.606005
2-5 years..  |   .9127404    .139214    -0.60   0.549     .6768919    1.230765
   5+ years  |   1.049656   .0427731     1.19   0.234     .9690827    1.136929
             |
1.~r_disease |   .9896329   .0376854    -0.27   0.784     .9184599    1.066321
1.stroke_d~a |   .9536657   .0395078    -1.15   0.252     .8792922     1.03433
1.other_ne~o |    .970669   .0383794    -0.75   0.451     .8982877    1.048883
             |
reduced_ki~t |
Stage 3a/..  |   1.080907   .2220491     0.38   0.705     .7226487    1.616774
      1.esrd |   .9970566   .0324583    -0.09   0.928     .9354265    1.062747
1.other_tr~t |    .986438   .0395289    -0.34   0.733     .9119272    1.067037
  1.asplenia |   1.006051   .0382565     0.16   0.874     .9337955    1.083897
1.ra_sle_p~s |     1.0142   .0427001     0.33   0.738     .9338689     1.10144
1.other_im~o |   1.015171   .0407487     0.38   0.708     .9383662    1.098263
             |
        male#|
   kids_cat4 |
          1 #|
only <12 ..  |   .7689233   .1881374    -1.07   0.283     .4760078    1.242087
          1 #|
 only 12-18  |   1.124584   .4301821     0.31   0.759     .5313562    2.380117
    1#mixed  |   .7041681    .159339    -1.55   0.121     .4519252    1.097201
------------------------------------------------------------------------------
                                                             Stratified by stp
   1:      4.77 /        1 =       4.7660

 ( 1)  1.male#1.kids_cat4 = 0
 ( 2)  1.male#2.kids_cat4 = 0
 ( 3)  1.male#3.kids_cat4 = 0

           chi2(  3) =    5.11
         Prob > chi2 =    0.1642

kids_cat4 
****************

 ( 1)  1.kids_cat4 + 1.male#1.kids_cat4 = 0

------------------------------------------------------------------------------
          _t |     exp(b)   Std. Err.      z    P>|z|     [95% Conf. Interval]
-------------+----------------------------------------------------------------
         (1) |   .9514938   .1654695    -0.29   0.775     .6766713    1.337932
------------------------------------------------------------------------------
kids_cat4
****************

 ( 1)  2.kids_cat4 + 1.male#2.kids_cat4 = 0

------------------------------------------------------------------------------
          _t |     exp(b)   Std. Err.      z    P>|z|     [95% Conf. Interval]
-------------+----------------------------------------------------------------
         (1) |   .9042431   .1981126    -0.46   0.646     .5885639    1.389238
------------------------------------------------------------------------------
kids_cat4
****************

 ( 1)  3.kids_cat4 + 1.male#3.kids_cat4 = 0

------------------------------------------------------------------------------
          _t |     exp(b)   Std. Err.      z    P>|z|     [95% Conf. Interval]
-------------+----------------------------------------------------------------
         (1) |   .9512246   .1542041    -0.31   0.758     .6922992     1.30699
------------------------------------------------------------------------------
(note: file ./output/an_interaction_cox_models_covid_icu_kids_cat4_male_0_timep
> eriod1.ster not found)
file ./output/an_interaction_cox_models_covid_icu_kids_cat4_male_0_timeperiod1.
> ster saved
(11,234 observations (episodes) created)
(cat_time: 11234 changes made)
(covid_icu: 11234 changes made)

observation |
   interval |      Freq.     Percent        Cum.
------------+-----------------------------------
          0 |     16,005       58.76       58.76
          1 |      8,043       29.53       88.29
          2 |      3,191       11.71      100.00
------------+-----------------------------------
      Total |     27,239      100.00

           |   Failure/censoring
           |     indicator for
observatio |  outcome: covid icu
n interval |         0          1 |     Total
-----------+----------------------+----------
         0 |     9,122      6,883 |    16,005 
         1 |     4,072      3,971 |     8,043 
         2 |     1,627      1,564 |     3,191 
-----------+----------------------+----------
     Total |    14,821     12,418 |    27,239 
(24,050 observations deleted)

           |   Failure/censoring
           |     indicator for
           |  outcome: covid icu
      Male |         0          1 |     Total
-----------+----------------------+----------
         0 |       799        819 |     1,618 
         1 |       828        745 |     1,573 
-----------+----------------------+----------
     Total |     1,627      1,564 |     3,191 

         failure _d:  covid_icu
   analysis time _t:  (stime_covid_icu-origin)
             origin:  time enter_date
  enter on or after:  time enter_date
                 id:  patient_id

Iteration 0:   log pseudolikelihood = -8238.4564
Iteration 1:   log pseudolikelihood =  -8206.488
Iteration 2:   log pseudolikelihood = -8204.9652
Iteration 3:   log pseudolikelihood = -8204.6772
Iteration 4:   log pseudolikelihood = -8204.6187
Iteration 5:   log pseudolikelihood = -8204.5994
Iteration 6:   log pseudolikelihood = -8204.5923
Iteration 7:   log pseudolikelihood = -8204.5897
Iteration 8:   log pseudolikelihood = -8204.5888
Iteration 9:   log pseudolikelihood = -8204.5884
Iteration 10:  log pseudolikelihood = -8204.5883
Iteration 11:  log pseudolikelihood = -8204.5882
Iteration 12:  log pseudolikelihood = -8204.5882
Iteration 13:  log pseudolikelihood = -8204.5882
Iteration 14:  log pseudolikelihood = -8204.5882
Iteration 15:  log pseudolikelihood = -8204.5882
Iteration 16:  log pseudolikelihood = -8204.5882
Iteration 17:  log pseudolikelihood = -8204.5882
Iteration 18:  log pseudolikelihood = -8204.5882
Iteration 19:  log pseudolikelihood = -8204.5882
Iteration 20:  log pseudolikelihood = -8204.5882
Iteration 21:  log pseudolikelihood = -8204.5882
Iteration 22:  log pseudolikelihood = -8204.5882
Iteration 23:  log pseudolikelihood = -8204.5882
Iteration 24:  log pseudolikelihood = -8204.5882
Iteration 25:  log pseudolikelihood = -8204.5882
Iteration 26:  log pseudolikelihood = -8204.5882
Iteration 27:  log pseudolikelihood = -8204.5882
Iteration 28:  log pseudolikelihood = -8204.5882
Iteration 29:  log pseudolikelihood = -8204.5882
Iteration 30:  log pseudolikelihood = -8204.5882
Iteration 31:  log pseudolikelihood = -8204.5882
Refining estimates:
Iteration 0:   log pseudolikelihood = -8204.5882
Iteration 1:   log pseudolikelihood = -8204.5882
Iteration 2:   log pseudolikelihood = -8204.5882

Stratified Cox regr. -- Breslow method for ties

No. of subjects      =        3,191             Number of obs    =       3,191
No. of failures      =        1,564
Time at risk         =       113995
                                                Wald chi2(42)    =     3155.56
Log pseudolikelihood =   -8204.5882             Prob > chi2      =      0.0000

                         (Std. Err. adjusted for 858 clusters in household_id)
------------------------------------------------------------------------------
             |               Robust
          _t | Haz. Ratio   Std. Err.      z    P>|z|     [95% Conf. Interval]
-------------+----------------------------------------------------------------
   kids_cat4 |
only <12 ..  |   1.331244   .2604643     1.46   0.144     .9072273    1.953437
 only 12-18  |    1.40002   .3517811     1.34   0.181      .855567    2.290944
      mixed  |   1.462296   .2712135     2.05   0.040     1.016628    2.103336
             |
        age1 |   .9814342   .0092659    -1.98   0.047     .9634404     .999764
        age2 |    1.06626   .0321907     2.13   0.034     1.004998    1.131257
        age3 |   .8277524   .0713365    -2.19   0.028     .6991061    .9800715
      1.male |   .8987765   .0464707    -2.06   0.039     .8121587    .9946323
             |
   ethnicity |
Asian or ..  |   1.017727    .092596     0.19   0.847     .8515036      1.2164
      Other  |   .8316091   .0796078    -1.93   0.054     .6893438    1.003235
             |
   obese4cat |
Obese I ..)  |   .9370115   .0677415    -0.90   0.368     .8132181     1.07965
Obese II..)  |   .7574145    .075354    -2.79   0.005     .6232308    .9204885
Obese II..)  |    1.00492   .1131438     0.04   0.965     .8059249    1.253049
             |
smoke_nomiss |
     Former  |   1.026159   .2036179     0.13   0.896     .6955254    1.513966
    Current  |   1.050767   .0754287     0.69   0.490     .9128581     1.20951
             |
         imd |
          4  |    .985481   .0637448    -0.23   0.821     .8681388    1.118684
5 most de..  |   .9739072   .0806609    -0.32   0.750     .8279791    1.145554
             |
tot_adults~h |
          2  |   .7437388   .2772523    -0.79   0.427     .3581855    1.544304
          3  |   .5489396   .1679555    -1.96   0.050     .3013616    .9999106
             |
1.htdiag_o~p |   .8224831    .068263    -2.35   0.019     .6990052    .9677731
1.~y_disease |   .9411835   .0615027    -0.93   0.354     .8280405    1.069786
    1.asthma |   .9852375   .0943433    -0.16   0.877     .8166435    1.188637
1.~c_disease |   1.018475   .0667314     0.28   0.780     .8957337    1.158035
             |
     diabcat |
T1DM, con..  |    1.05238   .1494411     0.36   0.719     .7967079    1.390099
T1DM, unc..  |   1.409656   .3387235     1.43   0.153     .8801962    2.257598
T2DM, con..  |   1.037563   .0701904     0.55   0.586     .9087227    1.184671
T2DM, unc..  |   .9067489    .130825    -0.68   0.497     .6834022    1.203089
Diabetes,..  |   4.16e-15   2.60e-15   -53.03   0.000     1.22e-15    1.41e-14
             |
cancer_exh~t |
  Last year  |   .1183821   .1221672    -2.07   0.039     .0156628     .894753
2-5 years..  |   1.276664   .2121883     1.47   0.142     .9217275    1.768279
   5+ years  |   1.150433   .0776723     2.08   0.038      1.00784      1.3132
             |
cancer_hae~t |
  Last year  |   .5680141   .2759824    -1.16   0.244     .2191714     1.47209
2-5 years..  |   .7123496   .1632311    -1.48   0.139     .4546163    1.116199
   5+ years  |    1.02748   .0692554     0.40   0.688     .9003257    1.172592
             |
1.~r_disease |   1.097031   .0652071     1.56   0.119     .9763914    1.232577
1.stroke_d~a |   1.093874   .0688528     1.43   0.154     .9669171      1.2375
1.other_ne~o |   1.028804    .066895     0.44   0.662     .9057031    1.168637
             |
reduced_ki~t |
Stage 3a/..  |   .9097224   .2563249    -0.34   0.737     .5236883    1.580319
      1.esrd |   .9976398   .0528032    -0.04   0.964     .8993346    1.106691
1.other_tr~t |   1.025873   .0647781     0.40   0.686     .9064522    1.161027
  1.asplenia |   .8963349   .0612302    -1.60   0.109      .784013    1.024749
1.ra_sle_p~s |   .9183473   .0619579    -1.26   0.207     .8045983    1.048177
1.other_im~o |    .997776   .0612497    -0.04   0.971     .8846694    1.125343
------------------------------------------------------------------------------
                                                             Stratified by stp
   1:      4.18 /        1 =       4.1760

         failure _d:  covid_icu
   analysis time _t:  (stime_covid_icu-origin)
             origin:  time enter_date
  enter on or after:  time enter_date
                 id:  patient_id

Iteration 0:   log pseudolikelihood = -8238.4564
Iteration 1:   log pseudolikelihood = -8205.8488
Iteration 2:   log pseudolikelihood = -8204.3075
Iteration 3:   log pseudolikelihood = -8204.0181
Iteration 4:   log pseudolikelihood = -8203.9595
Iteration 5:   log pseudolikelihood = -8203.9402
Iteration 6:   log pseudolikelihood = -8203.9332
Iteration 7:   log pseudolikelihood = -8203.9305
Iteration 8:   log pseudolikelihood = -8203.9296
Iteration 9:   log pseudolikelihood = -8203.9292
Iteration 10:  log pseudolikelihood = -8203.9291
Iteration 11:  log pseudolikelihood = -8203.9291
Iteration 12:  log pseudolikelihood =  -8203.929
Iteration 13:  log pseudolikelihood =  -8203.929
Iteration 14:  log pseudolikelihood =  -8203.929
Iteration 15:  log pseudolikelihood =  -8203.929
Iteration 16:  log pseudolikelihood =  -8203.929
Iteration 17:  log pseudolikelihood =  -8203.929
Iteration 18:  log pseudolikelihood =  -8203.929
Iteration 19:  log pseudolikelihood =  -8203.929
Iteration 20:  log pseudolikelihood =  -8203.929
Iteration 21:  log pseudolikelihood =  -8203.929
Iteration 22:  log pseudolikelihood =  -8203.929
Iteration 23:  log pseudolikelihood =  -8203.929
Iteration 24:  log pseudolikelihood =  -8203.929
Iteration 25:  log pseudolikelihood =  -8203.929
Iteration 26:  log pseudolikelihood =  -8203.929
Iteration 27:  log pseudolikelihood =  -8203.929
Iteration 28:  log pseudolikelihood =  -8203.929
Iteration 29:  log pseudolikelihood =  -8203.929
Refining estimates:
Iteration 0:   log pseudolikelihood =  -8203.929
Iteration 1:   log pseudolikelihood =  -8203.929
Iteration 2:   log pseudolikelihood =  -8203.929
Iteration 3:   log pseudolikelihood =  -8203.929
Iteration 4:   log pseudolikelihood =  -8203.929
Iteration 5:   log pseudolikelihood =  -8203.929
Iteration 6:   log pseudolikelihood =  -8203.929
Iteration 7:   log pseudolikelihood =  -8203.929

Stratified Cox regr. -- Breslow method for ties

No. of subjects      =        3,191             Number of obs    =       3,191
No. of failures      =        1,564
Time at risk         =       113995
                                                Wald chi2(45)    =     3749.16
Log pseudolikelihood =    -8203.929             Prob > chi2      =      0.0000

                         (Std. Err. adjusted for 858 clusters in household_id)
------------------------------------------------------------------------------
             |               Robust
          _t | Haz. Ratio   Std. Err.      z    P>|z|     [95% Conf. Interval]
-------------+----------------------------------------------------------------
   kids_cat4 |
only <12 ..  |   1.563714   .3887941     1.80   0.072     .9605472    2.545633
 only 12-18  |   1.456646   .5101554     1.07   0.283     .7332315     2.89379
      mixed  |   1.633415   .3699854     2.17   0.030     1.047829    2.546258
             |
        age1 |   .9813061   .0092542    -2.00   0.045     .9633349    .9996126
        age2 |   1.066407   .0321705     2.13   0.033     1.005182    1.131361
        age3 |    .827918   .0713135    -2.19   0.028     .6993076    .9801814
      1.male |   1.177113   .3560099     0.54   0.590     .6506961    2.129406
             |
   ethnicity |
Asian or ..  |   1.016383   .0925709     0.18   0.858     .8502193    1.215021
      Other  |   .8303303   .0796161    -1.94   0.052     .6880715    1.002001
             |
   obese4cat |
Obese I ..)  |   .9401059   .0682009    -0.85   0.395     .8155029    1.083747
Obese II..)  |     .75803   .0754526    -2.78   0.005     .6236771    .9213254
Obese II..)  |   1.008412   .1136267     0.07   0.941      .808585    1.257623
             |
smoke_nomiss |
     Former  |   1.028203    .203004     0.14   0.888     .6982664    1.514037
    Current  |   1.050552   .0755053     0.69   0.493     .9125147     1.20947
             |
         imd |
          4  |   .9836686   .0639161    -0.25   0.800     .8660443    1.117269
5 most de..  |    .971937   .0805344    -0.34   0.731      .826243    1.143322
             |
tot_adults~h |
          2  |   .7749739   .2892293    -0.68   0.495      .372914    1.610518
          3  |   .5694036   .1765074    -1.82   0.069     .3101411    1.045397
             |
1.htdiag_o~p |   .8217795   .0682671    -2.36   0.018     .6983032    .9670891
1.~y_disease |   .9407653   .0614117    -0.94   0.350     .8277824    1.069169
    1.asthma |   .9887358   .0945469    -0.12   0.906     .8197567    1.192547
1.~c_disease |   1.016121    .066686     0.24   0.807     .8934762    1.155602
             |
     diabcat |
T1DM, con..  |    1.04897   .1491935     0.34   0.737      .793776    1.386207
T1DM, unc..  |   1.398971   .3394752     1.38   0.166     .8694722    2.250929
T2DM, con..  |   1.035267    .069915     0.51   0.608     .9069179    1.181781
T2DM, unc..  |   .9068433   .1308821    -0.68   0.498     .6834091    1.203327
Diabetes,..  |   2.07e-16   1.30e-16   -57.80   0.000     6.09e-17    7.05e-16
             |
cancer_exh~t |
  Last year  |   .1163511   .1203752    -2.08   0.038     .0153155    .8839167
2-5 years..  |   1.279164    .212797     1.48   0.139     .9232589    1.772266
   5+ years  |   1.151373   .0778326     2.09   0.037     1.008498    1.314489
             |
cancer_hae~t |
  Last year  |   .5684837   .2761138    -1.16   0.245     .2194258    1.472816
2-5 years..  |   .7161561   .1637806    -1.46   0.144     .4574494    1.121172
   5+ years  |    1.02835   .0693297     0.41   0.678     .9010616    1.173621
             |
1.~r_disease |   1.098678    .065247     1.58   0.113     .9779587      1.2343
1.stroke_d~a |   1.093888   .0690303     1.42   0.155     .9666234    1.237908
1.other_ne~o |   1.029618    .067051     0.45   0.654     .9062413    1.169791
             |
reduced_ki~t |
Stage 3a/..  |   .9051479   .2529475    -0.36   0.721     .5234167    1.565278
      1.esrd |   .9972533   .0528438    -0.05   0.959     .8988782    1.106395
1.other_tr~t |   1.028013   .0651542     0.44   0.663     .9079265    1.163984
  1.asplenia |    .897094   .0612643    -1.59   0.112     .7847073    1.025577
1.ra_sle_p~s |   .9187866   .0620428    -1.25   0.210     .8048884    1.048802
1.other_im~o |   .9957625   .0612417    -0.07   0.945     .8826832    1.123328
             |
        male#|
   kids_cat4 |
          1 #|
only <12 ..  |   .6883831   .2369082    -1.09   0.278     .3506612    1.351365
          1 #|
 only 12-18  |   .8954288   .4227511    -0.23   0.815     .3549446    2.258923
    1#mixed  |   .7633782   .2346122    -0.88   0.380     .4179617    1.394258
------------------------------------------------------------------------------
                                                             Stratified by stp
   1:      5.35 /        1 =       5.3460

 ( 1)  1.male#1.kids_cat4 = 0
 ( 2)  1.male#2.kids_cat4 = 0
 ( 3)  1.male#3.kids_cat4 = 0

           chi2(  3) =    1.36
         Prob > chi2 =    0.7141

kids_cat4 
****************

 ( 1)  1.kids_cat4 + 1.male#1.kids_cat4 = 0

------------------------------------------------------------------------------
          _t |     exp(b)   Std. Err.      z    P>|z|     [95% Conf. Interval]
-------------+----------------------------------------------------------------
         (1) |   1.076434   .2964187     0.27   0.789     .6274675    1.846646
------------------------------------------------------------------------------
kids_cat4
****************

 ( 1)  2.kids_cat4 + 1.male#2.kids_cat4 = 0

------------------------------------------------------------------------------
          _t |     exp(b)   Std. Err.      z    P>|z|     [95% Conf. Interval]
-------------+----------------------------------------------------------------
         (1) |   1.304323   .4420134     0.78   0.433      .671316    2.534214
------------------------------------------------------------------------------
kids_cat4
****************

 ( 1)  3.kids_cat4 + 1.male#3.kids_cat4 = 0

------------------------------------------------------------------------------
          _t |     exp(b)   Std. Err.      z    P>|z|     [95% Conf. Interval]
-------------+----------------------------------------------------------------
         (1) |   1.246913   .3216166     0.86   0.392     .7521174    2.067221
------------------------------------------------------------------------------
(note: file ./output/an_interaction_cox_models_covid_icu_kids_cat4_male_0_timep
> eriod2.ster not found)
file ./output/an_interaction_cox_models_covid_icu_kids_cat4_male_0_timeperiod2.
> ster saved
(3,259 observations (episodes) created)
(cat_time: 3259 changes made)
(covid_icu: 3259 changes made)

observation |
   interval |      Freq.     Percent        Cum.
------------+-----------------------------------
          0 |      4,605       58.56       58.56
          1 |      2,314       29.43       87.98
          2 |        945       12.02      100.00
------------+-----------------------------------
      Total |      7,864      100.00

           |   Failure/censoring
           |     indicator for
observatio |  outcome: covid icu
n interval |         0          1 |     Total
-----------+----------------------+----------
         0 |     2,609      1,996 |     4,605 
         1 |     1,199      1,115 |     2,314 
         2 |       468        477 |       945 
-----------+----------------------+----------
     Total |     4,276      3,588 |     7,864 
(3,259 observations deleted)

           |   Failure/censoring
           |     indicator for
           |  outcome: covid icu
      Male |         0          1 |     Total
-----------+----------------------+----------
         0 |     1,339      1,016 |     2,355 
         1 |     1,270        980 |     2,250 
-----------+----------------------+----------
     Total |     2,609      1,996 |     4,605 

         failure _d:  covid_icu
   analysis time _t:  (stime_covid_icu-origin)
             origin:  time enter_date
  enter on or after:  time enter_date
                 id:  patient_id

Iteration 0:   log pseudolikelihood = -11644.685
Iteration 1:   log pseudolikelihood = -11623.716
Iteration 2:   log pseudolikelihood = -11622.771
Iteration 3:   log pseudolikelihood = -11622.706
Iteration 4:   log pseudolikelihood = -11622.705
Iteration 5:   log pseudolikelihood = -11622.705
Refining estimates:
Iteration 0:   log pseudolikelihood = -11622.705

Stratified Cox regr. -- Breslow method for ties

No. of subjects      =        4,605             Number of obs    =       4,605
No. of failures      =        1,996
Time at risk         =       266199
                                                Wald chi2(42)    =       40.62
Log pseudolikelihood =   -11622.705             Prob > chi2      =      0.5317

                         (Std. Err. adjusted for 928 clusters in household_id)
------------------------------------------------------------------------------
             |               Robust
          _t | Haz. Ratio   Std. Err.      z    P>|z|     [95% Conf. Interval]
-------------+----------------------------------------------------------------
   kids_cat4 |
only <12 ..  |   1.092883   .2003313     0.48   0.628     .7630342    1.565321
 only 12-18  |   1.228354    .259388     0.97   0.330     .8120411    1.858101
      mixed  |    1.10437   .1943857     0.56   0.573     .7821505    1.559333
             |
        age1 |   1.009936   .0199709     0.50   0.617     .9715422    1.049846
        age2 |   .9326821   .0950475    -0.68   0.494     .7638174    1.138879
        age3 |   1.150904   .2311508     0.70   0.484     .7763926     1.70607
      1.male |   1.033843   .0454314     0.76   0.449     .9485262    1.126834
             |
   ethnicity |
Asian or ..  |   1.051703   .0809577     0.65   0.513     .9044186    1.222972
      Other  |   1.016753   .0716369     0.24   0.814      .885611    1.167316
             |
   obese4cat |
Obese I ..)  |   1.075122    .068768     1.13   0.257     .9484459    1.218718
Obese II..)  |   .9823931   .0746764    -0.23   0.815     .8464112    1.140221
Obese II..)  |    1.01326   .0932237     0.14   0.886     .8460719    1.213486
             |
smoke_nomiss |
     Former  |   1.064795   .1635711     0.41   0.683     .7879649    1.438883
    Current  |   1.060057   .0742869     0.83   0.405     .9240137    1.216129
             |
         imd |
          4  |   .9919897   .0576744    -0.14   0.890     .8851527    1.111722
5 most de..  |   .9394429   .0720458    -0.81   0.415     .8083358    1.091815
             |
tot_adults~h |
          2  |   .7915218   .2589035    -0.71   0.475     .4169062    1.502752
          3  |   .5950734   .1784793    -1.73   0.084     .3305759    1.071198
             |
1.htdiag_o~p |   1.017111    .088304     0.20   0.845     .8579626    1.205781
1.~y_disease |   1.047085   .0577659     0.83   0.404     .9397721    1.166652
    1.asthma |   .8480133   .0730039    -1.92   0.055     .7163484    1.003878
1.~c_disease |     .92667   .0545316    -1.29   0.196     .8257233    1.039958
             |
     diabcat |
T1DM, con..  |   .8562744   .1393316    -0.95   0.340     .6224534    1.177929
T1DM, unc..  |   .7464211   .2371131    -0.92   0.357     .4004844    1.391176
T2DM, con..  |   1.010805   .0592206     0.18   0.854     .9011507    1.133802
T2DM, unc..  |    1.08173   .1337753     0.64   0.525     .8488925    1.378432
Diabetes,..  |   1.157386   .7750671     0.22   0.827     .3114973    4.300338
             |
cancer_exh~t |
  Last year  |   .1904303   .1351647    -2.34   0.019     .0473768    .7654324
2-5 years..  |   .8240439   .1565842    -1.02   0.308     .5678134      1.1959
   5+ years  |   .9808714    .058242    -0.33   0.745     .8731112    1.101931
             |
cancer_hae~t |
  Last year  |   1.220799   .3489912     0.70   0.485     .6971239    2.137854
2-5 years..  |   .6798509   .1388059    -1.89   0.059     .4556412    1.014389
   5+ years  |   .9179588   .0556909    -1.41   0.158     .8150464    1.033866
             |
1.~r_disease |   1.024976   .0580491     0.44   0.663     .9172889    1.145305
1.stroke_d~a |   1.000731   .0540557     0.01   0.989     .9001989    1.112489
1.other_ne~o |   1.002311   .0553179     0.04   0.967     .8995481    1.116813
             |
reduced_ki~t |
Stage 3a/..  |   1.079219   .1115359     0.74   0.461     .8813306    1.321539
      1.esrd |   1.135648   .0529838     2.73   0.006     1.036408     1.24439
1.other_tr~t |   .9993635    .055238    -0.01   0.991     .8967572     1.11371
  1.asplenia |   .9835422    .056378    -0.29   0.772     .8790244    1.100487
1.ra_sle_p~s |   1.024012   .0568581     0.43   0.669     .9184216    1.141742
1.other_im~o |   .9449995   .0551876    -0.97   0.333     .8427946    1.059599
------------------------------------------------------------------------------
                                                             Stratified by stp
   1:      2.93 /        1 =       2.9280

         failure _d:  covid_icu
   analysis time _t:  (stime_covid_icu-origin)
             origin:  time enter_date
  enter on or after:  time enter_date
                 id:  patient_id

Iteration 0:   log pseudolikelihood = -11644.685
Iteration 1:   log pseudolikelihood = -11621.716
Iteration 2:   log pseudolikelihood = -11620.667
Iteration 3:   log pseudolikelihood =   -11620.6
Iteration 4:   log pseudolikelihood = -11620.599
Iteration 5:   log pseudolikelihood = -11620.599
Refining estimates:
Iteration 0:   log pseudolikelihood = -11620.599

Stratified Cox regr. -- Breslow method for ties

No. of subjects      =        4,605             Number of obs    =       4,605
No. of failures      =        1,996
Time at risk         =       266199
                                                Wald chi2(45)    =       46.92
Log pseudolikelihood =   -11620.599             Prob > chi2      =      0.3939

                         (Std. Err. adjusted for 928 clusters in household_id)
------------------------------------------------------------------------------
             |               Robust
          _t | Haz. Ratio   Std. Err.      z    P>|z|     [95% Conf. Interval]
-------------+----------------------------------------------------------------
   kids_cat4 |
only <12 ..  |   1.226979   .3013665     0.83   0.405     .7581725    1.985667
 only 12-18  |   .9901466   .2850367    -0.03   0.973     .5631984    1.740755
      mixed  |   1.230123   .2795681     0.91   0.362     .7879476    1.920436
             |
        age1 |   1.009127    .020028     0.46   0.647     .9706264    1.049154
        age2 |   .9383096   .0959694    -0.62   0.534     .7678672    1.146585
        age3 |   1.136957   .2291417     0.64   0.524     .7659374    1.687698
      1.male |   1.263974   .3209903     0.92   0.356     .7683742    2.079235
             |
   ethnicity |
Asian or ..  |   1.046806    .080876     0.59   0.554     .8997102    1.217951
      Other  |   1.017247   .0716387     0.24   0.808      .886097    1.167808
             |
   obese4cat |
Obese I ..)  |   1.070801   .0686442     1.07   0.286       .94437    1.214159
Obese II..)  |   .9826807   .0747812    -0.23   0.818     .8465189    1.140744
Obese II..)  |   1.015307   .0935592     0.16   0.869     .8475397    1.216282
             |
smoke_nomiss |
     Former  |   1.068691   .1645798     0.43   0.666     .7902526    1.445234
    Current  |   1.062147   .0743887     0.86   0.389     .9259125    1.218427
             |
         imd |
          4  |   .9911682   .0575827    -0.15   0.879     .8844965    1.110705
5 most de..  |   .9379138   .0720072    -0.83   0.404     .8068874    1.090217
             |
tot_adults~h |
          2  |   .7575841    .251566    -0.84   0.403     .3951645    1.452392
          3  |   .5783168   .1763495    -1.80   0.073     .3181295    1.051302
             |
1.htdiag_o~p |   1.022484   .0888814     0.26   0.798     .8623114    1.212408
1.~y_disease |   1.050224   .0578946     0.89   0.374     .9426676    1.170052
    1.asthma |    .847359   .0730889    -1.92   0.055     .7155617    1.003432
1.~c_disease |   .9278285   .0546796    -1.27   0.204     .8266163    1.041433
             |
     diabcat |
T1DM, con..  |   .8591963   .1403006    -0.93   0.353     .6238746     1.18328
T1DM, unc..  |   .7484821   .2371347    -0.91   0.360     .4022565    1.392707
T2DM, con..  |   1.012965   .0593627     0.22   0.826      .903049    1.136259
T2DM, unc..  |   1.087386   .1346625     0.68   0.499     .8530418    1.386107
Diabetes,..  |   1.156968   .7745443     0.22   0.828     .3115125    4.297018
             |
cancer_exh~t |
  Last year  |   .1864083   .1327195    -2.36   0.018     .0461769    .7524991
2-5 years..  |   .8210463   .1561549    -1.04   0.300     .5655585    1.191949
   5+ years  |   .9771541   .0581034    -0.39   0.698     .8696591    1.097936
             |
cancer_hae~t |
  Last year  |     1.2239   .3496295     0.71   0.479     .6991732    2.142433
2-5 years..  |   .6778157   .1386987    -1.90   0.057     .4538723    1.012254
   5+ years  |   .9201704     .05579    -1.37   0.170      .817071    1.036279
             |
1.~r_disease |   1.022933   .0579741     0.40   0.689     .9153894    1.143111
1.stroke_d~a |   1.000096   .0539989     0.00   0.999     .8996676    1.111735
1.other_ne~o |   1.003873   .0553942     0.07   0.944     .9009677    1.118533
             |
reduced_ki~t |
Stage 3a/..  |   1.081044    .111618     0.75   0.450     .8829919    1.323519
      1.esrd |   1.138854   .0530731     2.79   0.005     1.039442    1.247774
1.other_tr~t |   .9979662   .0551286    -0.04   0.971       .89556    1.112082
  1.asplenia |   .9842253   .0564538    -0.28   0.782     .8795708    1.101332
1.ra_sle_p~s |   1.022298   .0567022     0.40   0.691     .9169913    1.139698
1.other_im~o |   .9453603   .0552305    -0.96   0.336     .8430781    1.060051
             |
        male#|
   kids_cat4 |
          1 #|
only <12 ..  |   .7921791   .2318688    -0.80   0.426     .4463534    1.405943
          1 #|
 only 12-18  |   1.470118   .5253668     1.08   0.281     .7297321    2.961698
    1#mixed  |   .8037724     .20794    -0.84   0.398     .4840865    1.334576
------------------------------------------------------------------------------
                                                             Stratified by stp
   1:      2.88 /        1 =       2.8780

 ( 1)  1.male#1.kids_cat4 = 0
 ( 2)  1.male#2.kids_cat4 = 0
 ( 3)  1.male#3.kids_cat4 = 0

           chi2(  3) =    6.26
         Prob > chi2 =    0.0997

kids_cat4 
****************

 ( 1)  1.kids_cat4 + 1.male#1.kids_cat4 = 0

------------------------------------------------------------------------------
          _t |     exp(b)   Std. Err.      z    P>|z|     [95% Conf. Interval]
-------------+----------------------------------------------------------------
         (1) |   .9719873   .2162929    -0.13   0.898     .6284138    1.503403
------------------------------------------------------------------------------
kids_cat4
****************

 ( 1)  2.kids_cat4 + 1.male#2.kids_cat4 = 0

------------------------------------------------------------------------------
          _t |     exp(b)   Std. Err.      z    P>|z|     [95% Conf. Interval]
-------------+----------------------------------------------------------------
         (1) |   1.455632   .3822201     1.43   0.153     .8700475    2.435344
------------------------------------------------------------------------------
kids_cat4
****************

 ( 1)  3.kids_cat4 + 1.male#3.kids_cat4 = 0

------------------------------------------------------------------------------
          _t |     exp(b)   Std. Err.      z    P>|z|     [95% Conf. Interval]
-------------+----------------------------------------------------------------
         (1) |   .9887389   .2060165    -0.05   0.957     .6572383    1.487443
------------------------------------------------------------------------------
(note: file ./output/an_interaction_cox_models_covid_icu_kids_cat4_male_1_timep
> eriod0.ster not found)
file ./output/an_interaction_cox_models_covid_icu_kids_cat4_male_1_timeperiod0.
> ster saved
(3,259 observations (episodes) created)
(cat_time: 3259 changes made)
(covid_icu: 3259 changes made)

observation |
   interval |      Freq.     Percent        Cum.
------------+-----------------------------------
          0 |      4,605       58.56       58.56
          1 |      2,314       29.43       87.98
          2 |        945       12.02      100.00
------------+-----------------------------------
      Total |      7,864      100.00

           |   Failure/censoring
           |     indicator for
observatio |  outcome: covid icu
n interval |         0          1 |     Total
-----------+----------------------+----------
         0 |     2,609      1,996 |     4,605 
         1 |     1,199      1,115 |     2,314 
         2 |       468        477 |       945 
-----------+----------------------+----------
     Total |     4,276      3,588 |     7,864 
(5,550 observations deleted)

           |   Failure/censoring
           |     indicator for
           |  outcome: covid icu
      Male |         0          1 |     Total
-----------+----------------------+----------
         0 |       610        582 |     1,192 
         1 |       589        533 |     1,122 
-----------+----------------------+----------
     Total |     1,199      1,115 |     2,314 

         failure _d:  covid_icu
   analysis time _t:  (stime_covid_icu-origin)
             origin:  time enter_date
  enter on or after:  time enter_date
                 id:  patient_id

Iteration 0:   log pseudolikelihood = -5656.4454
Iteration 1:   log pseudolikelihood =  -5639.146
Iteration 2:   log pseudolikelihood = -5638.1167
Iteration 3:   log pseudolikelihood = -5638.0931
Iteration 4:   log pseudolikelihood = -5638.0931
Refining estimates:
Iteration 0:   log pseudolikelihood = -5638.0931

Stratified Cox regr. -- Breslow method for ties

No. of subjects      =        2,314             Number of obs    =       2,314
No. of failures      =        1,115
Time at risk         =       110238
                                                Wald chi2(42)    =       47.10
Log pseudolikelihood =   -5638.0931             Prob > chi2      =      0.2717

                         (Std. Err. adjusted for 775 clusters in household_id)
------------------------------------------------------------------------------
             |               Robust
          _t | Haz. Ratio   Std. Err.      z    P>|z|     [95% Conf. Interval]
-------------+----------------------------------------------------------------
   kids_cat4 |
only <12 ..  |   .8814741   .1818645    -0.61   0.541     .5882892    1.320773
 only 12-18  |   1.153391   .3087323     0.53   0.594     .6825469     1.94904
      mixed  |   .9842801    .181853    -0.09   0.932     .6852561    1.413789
             |
        age1 |   .9946745   .0270654    -0.20   0.844      .943017    1.049162
        age2 |   1.104669   .1578167     0.70   0.486     .8348852    1.461631
        age3 |   .7835774   .2221203    -0.86   0.390     .4495647    1.365751
      1.male |   .9847465   .0601301    -0.25   0.801     .8736728    1.109941
             |
   ethnicity |
Asian or ..  |   1.127973   .1108699     1.23   0.221     .9303217    1.367617
      Other  |   1.188122    .112521     1.82   0.069     .9868432    1.430455
             |
   obese4cat |
Obese I ..)  |   1.010386   .0978351     0.11   0.915     .8357298    1.221543
Obese II..)  |   1.000241   .1049819     0.00   0.998     .8142643    1.228694
Obese II..)  |   .9025144   .1110643    -0.83   0.405     .7090951    1.148692
             |
smoke_nomiss |
     Former  |   1.320764   .2727177     1.35   0.178     .8811805    1.979636
    Current  |   1.148067   .1097272     1.44   0.149     .9519476     1.38459
             |
         imd |
          4  |    .935001   .0755207    -0.83   0.405     .7981047    1.095379
5 most de..  |   .9002361   .0971428    -0.97   0.330     .7286263    1.112264
             |
tot_adults~h |
          2  |   2.568114   1.354432     1.79   0.074     .9134562    7.220059
          3  |   1.262065   .6032464     0.49   0.626     .4945627    3.220639
             |
1.htdiag_o~p |   .9539515   .1056155    -0.43   0.670     .7678681     1.18513
1.~y_disease |   1.021272   .0773476     0.28   0.781     .8803888      1.1847
    1.asthma |   1.004103   .1131911     0.04   0.971     .8050516    1.252372
1.~c_disease |   1.082626   .0796364     1.08   0.280     .9372716    1.250523
             |
     diabcat |
T1DM, con..  |   .8047115   .1640377    -1.07   0.286     .5396668    1.199927
T1DM, unc..  |   .8767967   .2709071    -0.43   0.670       .47852    1.606563
T2DM, con..  |   .8372046   .0664144    -2.24   0.025     .7166495    .9780395
T2DM, unc..  |   1.179129   .1784487     1.09   0.276     .8764777    1.586287
Diabetes,..  |   .7504242   .7940673    -0.27   0.786     .0943194    5.970525
             |
cancer_exh~t |
  Last year  |   1.361804   .3823274     1.10   0.271      .785487    2.360967
2-5 years..  |   1.050908   .1949985     0.27   0.789     .7305029    1.511844
   5+ years  |   .9145475   .0696857    -1.17   0.241     .7876756    1.061855
             |
cancer_hae~t |
  Last year  |   1.274837   .3910712     0.79   0.429     .6987767    2.325791
2-5 years..  |   1.073241   .2380503     0.32   0.750     .6948582     1.65767
   5+ years  |   .9702624   .0759991    -0.39   0.700     .8321774     1.13126
             |
1.~r_disease |   .9422267   .0777606    -0.72   0.471     .8015063    1.107653
1.stroke_d~a |   .9908687   .0752525    -0.12   0.904     .8538288    1.149904
1.other_ne~o |   .9718864   .0705886    -0.39   0.695     .8429315    1.120569
             |
reduced_ki~t |
Stage 3a/..  |   1.031221   .1683698     0.19   0.851     .7488139    1.420134
      1.esrd |   1.046012   .0654217     0.72   0.472     .9253353    1.182426
1.other_tr~t |   1.025453   .0833522     0.31   0.757     .8744347    1.202553
  1.asplenia |   1.049549   .0836506     0.61   0.544     .8977605       1.227
1.ra_sle_p~s |   .8833683   .0733761    -1.49   0.135     .7506503    1.039551
1.other_im~o |   .9729574   .0767361    -0.35   0.728     .8336053    1.135605
------------------------------------------------------------------------------
                                                             Stratified by stp
   1:      1.06 /        1 =       1.0570

         failure _d:  covid_icu
   analysis time _t:  (stime_covid_icu-origin)
             origin:  time enter_date
  enter on or after:  time enter_date
                 id:  patient_id

Iteration 0:   log pseudolikelihood = -5656.4454
Iteration 1:   log pseudolikelihood = -5638.7649
Iteration 2:   log pseudolikelihood = -5637.7443
Iteration 3:   log pseudolikelihood = -5637.7214
Iteration 4:   log pseudolikelihood = -5637.7213
Refining estimates:
Iteration 0:   log pseudolikelihood = -5637.7213

Stratified Cox regr. -- Breslow method for ties

No. of subjects      =        2,314             Number of obs    =       2,314
No. of failures      =        1,115
Time at risk         =       110238
                                                Wald chi2(45)    =       48.65
Log pseudolikelihood =   -5637.7213             Prob > chi2      =      0.3283

                         (Std. Err. adjusted for 775 clusters in household_id)
------------------------------------------------------------------------------
             |               Robust
          _t | Haz. Ratio   Std. Err.      z    P>|z|     [95% Conf. Interval]
-------------+----------------------------------------------------------------
   kids_cat4 |
only <12 ..  |   .9702169   .2752013    -0.11   0.915     .5564501    1.691654
 only 12-18  |   1.154667   .3771872     0.44   0.660     .6086959    2.190347
      mixed  |   .9971894   .2452539    -0.01   0.991     .6157845    1.614829
             |
        age1 |   .9949133   .0271405    -0.19   0.852     .9431159    1.049555
        age2 |   1.103696   .1580421     0.69   0.491     .8336106    1.461289
        age3 |   .7849654   .2229688    -0.85   0.394     .4498496    1.369726
      1.male |   1.016475   .3906075     0.04   0.966     .4786296    2.158706
             |
   ethnicity |
Asian or ..  |   1.128464   .1110481     1.23   0.219     .9305161     1.36852
      Other  |   1.189281   .1126063     1.83   0.067     .9878454    1.431792
             |
   obese4cat |
Obese I ..)  |   1.007921   .0977452     0.08   0.935     .8334502    1.218916
Obese II..)  |   .9973066   .1051053    -0.03   0.980     .8111875    1.226129
Obese II..)  |    .903525   .1112075    -0.82   0.410     .7098601    1.150026
             |
smoke_nomiss |
     Former  |    1.32148   .2736838     1.35   0.178     .8805888    1.983114
    Current  |   1.150024   .1099928     1.46   0.144     .9534431    1.387136
             |
         imd |
          4  |   .9363032   .0757597    -0.81   0.416     .7989925    1.097211
5 most de..  |   .9010975   .0973806    -0.96   0.335     .7290938    1.113679
             |
tot_adults~h |
          2  |   2.540665   1.424243     1.66   0.096     .8468017    7.622774
          3  |   1.233241    .611233     0.42   0.672     .4668378    3.257844
             |
1.htdiag_o~p |   .9559077   .1064253    -0.41   0.685     .7685075    1.189006
1.~y_disease |   1.021624   .0774448     0.28   0.778     .8805731    1.185269
    1.asthma |   1.005857   .1134123     0.05   0.959      .806421    1.254617
1.~c_disease |   1.083373   .0797033     1.09   0.276     .9378976    1.251413
             |
     diabcat |
T1DM, con..  |   .8000724   .1635436    -1.09   0.275     .5359624     1.19433
T1DM, unc..  |   .8838297   .2731015    -0.40   0.689     .4823354    1.619527
T2DM, con..  |    .838316   .0664071    -2.23   0.026     .7177612    .9791191
T2DM, unc..  |   1.183832   .1798267     1.11   0.267     .8790037    1.594371
Diabetes,..  |   .7292848   .7556409    -0.30   0.761     .0957048    5.557261
             |
cancer_exh~t |
  Last year  |   1.358206   .3867064     1.08   0.282     .7773428    2.373113
2-5 years..  |   1.045628   .1936106     0.24   0.810     .7273895    1.503098
   5+ years  |   .9156789   .0701311    -1.15   0.250     .7880438    1.063986
             |
cancer_hae~t |
  Last year  |   1.298326   .3977798     0.85   0.394     .7121861    2.366868
2-5 years..  |   1.079659   .2396155     0.35   0.730     .6988345    1.668012
   5+ years  |   .9711507   .0760644    -0.37   0.709     .8329465    1.132286
             |
1.~r_disease |   .9428925   .0778483    -0.71   0.476     .8020181    1.108512
1.stroke_d~a |   .9925879   .0754814    -0.10   0.922     .8551441    1.152122
1.other_ne~o |   .9731063   .0707291    -0.38   0.708     .8439014    1.122093
             |
reduced_ki~t |
Stage 3a/..  |   1.028125   .1683214     0.17   0.865     .7459161    1.417105
      1.esrd |   1.046595   .0656033     0.73   0.468     .9255993    1.183407
1.other_tr~t |   1.023852   .0832107     0.29   0.772     .8730886     1.20065
  1.asplenia |     1.0474    .083852     0.58   0.563     .8952981    1.225342
1.ra_sle_p~s |   .8851531   .0737836    -1.46   0.143     .7517352     1.04225
1.other_im~o |   .9734488   .0766944    -0.34   0.733     .8341614    1.135994
             |
        male#|
   kids_cat4 |
          1 #|
only <12 ..  |   .8188541   .3601535    -0.45   0.650     .3458007    1.939042
          1 #|
 only 12-18  |   1.018816   .5850504     0.03   0.974     .3305956    3.139745
    1#mixed  |   .9827547   .3828211    -0.04   0.964     .4580038    2.108731
------------------------------------------------------------------------------
                                                             Stratified by stp
   1:      1.33 /        1 =       1.3340

 ( 1)  1.male#1.kids_cat4 = 0
 ( 2)  1.male#2.kids_cat4 = 0
 ( 3)  1.male#3.kids_cat4 = 0

           chi2(  3) =    0.67
         Prob > chi2 =    0.8806

kids_cat4 
****************

 ( 1)  1.kids_cat4 + 1.male#1.kids_cat4 = 0

------------------------------------------------------------------------------
          _t |     exp(b)   Std. Err.      z    P>|z|     [95% Conf. Interval]
-------------+----------------------------------------------------------------
         (1) |   .7944661   .2553687    -0.72   0.474     .4231262    1.491698
------------------------------------------------------------------------------
kids_cat4
****************

 ( 1)  2.kids_cat4 + 1.male#2.kids_cat4 = 0

------------------------------------------------------------------------------
          _t |     exp(b)   Std. Err.      z    P>|z|     [95% Conf. Interval]
-------------+----------------------------------------------------------------
         (1) |   1.176393   .5498594     0.35   0.728     .4706423    2.940449
------------------------------------------------------------------------------
kids_cat4
****************

 ( 1)  3.kids_cat4 + 1.male#3.kids_cat4 = 0

------------------------------------------------------------------------------
          _t |     exp(b)   Std. Err.      z    P>|z|     [95% Conf. Interval]
-------------+----------------------------------------------------------------
         (1) |   .9799926   .2887797    -0.07   0.945     .5500405    1.746027
------------------------------------------------------------------------------
(note: file ./output/an_interaction_cox_models_covid_icu_kids_cat4_male_1_timep
> eriod1.ster not found)
file ./output/an_interaction_cox_models_covid_icu_kids_cat4_male_1_timeperiod1.
> ster saved
(3,259 observations (episodes) created)
(cat_time: 3259 changes made)
(covid_icu: 3259 changes made)

observation |
   interval |      Freq.     Percent        Cum.
------------+-----------------------------------
          0 |      4,605       58.56       58.56
          1 |      2,314       29.43       87.98
          2 |        945       12.02      100.00
------------+-----------------------------------
      Total |      7,864      100.00

           |   Failure/censoring
           |     indicator for
observatio |  outcome: covid icu
n interval |         0          1 |     Total
-----------+----------------------+----------
         0 |     2,609      1,996 |     4,605 
         1 |     1,199      1,115 |     2,314 
         2 |       468        477 |       945 
-----------+----------------------+----------
     Total |     4,276      3,588 |     7,864 
(6,919 observations deleted)

           |   Failure/censoring
           |     indicator for
           |  outcome: covid icu
      Male |         0          1 |     Total
-----------+----------------------+----------
         0 |       241        246 |       487 
         1 |       227        231 |       458 
-----------+----------------------+----------
     Total |       468        477 |       945 

         failure _d:  covid_icu
   analysis time _t:  (stime_covid_icu-origin)
             origin:  time enter_date
  enter on or after:  time enter_date
                 id:  patient_id

Iteration 0:   log pseudolikelihood = -1947.4235
Iteration 1:   log pseudolikelihood = -1940.6449
Iteration 2:   log pseudolikelihood =  -1933.986
Iteration 3:   log pseudolikelihood = -1926.2018  (backed up)
Iteration 4:   log pseudolikelihood = -1924.4272
Iteration 5:   log pseudolikelihood = -1923.9515
Iteration 6:   log pseudolikelihood = -1923.9486
Iteration 7:   log pseudolikelihood = -1923.9486
Refining estimates:
Iteration 0:   log pseudolikelihood = -1923.9486

Stratified Cox regr. -- Breslow method for ties

No. of subjects      =          945             Number of obs    =         945
No. of failures      =          477
Time at risk         =        34352
                                                Wald chi2(42)    =       94.82
Log pseudolikelihood =   -1923.9486             Prob > chi2      =      0.0000

                         (Std. Err. adjusted for 539 clusters in household_id)
------------------------------------------------------------------------------
             |               Robust
          _t | Haz. Ratio   Std. Err.      z    P>|z|     [95% Conf. Interval]
-------------+----------------------------------------------------------------
   kids_cat4 |
only <12 ..  |   2.009964   .7444609     1.88   0.059      .972559    4.153945
 only 12-18  |   2.090454   1.066774     1.44   0.148     .7688931    5.683491
      mixed  |   2.222505   .7921813     2.24   0.025     1.105208    4.469324
             |
        age1 |   .9744522   .0440319    -0.57   0.567     .8918625     1.06469
        age2 |   1.281665   .2902163     1.10   0.273     .8223016    1.997644
        age3 |   .5965599   .2637323    -1.17   0.243     .2508116    1.418928
      1.male |    .990708   .0960111    -0.10   0.923     .8193216    1.197945
             |
   ethnicity |
Asian or ..  |     1.3271   .1988915     1.89   0.059     .9893156    1.780216
      Other  |   1.138309   .1889252     0.78   0.435     .8222163    1.575919
             |
   obese4cat |
Obese I ..)  |   1.037158   .1528667     0.25   0.804     .7769382    1.384534
Obese II..)  |   1.166523   .1743922     1.03   0.303     .8702438    1.563673
Obese II..)  |   1.160282   .2088171     0.83   0.409     .8154027    1.651031
             |
smoke_nomiss |
     Former  |   1.762634   .5064081     1.97   0.049     1.003714     3.09538
    Current  |   1.144224   .1726407     0.89   0.372     .8512979    1.537944
             |
         imd |
          4  |   .8863096   .1069145    -1.00   0.317     .6996906    1.122703
5 most de..  |   1.234124   .1779925     1.46   0.145     .9302371    1.637284
             |
tot_adults~h |
          2  |   .6388242   .5613667    -0.51   0.610     .1141269    3.575811
          3  |   .1716928   .1242683    -2.43   0.015     .0415592    .7093118
             |
1.htdiag_o~p |   .9828991   .1668006    -0.10   0.919     .7047868    1.370756
1.~y_disease |   .9097149   .1137499    -0.76   0.449     .7119867    1.162355
    1.asthma |   .7605149   .1350445    -1.54   0.123     .5369824    1.077098
1.~c_disease |   1.054755   .1363976     0.41   0.680       .81861    1.359022
             |
     diabcat |
T1DM, con..  |   1.585376   .4125153     1.77   0.077     .9520269    2.640068
T1DM, unc..  |    1.17105    .430102     0.43   0.667     .5700951    2.405492
T2DM, con..  |   .9976328    .119782    -0.02   0.984     .7884427    1.262325
T2DM, unc..  |   .8462836    .261499    -0.54   0.589     .4618461    1.550724
Diabetes,..  |   16.07357   9.628859     4.64   0.000     4.968217    52.00247
             |
cancer_exh~t |
  Last year  |   2.032976   1.003407     1.44   0.151     .7726958    5.348796
2-5 years..  |   1.967875   .5250407     2.54   0.011     1.166519    3.319732
   5+ years  |   1.029337   .1254498     0.24   0.812      .810621    1.307065
             |
cancer_hae~t |
  Last year  |   .3913468   .3722952    -0.99   0.324     .0606455     2.52537
2-5 years..  |   1.417198   .3664094     1.35   0.177      .853801    2.352363
   5+ years  |   1.054576   .1301598     0.43   0.667     .8279787    1.343187
             |
1.~r_disease |   1.039773   .1194526     0.34   0.734     .8301372    1.302349
1.stroke_d~a |    .864437   .1021297    -1.23   0.218     .6857524    1.089681
1.other_ne~o |   1.103476   .1345378     0.81   0.419     .8689263    1.401338
             |
reduced_ki~t |
Stage 3a/..  |   1.016892   .2720313     0.06   0.950     .6019598    1.717836
      1.esrd |   .9194289   .0974463    -0.79   0.428     .7469697    1.131705
1.other_tr~t |   .9993127   .1209506    -0.01   0.995     .7882741    1.266851
  1.asplenia |   1.022215   .1187364     0.19   0.850     .8140855    1.283555
1.ra_sle_p~s |   .9485942   .1141503    -0.44   0.661     .7492902    1.200911
1.other_im~o |   1.001532   .1274597     0.01   0.990     .7804351    1.285265
------------------------------------------------------------------------------
                                                             Stratified by stp
   1:      1.10 /        1 =       1.1050

         failure _d:  covid_icu
   analysis time _t:  (stime_covid_icu-origin)
             origin:  time enter_date
  enter on or after:  time enter_date
                 id:  patient_id

Iteration 0:   log pseudolikelihood = -1947.4235
Iteration 1:   log pseudolikelihood = -1940.4587
Iteration 2:   log pseudolikelihood = -1933.7805
Iteration 3:   log pseudolikelihood =  -1925.998  (backed up)
Iteration 4:   log pseudolikelihood = -1924.2206
Iteration 5:   log pseudolikelihood = -1923.7425
Iteration 6:   log pseudolikelihood = -1923.7397
Iteration 7:   log pseudolikelihood = -1923.7397
Refining estimates:
Iteration 0:   log pseudolikelihood = -1923.7397

Stratified Cox regr. -- Breslow method for ties

No. of subjects      =          945             Number of obs    =         945
No. of failures      =          477
Time at risk         =        34352
                                                Wald chi2(45)    =       95.05
Log pseudolikelihood =   -1923.7397             Prob > chi2      =      0.0000

                         (Std. Err. adjusted for 539 clusters in household_id)
------------------------------------------------------------------------------
             |               Robust
          _t | Haz. Ratio   Std. Err.      z    P>|z|     [95% Conf. Interval]
-------------+----------------------------------------------------------------
   kids_cat4 |
only <12 ..  |   1.787557   1.079292     0.96   0.336     .5474204    5.837121
 only 12-18  |   1.522847   1.185426     0.54   0.589     .3311752    7.002528
      mixed  |   2.013121   1.139765     1.24   0.217     .6636616     6.10651
             |
        age1 |   .9738712   .0438854    -0.59   0.557     .8915465    1.063798
        age2 |   1.286153   .2906987     1.11   0.266      .825852    2.003008
        age3 |   .5926723   .2615919    -1.19   0.236     .2495249    1.407717
      1.male |   .8049411   .6495611    -0.27   0.788     .1655284    3.914316
             |
   ethnicity |
Asian or ..  |   1.319393   .2012516     1.82   0.069     .9784472    1.779143
      Other  |   1.138318   .1900392     0.78   0.438     .8206492    1.578954
             |
   obese4cat |
Obese I ..)  |   1.040492   .1536474     0.27   0.788      .779011    1.389742
Obese II..)  |   1.162635   .1751047     1.00   0.317     .8654531    1.561863
Obese II..)  |   1.170086   .2119984     0.87   0.386     .8203434    1.668938
             |
smoke_nomiss |
     Former  |   1.762914   .5068392     1.97   0.049     1.003483    3.097078
    Current  |   1.148824   .1738846     0.92   0.359     .8539191    1.545576
             |
         imd |
          4  |   .8880337   .1074929    -0.98   0.327     .7004787    1.125807
5 most de..  |   1.235687   .1787719     1.46   0.144      .930597    1.640799
             |
tot_adults~h |
          2  |   .7226596   .7616942    -0.31   0.758     .0915703    5.703128
          3  |   .1905226   .1619633    -1.95   0.051     .0360031    1.008215
             |
1.htdiag_o~p |    .981755   .1669159    -0.11   0.914     .7035316    1.370006
1.~y_disease |   .9120966     .11488    -0.73   0.465     .7125751    1.167484
    1.asthma |   .7615901   .1358542    -1.53   0.127     .5368859     1.08034
1.~c_disease |   1.052816   .1373727     0.39   0.693     .8152422    1.359622
             |
     diabcat |
T1DM, con..  |   1.588084   .4150686     1.77   0.077     .9514796    2.650618
T1DM, unc..  |   1.172495   .4297408     0.43   0.664     .5716498    2.404872
T2DM, con..  |   .9972187   .1199203    -0.02   0.982     .7878243    1.262268
T2DM, unc..  |   .8476445   .2636715    -0.53   0.595     .4607186    1.559523
Diabetes,..  |   16.12598   9.656655     4.64   0.000     4.986602     52.1492
             |
cancer_exh~t |
  Last year  |    2.02932   1.003494     1.43   0.152     .7698984    5.348941
2-5 years..  |   1.968734   .5246302     2.54   0.011     1.167772    3.319068
   5+ years  |   1.028932   .1253566     0.23   0.815     .8103701    1.306442
             |
cancer_hae~t |
  Last year  |   .3906494   .3719426    -0.99   0.324     .0604431    2.524804
2-5 years..  |   1.418781   .3671294     1.35   0.176     .8543879    2.356002
   5+ years  |    1.05181    .129803     0.41   0.682     .8258306    1.339625
             |
1.~r_disease |   1.040972   .1197206     0.35   0.727     .8308902    1.304171
1.stroke_d~a |   .8670873   .1024834    -1.21   0.228     .6877919    1.093122
1.other_ne~o |    1.10404   .1349611     0.81   0.418     .8688232    1.402937
             |
reduced_ki~t |
Stage 3a/..  |   1.024932    .274427     0.09   0.927     .6064354    1.732229
      1.esrd |   .9210335   .0979302    -0.77   0.439     .7477737    1.134438
1.other_tr~t |   .9987017    .122603    -0.01   0.992     .7851276    1.270373
  1.asplenia |   1.024935   .1188769     0.21   0.832     .8165252    1.286538
1.ra_sle_p~s |   .9474502   .1141522    -0.45   0.654     .7481706    1.199809
1.other_im~o |   .9980354   .1268283    -0.02   0.988     .7779953    1.280309
             |
        male#|
   kids_cat4 |
          1 #|
only <12 ..  |   1.266845   1.091864     0.27   0.784     .2339338    6.860472
          1 #|
 only 12-18  |   2.011707   2.279241     0.62   0.537      .218355    18.53388
    1#mixed  |    1.22197   .9943842     0.25   0.805     .2479653    6.021852
------------------------------------------------------------------------------
                                                             Stratified by stp
   1:      1.08 /        1 =       1.0830

 ( 1)  1.male#1.kids_cat4 = 0
 ( 2)  1.male#2.kids_cat4 = 0
 ( 3)  1.male#3.kids_cat4 = 0

           chi2(  3) =    0.47
         Prob > chi2 =    0.9255

kids_cat4 
****************

 ( 1)  1.kids_cat4 + 1.male#1.kids_cat4 = 0

------------------------------------------------------------------------------
          _t |     exp(b)   Std. Err.      z    P>|z|     [95% Conf. Interval]
-------------+----------------------------------------------------------------
         (1) |   2.264558   1.201386     1.54   0.123     .8005837    6.405602
------------------------------------------------------------------------------
kids_cat4
****************

 ( 1)  2.kids_cat4 + 1.male#2.kids_cat4 = 0

------------------------------------------------------------------------------
          _t |     exp(b)   Std. Err.      z    P>|z|     [95% Conf. Interval]
-------------+----------------------------------------------------------------
         (1) |   3.063522   2.242796     1.53   0.126     .7295563    12.86421
------------------------------------------------------------------------------
kids_cat4
****************

 ( 1)  3.kids_cat4 + 1.male#3.kids_cat4 = 0

------------------------------------------------------------------------------
          _t |     exp(b)   Std. Err.      z    P>|z|     [95% Conf. Interval]
-------------+----------------------------------------------------------------
         (1) |   2.459973   1.258174     1.76   0.078     .9027682    6.703236
------------------------------------------------------------------------------
(note: file ./output/an_interaction_cox_models_covid_icu_kids_cat4_male_1_timep
> eriod2.ster not found)
file ./output/an_interaction_cox_models_covid_icu_kids_cat4_male_1_timeperiod2.
> ster saved

. log close
      name:  <unnamed>
       log:  /workspace/logs/10_an_interaction_cox_models_sex_covid_icu.log
  log type:  text
 closed on:  25 Jul 2021, 08:27:08
-------------------------------------------------------------------------------
