-------------------------------------------------------------------------------
      name:  <unnamed>
       log:  /workspace/logs/10_an_interaction_cox_models_shield_covid_tpp_prob
> .log
  log type:  text
 opened on:  17 Aug 2021, 07:52:08

. 
. 
. *PROG TO DEFINE THE BASIC COX MODEL WITH OPTIONS FOR HANDLING OF AGE, BMI, ET
> HNICITY:
. cap prog drop basemodel

. prog define basemodel
  1.         syntax , exposure(string)  age(string) [ethnicity(real 0) interact
> ion(string)] 
  2. timer clear
  3. timer on 1
  4. stcox   `exposure'                                                        
>       ///
>                         $demogadjlist                                        
>            ///
>                         $comordidadjlist                                     
>            ///
>                         `interaction'                                        
>            ///
>                         , strata(stp) vce(cluster household_id)
  5.         timer off 1
  6. timer list
  7. end

. *****************************************************************************
> ********
. 
. * Open dataset and fit specified model(s)
. forvalues x=0/1 {
  2. forvalues period=0/2 {
  3. 
. use "$tempdir/cr_create_analysis_dataset_STSET_`outcome'_ageband_`x'.dta", cl
> ear
  4. stsplit cat_time, at(0,78,147,400)
  5. recode cat_time 78=1 147=2 400=3
  6. recode `outcome' .=0 
  7. tab cat_time
  8. tab cat_time `outcome'
  9. 
. keep if cat_time==`period'
 10. 
. foreach int_type in  shield  {
 11. 
. tab shield `outcome'
 12. *Age interaction for 3-level exposure vars
. foreach exposure_type in kids_cat4  {
 13. 
. *Age spline model (not adj ethnicity, no interaction)
. basemodel, exposure("i.`exposure_type'") age("age1 age2 age3")  
 14. 
. *Age spline model (not adj ethnicity, interaction)
. basemodel, exposure("i.`exposure_type'") age("age1 age2 age3")  ///
> interaction(1.`int_type'#1.`exposure_type' 1.`int_type'#2.`exposure_type' 1.`
> int_type'#3.`exposure_type')
 15. if _rc==0{
 16. testparm 1.`int_type'#i.`exposure_type'
 17. di _n "`exposure_type' " _n "****************"
 18. lincom 1.`exposure_type' + 1.`int_type'#1.`exposure_type', eform
 19. di "`exposure_type'" _n "****************"
 20. lincom 2.`exposure_type' + 1.`int_type'#2.`exposure_type', eform
 21. di "`exposure_type'" _n "****************"
 22. lincom 3.`exposure_type' + 1.`int_type'#3.`exposure_type', eform
 23. estimates save ./output/an_interaction_cox_models_`outcome'_`exposure_type
> '_`int_type'_`x'_timeperiod`period', replace
 24. }
 25. else di "WARNING GROUP MODEL DID NOT FIT (OUTCOME `outcome')"
 26. }
 27. }
 28. }
 29. }
(11,514 observations (episodes) created)
(cat_time: 11514 changes made)
(covid_tpp_prob: 11514 changes made)

observation |
   interval |      Freq.     Percent        Cum.
------------+-----------------------------------
          0 |     16,146       58.37       58.37
          1 |      8,140       29.43       87.80
          2 |      3,374       12.20      100.00
------------+-----------------------------------
      Total |     27,660      100.00

           |   Failure/censoring
           |     indicator for
           |  outcome: covid prob
observatio |         case
n interval |         0          1 |     Total
-----------+----------------------+----------
         0 |     8,900      7,246 |    16,146 
         1 |     3,998      4,142 |     8,140 
         2 |     1,369      2,005 |     3,374 
-----------+----------------------+----------
     Total |    14,267     13,393 |    27,660 
(11,517 observations deleted)

           |   Failure/censoring
           |     indicator for
           |  outcome: covid prob
  Probable |         case
 shielding |         0          1 |     Total
-----------+----------------------+----------
         0 |     1,364      1,120 |     2,484 
         1 |     7,536      6,126 |    13,662 
-----------+----------------------+----------
     Total |     8,900      7,246 |    16,146 

         failure _d:  covid_tpp_prob
   analysis time _t:  (stime_covid_tpp_prob-origin)
             origin:  time enter_date
  enter on or after:  time enter_date
                 id:  patient_id

Iteration 0:   log pseudolikelihood = -51365.574
Iteration 1:   log pseudolikelihood = -51348.274
Iteration 2:   log pseudolikelihood = -51347.664
Iteration 3:   log pseudolikelihood = -51347.652
Iteration 4:   log pseudolikelihood = -51347.652
Refining estimates:
Iteration 0:   log pseudolikelihood = -51347.652

Stratified Cox regr. -- Breslow method for ties

No. of subjects      =       16,146             Number of obs    =      16,146
No. of failures      =        7,246
Time at risk         =       934468
                                                Wald chi2(42)    =       35.84
Log pseudolikelihood =   -51347.652             Prob > chi2      =      0.7371

                       (Std. Err. adjusted for 1,129 clusters in household_id)
------------------------------------------------------------------------------
             |               Robust
          _t | Haz. Ratio   Std. Err.      z    P>|z|     [95% Conf. Interval]
-------------+----------------------------------------------------------------
   kids_cat4 |
only <12 ..  |   1.066294   .0814806     0.84   0.401     .9179789    1.238572
 only 12-18  |   1.033191   .1170043     0.29   0.773     .8275344    1.289958
      mixed  |   1.011141    .070675     0.16   0.874       .88169    1.159598
             |
        age1 |   1.004892    .004263     1.15   0.250     .9965715    1.013282
        age2 |   .9890406   .0132804    -0.82   0.412     .9633511    1.015415
        age3 |    1.02742   .0398226     0.70   0.485     .9522598    1.108512
      1.male |   1.061198   .0239299     2.63   0.008     1.015318    1.109151
             |
   ethnicity |
Asian or ..  |    1.03458     .04079     0.86   0.389     .9576436    1.117697
      Other  |   1.031209   .0389383     0.81   0.416     .9576472    1.110422
             |
   obese4cat |
Obese I ..)  |   1.023943   .0347888     0.70   0.486     .9579788    1.094449
Obese II..)  |   .9851808   .0421292    -0.35   0.727     .9059747    1.071312
Obese II..)  |   1.031372   .0508441     0.63   0.531     .9363826    1.135998
             |
smoke_nomiss |
     Former  |   1.006841   .0840535     0.08   0.935     .8548709    1.185827
    Current  |   .9388737   .0347691    -1.70   0.089      .873142    1.009554
             |
         imd |
          4  |    .989171   .0292156    -0.37   0.712     .9335353    1.048122
5 most de..  |   .9674956   .0381252    -0.84   0.402     .8955843    1.045181
             |
tot_adults~h |
          2  |   1.136844   .2384864     0.61   0.541     .7535922    1.715005
          3  |    1.11833   .1832392     0.68   0.495     .8111477    1.541842
             |
1.htdiag_o~p |   1.014175   .0266113     0.54   0.592     .9633361    1.067696
1.~y_disease |   1.009809   .0298056     0.33   0.741      .953049     1.06995
    1.asthma |   .9955277   .0443523    -0.10   0.920      .912286    1.086365
1.~c_disease |   .9790213   .0289074    -0.72   0.473     .9239721     1.03735
             |
     diabcat |
T1DM, con..  |   1.113321   .0790776     1.51   0.131     .9686367    1.279618
T1DM, unc..  |   1.214824   .1857827     1.27   0.203     .9002006    1.639409
T2DM, con..  |   1.022792     .03431     0.67   0.502     .9577084    1.092298
T2DM, unc..  |   1.043126   .0654672     0.67   0.501     .9223906    1.179665
Diabetes,..  |   2.110565   .7294558     2.16   0.031     1.072026      4.1552
             |
cancer_exh~t |
  Last year  |   .9939808    .185289    -0.03   0.974     .6897705    1.432357
2-5 years..  |   1.100974   .1060345     1.00   0.318     .9115872    1.329708
   5+ years  |   .9827521   .0305742    -0.56   0.576     .9246182    1.044541
             |
cancer_hae~t |
  Last year  |   .8554925   .1744291    -0.77   0.444     .5736698    1.275764
2-5 years..  |   .9579011   .0973096    -0.42   0.672      .784965    1.168937
   5+ years  |   .9985272   .0305021    -0.05   0.962     .9404986    1.060136
             |
1.~r_disease |   1.032444   .0300223     1.10   0.272     .9752468    1.092996
1.stroke_d~a |   1.017648   .0279425     0.64   0.524     .9643293    1.073915
1.other_ne~o |   1.004723   .0293763     0.16   0.872     .9487654    1.063981
             |
reduced_ki~t |
Stage 3a/..  |    .735455    .148073    -1.53   0.127     .4956547    1.091272
      1.esrd |      1.013   .0244796     0.53   0.593     .9661397    1.062134
1.other_tr~t |   .9623879   .0284269    -1.30   0.194     .9082544    1.019748
  1.asplenia |   .9723807   .0281544    -0.97   0.333     .9187357    1.029158
1.ra_sle_p~s |   1.020327   .0292544     0.70   0.483     .9645708    1.079306
1.other_im~o |   1.026452   .0304906     0.88   0.379     .9683976    1.087986
------------------------------------------------------------------------------
                                                             Stratified by stp
   1:      8.80 /        1 =       8.7980

         failure _d:  covid_tpp_prob
   analysis time _t:  (stime_covid_tpp_prob-origin)
             origin:  time enter_date
  enter on or after:  time enter_date
                 id:  patient_id

Iteration 0:   log pseudolikelihood = -51365.574
Iteration 1:   log pseudolikelihood = -51347.909
Iteration 2:   log pseudolikelihood = -51347.298
Iteration 3:   log pseudolikelihood = -51347.286
Iteration 4:   log pseudolikelihood = -51347.285
Refining estimates:
Iteration 0:   log pseudolikelihood = -51347.285

Stratified Cox regr. -- Breslow method for ties

No. of subjects      =       16,146             Number of obs    =      16,146
No. of failures      =        7,246
Time at risk         =       934468
                                                Wald chi2(45)    =       37.27
Log pseudolikelihood =   -51347.285             Prob > chi2      =      0.7866

                       (Std. Err. adjusted for 1,129 clusters in household_id)
------------------------------------------------------------------------------
             |               Robust
          _t | Haz. Ratio   Std. Err.      z    P>|z|     [95% Conf. Interval]
-------------+----------------------------------------------------------------
   kids_cat4 |
only <12 ..  |   1.133612   .1167454     1.22   0.223     .9264101    1.387158
 only 12-18  |   .9360766   .2515985    -0.25   0.806      .552746    1.585248
      mixed  |   1.012808     .08014     0.16   0.872     .8673107    1.182714
             |
        age1 |    1.00495   .0042627     1.16   0.244     .9966295    1.013339
        age2 |   .9888624   .0132768    -0.83   0.404     .9631798     1.01523
        age3 |   1.027921   .0398412     0.71   0.477     .9527258    1.109051
      1.male |   1.061321   .0239288     2.64   0.008     1.015443    1.109272
             |
   ethnicity |
Asian or ..  |   1.034481   .0407958     0.86   0.390     .9575348    1.117611
      Other  |   1.031121   .0389412     0.81   0.417     .9575543    1.110341
             |
   obese4cat |
Obese I ..)  |   1.023792   .0347648     0.69   0.489     .9578723    1.094248
Obese II..)  |   .9847908   .0420848    -0.36   0.720      .905666    1.070828
Obese II..)  |   1.031165   .0508461     0.62   0.534     .9361728    1.135796
             |
smoke_nomiss |
     Former  |   1.006737   .0841159     0.08   0.936     .8546643    1.185868
    Current  |   .9388963   .0347879    -1.70   0.089     .8731301    1.009616
             |
         imd |
          4  |   .9889624   .0292168    -0.38   0.707     .9333249    1.047917
5 most de..  |   .9667749   .0381044    -0.86   0.391     .8949034    1.044418
             |
tot_adults~h |
          2  |   1.138362   .2387019     0.62   0.537      .754732     1.71699
          3  |   1.119561   .1834699     0.69   0.491     .8119994    1.543618
             |
1.htdiag_o~p |    1.01455   .0266634     0.55   0.583     .9636138    1.068179
1.~y_disease |   1.011447   .0311587     0.37   0.712     .9521841    1.074398
    1.asthma |   .9969198   .0446964    -0.07   0.945     .9130552    1.088487
1.~c_disease |   .9788636   .0289007    -0.72   0.469      .923827    1.037179
             |
     diabcat |
T1DM, con..  |   1.113955   .0791228     1.52   0.129     .9691875    1.280346
T1DM, unc..  |   1.214919   .1856625     1.27   0.203     .9004664    1.639181
T2DM, con..  |   1.023016   .0343269     0.68   0.498     .9579008    1.092557
T2DM, unc..  |   1.044289   .0655733     0.69   0.490     .9233619    1.181054
Diabetes,..  |   2.113618   .7287234     2.17   0.030     1.075358    4.154318
             |
cancer_exh~t |
  Last year  |   .9953128   .1857045    -0.03   0.980     .6904675    1.434749
2-5 years..  |   1.102904   .1060767     1.02   0.309      .913418    1.331698
   5+ years  |   .9840672   .0316176    -0.50   0.617     .9240086    1.048029
             |
cancer_hae~t |
  Last year  |   .8568373    .175212    -0.76   0.450     .5739033    1.279257
2-5 years..  |   .9587522   .0981309    -0.41   0.681     .7844831    1.171734
   5+ years  |   1.000011   .0314691     0.00   1.000     .9401965    1.063631
             |
1.~r_disease |   1.032288   .0300216     1.09   0.275     .9750924    1.092839
1.stroke_d~a |   1.017748   .0279499     0.64   0.522     .9644153     1.07403
1.other_ne~o |   1.004366   .0293622     0.15   0.882     .9484347    1.063595
             |
reduced_ki~t |
Stage 3a/..  |   .7348654   .1477287    -1.53   0.125     .4955554    1.089741
      1.esrd |   1.015015   .0264516     0.57   0.567     .9644731    1.068207
1.other_tr~t |   .9640164   .0289982    -1.22   0.223      .908824    1.022561
  1.asplenia |   .9739446   .0292468    -0.88   0.379     .9182762    1.032988
1.ra_sle_p~s |     1.0203   .0292411     0.70   0.483     .9645689    1.079252
1.other_im~o |   1.028069   .0317821     0.90   0.371      .967627    1.092287
             |
      shield#|
   kids_cat4 |
          1 #|
only <12 ..  |   .9295866    .080314    -0.85   0.398     .7847803    1.101112
          1 #|
 only 12-18  |    1.12163   .3429448     0.38   0.707      .616013    2.042252
    1#mixed  |   .9981739   .0425025    -0.04   0.966     .9182518    1.085052
------------------------------------------------------------------------------
                                                             Stratified by stp
   1:      9.00 /        1 =       9.0010

 ( 1)  1.shield#1.kids_cat4 = 0
 ( 2)  1.shield#2.kids_cat4 = 0
 ( 3)  1.shield#3.kids_cat4 = 0

           chi2(  3) =    0.88
         Prob > chi2 =    0.8297

kids_cat4 
****************

 ( 1)  1.kids_cat4 + 1.shield#1.kids_cat4 = 0

------------------------------------------------------------------------------
          _t |     exp(b)   Std. Err.      z    P>|z|     [95% Conf. Interval]
-------------+----------------------------------------------------------------
         (1) |   1.053791   .0825194     0.67   0.503     .9038559    1.228598
------------------------------------------------------------------------------
kids_cat4
****************

 ( 1)  2.kids_cat4 + 1.shield#2.kids_cat4 = 0

------------------------------------------------------------------------------
          _t |     exp(b)   Std. Err.      z    P>|z|     [95% Conf. Interval]
-------------+----------------------------------------------------------------
         (1) |   1.049931   .1332454     0.38   0.701     .8187213    1.346436
------------------------------------------------------------------------------
kids_cat4
****************

 ( 1)  3.kids_cat4 + 1.shield#3.kids_cat4 = 0

------------------------------------------------------------------------------
          _t |     exp(b)   Std. Err.      z    P>|z|     [95% Conf. Interval]
-------------+----------------------------------------------------------------
         (1) |   1.010959   .0708675     0.16   0.876     .8811805    1.159851
------------------------------------------------------------------------------
(note: file ./output/an_interaction_cox_models_covid_tpp_prob_kids_cat4_shield_
> 0_timeperiod0.ster not found)
file ./output/an_interaction_cox_models_covid_tpp_prob_kids_cat4_shield_0_timep
> eriod0.ster saved
(11,514 observations (episodes) created)
(cat_time: 11514 changes made)
(covid_tpp_prob: 11514 changes made)

observation |
   interval |      Freq.     Percent        Cum.
------------+-----------------------------------
          0 |     16,146       58.37       58.37
          1 |      8,140       29.43       87.80
          2 |      3,374       12.20      100.00
------------+-----------------------------------
      Total |     27,660      100.00

           |   Failure/censoring
           |     indicator for
           |  outcome: covid prob
observatio |         case
n interval |         0          1 |     Total
-----------+----------------------+----------
         0 |     8,900      7,246 |    16,146 
         1 |     3,998      4,142 |     8,140 
         2 |     1,369      2,005 |     3,374 
-----------+----------------------+----------
     Total |    14,267     13,393 |    27,660 
(19,523 observations deleted)

           |   Failure/censoring
           |     indicator for
           |  outcome: covid prob
  Probable |         case
 shielding |         0          1 |     Total
-----------+----------------------+----------
         0 |       622        637 |     1,259 
         1 |     3,376      3,505 |     6,881 
-----------+----------------------+----------
     Total |     3,998      4,142 |     8,140 

         failure _d:  covid_tpp_prob
   analysis time _t:  (stime_covid_tpp_prob-origin)
             origin:  time enter_date
  enter on or after:  time enter_date
                 id:  patient_id

Iteration 0:   log pseudolikelihood =  -26253.59
Iteration 1:   log pseudolikelihood =  -26231.56
Iteration 2:   log pseudolikelihood = -26231.416
Iteration 3:   log pseudolikelihood = -26231.416
Refining estimates:
Iteration 0:   log pseudolikelihood = -26231.416

Stratified Cox regr. -- Breslow method for ties

No. of subjects      =        8,140             Number of obs    =       8,140
No. of failures      =        4,142
Time at risk         =       387002
                                                Wald chi2(42)    =       47.82
Log pseudolikelihood =   -26231.416             Prob > chi2      =      0.2482

                       (Std. Err. adjusted for 1,029 clusters in household_id)
------------------------------------------------------------------------------
             |               Robust
          _t | Haz. Ratio   Std. Err.      z    P>|z|     [95% Conf. Interval]
-------------+----------------------------------------------------------------
   kids_cat4 |
only <12 ..  |   1.064266   .1139959     0.58   0.561     .8627322    1.312878
 only 12-18  |   1.145185   .1632545     0.95   0.342     .8660258    1.514331
      mixed  |   1.018356   .1010765     0.18   0.855      .838328    1.237044
             |
        age1 |    1.00051   .0056139     0.09   0.928     .9895671    1.011574
        age2 |   1.002696   .0176906     0.15   0.879     .9686155    1.037975
        age3 |   .9852042   .0495727    -0.30   0.767     .8926808    1.087317
      1.male |   .9958529   .0314364    -0.13   0.895     .9361061    1.059413
             |
   ethnicity |
Asian or ..  |   1.026174   .0514849     0.51   0.607     .9300685    1.132211
      Other  |   .9223489   .0505686    -1.47   0.140     .8283757    1.026983
             |
   obese4cat |
Obese I ..)  |   1.065103   .0450511     1.49   0.136      .980365    1.157165
Obese II..)  |   1.036442    .053864     0.69   0.491     .9360693    1.147578
Obese II..)  |    1.01067   .0671566     0.16   0.873     .8872558     1.15125
             |
smoke_nomiss |
     Former  |    1.13127   .1291676     1.08   0.280     .9044336    1.414998
    Current  |   .9498879   .0449016    -1.09   0.277     .8658362    1.042099
             |
         imd |
          4  |   .9897859   .0398965    -0.25   0.799     .9145993    1.071153
5 most de..  |   1.019132    .052143     0.37   0.711     .9218905     1.12663
             |
tot_adults~h |
          2  |   .7962935   .2127091    -0.85   0.394     .4717336    1.344155
          3  |   .7363692   .1339371    -1.68   0.092     .5155512    1.051767
             |
1.htdiag_o~p |   1.027629   .0338106     0.83   0.407     .9634533     1.09608
1.~y_disease |   .9943868   .0370654    -0.15   0.880     .9243303    1.069753
    1.asthma |   .8692972   .0506527    -2.40   0.016     .7754789    .9744657
1.~c_disease |   .9414266   .0346662    -1.64   0.101     .8758761    1.011883
             |
     diabcat |
T1DM, con..  |   .8039986   .0894447    -1.96   0.050     .6464862    .9998879
T1DM, unc..  |   .6675025   .1937978    -1.39   0.164     .3778517    1.179192
T2DM, con..  |   .9668075    .042109    -0.78   0.438        .8877    1.052965
T2DM, unc..  |   .9441913   .0789223    -0.69   0.492     .8015128    1.112268
Diabetes,..  |   1.102356   .3722717     0.29   0.773     .5686778    2.136866
             |
cancer_exh~t |
  Last year  |   .6949251   .1819498    -1.39   0.165     .4159785    1.160928
2-5 years..  |   1.161703   .1358179     1.28   0.200     .9238021     1.46087
   5+ years  |   1.041037   .0432717     0.97   0.333     .9595886    1.129398
             |
cancer_hae~t |
  Last year  |   .9138108   .2507666    -0.33   0.743     .5336676    1.564739
2-5 years..  |    1.05583   .1318489     0.44   0.664     .8266064     1.34862
   5+ years  |   1.012721   .0401465     0.32   0.750      .937015    1.094545
             |
1.~r_disease |   1.017977   .0397616     0.46   0.648     .9429536    1.098968
1.stroke_d~a |   .9836539   .0385744    -0.42   0.674     .9108819     1.06224
1.other_ne~o |   .9294888   .0382871    -1.78   0.076     .8573968    1.007642
             |
reduced_ki~t |
Stage 3a/..  |   1.059955   .2232355     0.28   0.782     .7014826    1.601613
      1.esrd |   .9895137   .0301943    -0.35   0.730     .9320689    1.050499
1.other_tr~t |    1.05382   .0403039     1.37   0.170     .9777141    1.135851
  1.asplenia |   1.011638   .0378876     0.31   0.757     .9400395     1.08869
1.ra_sle_p~s |   1.058247   .0414013     1.45   0.148     .9801346    1.142584
1.other_im~o |   1.042153   .0406677     1.06   0.290     .9654175    1.124987
------------------------------------------------------------------------------
                                                             Stratified by stp
   1:      4.31 /        1 =       4.3140

         failure _d:  covid_tpp_prob
   analysis time _t:  (stime_covid_tpp_prob-origin)
             origin:  time enter_date
  enter on or after:  time enter_date
                 id:  patient_id

Iteration 0:   log pseudolikelihood =  -26253.59
Iteration 1:   log pseudolikelihood = -26231.362
Iteration 2:   log pseudolikelihood = -26231.213
Iteration 3:   log pseudolikelihood = -26231.213
Refining estimates:
Iteration 0:   log pseudolikelihood = -26231.213

Stratified Cox regr. -- Breslow method for ties

No. of subjects      =        8,140             Number of obs    =       8,140
No. of failures      =        4,142
Time at risk         =       387002
                                                Wald chi2(45)    =       48.75
Log pseudolikelihood =   -26231.213             Prob > chi2      =      0.3245

                       (Std. Err. adjusted for 1,029 clusters in household_id)
------------------------------------------------------------------------------
             |               Robust
          _t | Haz. Ratio   Std. Err.      z    P>|z|     [95% Conf. Interval]
-------------+----------------------------------------------------------------
   kids_cat4 |
only <12 ..  |    1.03135   .1684886     0.19   0.850     .7487685    1.420575
 only 12-18  |   1.298633   .3351755     1.01   0.311     .7830554    2.153677
      mixed  |   1.004151   .1102608     0.04   0.970     .8097164    1.245275
             |
        age1 |    1.00052   .0056136     0.09   0.926     .9895782    1.011583
        age2 |   1.002722   .0176808     0.15   0.877     .9686605    1.037982
        age3 |   .9850614    .049527    -0.30   0.765     .8926197    1.087076
      1.male |    .995566   .0314078    -0.14   0.888     .9358725    1.059067
             |
   ethnicity |
Asian or ..  |   1.026313   .0514971     0.52   0.605     .9301847    1.132375
      Other  |   .9224917   .0505401    -1.47   0.141     .8285679    1.027062
             |
   obese4cat |
Obese I ..)  |     1.0655    .045079     1.50   0.134     .9807113     1.15762
Obese II..)  |   1.037604   .0539638     0.71   0.478      .937049     1.14895
Obese II..)  |   1.010658   .0672421     0.16   0.873      .887097    1.151429
             |
smoke_nomiss |
     Former  |    1.13246   .1292951     1.09   0.276     .9053977    1.416466
    Current  |   .9499278   .0449011    -1.09   0.277     .8658768    1.042138
             |
         imd |
          4  |   .9901385   .0398969    -0.25   0.806     .9149502    1.071506
5 most de..  |   1.019518   .0522113     0.38   0.706     .9221542    1.127162
             |
tot_adults~h |
          2  |   .7973281   .2132784    -0.85   0.397     .4720065    1.346872
          3  |   .7361198   .1333151    -1.69   0.091     .5161685    1.049797
             |
1.htdiag_o~p |   1.027726   .0338485     0.83   0.406     .9634803    1.096256
1.~y_disease |   .9915466   .0380686    -0.22   0.825     .9196717    1.069039
    1.asthma |   .8671669   .0509809    -2.42   0.015     .7727881    .9730719
1.~c_disease |   .9416797   .0347144    -1.63   0.103     .8760406    1.012237
             |
     diabcat |
T1DM, con..  |   .8034289   .0894601    -1.97   0.049     .6459039    .9993716
T1DM, unc..  |   .6674992   .1938855    -1.39   0.164     .3777514    1.179493
T2DM, con..  |   .9659737   .0421702    -0.79   0.428     .8867589    1.052265
T2DM, unc..  |   .9430583   .0788219    -0.70   0.483     .8005604     1.11092
Diabetes,..  |    1.10313   .3753192     0.29   0.773     .5662668    2.148978
             |
cancer_exh~t |
  Last year  |   .6937269   .1819367    -1.39   0.163     .4149087    1.159911
2-5 years..  |    1.15883   .1356701     1.26   0.208     .9212242     1.45772
   5+ years  |   1.038285    .044665     0.87   0.382     .9543317    1.129623
             |
cancer_hae~t |
  Last year  |   .9116079   .2504114    -0.34   0.736     .5320958    1.561803
2-5 years..  |   1.053239   .1315895     0.42   0.678     .8244786     1.34547
   5+ years  |   1.009832   .0408734     0.24   0.809     .9328168    1.093206
             |
1.~r_disease |   1.017812   .0396951     0.45   0.651     .9429099    1.098663
1.stroke_d~a |   .9835716   .0385377    -0.42   0.672     .9108666     1.06208
1.other_ne~o |   .9292509   .0382307    -1.78   0.075     .8572616    1.007286
             |
reduced_ki~t |
Stage 3a/..  |   1.060701   .2230258     0.28   0.779     .7024522    1.601654
      1.esrd |   .9860543   .0324628    -0.43   0.670     .9244376    1.051778
1.other_tr~t |   1.050658   .0421477     1.23   0.218     .9712139      1.1366
  1.asplenia |   1.008743   .0392356     0.22   0.823     .9347012    1.088651
1.ra_sle_p~s |   1.057728   .0414307     1.43   0.152     .9795637    1.142129
1.other_im~o |   1.039354   .0423959     0.95   0.344     .9594941     1.12586
             |
      shield#|
   kids_cat4 |
          1 #|
only <12 ..  |   1.037168   .1490157     0.25   0.799     .7826221    1.374504
          1 #|
 only 12-18  |   .8562567   .2071934    -0.64   0.521     .5328854     1.37586
    1#mixed  |   1.016363   .0566381     0.29   0.771      .911202    1.133661
------------------------------------------------------------------------------
                                                             Stratified by stp
   1:      4.47 /        1 =       4.4700

 ( 1)  1.shield#1.kids_cat4 = 0
 ( 2)  1.shield#2.kids_cat4 = 0
 ( 3)  1.shield#3.kids_cat4 = 0

           chi2(  3) =    0.58
         Prob > chi2 =    0.9019

kids_cat4 
****************

 ( 1)  1.kids_cat4 + 1.shield#1.kids_cat4 = 0

------------------------------------------------------------------------------
          _t |     exp(b)   Std. Err.      z    P>|z|     [95% Conf. Interval]
-------------+----------------------------------------------------------------
         (1) |   1.069683   .1165502     0.62   0.536     .8639923    1.324341
------------------------------------------------------------------------------
kids_cat4
****************

 ( 1)  2.kids_cat4 + 1.shield#2.kids_cat4 = 0

------------------------------------------------------------------------------
          _t |     exp(b)   Std. Err.      z    P>|z|     [95% Conf. Interval]
-------------+----------------------------------------------------------------
         (1) |   1.111963   .1584484     0.74   0.456     .8410061    1.470218
------------------------------------------------------------------------------
kids_cat4
****************

 ( 1)  3.kids_cat4 + 1.shield#3.kids_cat4 = 0

------------------------------------------------------------------------------
          _t |     exp(b)   Std. Err.      z    P>|z|     [95% Conf. Interval]
-------------+----------------------------------------------------------------
         (1) |   1.020582   .1015944     0.20   0.838     .8396818    1.240456
------------------------------------------------------------------------------
(note: file ./output/an_interaction_cox_models_covid_tpp_prob_kids_cat4_shield_
> 0_timeperiod1.ster not found)
file ./output/an_interaction_cox_models_covid_tpp_prob_kids_cat4_shield_0_timep
> eriod1.ster saved
(11,514 observations (episodes) created)
(cat_time: 11514 changes made)
(covid_tpp_prob: 11514 changes made)

observation |
   interval |      Freq.     Percent        Cum.
------------+-----------------------------------
          0 |     16,146       58.37       58.37
          1 |      8,140       29.43       87.80
          2 |      3,374       12.20      100.00
------------+-----------------------------------
      Total |     27,660      100.00

           |   Failure/censoring
           |     indicator for
           |  outcome: covid prob
observatio |         case
n interval |         0          1 |     Total
-----------+----------------------+----------
         0 |     8,900      7,246 |    16,146 
         1 |     3,998      4,142 |     8,140 
         2 |     1,369      2,005 |     3,374 
-----------+----------------------+----------
     Total |    14,267     13,393 |    27,660 
(24,289 observations deleted)

           |   Failure/censoring
           |     indicator for
           |  outcome: covid prob
  Probable |         case
 shielding |         0          1 |     Total
-----------+----------------------+----------
         0 |       213        313 |       526 
         1 |     1,156      1,692 |     2,848 
-----------+----------------------+----------
     Total |     1,369      2,005 |     3,374 

         failure _d:  covid_tpp_prob
   analysis time _t:  (stime_covid_tpp_prob-origin)
             origin:  time enter_date
  enter on or after:  time enter_date
                 id:  patient_id

Iteration 0:   log pseudolikelihood = -10655.452
Iteration 1:   log pseudolikelihood =  -10639.47
Iteration 2:   log pseudolikelihood = -10639.232
Iteration 3:   log pseudolikelihood =  -10639.23
Iteration 4:   log pseudolikelihood =  -10639.23
Refining estimates:
Iteration 0:   log pseudolikelihood =  -10639.23

Stratified Cox regr. -- Breslow method for ties

No. of subjects      =        3,374             Number of obs    =       3,374
No. of failures      =        2,005
Time at risk         =       121162
                                                Wald chi2(42)    =      123.21
Log pseudolikelihood =    -10639.23             Prob > chi2      =      0.0000

                         (Std. Err. adjusted for 859 clusters in household_id)
------------------------------------------------------------------------------
             |               Robust
          _t | Haz. Ratio   Std. Err.      z    P>|z|     [95% Conf. Interval]
-------------+----------------------------------------------------------------
   kids_cat4 |
only <12 ..  |   1.227757    .205445     1.23   0.220     .8844594    1.704304
 only 12-18  |   1.192687   .2776245     0.76   0.449     .7557708    1.882186
      mixed  |   1.167237   .1758359     1.03   0.305     .8688239    1.568146
             |
        age1 |   1.000202   .0084451     0.02   0.981      .983786    1.016892
        age2 |   .9989667   .0259509    -0.04   0.968      .949377    1.051147
        age3 |    .999264   .0733682    -0.01   0.992     .8653326    1.153924
      1.male |   1.031852   .0461116     0.70   0.483     .9453198    1.126305
             |
   ethnicity |
Asian or ..  |   1.100198   .0842386     1.25   0.212     .9468846    1.278335
      Other  |   1.104121   .0791307     1.38   0.167     .9594274    1.270635
             |
   obese4cat |
Obese I ..)  |   .9115848   .0631551    -1.34   0.181     .7958393    1.044164
Obese II..)  |   1.128194   .0880547     1.55   0.122     .9681627    1.314679
Obese II..)  |   .8928461   .0878265    -1.15   0.249     .7362861    1.082696
             |
smoke_nomiss |
     Former  |   .8610607    .153316    -0.84   0.401     .6073977    1.220659
    Current  |   .9927327   .0665749    -0.11   0.913       .87046    1.132181
             |
         imd |
          4  |   1.032327   .0578615     0.57   0.570      .924928    1.152197
5 most de..  |    1.00411   .0774872     0.05   0.958     .8631652    1.168069
             |
tot_adults~h |
          2  |   1.226948   .6538809     0.38   0.701     .4317111     3.48706
          3  |   1.132579   .4650984     0.30   0.762     .5064292      2.5329
             |
1.htdiag_o~p |   .9740054   .0466177    -0.55   0.582     .8867909    1.069797
1.~y_disease |   1.014622    .056386     0.26   0.794     .9099135     1.13138
    1.asthma |   1.006248   .0788093     0.08   0.937     .8630565    1.173198
1.~c_disease |   1.078884    .058128     1.41   0.159     .9707643    1.199045
             |
     diabcat |
T1DM, con..  |   1.399034   .1911992     2.46   0.014     1.070283    1.828765
T1DM, unc..  |   1.159663   .2522109     0.68   0.496     .7571937    1.776055
T2DM, con..  |   .9642161   .0611588    -0.57   0.566     .8514987    1.091855
T2DM, unc..  |    1.02981   .1221279     0.25   0.804     .8162264    1.299281
Diabetes,..  |   2.331283   .2790538     7.07   0.000     1.843769    2.947701
             |
cancer_exh~t |
  Last year  |   .9036042   .2569089    -0.36   0.721      .517569    1.577569
2-5 years..  |   .8330108    .186255    -0.82   0.414     .5374379    1.291139
   5+ years  |   1.000167   .0575016     0.00   0.998     .8935833    1.119463
             |
cancer_hae~t |
  Last year  |   1.338277   .3049339     1.28   0.201     .8562388    2.091689
2-5 years..  |   1.000066   .1790749     0.00   1.000     .7040606    1.420521
   5+ years  |   1.014131    .059979     0.24   0.812     .9031319    1.138772
             |
1.~r_disease |   1.075833   .0617532     1.27   0.203      .961359    1.203938
1.stroke_d~a |   1.013143   .0579687     0.23   0.819     .9056659    1.133375
1.other_ne~o |   1.004137    .056115     0.07   0.941     .8999628     1.12037
             |
reduced_ki~t |
Stage 3a/..  |   1.388367   .4622794     0.99   0.324     .7229082    2.666403
      1.esrd |   1.013747   .0463696     0.30   0.765     .9268193    1.108829
1.other_tr~t |   1.095208   .0600106     1.66   0.097     .9836852    1.219375
  1.asplenia |    .993738   .0559965    -0.11   0.911     .8898304    1.109779
1.ra_sle_p~s |   1.062754   .0590408     1.10   0.273     .9531133    1.185007
1.other_im~o |   .9297279   .0523202    -1.29   0.195     .8326351    1.038143
------------------------------------------------------------------------------
                                                             Stratified by stp
   1:      1.67 /        1 =       1.6660

         failure _d:  covid_tpp_prob
   analysis time _t:  (stime_covid_tpp_prob-origin)
             origin:  time enter_date
  enter on or after:  time enter_date
                 id:  patient_id

Iteration 0:   log pseudolikelihood = -10655.452
Iteration 1:   log pseudolikelihood = -10637.994
Iteration 2:   log pseudolikelihood = -10637.731
Iteration 3:   log pseudolikelihood = -10637.729
Iteration 4:   log pseudolikelihood = -10637.729
Refining estimates:
Iteration 0:   log pseudolikelihood = -10637.729

Stratified Cox regr. -- Breslow method for ties

No. of subjects      =        3,374             Number of obs    =       3,374
No. of failures      =        2,005
Time at risk         =       121162
                                                Wald chi2(45)    =      125.51
Log pseudolikelihood =   -10637.729             Prob > chi2      =      0.0000

                         (Std. Err. adjusted for 859 clusters in household_id)
------------------------------------------------------------------------------
             |               Robust
          _t | Haz. Ratio   Std. Err.      z    P>|z|     [95% Conf. Interval]
-------------+----------------------------------------------------------------
   kids_cat4 |
only <12 ..  |   1.052091   .2547115     0.21   0.834     .6546014    1.690944
 only 12-18  |   .6779237   .4367354    -0.60   0.546     .1917853    2.396328
      mixed  |   1.231792   .2065602     1.24   0.214      .886745    1.711103
             |
        age1 |   1.000262    .008476     0.03   0.975     .9837861    1.017013
        age2 |   .9989291   .0260532    -0.04   0.967     .9491489     1.05132
        age3 |   .9993703   .0736572    -0.01   0.993     .8649476    1.154684
      1.male |   1.032035   .0463159     0.70   0.482     .9451353    1.126925
             |
   ethnicity |
Asian or ..  |   1.103156   .0843597     1.28   0.199     .9496087    1.281532
      Other  |   1.103277   .0792858     1.37   0.171     .9583273     1.27015
             |
   obese4cat |
Obese I ..)  |   .9136924   .0631821    -1.31   0.192      .797883    1.046311
Obese II..)  |    1.12315   .0878798     1.48   0.138     .9634656      1.3093
Obese II..)  |   .9003957   .0884597    -1.07   0.286     .7426888    1.091591
             |
smoke_nomiss |
     Former  |   .8524219   .1522828    -0.89   0.371     .6006061    1.209816
    Current  |   .9907698   .0663732    -0.14   0.890     .8688594    1.129786
             |
         imd |
          4  |   1.030633   .0578238     0.54   0.591     .9233098    1.150432
5 most de..  |   1.003032   .0775156     0.04   0.969     .8620511     1.16707
             |
tot_adults~h |
          2  |   1.218787   .6522424     0.37   0.712     .4269738    3.478999
          3  |    1.14719    .471842     0.33   0.738     .5123117    2.568837
             |
1.htdiag_o~p |   .9689576   .0464204    -0.66   0.510     .8821162    1.064348
1.~y_disease |    1.02164   .0590923     0.37   0.711     .9121449    1.144279
    1.asthma |   1.011696   .0809563     0.15   0.884     .8648412    1.183487
1.~c_disease |   1.077597   .0584119     1.38   0.168     .9689835    1.198385
             |
     diabcat |
T1DM, con..  |   1.398012   .1917808     2.44   0.015      1.06842    1.829278
T1DM, unc..  |   1.148937   .2492913     0.64   0.522     .7509413    1.757867
T2DM, con..  |   .9695497   .0615025    -0.49   0.626     .8561994    1.097906
T2DM, unc..  |   1.024566   .1217891     0.20   0.838     .8116305    1.293366
Diabetes,..  |   2.366951   .2876338     7.09   0.000     1.865308    3.003502
             |
cancer_exh~t |
  Last year  |   .9035725   .2562287    -0.36   0.721     .5183049    1.575218
2-5 years..  |   .8396766   .1883718    -0.78   0.436     .5409471    1.303375
   5+ years  |   1.007036   .0597976     0.12   0.906     .8963979     1.13133
             |
cancer_hae~t |
  Last year  |   1.334556   .3077768     1.25   0.211     .8492427     2.09721
2-5 years..  |    1.01005   .1820376     0.06   0.956     .7094696    1.437976
   5+ years  |   1.020508   .0632908     0.33   0.743     .9037034     1.15241
             |
1.~r_disease |   1.077733   .0618175     1.31   0.192     .9631355    1.205966
1.stroke_d~a |   1.012533   .0579194     0.22   0.828     .9051458    1.132662
1.other_ne~o |   1.005323   .0561641     0.10   0.924     .9010562    1.121656
             |
reduced_ki~t |
Stage 3a/..  |   1.369395   .4567909     0.94   0.346     .7121843    2.633087
      1.esrd |   1.021012   .0516607     0.41   0.681     .9246172    1.127455
1.other_tr~t |   1.101568   .0630874     1.69   0.091     .9846065    1.232424
  1.asplenia |   .9992569   .0582822    -0.01   0.990     .8913132    1.120273
1.ra_sle_p~s |   1.064239   .0590756     1.12   0.262     .9545289    1.186558
1.other_im~o |   .9345145   .0540991    -1.17   0.242     .8342763    1.046796
             |
      shield#|
   kids_cat4 |
          1 #|
only <12 ..  |   1.197741   .2583728     0.84   0.403     .7847735    1.828021
          1 #|
 only 12-18  |   1.945049   1.241236     1.04   0.297     .5568463    6.794006
    1#mixed  |   .9369254   .0789601    -0.77   0.439     .7942722    1.105199
------------------------------------------------------------------------------
                                                             Stratified by stp
   1:      1.81 /        1 =       1.8150

 ( 1)  1.shield#1.kids_cat4 = 0
 ( 2)  1.shield#2.kids_cat4 = 0
 ( 3)  1.shield#3.kids_cat4 = 0

           chi2(  3) =    2.66
         Prob > chi2 =    0.4462

kids_cat4 
****************

 ( 1)  1.kids_cat4 + 1.shield#1.kids_cat4 = 0

------------------------------------------------------------------------------
          _t |     exp(b)   Std. Err.      z    P>|z|     [95% Conf. Interval]
-------------+----------------------------------------------------------------
         (1) |   1.260132   .2167472     1.34   0.179     .8995104    1.765329
------------------------------------------------------------------------------
kids_cat4
****************

 ( 1)  2.kids_cat4 + 1.shield#2.kids_cat4 = 0

------------------------------------------------------------------------------
          _t |     exp(b)   Std. Err.      z    P>|z|     [95% Conf. Interval]
-------------+----------------------------------------------------------------
         (1) |   1.318595   .3033292     1.20   0.229     .8400426    2.069768
------------------------------------------------------------------------------
kids_cat4
****************

 ( 1)  3.kids_cat4 + 1.shield#3.kids_cat4 = 0

------------------------------------------------------------------------------
          _t |     exp(b)   Std. Err.      z    P>|z|     [95% Conf. Interval]
-------------+----------------------------------------------------------------
         (1) |   1.154097   .1741126     0.95   0.342     .8586696    1.551168
------------------------------------------------------------------------------
(note: file ./output/an_interaction_cox_models_covid_tpp_prob_kids_cat4_shield_
> 0_timeperiod2.ster not found)
file ./output/an_interaction_cox_models_covid_tpp_prob_kids_cat4_shield_0_timep
> eriod2.ster saved
(3,271 observations (episodes) created)
(cat_time: 3271 changes made)
(covid_tpp_prob: 3271 changes made)

observation |
   interval |      Freq.     Percent        Cum.
------------+-----------------------------------
          0 |      4,504       57.93       57.93
          1 |      2,303       29.62       87.55
          2 |        968       12.45      100.00
------------+-----------------------------------
      Total |      7,775      100.00

           |   Failure/censoring
           |     indicator for
           |  outcome: covid prob
observatio |         case
n interval |         0          1 |     Total
-----------+----------------------+----------
         0 |     2,491      2,013 |     4,504 
         1 |     1,144      1,159 |     2,303 
         2 |       404        564 |       968 
-----------+----------------------+----------
     Total |     4,039      3,736 |     7,775 
(3,272 observations deleted)

           |   Failure/censoring
           |     indicator for
           |  outcome: covid prob
  Probable |         case
 shielding |         0          1 |     Total
-----------+----------------------+----------
         0 |       375        292 |       667 
         1 |     2,116      1,721 |     3,837 
-----------+----------------------+----------
     Total |     2,491      2,013 |     4,504 

         failure _d:  covid_tpp_prob
   analysis time _t:  (stime_covid_tpp_prob-origin)
             origin:  time enter_date
  enter on or after:  time enter_date
                 id:  patient_id

Iteration 0:   log pseudolikelihood = -11715.627
Iteration 1:   log pseudolikelihood = -11691.757
Iteration 2:   log pseudolikelihood = -11691.577
Iteration 3:   log pseudolikelihood = -11691.576
Iteration 4:   log pseudolikelihood = -11691.576
Refining estimates:
Iteration 0:   log pseudolikelihood = -11691.576

Stratified Cox regr. -- Breslow method for ties

No. of subjects      =        4,504             Number of obs    =       4,504
No. of failures      =        2,013
Time at risk         =       261882
                                                Wald chi2(42)    =       47.11
Log pseudolikelihood =   -11691.576             Prob > chi2      =      0.2714

                         (Std. Err. adjusted for 923 clusters in household_id)
------------------------------------------------------------------------------
             |               Robust
          _t | Haz. Ratio   Std. Err.      z    P>|z|     [95% Conf. Interval]
-------------+----------------------------------------------------------------
   kids_cat4 |
only <12 ..  |   .9855506   .1576651    -0.09   0.928     .7202886    1.348501
 only 12-18  |   .9769342   .2217263    -0.10   0.918     .6261458    1.524246
      mixed  |    .887093   .1322838    -0.80   0.422     .6622736    1.188231
             |
        age1 |   1.013915   .0184296     0.76   0.447     .9784296    1.050688
        age2 |   .9407733   .0765156    -0.75   0.453      .802148    1.103356
        age3 |   1.161444   .2268349     0.77   0.443     .7920545    1.703105
      1.male |   1.021508   .0472595     0.46   0.646     .9329564    1.118464
             |
   ethnicity |
Asian or ..  |   .9006586   .0688683    -1.37   0.171     .7753068    1.046277
      Other  |   1.003085   .0734906     0.04   0.966       .86891    1.157979
             |
   obese4cat |
Obese I ..)  |   1.054398   .0682391     0.82   0.413     .9287865    1.196997
Obese II..)  |   .9036041   .0781939    -1.17   0.241     .7626389    1.070625
Obese II..)  |   .9218097   .0936514    -0.80   0.423     .7553763    1.124914
             |
smoke_nomiss |
     Former  |   .8053067   .1373177    -1.27   0.204     .5765246    1.124876
    Current  |   1.070736   .0751236     0.97   0.330     .9331718     1.22858
             |
         imd |
          4  |   .9449203    .054243    -0.99   0.324     .8443687    1.057446
5 most de..  |   1.081125   .0822559     1.03   0.305     .9313515    1.254985
             |
tot_adults~h |
          2  |   1.065237   .5042199     0.13   0.894     .4212479    2.693733
          3  |   1.559806   .5056786     1.37   0.170     .8262603    2.944587
             |
1.htdiag_o~p |    1.00759   .0484911     0.16   0.875     .9168941    1.107258
1.~y_disease |   .9976513   .0555311    -0.04   0.966     .8945391    1.112649
    1.asthma |   1.115229   .0822677     1.48   0.139     .9651014     1.28871
1.~c_disease |    1.04873   .0585584     0.85   0.394     .9400151    1.170018
             |
     diabcat |
T1DM, con..  |   1.047785   .1820331     0.27   0.788     .7454041     1.47283
T1DM, unc..  |   .9484674    .250147    -0.20   0.841     .5656244    1.590438
T2DM, con..  |   .9202336   .0548557    -1.39   0.163     .8187615    1.034282
T2DM, unc..  |   .9111732   .1211465    -0.70   0.484     .7021471    1.182426
Diabetes,..  |   .5687843    .626428    -0.51   0.608     .0656872    4.925095
             |
cancer_exh~t |
  Last year  |   .6854852   .2662206    -0.97   0.331      .320198    1.467498
2-5 years..  |   1.011395   .1846312     0.06   0.951     .7071854    1.446467
   5+ years  |   .9560796   .0571271    -0.75   0.452     .8504202    1.074867
             |
cancer_hae~t |
  Last year  |   1.590816   .4714428     1.57   0.117     .8899465    2.843648
2-5 years..  |   1.152835   .1812518     0.90   0.366     .8471084      1.5689
   5+ years  |   1.004426   .0584895     0.08   0.940     .8960884    1.125861
             |
1.~r_disease |   1.099229   .0568364     1.83   0.067     .9932905    1.216467
1.stroke_d~a |   .9382733   .0523956    -1.14   0.254     .8410001    1.046798
1.other_ne~o |   .8691472   .0497897    -2.45   0.014       .77684    .9724226
             |
reduced_ki~t |
Stage 3a/..  |   1.268636   .1479116     2.04   0.041     1.009472    1.594334
      1.esrd |    1.12206   .0524521     2.46   0.014     1.023824     1.22972
1.other_tr~t |   .9962929     .05803    -0.06   0.949     .8888081    1.116776
  1.asplenia |   1.007747   .0580789     0.13   0.893     .9001083    1.128258
1.ra_sle_p~s |   .9349109   .0525421    -1.20   0.231     .8373992    1.043777
1.other_im~o |   1.043995   .0555014     0.81   0.418     .9406897    1.158645
------------------------------------------------------------------------------
                                                             Stratified by stp
   1:      2.92 /        1 =       2.9210

         failure _d:  covid_tpp_prob
   analysis time _t:  (stime_covid_tpp_prob-origin)
             origin:  time enter_date
  enter on or after:  time enter_date
                 id:  patient_id

Iteration 0:   log pseudolikelihood = -11715.627
Iteration 1:   log pseudolikelihood = -11691.261
Iteration 2:   log pseudolikelihood = -11691.075
Iteration 3:   log pseudolikelihood = -11691.074
Iteration 4:   log pseudolikelihood = -11691.074
Refining estimates:
Iteration 0:   log pseudolikelihood = -11691.074

Stratified Cox regr. -- Breslow method for ties

No. of subjects      =        4,504             Number of obs    =       4,504
No. of failures      =        2,013
Time at risk         =       261882
                                                Wald chi2(45)    =       48.42
Log pseudolikelihood =   -11691.074             Prob > chi2      =      0.3367

                         (Std. Err. adjusted for 923 clusters in household_id)
------------------------------------------------------------------------------
             |               Robust
          _t | Haz. Ratio   Std. Err.      z    P>|z|     [95% Conf. Interval]
-------------+----------------------------------------------------------------
   kids_cat4 |
only <12 ..  |   .9007995   .2075466    -0.45   0.650     .5734678     1.41497
 only 12-18  |   .7050978   .3277704    -0.75   0.452     .2835055    1.753627
      mixed  |   .9090718   .1495607    -0.58   0.562     .6585039    1.254984
             |
        age1 |   1.013966   .0184162     0.76   0.445     .9785063    1.050712
        age2 |   .9404635   .0764706    -0.75   0.450     .8019169    1.102947
        age3 |   1.162427   .2269872     0.77   0.441     .7927779    1.704433
      1.male |   1.020921   .0472384     0.45   0.655     .9324098    1.117835
             |
   ethnicity |
Asian or ..  |   .8999041   .0688537    -1.38   0.168     .7745846    1.045499
      Other  |   1.001785   .0733696     0.02   0.981     .8678275     1.15642
             |
   obese4cat |
Obese I ..)  |    1.05467   .0682154     0.82   0.411     .9290973    1.197214
Obese II..)  |   .9034461   .0781851    -1.17   0.241     .7624976    1.070449
Obese II..)  |   .9209595   .0935614    -0.81   0.418     .7546853    1.123868
             |
smoke_nomiss |
     Former  |   .8029059   .1370073    -1.29   0.198      .574667    1.121794
    Current  |   1.069048   .0751393     0.95   0.342     .9314717    1.226945
             |
         imd |
          4  |    .945186   .0543057    -0.98   0.327     .8445229    1.057848
5 most de..  |     1.0806   .0823413     1.02   0.309     .9306874    1.254661
             |
tot_adults~h |
          2  |   1.064613   .5027002     0.13   0.895     .4219516    2.686094
          3  |   1.556897   .5042098     1.37   0.172     .8252654    2.937151
             |
1.htdiag_o~p |   1.005789   .0485578     0.12   0.905     .9149815    1.105609
1.~y_disease |   .9991453   .0564231    -0.02   0.988     .8944584    1.116085
    1.asthma |   1.116673     .08332     1.48   0.139     .9647483    1.292522
1.~c_disease |   1.049718   .0586084     0.87   0.385     .9409097    1.171109
             |
     diabcat |
T1DM, con..  |    1.05048   .1829612     0.28   0.777     .7466802    1.477885
T1DM, unc..  |   .9501163   .2510183    -0.19   0.846     .5660978    1.594638
T2DM, con..  |   .9200479   .0549649    -1.39   0.163     .8183866    1.034338
T2DM, unc..  |   .9112685   .1210867    -0.70   0.484     .7023299    1.182365
Diabetes,..  |    .588307   .6469002    -0.48   0.629     .0681751    5.076707
             |
cancer_exh~t |
  Last year  |   .6887693   .2673162    -0.96   0.337     .3218967    1.473774
2-5 years..  |   1.011505   .1847406     0.06   0.950     .7071398    1.446875
   5+ years  |   .9570258   .0581962    -0.72   0.470     .8494985    1.078164
             |
cancer_hae~t |
  Last year  |   1.597318   .4762919     1.57   0.116     .8903859    2.865528
2-5 years..  |   1.155256   .1818314     0.92   0.359     .8486012    1.572726
   5+ years  |   1.005613   .0608894     0.09   0.926     .8930811    1.132324
             |
1.~r_disease |   1.099925   .0568945     1.84   0.066     .9938802    1.217285
1.stroke_d~a |   .9375704   .0523071    -1.16   0.248     .8404566    1.045906
1.other_ne~o |   .8683137   .0497781    -2.46   0.014     .7760318    .9715692
             |
reduced_ki~t |
Stage 3a/..  |   1.270907    .147919     2.06   0.039     1.011681    1.596555
      1.esrd |   1.124009   .0547867     2.40   0.016     1.021599    1.236686
1.other_tr~t |   .9973808   .0597719    -0.04   0.965     .8868485    1.121689
  1.asplenia |   1.008524   .0600075     0.14   0.887     .8975105    1.133269
1.ra_sle_p~s |   .9337919    .052538    -1.22   0.223     .8362939    1.042657
1.other_im~o |   1.044975   .0575595     0.80   0.424     .9380372    1.164105
             |
      shield#|
   kids_cat4 |
          1 #|
only <12 ..  |   1.108989   .2133241     0.54   0.591     .7606608    1.616827
          1 #|
 only 12-18  |   1.481968   .7089376     0.82   0.411     .5802896    3.784714
    1#mixed  |   .9721204    .078597    -0.35   0.727     .8296588    1.139044
------------------------------------------------------------------------------
                                                             Stratified by stp
   1:      3.16 /        1 =       3.1630

 ( 1)  1.shield#1.kids_cat4 = 0
 ( 2)  1.shield#2.kids_cat4 = 0
 ( 3)  1.shield#3.kids_cat4 = 0

           chi2(  3) =    1.17
         Prob > chi2 =    0.7608

kids_cat4 
****************

 ( 1)  1.kids_cat4 + 1.shield#1.kids_cat4 = 0

------------------------------------------------------------------------------
          _t |     exp(b)   Std. Err.      z    P>|z|     [95% Conf. Interval]
-------------+----------------------------------------------------------------
         (1) |    .998977    .161918    -0.01   0.995     .7270922    1.372529
------------------------------------------------------------------------------
kids_cat4
****************

 ( 1)  2.kids_cat4 + 1.shield#2.kids_cat4 = 0

------------------------------------------------------------------------------
          _t |     exp(b)   Std. Err.      z    P>|z|     [95% Conf. Interval]
-------------+----------------------------------------------------------------
         (1) |   1.044932   .2515513     0.18   0.855     .6518904     1.67495
------------------------------------------------------------------------------
kids_cat4
****************

 ( 1)  3.kids_cat4 + 1.shield#3.kids_cat4 = 0

------------------------------------------------------------------------------
          _t |     exp(b)   Std. Err.      z    P>|z|     [95% Conf. Interval]
-------------+----------------------------------------------------------------
         (1) |   .8837273   .1321951    -0.83   0.409     .6591567    1.184808
------------------------------------------------------------------------------
(note: file ./output/an_interaction_cox_models_covid_tpp_prob_kids_cat4_shield_
> 1_timeperiod0.ster not found)
file ./output/an_interaction_cox_models_covid_tpp_prob_kids_cat4_shield_1_timep
> eriod0.ster saved
(3,271 observations (episodes) created)
(cat_time: 3271 changes made)
(covid_tpp_prob: 3271 changes made)

observation |
   interval |      Freq.     Percent        Cum.
------------+-----------------------------------
          0 |      4,504       57.93       57.93
          1 |      2,303       29.62       87.55
          2 |        968       12.45      100.00
------------+-----------------------------------
      Total |      7,775      100.00

           |   Failure/censoring
           |     indicator for
           |  outcome: covid prob
observatio |         case
n interval |         0          1 |     Total
-----------+----------------------+----------
         0 |     2,491      2,013 |     4,504 
         1 |     1,144      1,159 |     2,303 
         2 |       404        564 |       968 
-----------+----------------------+----------
     Total |     4,039      3,736 |     7,775 
(5,473 observations deleted)

           |   Failure/censoring
           |     indicator for
           |  outcome: covid prob
  Probable |         case
 shielding |         0          1 |     Total
-----------+----------------------+----------
         0 |       172        178 |       350 
         1 |       972        981 |     1,953 
-----------+----------------------+----------
     Total |     1,144      1,159 |     2,303 

         failure _d:  covid_tpp_prob
   analysis time _t:  (stime_covid_tpp_prob-origin)
             origin:  time enter_date
  enter on or after:  time enter_date
                 id:  patient_id

Iteration 0:   log pseudolikelihood = -5887.7238
Iteration 1:   log pseudolikelihood = -5875.8102
Iteration 2:   log pseudolikelihood = -5868.4451
Iteration 3:   log pseudolikelihood =  -5867.708
Iteration 4:   log pseudolikelihood = -5867.6908
Iteration 5:   log pseudolikelihood = -5867.6908
Refining estimates:
Iteration 0:   log pseudolikelihood = -5867.6908

Stratified Cox regr. -- Breslow method for ties

No. of subjects      =        2,303             Number of obs    =       2,303
No. of failures      =        1,159
Time at risk         =       109991
                                                Wald chi2(42)    =       52.92
Log pseudolikelihood =   -5867.6908             Prob > chi2      =      0.1205

                         (Std. Err. adjusted for 782 clusters in household_id)
------------------------------------------------------------------------------
             |               Robust
          _t | Haz. Ratio   Std. Err.      z    P>|z|     [95% Conf. Interval]
-------------+----------------------------------------------------------------
   kids_cat4 |
only <12 ..  |   .7810495   .1659842    -1.16   0.245     .5149748    1.184598
 only 12-18  |   .9114243   .3087651    -0.27   0.784     .4691992    1.770451
      mixed  |   .8523548   .1660089    -0.82   0.412     .5818837    1.248546
             |
        age1 |   .9888514   .0227642    -0.49   0.626     .9452259     1.03449
        age2 |   1.049574   .1088785     0.47   0.641     .8564713    1.286214
        age3 |   .9082147   .2284543    -0.38   0.702     .5547221    1.486968
      1.male |   .9082312   .0520393    -1.68   0.093     .8117547    1.016174
             |
   ethnicity |
Asian or ..  |   1.092645   .0997059     0.97   0.332     .9137034     1.30663
      Other  |   1.000369   .1074085     0.00   0.997     .8105274    1.234675
             |
   obese4cat |
Obese I ..)  |   .9710728    .080009    -0.36   0.722     .8262648    1.141259
Obese II..)  |   1.066654   .1095877     0.63   0.530     .8721105    1.304595
Obese II..)  |   .8705887   .1150349    -1.05   0.294     .6719545     1.12794
             |
smoke_nomiss |
     Former  |   .9611177   .1879072    -0.20   0.839     .6551776    1.409919
    Current  |   .9840386   .0907579    -0.17   0.862     .8213075    1.179013
             |
         imd |
          4  |   .9702631   .0751281    -0.39   0.697     .8336437    1.129272
5 most de..  |    1.06255   .1018099     0.63   0.527     .8806231    1.282061
             |
tot_adults~h |
          2  |   .4605991   .2543371    -1.40   0.160     .1560631    1.359396
          3  |     .65792   .2163574    -1.27   0.203     .3453465    1.253404
             |
1.htdiag_o~p |   .9911353   .0593146    -0.15   0.882     .8814398    1.114482
1.~y_disease |   .9305771     .07194    -0.93   0.352     .7997397    1.082819
    1.asthma |   .9252887   .1001302    -0.72   0.473     .7484528    1.143905
1.~c_disease |   .9867311   .0730281    -0.18   0.857     .8534956    1.140765
             |
     diabcat |
T1DM, con..  |   .7403387   .1707409    -1.30   0.192     .4711094    1.163427
T1DM, unc..  |   1.899783   .4673606     2.61   0.009     1.173011    3.076846
T2DM, con..  |   1.021881   .0787669     0.28   0.779     .8785964    1.188533
T2DM, unc..  |   .8605978   .1400073    -0.92   0.356     .6256359    1.183801
Diabetes,..  |   .4595159   .4177238    -0.86   0.392     .0773596    2.729524
             |
cancer_exh~t |
  Last year  |    3.21377   1.046308     3.59   0.000      1.69781     6.08332
2-5 years..  |   .6723324   .2001828    -1.33   0.182     .3750973    1.205103
   5+ years  |   1.091307   .0806804     1.18   0.237     .9440988    1.261468
             |
cancer_hae~t |
  Last year  |   1.301125   .5559432     0.62   0.538     .5631428    3.006211
2-5 years..  |   .7088029   .2210096    -1.10   0.270     .3846936    1.305978
   5+ years  |   .9955606   .0755217    -0.06   0.953      .858019     1.15515
             |
1.~r_disease |   .9393127   .0735515    -0.80   0.424     .8056716    1.095121
1.stroke_d~a |   1.044896   .0793781     0.58   0.563     .9003464    1.212654
1.other_ne~o |   1.017853   .0697121     0.26   0.796     .8899937    1.164081
             |
reduced_ki~t |
Stage 3a/..  |   .8035153   .1492198    -1.18   0.239     .5583655    1.156298
      1.esrd |   .9171058   .0581379    -1.37   0.172     .8099521    1.038435
1.other_tr~t |   .9321529   .0748996    -0.87   0.382     .7963282    1.091144
  1.asplenia |   .9905587   .0714665    -0.13   0.895     .8599397    1.141018
1.ra_sle_p~s |   1.008953    .072549     0.12   0.901     .8763247    1.161654
1.other_im~o |   1.045039   .0785334     0.59   0.558      .901915    1.210875
------------------------------------------------------------------------------
                                                             Stratified by stp
   1:      1.49 /        1 =       1.4940

         failure _d:  covid_tpp_prob
   analysis time _t:  (stime_covid_tpp_prob-origin)
             origin:  time enter_date
  enter on or after:  time enter_date
                 id:  patient_id

Iteration 0:   log pseudolikelihood = -5887.7238
Iteration 1:   log pseudolikelihood = -5874.3928
Iteration 2:   log pseudolikelihood = -5865.8237
Iteration 3:   log pseudolikelihood =  -5865.036
Iteration 4:   log pseudolikelihood = -5865.0188
Iteration 5:   log pseudolikelihood = -5865.0188
Refining estimates:
Iteration 0:   log pseudolikelihood = -5865.0188

Stratified Cox regr. -- Breslow method for ties

No. of subjects      =        2,303             Number of obs    =       2,303
No. of failures      =        1,159
Time at risk         =       109991
                                                Wald chi2(45)    =       57.10
Log pseudolikelihood =   -5865.0188             Prob > chi2      =      0.1066

                         (Std. Err. adjusted for 782 clusters in household_id)
------------------------------------------------------------------------------
             |               Robust
          _t | Haz. Ratio   Std. Err.      z    P>|z|     [95% Conf. Interval]
-------------+----------------------------------------------------------------
   kids_cat4 |
only <12 ..  |   .5718842   .2005928    -1.59   0.111     .2875694    1.137296
 only 12-18  |   2.041994   .9789265     1.49   0.136     .7979774    5.225384
      mixed  |   .8467438   .1815917    -0.78   0.438     .5561659    1.289139
             |
        age1 |   .9897326   .0227848    -0.45   0.654     .9460676    1.035413
        age2 |   1.044183   .1082022     0.42   0.677       .85226    1.279327
        age3 |   .9203816     .23126    -0.33   0.741     .5624585    1.506071
      1.male |   .9094065   .0520036    -1.66   0.097     .8129856    1.017263
             |
   ethnicity |
Asian or ..  |   1.088452   .0993799     0.93   0.353     .9101047    1.301749
      Other  |   1.004496   .1082007     0.04   0.967     .8133166    1.240613
             |
   obese4cat |
Obese I ..)  |   .9622845   .0799177    -0.46   0.643     .8177325    1.132389
Obese II..)  |   1.075207   .1104908     0.71   0.480     .8790641    1.315114
Obese II..)  |   .8753193   .1160515    -1.00   0.315     .6750137    1.135064
             |
smoke_nomiss |
     Former  |   .9514748   .1859183    -0.25   0.799     .6487425    1.395475
    Current  |   .9855681   .0910224    -0.16   0.875     .8223822    1.181135
             |
         imd |
          4  |   .9724959   .0755761    -0.36   0.720     .8350989    1.132498
5 most de..  |   1.067224   .1017396     0.68   0.495     .8853396    1.286476
             |
tot_adults~h |
          2  |   .4582359   .2580389    -1.39   0.166     .1519728    1.381696
          3  |   .6559231   .2166907    -1.28   0.202     .3432813    1.253302
             |
1.htdiag_o~p |   .9953216   .0598899    -0.08   0.938     .8845969    1.119906
1.~y_disease |    .925855   .0741307    -0.96   0.336     .7913881    1.083169
    1.asthma |   .9224019   .1003818    -0.74   0.458      .745224    1.141704
1.~c_disease |   .9861985   .0729134    -0.19   0.851     .8531626    1.139979
             |
     diabcat |
T1DM, con..  |    .748273   .1717904    -1.26   0.207     .4771327    1.173495
T1DM, unc..  |   1.891254   .4626061     2.61   0.009     1.170964    3.054613
T2DM, con..  |   1.016774   .0790876     0.21   0.831     .8730021    1.184222
T2DM, unc..  |   .8647967   .1405484    -0.89   0.371     .6288907    1.189194
Diabetes,..  |   .4947124   .4809705    -0.72   0.469     .0735861    3.325907
             |
cancer_exh~t |
  Last year  |   3.205528   1.049266     3.56   0.000     1.687623    6.088686
2-5 years..  |   .6730825   .1999405    -1.33   0.183     .3760255    1.204812
   5+ years  |   1.089076   .0844403     1.10   0.271     .9355377    1.267813
             |
cancer_hae~t |
  Last year  |   1.299517   .5554062     0.61   0.540     .5623194    3.003175
2-5 years..  |   .7044875   .2195652    -1.12   0.261     .3824566     1.29767
   5+ years  |   .9953705   .0802358    -0.06   0.954     .8499048    1.165733
             |
1.~r_disease |   .9433425   .0741081    -0.74   0.458     .8087231    1.100371
1.stroke_d~a |   1.046344   .0796042     0.60   0.552      .901398    1.214598
1.other_ne~o |   1.017847   .0697553     0.26   0.796     .8899135    1.164172
             |
reduced_ki~t |
Stage 3a/..  |   .8079772   .1502941    -1.15   0.252     .5611315    1.163412
      1.esrd |   .9154677   .0626526    -1.29   0.197     .8005504    1.046881
1.other_tr~t |   .9305192   .0766741    -0.87   0.382     .7917479    1.093613
  1.asplenia |   .9880035   .0722907    -0.16   0.869     .8560071    1.140354
1.ra_sle_p~s |   1.003806   .0725607     0.05   0.958     .8712049     1.15659
1.other_im~o |   1.043089   .0793962     0.55   0.579     .8985263    1.210909
             |
      shield#|
   kids_cat4 |
          1 #|
only <12 ..  |   1.428265   .4550954     1.12   0.263     .7648672    2.667052
          1 #|
 only 12-18  |   .3341933   .1937396    -1.89   0.059     .1072844     1.04102
    1#mixed  |   1.007634    .105977     0.07   0.942     .8199336    1.238304
------------------------------------------------------------------------------
                                                             Stratified by stp
   1:      1.87 /        1 =       1.8720

 ( 1)  1.shield#1.kids_cat4 = 0
 ( 2)  1.shield#2.kids_cat4 = 0
 ( 3)  1.shield#3.kids_cat4 = 0

           chi2(  3) =    4.95
         Prob > chi2 =    0.1755

kids_cat4 
****************

 ( 1)  1.kids_cat4 + 1.shield#1.kids_cat4 = 0

------------------------------------------------------------------------------
          _t |     exp(b)   Std. Err.      z    P>|z|     [95% Conf. Interval]
-------------+----------------------------------------------------------------
         (1) |   .8168021   .1765108    -0.94   0.349     .5347766     1.24756
------------------------------------------------------------------------------
kids_cat4
****************

 ( 1)  2.kids_cat4 + 1.shield#2.kids_cat4 = 0

------------------------------------------------------------------------------
          _t |     exp(b)   Std. Err.      z    P>|z|     [95% Conf. Interval]
-------------+----------------------------------------------------------------
         (1) |   .6824207   .2625948    -0.99   0.321     .3210042    1.450754
------------------------------------------------------------------------------
kids_cat4
****************

 ( 1)  3.kids_cat4 + 1.shield#3.kids_cat4 = 0

------------------------------------------------------------------------------
          _t |     exp(b)   Std. Err.      z    P>|z|     [95% Conf. Interval]
-------------+----------------------------------------------------------------
         (1) |   .8532082   .1668888    -0.81   0.417      .581512    1.251847
------------------------------------------------------------------------------
(note: file ./output/an_interaction_cox_models_covid_tpp_prob_kids_cat4_shield_
> 1_timeperiod1.ster not found)
file ./output/an_interaction_cox_models_covid_tpp_prob_kids_cat4_shield_1_timep
> eriod1.ster saved
(3,271 observations (episodes) created)
(cat_time: 3271 changes made)
(covid_tpp_prob: 3271 changes made)

observation |
   interval |      Freq.     Percent        Cum.
------------+-----------------------------------
          0 |      4,504       57.93       57.93
          1 |      2,303       29.62       87.55
          2 |        968       12.45      100.00
------------+-----------------------------------
      Total |      7,775      100.00

           |   Failure/censoring
           |     indicator for
           |  outcome: covid prob
observatio |         case
n interval |         0          1 |     Total
-----------+----------------------+----------
         0 |     2,491      2,013 |     4,504 
         1 |     1,144      1,159 |     2,303 
         2 |       404        564 |       968 
-----------+----------------------+----------
     Total |     4,039      3,736 |     7,775 
(6,808 observations deleted)

           |   Failure/censoring
           |     indicator for
           |  outcome: covid prob
  Probable |         case
 shielding |         0          1 |     Total
-----------+----------------------+----------
         0 |        63         84 |       147 
         1 |       341        480 |       821 
-----------+----------------------+----------
     Total |       404        564 |       968 

         failure _d:  covid_tpp_prob
   analysis time _t:  (stime_covid_tpp_prob-origin)
             origin:  time enter_date
  enter on or after:  time enter_date
                 id:  patient_id

Iteration 0:   log pseudolikelihood = -2312.2493
Iteration 1:   log pseudolikelihood = -2287.5159
Iteration 2:   log pseudolikelihood = -2286.6548
Iteration 3:   log pseudolikelihood = -2286.5697
Iteration 4:   log pseudolikelihood = -2286.5393
Iteration 5:   log pseudolikelihood = -2286.5281
Iteration 6:   log pseudolikelihood =  -2286.524
Iteration 7:   log pseudolikelihood = -2286.5225
Iteration 8:   log pseudolikelihood = -2286.5219
Iteration 9:   log pseudolikelihood = -2286.5217
Iteration 10:  log pseudolikelihood = -2286.5216
Iteration 11:  log pseudolikelihood = -2286.5216
Iteration 12:  log pseudolikelihood = -2286.5216
Iteration 13:  log pseudolikelihood = -2286.5216
Iteration 14:  log pseudolikelihood = -2286.5216
Iteration 15:  log pseudolikelihood = -2286.5216
Iteration 16:  log pseudolikelihood = -2286.5216
Iteration 17:  log pseudolikelihood = -2286.5216
Iteration 18:  log pseudolikelihood = -2286.5216
Iteration 19:  log pseudolikelihood = -2286.5216
Iteration 20:  log pseudolikelihood = -2286.5216
Iteration 21:  log pseudolikelihood = -2286.5216
Iteration 22:  log pseudolikelihood = -2286.5216
Iteration 23:  log pseudolikelihood = -2286.5216
Iteration 24:  log pseudolikelihood = -2286.5216
Iteration 25:  log pseudolikelihood = -2286.5216
Iteration 26:  log pseudolikelihood = -2286.5216
Iteration 27:  log pseudolikelihood = -2286.5216
Iteration 28:  log pseudolikelihood = -2286.5216
Iteration 29:  log pseudolikelihood = -2286.5216
Refining estimates:
Iteration 0:   log pseudolikelihood = -2286.5216
Iteration 1:   log pseudolikelihood = -2286.5216
Iteration 2:   log pseudolikelihood = -2286.5216

Stratified Cox regr. -- Breslow method for ties

No. of subjects      =          968             Number of obs    =         968
No. of failures      =          564
Time at risk         =        34835
                                                Wald chi2(42)    =     1506.76
Log pseudolikelihood =   -2286.5216             Prob > chi2      =      0.0000

                         (Std. Err. adjusted for 537 clusters in household_id)
------------------------------------------------------------------------------
             |               Robust
          _t | Haz. Ratio   Std. Err.      z    P>|z|     [95% Conf. Interval]
-------------+----------------------------------------------------------------
   kids_cat4 |
only <12 ..  |   .5904839   .1635255    -1.90   0.057     .3431475    1.016097
 only 12-18  |   .6120497   .2159285    -1.39   0.164     .3065395    1.222044
      mixed  |   .5926387   .1495973    -2.07   0.038     .3613472    .9719753
             |
        age1 |   1.067485   .0377751     1.85   0.065     .9959563    1.144151
        age2 |   .8020513    .125027    -1.42   0.157     .5908992    1.088657
        age3 |     1.5848   .5933872     1.23   0.219     .7607886    3.301298
      1.male |    .935954   .0827223    -0.75   0.454     .7870872    1.112977
             |
   ethnicity |
Asian or ..  |   .9667561   .1395607    -0.23   0.815     .7285136     1.28291
      Other  |   .9803311   .1353234    -0.14   0.886     .7479528    1.284906
             |
   obese4cat |
Obese I ..)  |   1.051679   .1355169     0.39   0.696     .8169576     1.35384
Obese II..)  |   1.265547   .1914745     1.56   0.120     .9407917    1.702407
Obese II..)  |   1.007291   .1790903     0.04   0.967     .7109129    1.427228
             |
smoke_nomiss |
     Former  |    1.22057   .3077344     0.79   0.429     .7446542    2.000648
    Current  |    .942652   .1310858    -0.42   0.671     .7177659    1.237998
             |
         imd |
          4  |   1.381692   .1466985     3.05   0.002     1.122113     1.70132
5 most de..  |   1.331728   .1838681     2.07   0.038     1.015997    1.745576
             |
tot_adults~h |
          2  |   1.146234   .6099749     0.26   0.798     .4039261    3.252707
          3  |   .9128071   .3629152    -0.23   0.819     .4187522    1.989761
             |
1.htdiag_o~p |   .8035842   .0720029    -2.44   0.015     .6741582    .9578575
1.~y_disease |   .8804828   .0915248    -1.22   0.221     .7181907    1.079449
    1.asthma |   1.088858   .1719285     0.54   0.590     .7990399    1.483797
1.~c_disease |   .9748037   .0997539    -0.25   0.803     .7976489    1.191304
             |
     diabcat |
T1DM, con..  |   .9377773   .2919991    -0.21   0.837      .509399      1.7264
T1DM, unc..  |   1.394087   .5441372     0.85   0.395     .6487103    2.995913
T2DM, con..  |    .939229   .1051269    -0.56   0.575     .7542188    1.169622
T2DM, unc..  |   1.252472    .244002     1.16   0.248     .8549488    1.834831
Diabetes,..  |   .6796661   .6344166    -0.41   0.679     .1090847    4.234748
             |
cancer_exh~t |
  Last year  |   4.06e-14   4.33e-14   -28.90   0.000     5.01e-15    3.28e-13
2-5 years..  |   1.281769   .3336256     0.95   0.340      .769581    2.134838
   5+ years  |   .9733541   .1100055    -0.24   0.811     .7799571    1.214706
             |
cancer_hae~t |
  Last year  |   .9546038   .9554497    -0.05   0.963     .1342355    6.788581
2-5 years..  |   .5465779   .2303892    -1.43   0.152     .2392546    1.248659
   5+ years  |   .9788947   .1053146    -0.20   0.843     .7927919    1.208684
             |
1.~r_disease |   1.145306   .1230673     1.26   0.207     .9278054    1.413794
1.stroke_d~a |    1.01009   .1065167     0.10   0.924     .8214834       1.242
1.other_ne~o |   1.144165   .1116983     1.38   0.168     .9449108    1.385437
             |
reduced_ki~t |
Stage 3a/..  |   1.737958   .3875126     2.48   0.013     1.122656    2.690492
      1.esrd |   .9611723   .0882358    -0.43   0.666     .8028988    1.150646
1.other_tr~t |   1.112423   .1108576     1.07   0.285     .9150485    1.352371
  1.asplenia |   1.175878   .1188773     1.60   0.109     .9645145     1.43356
1.ra_sle_p~s |   .8544724    .094432    -1.42   0.155     .6880619     1.06113
1.other_im~o |   .9712522   .1085889    -0.26   0.794     .7801267    1.209202
------------------------------------------------------------------------------
                                                             Stratified by stp
   1:      1.95 /        1 =       1.9540

         failure _d:  covid_tpp_prob
   analysis time _t:  (stime_covid_tpp_prob-origin)
             origin:  time enter_date
  enter on or after:  time enter_date
                 id:  patient_id

Iteration 0:   log pseudolikelihood = -2312.2493
Iteration 1:   log pseudolikelihood =  -2283.922
Iteration 2:   log pseudolikelihood = -2282.7726
Iteration 3:   log pseudolikelihood = -2282.6152
Iteration 4:   log pseudolikelihood = -2282.5582
Iteration 5:   log pseudolikelihood = -2282.5372
Iteration 6:   log pseudolikelihood = -2282.5295
Iteration 7:   log pseudolikelihood = -2282.5267
Iteration 8:   log pseudolikelihood = -2282.5257
Iteration 9:   log pseudolikelihood = -2282.5253
Iteration 10:  log pseudolikelihood = -2282.5251
Iteration 11:  log pseudolikelihood = -2282.5251
Iteration 12:  log pseudolikelihood = -2282.5251
Iteration 13:  log pseudolikelihood = -2282.5251
Iteration 14:  log pseudolikelihood = -2282.5251
Iteration 15:  log pseudolikelihood = -2282.5251
Iteration 16:  log pseudolikelihood = -2282.5251
Iteration 17:  log pseudolikelihood = -2282.5251
Iteration 18:  log pseudolikelihood = -2282.5251
Iteration 19:  log pseudolikelihood = -2282.5251
Iteration 20:  log pseudolikelihood = -2282.5251
Iteration 21:  log pseudolikelihood = -2282.5251
Iteration 22:  log pseudolikelihood = -2282.5251
Iteration 23:  log pseudolikelihood = -2282.5251
Iteration 24:  log pseudolikelihood = -2282.5251
Iteration 25:  log pseudolikelihood = -2282.5251
Iteration 26:  log pseudolikelihood = -2282.5251
Iteration 27:  log pseudolikelihood = -2282.5251
Iteration 28:  log pseudolikelihood = -2282.5251
Iteration 29:  log pseudolikelihood = -2282.5251
Iteration 30:  log pseudolikelihood = -2282.5251
Iteration 31:  log pseudolikelihood = -2282.5251
Iteration 32:  log pseudolikelihood = -2282.5251
Iteration 33:  log pseudolikelihood = -2282.5251
Iteration 34:  log pseudolikelihood = -2282.5251
Iteration 35:  log pseudolikelihood = -2282.5251
Refining estimates:
Iteration 0:   log pseudolikelihood = -2282.5251
Iteration 1:   log pseudolikelihood = -2282.5251
Iteration 2:   log pseudolikelihood = -2282.5251

Stratified Cox regr. -- Breslow method for ties

No. of subjects      =          968             Number of obs    =         968
No. of failures      =          564
Time at risk         =        34835
                                                Wald chi2(44)    =    10903.70
Log pseudolikelihood =   -2282.5251             Prob > chi2      =      0.0000

                         (Std. Err. adjusted for 537 clusters in household_id)
------------------------------------------------------------------------------
             |               Robust
          _t | Haz. Ratio   Std. Err.      z    P>|z|     [95% Conf. Interval]
-------------+----------------------------------------------------------------
   kids_cat4 |
only <12 ..  |   .2811039   .1283431    -2.78   0.005     .1148776    .6878574
 only 12-18  |   3.38e-09   1.18e-09   -56.00   0.000     1.71e-09    6.70e-09
      mixed  |   .6747345    .188584    -1.41   0.159     .3901463    1.166912
             |
        age1 |   1.066003   .0379444     1.80   0.073      .994168    1.143028
        age2 |   .8083343   .1270103    -1.35   0.176     .5940803    1.099858
        age3 |   1.556296   .5871737     1.17   0.241     .7429215    3.260179
      1.male |   .9347213   .0830238    -0.76   0.447     .7853744    1.112468
             |
   ethnicity |
Asian or ..  |   .9520719   .1380056    -0.34   0.735     .7166145    1.264893
      Other  |    .975889   .1344499    -0.18   0.859     .7449531    1.278415
             |
   obese4cat |
Obese I ..)  |   1.042902   .1343637     0.33   0.744     .8101734    1.342485
Obese II..)  |   1.264701   .1913488     1.55   0.121     .9401595    1.701274
Obese II..)  |   1.025002   .1819392     0.14   0.889     .7238277     1.45149
             |
smoke_nomiss |
     Former  |   1.201822   .3090862     0.71   0.475     .7259842    1.989543
    Current  |   .9336332    .129454    -0.50   0.620     .7114624    1.225182
             |
         imd |
          4  |   1.407989   .1491112     3.23   0.001     1.144073    1.732784
5 most de..  |    1.31542    .182044     1.98   0.048     1.002916    1.725298
             |
tot_adults~h |
          2  |   1.117461   .5925033     0.21   0.834     .3952808    3.159067
          3  |   .9542804   .3920509    -0.11   0.909     .4265534    2.134905
             |
1.htdiag_o~p |   .8037336   .0714185    -2.46   0.014     .6752673    .9566401
1.~y_disease |   .8843732   .0944666    -1.15   0.250      .717319    1.090332
    1.asthma |   1.105246   .1796586     0.62   0.538     .8037023    1.519926
1.~c_disease |   .9702389   .0990414    -0.30   0.767     .7943074    1.185138
             |
     diabcat |
T1DM, con..  |    .964041     .30222    -0.12   0.907     .5214946    1.782137
T1DM, unc..  |   1.347995   .5147394     0.78   0.434     .6377527    2.849209
T2DM, con..  |   .9477399   .1063359    -0.48   0.632     .7606499    1.180847
T2DM, unc..  |   1.257253   .2468153     1.17   0.244     .8556982    1.847246
Diabetes,..  |   .6838625    .610438    -0.43   0.670     .1188936    3.933499
             |
cancer_exh~t |
  Last year  |   1.03e-16   1.10e-16   -34.44   0.000     1.27e-17    8.37e-16
2-5 years..  |   1.262282   .3305291     0.89   0.374     .7555598    2.108841
   5+ years  |   .9803582   .1143988    -0.17   0.865     .7799332    1.232288
             |
cancer_hae~t |
  Last year  |      .9933   .9989875    -0.01   0.995     .1383582    7.131089
2-5 years..  |   .5556126   .2377586    -1.37   0.170     .2401732    1.285344
   5+ years  |   .9892021   .1099708    -0.10   0.922     .7955289    1.230026
             |
1.~r_disease |   1.168715   .1265211     1.44   0.150     .9452803    1.444964
1.stroke_d~a |   1.001067   .1064897     0.01   0.992     .8126725    1.233135
1.other_ne~o |   1.119233   .1093702     1.15   0.249      .924149    1.355498
             |
reduced_ki~t |
Stage 3a/..  |    1.81622    .393876     2.75   0.006     1.187331    2.778209
      1.esrd |   .9735831   .0942228    -0.28   0.782     .8053677    1.176933
1.other_tr~t |   1.122914   .1208723     1.08   0.281       .90933    1.386664
  1.asplenia |   1.180767    .122887     1.60   0.110     .9628893    1.447945
1.ra_sle_p~s |   .8375672   .0922055    -1.61   0.107     .6750147    1.039265
1.other_im~o |   .9776081   .1135763    -0.19   0.845     .7785278    1.227596
             |
      shield#|
   kids_cat4 |
          1 #|
only <12 ..  |   2.345766   .9880641     2.02   0.043     1.027421    5.355756
          1 #|
 only 12-18  |   2.03e+08          .        .       .            .           .
    1#mixed  |   .8436505   .1370665    -1.05   0.295     .6135772    1.159994
------------------------------------------------------------------------------
                                                             Stratified by stp
   1:      2.21 /        1 =       2.2100

 ( 1)  1.shield#1.kids_cat4 = 0
 ( 2)  1.shield#2.kids_cat4 = 0
 ( 3)  1.shield#3.kids_cat4 = 0
       Constraint 2 dropped

           chi2(  2) =    5.82
         Prob > chi2 =    0.0546

kids_cat4 
****************

 ( 1)  1.kids_cat4 + 1.shield#1.kids_cat4 = 0

------------------------------------------------------------------------------
          _t |     exp(b)   Std. Err.      z    P>|z|     [95% Conf. Interval]
-------------+----------------------------------------------------------------
         (1) |    .659404   .1842113    -1.49   0.136     .3813815    1.140102
------------------------------------------------------------------------------
kids_cat4
****************

 ( 1)  2.kids_cat4 + 1.shield#2.kids_cat4 = 0

------------------------------------------------------------------------------
          _t |     exp(b)   Std. Err.      z    P>|z|     [95% Conf. Interval]
-------------+----------------------------------------------------------------
         (1) |   .6856538   .2388136    -1.08   0.279     .3464423    1.356997
------------------------------------------------------------------------------
kids_cat4
****************

 ( 1)  3.kids_cat4 + 1.shield#3.kids_cat4 = 0

------------------------------------------------------------------------------
          _t |     exp(b)   Std. Err.      z    P>|z|     [95% Conf. Interval]
-------------+----------------------------------------------------------------
         (1) |   .5692401   .1435988    -2.23   0.026     .3471905    .9333039
------------------------------------------------------------------------------
(note: file ./output/an_interaction_cox_models_covid_tpp_prob_kids_cat4_shield_
> 1_timeperiod2.ster not found)
file ./output/an_interaction_cox_models_covid_tpp_prob_kids_cat4_shield_1_timep
> eriod2.ster saved

. log close
      name:  <unnamed>
       log:  /workspace/logs/10_an_interaction_cox_models_shield_covid_tpp_prob
> .log
  log type:  text
 closed on:  17 Aug 2021, 07:52:54
-------------------------------------------------------------------------------
