-------------------------------------------------------------------------------
      name:  <unnamed>
       log:  /workspace/logs/11_an_interaction_HR_tables_forest_vaccine_sex_shi
> eld_covid_tpp_prob.log
  log type:  text
 opened on:  28 Oct 2021, 13:53:27

. 
. *****************************************************************************
> ******************************************
. *Generic code to ouput the HRs across outcomes for all levels of a particular
>  variables, in the right shape for table
. cap prog drop outputHRsforvar

. prog define outputHRsforvar
  1. syntax, variable(string) min(real) max(real) outcome(string)
  2. file write tablecontents_int _tab ("exposure") _tab ("exposure level") _ta
> b ("vaccine") ///
> _tab ("outcome") _tab ("strata") _tab ("strata_level") ///
> _tab ("events") _tab ("person_years") _tab ("rate") ///
> _tab ("HR")  _tab ("lci")  _tab ("uci") _tab ("pval") _n
  3. foreach vaccine in 0 1 2 {
  4. forvalues i=`min'/`max'{
  5. foreach strata in male shield {
  6. 
. forvalues level=0/1 {
  7. 
. local endwith "_tab"
  8. 
.         *put the varname and condition to left so that alignment can be check
> ed vs shell
.         file write tablecontents_int  _tab ("`variable'") _tab ("`i'") _tab (
> "`vaccine'") _tab ("`outcome'") _tab ("`strata'") _tab ("`level'") _tab
  9. 
.         
. use "$tempdir/cr_create_analysis_dataset_STSET_`outcome'_ageband_0.dta", clea
> r
 10. 
. *Censor at date of first child being vaccinated in hh
. replace stime_`outcome'         = under18vacc if stime_`outcome'>under18vacc
 11. stset stime_`outcome', fail(`outcome')          ///
>         id(patient_id) enter(enter_date) origin(enter_date)
 12. 
. gen first_vacc_plus_7d=covid_vacc_date+7
 13. gen second_vacc_plus_7d=covid_vacc_second_dose_date+7
 14. format first_vacc_plus_7d second_vacc_plus_7d %td
 15.  
. stsplit vaccine, after(first_vacc_plus_7d) at(0)
 16. replace vaccine = vaccine +1
 17. stsplit vaccine2, after(second_vacc_plus_7d) at(0)
 18. replace vaccine=2 if vaccine==1 &vaccine2==0 & second_vacc_plus_7d!=.
 19. recode `outcome' .=0 
 20. 
.         tab vaccine
 21.         tab vaccine `outcome' if `strata'==`level'
 22.         
.         
.         keep if vaccine==`vaccine'
 23.         keep if `strata'==`level'
 24.         *put total N, PYFU and Rate in table
.         cou if `variable' == `i' & _d == 1 
 25.         local event = r(N)
 26.     bysort `variable': egen total_follow_up = total(_t)
 27.         su total_follow_up if `variable' == `i'
 28.         local person_days = r(mean)
 29.         local person_years=`person_days'/365.25
 30.         local rate = 100000*(`event'/`person_years')
 31.         
.         file write tablecontents_int (`event') _tab %10.0f (`person_years') _
> tab %3.2f (`rate') _tab
 32.         drop total_follow_up
 33.         
.         foreach modeltype of any fulladj {
 34. 
.                 local noestimatesflag 0 /*reset*/
 35. 
. *CHANGE THE OUTCOME BELOW TO LAST IF BRINGING IN MORE COLS
.                 if "`modeltype'"=="fulladj" local endwith "_n"
 36. 
.                 ***********************
.                 *1) GET THE RIGHT ESTIMATES INTO MEMORY
. 
.                 if "`modeltype'"=="fulladj" {
 37.                                 cap estimates use ./output/an_interaction_
> cox_models_`outcome'_kids_cat4_vaccine_0`strata'`level'
 38.                                 if _rc!=0 local noestimatesflag 1
 39.                                 }
 40.                 ***********************
.                 *2) WRITE THE HRs TO THE OUTPUT FILE
. 
.                 if `noestimatesflag'==0{
 41.                         if `vaccine'==0 {
 42.                         test 1.vaccine#`i'.`variable'
 43.                         *overall p-value for interaction: test 1.vaccine#1
> .`variable' test 1.`vaccine'#2.`variable'
.                         local pval=r(p)
 44.                         cap lincom `i'.`variable', eform
 45.                         if _rc==0 file write tablecontents_int %4.2f (r(es
> timate)) _tab %4.2f (r(lb)) _tab %4.2f (r(ub)) _tab %4.2f (`pval') `endwith'
 46. 
.                                 else file write tablecontents_int %4.2f ("ERR
>  IN MODEL") `endwith'
 47.                                 }
 48.                         if `vaccine'==1 {
 49.                         cap lincom `i'.`variable'+ 1.vaccine#`i'.`variable
> ', eform
 50.                         if _rc==0 file write tablecontents_int %4.2f (r(es
> timate)) _tab %4.2f (r(lb)) _tab %4.2f (r(ub)) _tab  `endwith'
 51.                                 else file write tablecontents_int %4.2f ("
> ERR IN MODEL") `endwith'
 52.                                 }
 53.                         if `vaccine'==2 {
 54.                         cap lincom `i'.`variable'+ 2.vaccine#`i'.`variable
> ', eform
 55.                         if _rc==0 file write tablecontents_int %4.2f (r(es
> timate)) _tab %4.2f (r(lb)) _tab %4.2f (r(ub)) _tab  `endwith'
 56.                                 else file write tablecontents_int %4.2f ("
> ERR IN MODEL") `endwith'
 57.                                 }
 58.                         }
 59.                         else file write tablecontents_int %4.2f ("DID NOT 
> FIT") `endwith'
 60. 
.                 *3) Save the estimates for plotting
.                 if `noestimatesflag'==0{
 61.                         if "`modeltype'"=="fulladj" {
 62.                                 local hr = r(estimate)
 63.                                 local lb = r(lb)
 64.                                 local ub = r(ub)
 65.                                 cap gen `variable'=.
 66.                                 test 1.vaccine#2.`variable' 1.vaccine#1.`v
> ariable'
 67.                                 local pval=r(p)
 68.                                 post HRestimates_int ("`vaccine'") ("`outc
> ome'") ("`variable'") ("`strata'") (`i') (`level') (`event') (`person_years')
>  (`rate') (`hr') (`lb') (`ub') (`pval')
 69.                                 drop `variable'
 70.                         }
 71.                 }
 72.                 }
 73.                 } /*level*/
 74.                 } /*full adj*/
 75. 
. } /*variable levels*/
 76. } /*agebands*/
 77. end

. *****************************************************************************
> ******************************************
. 
. *MAIN CODE TO PRODUCE TABLE CONTENTS
. cap file close tablecontents_int

. file open tablecontents_int using ./output/11_an_int_tab_contents_HRtable_`ou
> tcome'_vaccine_sex_shield.txt, t w replace
(note: file ./output/11_an_int_tab_contents_HRtable_covid_tpp_prob_vaccine_sex_
> shield.txt not found)

. 
. tempfile HRestimates_int

. cap postutil clear

. postfile HRestimates_int str10 vaccine str10 outcome str27 variable str27 str
> ata i level events person_years rate hr lci uci pval using `HRestimates_int'

. 
. *Primary exposure
. outputHRsforvar, variable("kids_cat4") min(1) max(3) outcome(`outcome')
(12,445 real changes made)

                id:  patient_id
     failure event:  covid_tpp_prob != 0 & covid_tpp_prob < .
obs. time interval:  (stime_covid_tpp_prob[_n-1], stime_covid_tpp_prob]
 enter on or after:  time enter_date
 exit on or before:  failure
    t for analysis:  (time-origin)
            origin:  time enter_date

------------------------------------------------------------------------------
     16,082  total observations
      3,956  observations end on or before enter()
------------------------------------------------------------------------------
     12,126  observations remaining, representing
     12,126  subjects
     11,427  failures in single-failure-per-subject data
    539,445  total analysis time at risk and under observation
                                                at risk from t =         0
                                     earliest observed entry t =         0
                                          last observed exit t =       306
(8,043 missing values generated)
(12,880 missing values generated)
(1,198 observations (episodes) created)
(13,324 real changes made)
(1,052 observations (episodes) created)
(789 real changes made)
(covid_tpp_prob: 2250 changes made)

observation |
   interval |      Freq.     Percent        Cum.
------------+-----------------------------------
          0 |      6,312       43.91       43.91
          1 |      7,275       50.61       94.51
          2 |        789        5.49      100.00
------------+-----------------------------------
      Total |     14,376      100.00

           |   Failure/censoring
           |     indicator for
           |  outcome: covid prob
observatio |         case
n interval |         0          1 |     Total
-----------+----------------------+----------
         0 |       984      2,237 |     3,221 
         1 |       484      3,276 |     3,760 
         2 |        31        367 |       398 
-----------+----------------------+----------
     Total |     1,499      5,880 |     7,379 
(12,020 observations deleted)
(3,091 observations deleted)
  278

    Variable |        Obs        Mean    Std. Dev.       Min        Max
-------------+---------------------------------------------------------
total_foll~p |        450       19625           0      19625      19625

 ( 1)  1bn.vaccine#1.kids_cat4 = 0

           chi2(  1) =    0.06
         Prob > chi2 =    0.8015

 ( 1)  1bn.vaccine#2.kids_cat4 = 0
 ( 2)  1bn.vaccine#1.kids_cat4 = 0

           chi2(  2) =    0.06
         Prob > chi2 =    0.9683
(12,445 real changes made)

                id:  patient_id
     failure event:  covid_tpp_prob != 0 & covid_tpp_prob < .
obs. time interval:  (stime_covid_tpp_prob[_n-1], stime_covid_tpp_prob]
 enter on or after:  time enter_date
 exit on or before:  failure
    t for analysis:  (time-origin)
            origin:  time enter_date

------------------------------------------------------------------------------
     16,082  total observations
      3,956  observations end on or before enter()
------------------------------------------------------------------------------
     12,126  observations remaining, representing
     12,126  subjects
     11,427  failures in single-failure-per-subject data
    539,445  total analysis time at risk and under observation
                                                at risk from t =         0
                                     earliest observed entry t =         0
                                          last observed exit t =       306
(8,043 missing values generated)
(12,880 missing values generated)
(1,198 observations (episodes) created)
(13,324 real changes made)
(1,052 observations (episodes) created)
(789 real changes made)
(covid_tpp_prob: 2250 changes made)

observation |
   interval |      Freq.     Percent        Cum.
------------+-----------------------------------
          0 |      6,312       43.91       43.91
          1 |      7,275       50.61       94.51
          2 |        789        5.49      100.00
------------+-----------------------------------
      Total |     14,376      100.00

           |   Failure/censoring
           |     indicator for
           |  outcome: covid prob
observatio |         case
n interval |         0          1 |     Total
-----------+----------------------+----------
         0 |       939      2,152 |     3,091 
         1 |       486      3,029 |     3,515 
         2 |        25        366 |       391 
-----------+----------------------+----------
     Total |     1,450      5,547 |     6,997 
(12,020 observations deleted)
(3,221 observations deleted)
  240

    Variable |        Obs        Mean    Std. Dev.       Min        Max
-------------+---------------------------------------------------------
total_foll~p |        378       17658           0      17658      17658

 ( 1)  1bn.vaccine#1.kids_cat4 = 0

           chi2(  1) =    0.48
         Prob > chi2 =    0.4872

 ( 1)  1bn.vaccine#2.kids_cat4 = 0
 ( 2)  1bn.vaccine#1.kids_cat4 = 0

           chi2(  2) =    0.75
         Prob > chi2 =    0.6878
(12,445 real changes made)

                id:  patient_id
     failure event:  covid_tpp_prob != 0 & covid_tpp_prob < .
obs. time interval:  (stime_covid_tpp_prob[_n-1], stime_covid_tpp_prob]
 enter on or after:  time enter_date
 exit on or before:  failure
    t for analysis:  (time-origin)
            origin:  time enter_date

------------------------------------------------------------------------------
     16,082  total observations
      3,956  observations end on or before enter()
------------------------------------------------------------------------------
     12,126  observations remaining, representing
     12,126  subjects
     11,427  failures in single-failure-per-subject data
    539,445  total analysis time at risk and under observation
                                                at risk from t =         0
                                     earliest observed entry t =         0
                                          last observed exit t =       306
(8,043 missing values generated)
(12,880 missing values generated)
(1,198 observations (episodes) created)
(13,324 real changes made)
(1,052 observations (episodes) created)
(789 real changes made)
(covid_tpp_prob: 2250 changes made)

observation |
   interval |      Freq.     Percent        Cum.
------------+-----------------------------------
          0 |      6,312       43.91       43.91
          1 |      7,275       50.61       94.51
          2 |        789        5.49      100.00
------------+-----------------------------------
      Total |     14,376      100.00

           |   Failure/censoring
           |     indicator for
           |  outcome: covid prob
observatio |         case
n interval |         0          1 |     Total
-----------+----------------------+----------
         0 |       296        648 |       944 
         1 |       149        991 |     1,140 
         2 |         7        109 |       116 
-----------+----------------------+----------
     Total |       452      1,748 |     2,200 
(12,020 observations deleted)
(5,368 observations deleted)
  73

    Variable |        Obs        Mean    Std. Dev.       Min        Max
-------------+---------------------------------------------------------
total_foll~p |        116        5365           0       5365       5365

 ( 1)  1bn.vaccine#1.kids_cat4 = 0

           chi2(  1) =    0.34
         Prob > chi2 =    0.5583

 ( 1)  1bn.vaccine#2.kids_cat4 = 0
 ( 2)  1bn.vaccine#1.kids_cat4 = 0

           chi2(  2) =    1.31
         Prob > chi2 =    0.5198
(12,445 real changes made)

                id:  patient_id
     failure event:  covid_tpp_prob != 0 & covid_tpp_prob < .
obs. time interval:  (stime_covid_tpp_prob[_n-1], stime_covid_tpp_prob]
 enter on or after:  time enter_date
 exit on or before:  failure
    t for analysis:  (time-origin)
            origin:  time enter_date

------------------------------------------------------------------------------
     16,082  total observations
      3,956  observations end on or before enter()
------------------------------------------------------------------------------
     12,126  observations remaining, representing
     12,126  subjects
     11,427  failures in single-failure-per-subject data
    539,445  total analysis time at risk and under observation
                                                at risk from t =         0
                                     earliest observed entry t =         0
                                          last observed exit t =       306
(8,043 missing values generated)
(12,880 missing values generated)
(1,198 observations (episodes) created)
(13,324 real changes made)
(1,052 observations (episodes) created)
(789 real changes made)
(covid_tpp_prob: 2250 changes made)

observation |
   interval |      Freq.     Percent        Cum.
------------+-----------------------------------
          0 |      6,312       43.91       43.91
          1 |      7,275       50.61       94.51
          2 |        789        5.49      100.00
------------+-----------------------------------
      Total |     14,376      100.00

           |   Failure/censoring
           |     indicator for
           |  outcome: covid prob
observatio |         case
n interval |         0          1 |     Total
-----------+----------------------+----------
         0 |     1,627      3,741 |     5,368 
         1 |       821      5,314 |     6,135 
         2 |        49        624 |       673 
-----------+----------------------+----------
     Total |     2,497      9,679 |    12,176 
(12,020 observations deleted)
(944 observations deleted)
  445

    Variable |        Obs        Mean    Std. Dev.       Min        Max
-------------+---------------------------------------------------------
total_foll~p |        712       31918           0      31918      31918

 ( 1)  1bn.vaccine#1.kids_cat4 = 0

           chi2(  1) =    0.29
         Prob > chi2 =    0.5875

 ( 1)  1bn.vaccine#2.kids_cat4 = 0
 ( 2)  1bn.vaccine#1.kids_cat4 = 0

           chi2(  2) =    0.34
         Prob > chi2 =    0.8446
(12,445 real changes made)

                id:  patient_id
     failure event:  covid_tpp_prob != 0 & covid_tpp_prob < .
obs. time interval:  (stime_covid_tpp_prob[_n-1], stime_covid_tpp_prob]
 enter on or after:  time enter_date
 exit on or before:  failure
    t for analysis:  (time-origin)
            origin:  time enter_date

------------------------------------------------------------------------------
     16,082  total observations
      3,956  observations end on or before enter()
------------------------------------------------------------------------------
     12,126  observations remaining, representing
     12,126  subjects
     11,427  failures in single-failure-per-subject data
    539,445  total analysis time at risk and under observation
                                                at risk from t =         0
                                     earliest observed entry t =         0
                                          last observed exit t =       306
(8,043 missing values generated)
(12,880 missing values generated)
(1,198 observations (episodes) created)
(13,324 real changes made)
(1,052 observations (episodes) created)
(789 real changes made)
(covid_tpp_prob: 2250 changes made)

observation |
   interval |      Freq.     Percent        Cum.
------------+-----------------------------------
          0 |      6,312       43.91       43.91
          1 |      7,275       50.61       94.51
          2 |        789        5.49      100.00
------------+-----------------------------------
      Total |     14,376      100.00

           |   Failure/censoring
           |     indicator for
           |  outcome: covid prob
observatio |         case
n interval |         0          1 |     Total
-----------+----------------------+----------
         0 |       984      2,237 |     3,221 
         1 |       484      3,276 |     3,760 
         2 |        31        367 |       398 
-----------+----------------------+----------
     Total |     1,499      5,880 |     7,379 
(12,020 observations deleted)
(3,091 observations deleted)
  33

    Variable |        Obs        Mean    Std. Dev.       Min        Max
-------------+---------------------------------------------------------
total_foll~p |         61        3446           0       3446       3446

 ( 1)  1bn.vaccine#2.kids_cat4 = 0

           chi2(  1) =    0.00
         Prob > chi2 =    0.9768

 ( 1)  1bn.vaccine#2.kids_cat4 = 0
 ( 2)  1bn.vaccine#1.kids_cat4 = 0

           chi2(  2) =    0.06
         Prob > chi2 =    0.9683
(12,445 real changes made)

                id:  patient_id
     failure event:  covid_tpp_prob != 0 & covid_tpp_prob < .
obs. time interval:  (stime_covid_tpp_prob[_n-1], stime_covid_tpp_prob]
 enter on or after:  time enter_date
 exit on or before:  failure
    t for analysis:  (time-origin)
            origin:  time enter_date

------------------------------------------------------------------------------
     16,082  total observations
      3,956  observations end on or before enter()
------------------------------------------------------------------------------
     12,126  observations remaining, representing
     12,126  subjects
     11,427  failures in single-failure-per-subject data
    539,445  total analysis time at risk and under observation
                                                at risk from t =         0
                                     earliest observed entry t =         0
                                          last observed exit t =       306
(8,043 missing values generated)
(12,880 missing values generated)
(1,198 observations (episodes) created)
(13,324 real changes made)
(1,052 observations (episodes) created)
(789 real changes made)
(covid_tpp_prob: 2250 changes made)

observation |
   interval |      Freq.     Percent        Cum.
------------+-----------------------------------
          0 |      6,312       43.91       43.91
          1 |      7,275       50.61       94.51
          2 |        789        5.49      100.00
------------+-----------------------------------
      Total |     14,376      100.00

           |   Failure/censoring
           |     indicator for
           |  outcome: covid prob
observatio |         case
n interval |         0          1 |     Total
-----------+----------------------+----------
         0 |       939      2,152 |     3,091 
         1 |       486      3,029 |     3,515 
         2 |        25        366 |       391 
-----------+----------------------+----------
     Total |     1,450      5,547 |     6,997 
(12,020 observations deleted)
(3,221 observations deleted)
  36

    Variable |        Obs        Mean    Std. Dev.       Min        Max
-------------+---------------------------------------------------------
total_foll~p |         68        3845           0       3845       3845

 ( 1)  1bn.vaccine#2.kids_cat4 = 0

           chi2(  1) =    0.27
         Prob > chi2 =    0.6060

 ( 1)  1bn.vaccine#2.kids_cat4 = 0
 ( 2)  1bn.vaccine#1.kids_cat4 = 0

           chi2(  2) =    0.75
         Prob > chi2 =    0.6878
(12,445 real changes made)

                id:  patient_id
     failure event:  covid_tpp_prob != 0 & covid_tpp_prob < .
obs. time interval:  (stime_covid_tpp_prob[_n-1], stime_covid_tpp_prob]
 enter on or after:  time enter_date
 exit on or before:  failure
    t for analysis:  (time-origin)
            origin:  time enter_date

------------------------------------------------------------------------------
     16,082  total observations
      3,956  observations end on or before enter()
------------------------------------------------------------------------------
     12,126  observations remaining, representing
     12,126  subjects
     11,427  failures in single-failure-per-subject data
    539,445  total analysis time at risk and under observation
                                                at risk from t =         0
                                     earliest observed entry t =         0
                                          last observed exit t =       306
(8,043 missing values generated)
(12,880 missing values generated)
(1,198 observations (episodes) created)
(13,324 real changes made)
(1,052 observations (episodes) created)
(789 real changes made)
(covid_tpp_prob: 2250 changes made)

observation |
   interval |      Freq.     Percent        Cum.
------------+-----------------------------------
          0 |      6,312       43.91       43.91
          1 |      7,275       50.61       94.51
          2 |        789        5.49      100.00
------------+-----------------------------------
      Total |     14,376      100.00

           |   Failure/censoring
           |     indicator for
           |  outcome: covid prob
observatio |         case
n interval |         0          1 |     Total
-----------+----------------------+----------
         0 |       296        648 |       944 
         1 |       149        991 |     1,140 
         2 |         7        109 |       116 
-----------+----------------------+----------
     Total |       452      1,748 |     2,200 
(12,020 observations deleted)
(5,368 observations deleted)
  15

    Variable |        Obs        Mean    Std. Dev.       Min        Max
-------------+---------------------------------------------------------
total_foll~p |         29        1965           0       1965       1965

 ( 1)  1bn.vaccine#2.kids_cat4 = 0

           chi2(  1) =    0.90
         Prob > chi2 =    0.3415

 ( 1)  1bn.vaccine#2.kids_cat4 = 0
 ( 2)  1bn.vaccine#1.kids_cat4 = 0

           chi2(  2) =    1.31
         Prob > chi2 =    0.5198
(12,445 real changes made)

                id:  patient_id
     failure event:  covid_tpp_prob != 0 & covid_tpp_prob < .
obs. time interval:  (stime_covid_tpp_prob[_n-1], stime_covid_tpp_prob]
 enter on or after:  time enter_date
 exit on or before:  failure
    t for analysis:  (time-origin)
            origin:  time enter_date

------------------------------------------------------------------------------
     16,082  total observations
      3,956  observations end on or before enter()
------------------------------------------------------------------------------
     12,126  observations remaining, representing
     12,126  subjects
     11,427  failures in single-failure-per-subject data
    539,445  total analysis time at risk and under observation
                                                at risk from t =         0
                                     earliest observed entry t =         0
                                          last observed exit t =       306
(8,043 missing values generated)
(12,880 missing values generated)
(1,198 observations (episodes) created)
(13,324 real changes made)
(1,052 observations (episodes) created)
(789 real changes made)
(covid_tpp_prob: 2250 changes made)

observation |
   interval |      Freq.     Percent        Cum.
------------+-----------------------------------
          0 |      6,312       43.91       43.91
          1 |      7,275       50.61       94.51
          2 |        789        5.49      100.00
------------+-----------------------------------
      Total |     14,376      100.00

           |   Failure/censoring
           |     indicator for
           |  outcome: covid prob
observatio |         case
n interval |         0          1 |     Total
-----------+----------------------+----------
         0 |     1,627      3,741 |     5,368 
         1 |       821      5,314 |     6,135 
         2 |        49        624 |       673 
-----------+----------------------+----------
     Total |     2,497      9,679 |    12,176 
(12,020 observations deleted)
(944 observations deleted)
  54

    Variable |        Obs        Mean    Std. Dev.       Min        Max
-------------+---------------------------------------------------------
total_foll~p |        100        5326           0       5326       5326

 ( 1)  1bn.vaccine#2.kids_cat4 = 0

           chi2(  1) =    0.04
         Prob > chi2 =    0.8343

 ( 1)  1bn.vaccine#2.kids_cat4 = 0
 ( 2)  1bn.vaccine#1.kids_cat4 = 0

           chi2(  2) =    0.34
         Prob > chi2 =    0.8446
(12,445 real changes made)

                id:  patient_id
     failure event:  covid_tpp_prob != 0 & covid_tpp_prob < .
obs. time interval:  (stime_covid_tpp_prob[_n-1], stime_covid_tpp_prob]
 enter on or after:  time enter_date
 exit on or before:  failure
    t for analysis:  (time-origin)
            origin:  time enter_date

------------------------------------------------------------------------------
     16,082  total observations
      3,956  observations end on or before enter()
------------------------------------------------------------------------------
     12,126  observations remaining, representing
     12,126  subjects
     11,427  failures in single-failure-per-subject data
    539,445  total analysis time at risk and under observation
                                                at risk from t =         0
                                     earliest observed entry t =         0
                                          last observed exit t =       306
(8,043 missing values generated)
(12,880 missing values generated)
(1,198 observations (episodes) created)
(13,324 real changes made)
(1,052 observations (episodes) created)
(789 real changes made)
(covid_tpp_prob: 2250 changes made)

observation |
   interval |      Freq.     Percent        Cum.
------------+-----------------------------------
          0 |      6,312       43.91       43.91
          1 |      7,275       50.61       94.51
          2 |        789        5.49      100.00
------------+-----------------------------------
      Total |     14,376      100.00

           |   Failure/censoring
           |     indicator for
           |  outcome: covid prob
observatio |         case
n interval |         0          1 |     Total
-----------+----------------------+----------
         0 |       984      2,237 |     3,221 
         1 |       484      3,276 |     3,760 
         2 |        31        367 |       398 
-----------+----------------------+----------
     Total |     1,499      5,880 |     7,379 
(12,020 observations deleted)
(3,091 observations deleted)
  1,876

    Variable |        Obs        Mean    Std. Dev.       Min        Max
-------------+---------------------------------------------------------
total_foll~p |      2,579       78338           0      78338      78338

 ( 1)  1bn.vaccine#3.kids_cat4 = 0

           chi2(  1) =    0.00
         Prob > chi2 =    0.9797

 ( 1)  1bn.vaccine#2.kids_cat4 = 0
 ( 2)  1bn.vaccine#1.kids_cat4 = 0

           chi2(  2) =    0.06
         Prob > chi2 =    0.9683
(12,445 real changes made)

                id:  patient_id
     failure event:  covid_tpp_prob != 0 & covid_tpp_prob < .
obs. time interval:  (stime_covid_tpp_prob[_n-1], stime_covid_tpp_prob]
 enter on or after:  time enter_date
 exit on or before:  failure
    t for analysis:  (time-origin)
            origin:  time enter_date

------------------------------------------------------------------------------
     16,082  total observations
      3,956  observations end on or before enter()
------------------------------------------------------------------------------
     12,126  observations remaining, representing
     12,126  subjects
     11,427  failures in single-failure-per-subject data
    539,445  total analysis time at risk and under observation
                                                at risk from t =         0
                                     earliest observed entry t =         0
                                          last observed exit t =       306
(8,043 missing values generated)
(12,880 missing values generated)
(1,198 observations (episodes) created)
(13,324 real changes made)
(1,052 observations (episodes) created)
(789 real changes made)
(covid_tpp_prob: 2250 changes made)

observation |
   interval |      Freq.     Percent        Cum.
------------+-----------------------------------
          0 |      6,312       43.91       43.91
          1 |      7,275       50.61       94.51
          2 |        789        5.49      100.00
------------+-----------------------------------
      Total |     14,376      100.00

           |   Failure/censoring
           |     indicator for
           |  outcome: covid prob
observatio |         case
n interval |         0          1 |     Total
-----------+----------------------+----------
         0 |       939      2,152 |     3,091 
         1 |       486      3,029 |     3,515 
         2 |        25        366 |       391 
-----------+----------------------+----------
     Total |     1,450      5,547 |     6,997 
(12,020 observations deleted)
(3,221 observations deleted)
  1,826

    Variable |        Obs        Mean    Std. Dev.       Min        Max
-------------+---------------------------------------------------------
total_foll~p |      2,519       77984           0      77984      77984

 ( 1)  1bn.vaccine#3.kids_cat4 = 0

           chi2(  1) =    0.66
         Prob > chi2 =    0.4163

 ( 1)  1bn.vaccine#2.kids_cat4 = 0
 ( 2)  1bn.vaccine#1.kids_cat4 = 0

           chi2(  2) =    0.75
         Prob > chi2 =    0.6878
(12,445 real changes made)

                id:  patient_id
     failure event:  covid_tpp_prob != 0 & covid_tpp_prob < .
obs. time interval:  (stime_covid_tpp_prob[_n-1], stime_covid_tpp_prob]
 enter on or after:  time enter_date
 exit on or before:  failure
    t for analysis:  (time-origin)
            origin:  time enter_date

------------------------------------------------------------------------------
     16,082  total observations
      3,956  observations end on or before enter()
------------------------------------------------------------------------------
     12,126  observations remaining, representing
     12,126  subjects
     11,427  failures in single-failure-per-subject data
    539,445  total analysis time at risk and under observation
                                                at risk from t =         0
                                     earliest observed entry t =         0
                                          last observed exit t =       306
(8,043 missing values generated)
(12,880 missing values generated)
(1,198 observations (episodes) created)
(13,324 real changes made)
(1,052 observations (episodes) created)
(789 real changes made)
(covid_tpp_prob: 2250 changes made)

observation |
   interval |      Freq.     Percent        Cum.
------------+-----------------------------------
          0 |      6,312       43.91       43.91
          1 |      7,275       50.61       94.51
          2 |        789        5.49      100.00
------------+-----------------------------------
      Total |     14,376      100.00

           |   Failure/censoring
           |     indicator for
           |  outcome: covid prob
observatio |         case
n interval |         0          1 |     Total
-----------+----------------------+----------
         0 |       296        648 |       944 
         1 |       149        991 |     1,140 
         2 |         7        109 |       116 
-----------+----------------------+----------
     Total |       452      1,748 |     2,200 
(12,020 observations deleted)
(5,368 observations deleted)
  543

    Variable |        Obs        Mean    Std. Dev.       Min        Max
-------------+---------------------------------------------------------
total_foll~p |        760       23414           0      23414      23414

 ( 1)  1bn.vaccine#3.kids_cat4 = 0

           chi2(  1) =    0.01
         Prob > chi2 =    0.9330

 ( 1)  1bn.vaccine#2.kids_cat4 = 0
 ( 2)  1bn.vaccine#1.kids_cat4 = 0

           chi2(  2) =    1.31
         Prob > chi2 =    0.5198
(12,445 real changes made)

                id:  patient_id
     failure event:  covid_tpp_prob != 0 & covid_tpp_prob < .
obs. time interval:  (stime_covid_tpp_prob[_n-1], stime_covid_tpp_prob]
 enter on or after:  time enter_date
 exit on or before:  failure
    t for analysis:  (time-origin)
            origin:  time enter_date

------------------------------------------------------------------------------
     16,082  total observations
      3,956  observations end on or before enter()
------------------------------------------------------------------------------
     12,126  observations remaining, representing
     12,126  subjects
     11,427  failures in single-failure-per-subject data
    539,445  total analysis time at risk and under observation
                                                at risk from t =         0
                                     earliest observed entry t =         0
                                          last observed exit t =       306
(8,043 missing values generated)
(12,880 missing values generated)
(1,198 observations (episodes) created)
(13,324 real changes made)
(1,052 observations (episodes) created)
(789 real changes made)
(covid_tpp_prob: 2250 changes made)

observation |
   interval |      Freq.     Percent        Cum.
------------+-----------------------------------
          0 |      6,312       43.91       43.91
          1 |      7,275       50.61       94.51
          2 |        789        5.49      100.00
------------+-----------------------------------
      Total |     14,376      100.00

           |   Failure/censoring
           |     indicator for
           |  outcome: covid prob
observatio |         case
n interval |         0          1 |     Total
-----------+----------------------+----------
         0 |     1,627      3,741 |     5,368 
         1 |       821      5,314 |     6,135 
         2 |        49        624 |       673 
-----------+----------------------+----------
     Total |     2,497      9,679 |    12,176 
(12,020 observations deleted)
(944 observations deleted)
  3,159

    Variable |        Obs        Mean    Std. Dev.       Min        Max
-------------+---------------------------------------------------------
total_foll~p |      4,338      132908           0     132908     132908

 ( 1)  1bn.vaccine#3.kids_cat4 = 0

           chi2(  1) =    0.21
         Prob > chi2 =    0.6506

 ( 1)  1bn.vaccine#2.kids_cat4 = 0
 ( 2)  1bn.vaccine#1.kids_cat4 = 0

           chi2(  2) =    0.34
         Prob > chi2 =    0.8446
(12,445 real changes made)

                id:  patient_id
     failure event:  covid_tpp_prob != 0 & covid_tpp_prob < .
obs. time interval:  (stime_covid_tpp_prob[_n-1], stime_covid_tpp_prob]
 enter on or after:  time enter_date
 exit on or before:  failure
    t for analysis:  (time-origin)
            origin:  time enter_date

------------------------------------------------------------------------------
     16,082  total observations
      3,956  observations end on or before enter()
------------------------------------------------------------------------------
     12,126  observations remaining, representing
     12,126  subjects
     11,427  failures in single-failure-per-subject data
    539,445  total analysis time at risk and under observation
                                                at risk from t =         0
                                     earliest observed entry t =         0
                                          last observed exit t =       306
(8,043 missing values generated)
(12,880 missing values generated)
(1,198 observations (episodes) created)
(13,324 real changes made)
(1,052 observations (episodes) created)
(789 real changes made)
(covid_tpp_prob: 2250 changes made)

observation |
   interval |      Freq.     Percent        Cum.
------------+-----------------------------------
          0 |      6,312       43.91       43.91
          1 |      7,275       50.61       94.51
          2 |        789        5.49      100.00
------------+-----------------------------------
      Total |     14,376      100.00

           |   Failure/censoring
           |     indicator for
           |  outcome: covid prob
observatio |         case
n interval |         0          1 |     Total
-----------+----------------------+----------
         0 |       984      2,237 |     3,221 
         1 |       484      3,276 |     3,760 
         2 |        31        367 |       398 
-----------+----------------------+----------
     Total |     1,499      5,880 |     7,379 
(11,057 observations deleted)
(3,515 observations deleted)
  417

    Variable |        Obs        Mean    Std. Dev.       Min        Max
-------------+---------------------------------------------------------
total_foll~p |        493       33463           0      33463      33463

 ( 1)  1bn.vaccine#2.kids_cat4 = 0
 ( 2)  1bn.vaccine#1.kids_cat4 = 0

           chi2(  2) =    0.06
         Prob > chi2 =    0.9683
(12,445 real changes made)

                id:  patient_id
     failure event:  covid_tpp_prob != 0 & covid_tpp_prob < .
obs. time interval:  (stime_covid_tpp_prob[_n-1], stime_covid_tpp_prob]
 enter on or after:  time enter_date
 exit on or before:  failure
    t for analysis:  (time-origin)
            origin:  time enter_date

------------------------------------------------------------------------------
     16,082  total observations
      3,956  observations end on or before enter()
------------------------------------------------------------------------------
     12,126  observations remaining, representing
     12,126  subjects
     11,427  failures in single-failure-per-subject data
    539,445  total analysis time at risk and under observation
                                                at risk from t =         0
                                     earliest observed entry t =         0
                                          last observed exit t =       306
(8,043 missing values generated)
(12,880 missing values generated)
(1,198 observations (episodes) created)
(13,324 real changes made)
(1,052 observations (episodes) created)
(789 real changes made)
(covid_tpp_prob: 2250 changes made)

observation |
   interval |      Freq.     Percent        Cum.
------------+-----------------------------------
          0 |      6,312       43.91       43.91
          1 |      7,275       50.61       94.51
          2 |        789        5.49      100.00
------------+-----------------------------------
      Total |     14,376      100.00

           |   Failure/censoring
           |     indicator for
           |  outcome: covid prob
observatio |         case
n interval |         0          1 |     Total
-----------+----------------------+----------
         0 |       939      2,152 |     3,091 
         1 |       486      3,029 |     3,515 
         2 |        25        366 |       391 
-----------+----------------------+----------
     Total |     1,450      5,547 |     6,997 
(11,057 observations deleted)
(3,760 observations deleted)
  344

    Variable |        Obs        Mean    Std. Dev.       Min        Max
-------------+---------------------------------------------------------
total_foll~p |        404       25603           0      25603      25603

 ( 1)  1bn.vaccine#2.kids_cat4 = 0
 ( 2)  1bn.vaccine#1.kids_cat4 = 0

           chi2(  2) =    0.75
         Prob > chi2 =    0.6878
(12,445 real changes made)

                id:  patient_id
     failure event:  covid_tpp_prob != 0 & covid_tpp_prob < .
obs. time interval:  (stime_covid_tpp_prob[_n-1], stime_covid_tpp_prob]
 enter on or after:  time enter_date
 exit on or before:  failure
    t for analysis:  (time-origin)
            origin:  time enter_date

------------------------------------------------------------------------------
     16,082  total observations
      3,956  observations end on or before enter()
------------------------------------------------------------------------------
     12,126  observations remaining, representing
     12,126  subjects
     11,427  failures in single-failure-per-subject data
    539,445  total analysis time at risk and under observation
                                                at risk from t =         0
                                     earliest observed entry t =         0
                                          last observed exit t =       306
(8,043 missing values generated)
(12,880 missing values generated)
(1,198 observations (episodes) created)
(13,324 real changes made)
(1,052 observations (episodes) created)
(789 real changes made)
(covid_tpp_prob: 2250 changes made)

observation |
   interval |      Freq.     Percent        Cum.
------------+-----------------------------------
          0 |      6,312       43.91       43.91
          1 |      7,275       50.61       94.51
          2 |        789        5.49      100.00
------------+-----------------------------------
      Total |     14,376      100.00

           |   Failure/censoring
           |     indicator for
           |  outcome: covid prob
observatio |         case
n interval |         0          1 |     Total
-----------+----------------------+----------
         0 |       296        648 |       944 
         1 |       149        991 |     1,140 
         2 |         7        109 |       116 
-----------+----------------------+----------
     Total |       452      1,748 |     2,200 
(11,057 observations deleted)
(6,135 observations deleted)
  115

    Variable |        Obs        Mean    Std. Dev.       Min        Max
-------------+---------------------------------------------------------
total_foll~p |        136        9251           0       9251       9251

 ( 1)  1bn.vaccine#2.kids_cat4 = 0
 ( 2)  1bn.vaccine#1.kids_cat4 = 0

           chi2(  2) =    1.31
         Prob > chi2 =    0.5198
(12,445 real changes made)

                id:  patient_id
     failure event:  covid_tpp_prob != 0 & covid_tpp_prob < .
obs. time interval:  (stime_covid_tpp_prob[_n-1], stime_covid_tpp_prob]
 enter on or after:  time enter_date
 exit on or before:  failure
    t for analysis:  (time-origin)
            origin:  time enter_date

------------------------------------------------------------------------------
     16,082  total observations
      3,956  observations end on or before enter()
------------------------------------------------------------------------------
     12,126  observations remaining, representing
     12,126  subjects
     11,427  failures in single-failure-per-subject data
    539,445  total analysis time at risk and under observation
                                                at risk from t =         0
                                     earliest observed entry t =         0
                                          last observed exit t =       306
(8,043 missing values generated)
(12,880 missing values generated)
(1,198 observations (episodes) created)
(13,324 real changes made)
(1,052 observations (episodes) created)
(789 real changes made)
(covid_tpp_prob: 2250 changes made)

observation |
   interval |      Freq.     Percent        Cum.
------------+-----------------------------------
          0 |      6,312       43.91       43.91
          1 |      7,275       50.61       94.51
          2 |        789        5.49      100.00
------------+-----------------------------------
      Total |     14,376      100.00

           |   Failure/censoring
           |     indicator for
           |  outcome: covid prob
observatio |         case
n interval |         0          1 |     Total
-----------+----------------------+----------
         0 |     1,627      3,741 |     5,368 
         1 |       821      5,314 |     6,135 
         2 |        49        624 |       673 
-----------+----------------------+----------
     Total |     2,497      9,679 |    12,176 
(11,057 observations deleted)
(1,140 observations deleted)
  646

    Variable |        Obs        Mean    Std. Dev.       Min        Max
-------------+---------------------------------------------------------
total_foll~p |        761       49815           0      49815      49815

 ( 1)  1bn.vaccine#2.kids_cat4 = 0
 ( 2)  1bn.vaccine#1.kids_cat4 = 0

           chi2(  2) =    0.34
         Prob > chi2 =    0.8446
(12,445 real changes made)

                id:  patient_id
     failure event:  covid_tpp_prob != 0 & covid_tpp_prob < .
obs. time interval:  (stime_covid_tpp_prob[_n-1], stime_covid_tpp_prob]
 enter on or after:  time enter_date
 exit on or before:  failure
    t for analysis:  (time-origin)
            origin:  time enter_date

------------------------------------------------------------------------------
     16,082  total observations
      3,956  observations end on or before enter()
------------------------------------------------------------------------------
     12,126  observations remaining, representing
     12,126  subjects
     11,427  failures in single-failure-per-subject data
    539,445  total analysis time at risk and under observation
                                                at risk from t =         0
                                     earliest observed entry t =         0
                                          last observed exit t =       306
(8,043 missing values generated)
(12,880 missing values generated)
(1,198 observations (episodes) created)
(13,324 real changes made)
(1,052 observations (episodes) created)
(789 real changes made)
(covid_tpp_prob: 2250 changes made)

observation |
   interval |      Freq.     Percent        Cum.
------------+-----------------------------------
          0 |      6,312       43.91       43.91
          1 |      7,275       50.61       94.51
          2 |        789        5.49      100.00
------------+-----------------------------------
      Total |     14,376      100.00

           |   Failure/censoring
           |     indicator for
           |  outcome: covid prob
observatio |         case
n interval |         0          1 |     Total
-----------+----------------------+----------
         0 |       984      2,237 |     3,221 
         1 |       484      3,276 |     3,760 
         2 |        31        367 |       398 
-----------+----------------------+----------
     Total |     1,499      5,880 |     7,379 
(11,057 observations deleted)
(3,515 observations deleted)
  73

    Variable |        Obs        Mean    Std. Dev.       Min        Max
-------------+---------------------------------------------------------
total_foll~p |         87        8068           0       8068       8068

 ( 1)  1bn.vaccine#2.kids_cat4 = 0
 ( 2)  1bn.vaccine#1.kids_cat4 = 0

           chi2(  2) =    0.06
         Prob > chi2 =    0.9683
(12,445 real changes made)

                id:  patient_id
     failure event:  covid_tpp_prob != 0 & covid_tpp_prob < .
obs. time interval:  (stime_covid_tpp_prob[_n-1], stime_covid_tpp_prob]
 enter on or after:  time enter_date
 exit on or before:  failure
    t for analysis:  (time-origin)
            origin:  time enter_date

------------------------------------------------------------------------------
     16,082  total observations
      3,956  observations end on or before enter()
------------------------------------------------------------------------------
     12,126  observations remaining, representing
     12,126  subjects
     11,427  failures in single-failure-per-subject data
    539,445  total analysis time at risk and under observation
                                                at risk from t =         0
                                     earliest observed entry t =         0
                                          last observed exit t =       306
(8,043 missing values generated)
(12,880 missing values generated)
(1,198 observations (episodes) created)
(13,324 real changes made)
(1,052 observations (episodes) created)
(789 real changes made)
(covid_tpp_prob: 2250 changes made)

observation |
   interval |      Freq.     Percent        Cum.
------------+-----------------------------------
          0 |      6,312       43.91       43.91
          1 |      7,275       50.61       94.51
          2 |        789        5.49      100.00
------------+-----------------------------------
      Total |     14,376      100.00

           |   Failure/censoring
           |     indicator for
           |  outcome: covid prob
observatio |         case
n interval |         0          1 |     Total
-----------+----------------------+----------
         0 |       939      2,152 |     3,091 
         1 |       486      3,029 |     3,515 
         2 |        25        366 |       391 
-----------+----------------------+----------
     Total |     1,450      5,547 |     6,997 
(11,057 observations deleted)
(3,760 observations deleted)
  70

    Variable |        Obs        Mean    Std. Dev.       Min        Max
-------------+---------------------------------------------------------
total_foll~p |         86        6791           0       6791       6791

 ( 1)  1bn.vaccine#2.kids_cat4 = 0
 ( 2)  1bn.vaccine#1.kids_cat4 = 0

           chi2(  2) =    0.75
         Prob > chi2 =    0.6878
(12,445 real changes made)

                id:  patient_id
     failure event:  covid_tpp_prob != 0 & covid_tpp_prob < .
obs. time interval:  (stime_covid_tpp_prob[_n-1], stime_covid_tpp_prob]
 enter on or after:  time enter_date
 exit on or before:  failure
    t for analysis:  (time-origin)
            origin:  time enter_date

------------------------------------------------------------------------------
     16,082  total observations
      3,956  observations end on or before enter()
------------------------------------------------------------------------------
     12,126  observations remaining, representing
     12,126  subjects
     11,427  failures in single-failure-per-subject data
    539,445  total analysis time at risk and under observation
                                                at risk from t =         0
                                     earliest observed entry t =         0
                                          last observed exit t =       306
(8,043 missing values generated)
(12,880 missing values generated)
(1,198 observations (episodes) created)
(13,324 real changes made)
(1,052 observations (episodes) created)
(789 real changes made)
(covid_tpp_prob: 2250 changes made)

observation |
   interval |      Freq.     Percent        Cum.
------------+-----------------------------------
          0 |      6,312       43.91       43.91
          1 |      7,275       50.61       94.51
          2 |        789        5.49      100.00
------------+-----------------------------------
      Total |     14,376      100.00

           |   Failure/censoring
           |     indicator for
           |  outcome: covid prob
observatio |         case
n interval |         0          1 |     Total
-----------+----------------------+----------
         0 |       296        648 |       944 
         1 |       149        991 |     1,140 
         2 |         7        109 |       116 
-----------+----------------------+----------
     Total |       452      1,748 |     2,200 
(11,057 observations deleted)
(6,135 observations deleted)
  23

    Variable |        Obs        Mean    Std. Dev.       Min        Max
-------------+---------------------------------------------------------
total_foll~p |         30        2390           0       2390       2390

 ( 1)  1bn.vaccine#2.kids_cat4 = 0
 ( 2)  1bn.vaccine#1.kids_cat4 = 0

           chi2(  2) =    1.31
         Prob > chi2 =    0.5198
(12,445 real changes made)

                id:  patient_id
     failure event:  covid_tpp_prob != 0 & covid_tpp_prob < .
obs. time interval:  (stime_covid_tpp_prob[_n-1], stime_covid_tpp_prob]
 enter on or after:  time enter_date
 exit on or before:  failure
    t for analysis:  (time-origin)
            origin:  time enter_date

------------------------------------------------------------------------------
     16,082  total observations
      3,956  observations end on or before enter()
------------------------------------------------------------------------------
     12,126  observations remaining, representing
     12,126  subjects
     11,427  failures in single-failure-per-subject data
    539,445  total analysis time at risk and under observation
                                                at risk from t =         0
                                     earliest observed entry t =         0
                                          last observed exit t =       306
(8,043 missing values generated)
(12,880 missing values generated)
(1,198 observations (episodes) created)
(13,324 real changes made)
(1,052 observations (episodes) created)
(789 real changes made)
(covid_tpp_prob: 2250 changes made)

observation |
   interval |      Freq.     Percent        Cum.
------------+-----------------------------------
          0 |      6,312       43.91       43.91
          1 |      7,275       50.61       94.51
          2 |        789        5.49      100.00
------------+-----------------------------------
      Total |     14,376      100.00

           |   Failure/censoring
           |     indicator for
           |  outcome: covid prob
observatio |         case
n interval |         0          1 |     Total
-----------+----------------------+----------
         0 |     1,627      3,741 |     5,368 
         1 |       821      5,314 |     6,135 
         2 |        49        624 |       673 
-----------+----------------------+----------
     Total |     2,497      9,679 |    12,176 
(11,057 observations deleted)
(1,140 observations deleted)
  120

    Variable |        Obs        Mean    Std. Dev.       Min        Max
-------------+---------------------------------------------------------
total_foll~p |        143       12469           0      12469      12469

 ( 1)  1bn.vaccine#2.kids_cat4 = 0
 ( 2)  1bn.vaccine#1.kids_cat4 = 0

           chi2(  2) =    0.34
         Prob > chi2 =    0.8446
(12,445 real changes made)

                id:  patient_id
     failure event:  covid_tpp_prob != 0 & covid_tpp_prob < .
obs. time interval:  (stime_covid_tpp_prob[_n-1], stime_covid_tpp_prob]
 enter on or after:  time enter_date
 exit on or before:  failure
    t for analysis:  (time-origin)
            origin:  time enter_date

------------------------------------------------------------------------------
     16,082  total observations
      3,956  observations end on or before enter()
------------------------------------------------------------------------------
     12,126  observations remaining, representing
     12,126  subjects
     11,427  failures in single-failure-per-subject data
    539,445  total analysis time at risk and under observation
                                                at risk from t =         0
                                     earliest observed entry t =         0
                                          last observed exit t =       306
(8,043 missing values generated)
(12,880 missing values generated)
(1,198 observations (episodes) created)
(13,324 real changes made)
(1,052 observations (episodes) created)
(789 real changes made)
(covid_tpp_prob: 2250 changes made)

observation |
   interval |      Freq.     Percent        Cum.
------------+-----------------------------------
          0 |      6,312       43.91       43.91
          1 |      7,275       50.61       94.51
          2 |        789        5.49      100.00
------------+-----------------------------------
      Total |     14,376      100.00

           |   Failure/censoring
           |     indicator for
           |  outcome: covid prob
observatio |         case
n interval |         0          1 |     Total
-----------+----------------------+----------
         0 |       984      2,237 |     3,221 
         1 |       484      3,276 |     3,760 
         2 |        31        367 |       398 
-----------+----------------------+----------
     Total |     1,499      5,880 |     7,379 
(11,057 observations deleted)
(3,515 observations deleted)
  2,650

    Variable |        Obs        Mean    Std. Dev.       Min        Max
-------------+---------------------------------------------------------
total_foll~p |      3,013      117360           0     117360     117360

 ( 1)  1bn.vaccine#2.kids_cat4 = 0
 ( 2)  1bn.vaccine#1.kids_cat4 = 0

           chi2(  2) =    0.06
         Prob > chi2 =    0.9683
(12,445 real changes made)

                id:  patient_id
     failure event:  covid_tpp_prob != 0 & covid_tpp_prob < .
obs. time interval:  (stime_covid_tpp_prob[_n-1], stime_covid_tpp_prob]
 enter on or after:  time enter_date
 exit on or before:  failure
    t for analysis:  (time-origin)
            origin:  time enter_date

------------------------------------------------------------------------------
     16,082  total observations
      3,956  observations end on or before enter()
------------------------------------------------------------------------------
     12,126  observations remaining, representing
     12,126  subjects
     11,427  failures in single-failure-per-subject data
    539,445  total analysis time at risk and under observation
                                                at risk from t =         0
                                     earliest observed entry t =         0
                                          last observed exit t =       306
(8,043 missing values generated)
(12,880 missing values generated)
(1,198 observations (episodes) created)
(13,324 real changes made)
(1,052 observations (episodes) created)
(789 real changes made)
(covid_tpp_prob: 2250 changes made)

observation |
   interval |      Freq.     Percent        Cum.
------------+-----------------------------------
          0 |      6,312       43.91       43.91
          1 |      7,275       50.61       94.51
          2 |        789        5.49      100.00
------------+-----------------------------------
      Total |     14,376      100.00

           |   Failure/censoring
           |     indicator for
           |  outcome: covid prob
observatio |         case
n interval |         0          1 |     Total
-----------+----------------------+----------
         0 |       939      2,152 |     3,091 
         1 |       486      3,029 |     3,515 
         2 |        25        366 |       391 
-----------+----------------------+----------
     Total |     1,450      5,547 |     6,997 
(11,057 observations deleted)
(3,760 observations deleted)
  2,494

    Variable |        Obs        Mean    Std. Dev.       Min        Max
-------------+---------------------------------------------------------
total_foll~p |      2,874      111784           0     111784     111784

 ( 1)  1bn.vaccine#2.kids_cat4 = 0
 ( 2)  1bn.vaccine#1.kids_cat4 = 0

           chi2(  2) =    0.75
         Prob > chi2 =    0.6878
(12,445 real changes made)

                id:  patient_id
     failure event:  covid_tpp_prob != 0 & covid_tpp_prob < .
obs. time interval:  (stime_covid_tpp_prob[_n-1], stime_covid_tpp_prob]
 enter on or after:  time enter_date
 exit on or before:  failure
    t for analysis:  (time-origin)
            origin:  time enter_date

------------------------------------------------------------------------------
     16,082  total observations
      3,956  observations end on or before enter()
------------------------------------------------------------------------------
     12,126  observations remaining, representing
     12,126  subjects
     11,427  failures in single-failure-per-subject data
    539,445  total analysis time at risk and under observation
                                                at risk from t =         0
                                     earliest observed entry t =         0
                                          last observed exit t =       306
(8,043 missing values generated)
(12,880 missing values generated)
(1,198 observations (episodes) created)
(13,324 real changes made)
(1,052 observations (episodes) created)
(789 real changes made)
(covid_tpp_prob: 2250 changes made)

observation |
   interval |      Freq.     Percent        Cum.
------------+-----------------------------------
          0 |      6,312       43.91       43.91
          1 |      7,275       50.61       94.51
          2 |        789        5.49      100.00
------------+-----------------------------------
      Total |     14,376      100.00

           |   Failure/censoring
           |     indicator for
           |  outcome: covid prob
observatio |         case
n interval |         0          1 |     Total
-----------+----------------------+----------
         0 |       296        648 |       944 
         1 |       149        991 |     1,140 
         2 |         7        109 |       116 
-----------+----------------------+----------
     Total |       452      1,748 |     2,200 
(11,057 observations deleted)
(6,135 observations deleted)
  818

    Variable |        Obs        Mean    Std. Dev.       Min        Max
-------------+---------------------------------------------------------
total_foll~p |        932       36314           0      36314      36314

 ( 1)  1bn.vaccine#2.kids_cat4 = 0
 ( 2)  1bn.vaccine#1.kids_cat4 = 0

           chi2(  2) =    1.31
         Prob > chi2 =    0.5198
(12,445 real changes made)

                id:  patient_id
     failure event:  covid_tpp_prob != 0 & covid_tpp_prob < .
obs. time interval:  (stime_covid_tpp_prob[_n-1], stime_covid_tpp_prob]
 enter on or after:  time enter_date
 exit on or before:  failure
    t for analysis:  (time-origin)
            origin:  time enter_date

------------------------------------------------------------------------------
     16,082  total observations
      3,956  observations end on or before enter()
------------------------------------------------------------------------------
     12,126  observations remaining, representing
     12,126  subjects
     11,427  failures in single-failure-per-subject data
    539,445  total analysis time at risk and under observation
                                                at risk from t =         0
                                     earliest observed entry t =         0
                                          last observed exit t =       306
(8,043 missing values generated)
(12,880 missing values generated)
(1,198 observations (episodes) created)
(13,324 real changes made)
(1,052 observations (episodes) created)
(789 real changes made)
(covid_tpp_prob: 2250 changes made)

observation |
   interval |      Freq.     Percent        Cum.
------------+-----------------------------------
          0 |      6,312       43.91       43.91
          1 |      7,275       50.61       94.51
          2 |        789        5.49      100.00
------------+-----------------------------------
      Total |     14,376      100.00

           |   Failure/censoring
           |     indicator for
           |  outcome: covid prob
observatio |         case
n interval |         0          1 |     Total
-----------+----------------------+----------
         0 |     1,627      3,741 |     5,368 
         1 |       821      5,314 |     6,135 
         2 |        49        624 |       673 
-----------+----------------------+----------
     Total |     2,497      9,679 |    12,176 
(11,057 observations deleted)
(1,140 observations deleted)
  4,326

    Variable |        Obs        Mean    Std. Dev.       Min        Max
-------------+---------------------------------------------------------
total_foll~p |      4,955      192830           0     192830     192830

 ( 1)  1bn.vaccine#2.kids_cat4 = 0
 ( 2)  1bn.vaccine#1.kids_cat4 = 0

           chi2(  2) =    0.34
         Prob > chi2 =    0.8446
(12,445 real changes made)

                id:  patient_id
     failure event:  covid_tpp_prob != 0 & covid_tpp_prob < .
obs. time interval:  (stime_covid_tpp_prob[_n-1], stime_covid_tpp_prob]
 enter on or after:  time enter_date
 exit on or before:  failure
    t for analysis:  (time-origin)
            origin:  time enter_date

------------------------------------------------------------------------------
     16,082  total observations
      3,956  observations end on or before enter()
------------------------------------------------------------------------------
     12,126  observations remaining, representing
     12,126  subjects
     11,427  failures in single-failure-per-subject data
    539,445  total analysis time at risk and under observation
                                                at risk from t =         0
                                     earliest observed entry t =         0
                                          last observed exit t =       306
(8,043 missing values generated)
(12,880 missing values generated)
(1,198 observations (episodes) created)
(13,324 real changes made)
(1,052 observations (episodes) created)
(789 real changes made)
(covid_tpp_prob: 2250 changes made)

observation |
   interval |      Freq.     Percent        Cum.
------------+-----------------------------------
          0 |      6,312       43.91       43.91
          1 |      7,275       50.61       94.51
          2 |        789        5.49      100.00
------------+-----------------------------------
      Total |     14,376      100.00

           |   Failure/censoring
           |     indicator for
           |  outcome: covid prob
observatio |         case
n interval |         0          1 |     Total
-----------+----------------------+----------
         0 |       984      2,237 |     3,221 
         1 |       484      3,276 |     3,760 
         2 |        31        367 |       398 
-----------+----------------------+----------
     Total |     1,499      5,880 |     7,379 
(17,543 observations deleted)
(391 observations deleted)
  66

    Variable |        Obs        Mean    Std. Dev.       Min        Max
-------------+---------------------------------------------------------
total_foll~p |         70        6935           0       6935       6935

 ( 1)  1bn.vaccine#2.kids_cat4 = 0
 ( 2)  1bn.vaccine#1.kids_cat4 = 0

           chi2(  2) =    0.06
         Prob > chi2 =    0.9683
(12,445 real changes made)

                id:  patient_id
     failure event:  covid_tpp_prob != 0 & covid_tpp_prob < .
obs. time interval:  (stime_covid_tpp_prob[_n-1], stime_covid_tpp_prob]
 enter on or after:  time enter_date
 exit on or before:  failure
    t for analysis:  (time-origin)
            origin:  time enter_date

------------------------------------------------------------------------------
     16,082  total observations
      3,956  observations end on or before enter()
------------------------------------------------------------------------------
     12,126  observations remaining, representing
     12,126  subjects
     11,427  failures in single-failure-per-subject data
    539,445  total analysis time at risk and under observation
                                                at risk from t =         0
                                     earliest observed entry t =         0
                                          last observed exit t =       306
(8,043 missing values generated)
(12,880 missing values generated)
(1,198 observations (episodes) created)
(13,324 real changes made)
(1,052 observations (episodes) created)
(789 real changes made)
(covid_tpp_prob: 2250 changes made)

observation |
   interval |      Freq.     Percent        Cum.
------------+-----------------------------------
          0 |      6,312       43.91       43.91
          1 |      7,275       50.61       94.51
          2 |        789        5.49      100.00
------------+-----------------------------------
      Total |     14,376      100.00

           |   Failure/censoring
           |     indicator for
           |  outcome: covid prob
observatio |         case
n interval |         0          1 |     Total
-----------+----------------------+----------
         0 |       939      2,152 |     3,091 
         1 |       486      3,029 |     3,515 
         2 |        25        366 |       391 
-----------+----------------------+----------
     Total |     1,450      5,547 |     6,997 
(17,543 observations deleted)
(398 observations deleted)
  68

    Variable |        Obs        Mean    Std. Dev.       Min        Max
-------------+---------------------------------------------------------
total_foll~p |         68        6933           0       6933       6933

 ( 1)  1bn.vaccine#2.kids_cat4 = 0
 ( 2)  1bn.vaccine#1.kids_cat4 = 0

           chi2(  2) =    0.75
         Prob > chi2 =    0.6878
(12,445 real changes made)

                id:  patient_id
     failure event:  covid_tpp_prob != 0 & covid_tpp_prob < .
obs. time interval:  (stime_covid_tpp_prob[_n-1], stime_covid_tpp_prob]
 enter on or after:  time enter_date
 exit on or before:  failure
    t for analysis:  (time-origin)
            origin:  time enter_date

------------------------------------------------------------------------------
     16,082  total observations
      3,956  observations end on or before enter()
------------------------------------------------------------------------------
     12,126  observations remaining, representing
     12,126  subjects
     11,427  failures in single-failure-per-subject data
    539,445  total analysis time at risk and under observation
                                                at risk from t =         0
                                     earliest observed entry t =         0
                                          last observed exit t =       306
(8,043 missing values generated)
(12,880 missing values generated)
(1,198 observations (episodes) created)
(13,324 real changes made)
(1,052 observations (episodes) created)
(789 real changes made)
(covid_tpp_prob: 2250 changes made)

observation |
   interval |      Freq.     Percent        Cum.
------------+-----------------------------------
          0 |      6,312       43.91       43.91
          1 |      7,275       50.61       94.51
          2 |        789        5.49      100.00
------------+-----------------------------------
      Total |     14,376      100.00

           |   Failure/censoring
           |     indicator for
           |  outcome: covid prob
observatio |         case
n interval |         0          1 |     Total
-----------+----------------------+----------
         0 |       296        648 |       944 
         1 |       149        991 |     1,140 
         2 |         7        109 |       116 
-----------+----------------------+----------
     Total |       452      1,748 |     2,200 
(17,543 observations deleted)
(673 observations deleted)
  19

    Variable |        Obs        Mean    Std. Dev.       Min        Max
-------------+---------------------------------------------------------
total_foll~p |         19        2075           0       2075       2075

 ( 1)  1bn.vaccine#2.kids_cat4 = 0
 ( 2)  1bn.vaccine#1.kids_cat4 = 0

           chi2(  2) =    1.31
         Prob > chi2 =    0.5198
(12,445 real changes made)

                id:  patient_id
     failure event:  covid_tpp_prob != 0 & covid_tpp_prob < .
obs. time interval:  (stime_covid_tpp_prob[_n-1], stime_covid_tpp_prob]
 enter on or after:  time enter_date
 exit on or before:  failure
    t for analysis:  (time-origin)
            origin:  time enter_date

------------------------------------------------------------------------------
     16,082  total observations
      3,956  observations end on or before enter()
------------------------------------------------------------------------------
     12,126  observations remaining, representing
     12,126  subjects
     11,427  failures in single-failure-per-subject data
    539,445  total analysis time at risk and under observation
                                                at risk from t =         0
                                     earliest observed entry t =         0
                                          last observed exit t =       306
(8,043 missing values generated)
(12,880 missing values generated)
(1,198 observations (episodes) created)
(13,324 real changes made)
(1,052 observations (episodes) created)
(789 real changes made)
(covid_tpp_prob: 2250 changes made)

observation |
   interval |      Freq.     Percent        Cum.
------------+-----------------------------------
          0 |      6,312       43.91       43.91
          1 |      7,275       50.61       94.51
          2 |        789        5.49      100.00
------------+-----------------------------------
      Total |     14,376      100.00

           |   Failure/censoring
           |     indicator for
           |  outcome: covid prob
observatio |         case
n interval |         0          1 |     Total
-----------+----------------------+----------
         0 |     1,627      3,741 |     5,368 
         1 |       821      5,314 |     6,135 
         2 |        49        624 |       673 
-----------+----------------------+----------
     Total |     2,497      9,679 |    12,176 
(17,543 observations deleted)
(116 observations deleted)
  115

    Variable |        Obs        Mean    Std. Dev.       Min        Max
-------------+---------------------------------------------------------
total_foll~p |        119       11793           0      11793      11793

 ( 1)  1bn.vaccine#2.kids_cat4 = 0
 ( 2)  1bn.vaccine#1.kids_cat4 = 0

           chi2(  2) =    0.34
         Prob > chi2 =    0.8446
(12,445 real changes made)

                id:  patient_id
     failure event:  covid_tpp_prob != 0 & covid_tpp_prob < .
obs. time interval:  (stime_covid_tpp_prob[_n-1], stime_covid_tpp_prob]
 enter on or after:  time enter_date
 exit on or before:  failure
    t for analysis:  (time-origin)
            origin:  time enter_date

------------------------------------------------------------------------------
     16,082  total observations
      3,956  observations end on or before enter()
------------------------------------------------------------------------------
     12,126  observations remaining, representing
     12,126  subjects
     11,427  failures in single-failure-per-subject data
    539,445  total analysis time at risk and under observation
                                                at risk from t =         0
                                     earliest observed entry t =         0
                                          last observed exit t =       306
(8,043 missing values generated)
(12,880 missing values generated)
(1,198 observations (episodes) created)
(13,324 real changes made)
(1,052 observations (episodes) created)
(789 real changes made)
(covid_tpp_prob: 2250 changes made)

observation |
   interval |      Freq.     Percent        Cum.
------------+-----------------------------------
          0 |      6,312       43.91       43.91
          1 |      7,275       50.61       94.51
          2 |        789        5.49      100.00
------------+-----------------------------------
      Total |     14,376      100.00

           |   Failure/censoring
           |     indicator for
           |  outcome: covid prob
observatio |         case
n interval |         0          1 |     Total
-----------+----------------------+----------
         0 |       984      2,237 |     3,221 
         1 |       484      3,276 |     3,760 
         2 |        31        367 |       398 
-----------+----------------------+----------
     Total |     1,499      5,880 |     7,379 
(17,543 observations deleted)
(391 observations deleted)
  12

    Variable |        Obs        Mean    Std. Dev.       Min        Max
-------------+---------------------------------------------------------
total_foll~p |         13        1605           0       1605       1605

 ( 1)  1bn.vaccine#2.kids_cat4 = 0
 ( 2)  1bn.vaccine#1.kids_cat4 = 0

           chi2(  2) =    0.06
         Prob > chi2 =    0.9683
(12,445 real changes made)

                id:  patient_id
     failure event:  covid_tpp_prob != 0 & covid_tpp_prob < .
obs. time interval:  (stime_covid_tpp_prob[_n-1], stime_covid_tpp_prob]
 enter on or after:  time enter_date
 exit on or before:  failure
    t for analysis:  (time-origin)
            origin:  time enter_date

------------------------------------------------------------------------------
     16,082  total observations
      3,956  observations end on or before enter()
------------------------------------------------------------------------------
     12,126  observations remaining, representing
     12,126  subjects
     11,427  failures in single-failure-per-subject data
    539,445  total analysis time at risk and under observation
                                                at risk from t =         0
                                     earliest observed entry t =         0
                                          last observed exit t =       306
(8,043 missing values generated)
(12,880 missing values generated)
(1,198 observations (episodes) created)
(13,324 real changes made)
(1,052 observations (episodes) created)
(789 real changes made)
(covid_tpp_prob: 2250 changes made)

observation |
   interval |      Freq.     Percent        Cum.
------------+-----------------------------------
          0 |      6,312       43.91       43.91
          1 |      7,275       50.61       94.51
          2 |        789        5.49      100.00
------------+-----------------------------------
      Total |     14,376      100.00

           |   Failure/censoring
           |     indicator for
           |  outcome: covid prob
observatio |         case
n interval |         0          1 |     Total
-----------+----------------------+----------
         0 |       939      2,152 |     3,091 
         1 |       486      3,029 |     3,515 
         2 |        25        366 |       391 
-----------+----------------------+----------
     Total |     1,450      5,547 |     6,997 
(17,543 observations deleted)
(398 observations deleted)
  15

    Variable |        Obs        Mean    Std. Dev.       Min        Max
-------------+---------------------------------------------------------
total_foll~p |         16        1534           0       1534       1534

 ( 1)  1bn.vaccine#2.kids_cat4 = 0
 ( 2)  1bn.vaccine#1.kids_cat4 = 0

           chi2(  2) =    0.75
         Prob > chi2 =    0.6878
(12,445 real changes made)

                id:  patient_id
     failure event:  covid_tpp_prob != 0 & covid_tpp_prob < .
obs. time interval:  (stime_covid_tpp_prob[_n-1], stime_covid_tpp_prob]
 enter on or after:  time enter_date
 exit on or before:  failure
    t for analysis:  (time-origin)
            origin:  time enter_date

------------------------------------------------------------------------------
     16,082  total observations
      3,956  observations end on or before enter()
------------------------------------------------------------------------------
     12,126  observations remaining, representing
     12,126  subjects
     11,427  failures in single-failure-per-subject data
    539,445  total analysis time at risk and under observation
                                                at risk from t =         0
                                     earliest observed entry t =         0
                                          last observed exit t =       306
(8,043 missing values generated)
(12,880 missing values generated)
(1,198 observations (episodes) created)
(13,324 real changes made)
(1,052 observations (episodes) created)
(789 real changes made)
(covid_tpp_prob: 2250 changes made)

observation |
   interval |      Freq.     Percent        Cum.
------------+-----------------------------------
          0 |      6,312       43.91       43.91
          1 |      7,275       50.61       94.51
          2 |        789        5.49      100.00
------------+-----------------------------------
      Total |     14,376      100.00

           |   Failure/censoring
           |     indicator for
           |  outcome: covid prob
observatio |         case
n interval |         0          1 |     Total
-----------+----------------------+----------
         0 |       296        648 |       944 
         1 |       149        991 |     1,140 
         2 |         7        109 |       116 
-----------+----------------------+----------
     Total |       452      1,748 |     2,200 
(17,543 observations deleted)
(673 observations deleted)
  6

    Variable |        Obs        Mean    Std. Dev.       Min        Max
-------------+---------------------------------------------------------
total_foll~p |          6         537           0        537        537

 ( 1)  1bn.vaccine#2.kids_cat4 = 0
 ( 2)  1bn.vaccine#1.kids_cat4 = 0

           chi2(  2) =    1.31
         Prob > chi2 =    0.5198
(12,445 real changes made)

                id:  patient_id
     failure event:  covid_tpp_prob != 0 & covid_tpp_prob < .
obs. time interval:  (stime_covid_tpp_prob[_n-1], stime_covid_tpp_prob]
 enter on or after:  time enter_date
 exit on or before:  failure
    t for analysis:  (time-origin)
            origin:  time enter_date

------------------------------------------------------------------------------
     16,082  total observations
      3,956  observations end on or before enter()
------------------------------------------------------------------------------
     12,126  observations remaining, representing
     12,126  subjects
     11,427  failures in single-failure-per-subject data
    539,445  total analysis time at risk and under observation
                                                at risk from t =         0
                                     earliest observed entry t =         0
                                          last observed exit t =       306
(8,043 missing values generated)
(12,880 missing values generated)
(1,198 observations (episodes) created)
(13,324 real changes made)
(1,052 observations (episodes) created)
(789 real changes made)
(covid_tpp_prob: 2250 changes made)

observation |
   interval |      Freq.     Percent        Cum.
------------+-----------------------------------
          0 |      6,312       43.91       43.91
          1 |      7,275       50.61       94.51
          2 |        789        5.49      100.00
------------+-----------------------------------
      Total |     14,376      100.00

           |   Failure/censoring
           |     indicator for
           |  outcome: covid prob
observatio |         case
n interval |         0          1 |     Total
-----------+----------------------+----------
         0 |     1,627      3,741 |     5,368 
         1 |       821      5,314 |     6,135 
         2 |        49        624 |       673 
-----------+----------------------+----------
     Total |     2,497      9,679 |    12,176 
(17,543 observations deleted)
(116 observations deleted)
  21

    Variable |        Obs        Mean    Std. Dev.       Min        Max
-------------+---------------------------------------------------------
total_foll~p |         23        2602           0       2602       2602

 ( 1)  1bn.vaccine#2.kids_cat4 = 0
 ( 2)  1bn.vaccine#1.kids_cat4 = 0

           chi2(  2) =    0.34
         Prob > chi2 =    0.8446
(12,445 real changes made)

                id:  patient_id
     failure event:  covid_tpp_prob != 0 & covid_tpp_prob < .
obs. time interval:  (stime_covid_tpp_prob[_n-1], stime_covid_tpp_prob]
 enter on or after:  time enter_date
 exit on or before:  failure
    t for analysis:  (time-origin)
            origin:  time enter_date

------------------------------------------------------------------------------
     16,082  total observations
      3,956  observations end on or before enter()
------------------------------------------------------------------------------
     12,126  observations remaining, representing
     12,126  subjects
     11,427  failures in single-failure-per-subject data
    539,445  total analysis time at risk and under observation
                                                at risk from t =         0
                                     earliest observed entry t =         0
                                          last observed exit t =       306
(8,043 missing values generated)
(12,880 missing values generated)
(1,198 observations (episodes) created)
(13,324 real changes made)
(1,052 observations (episodes) created)
(789 real changes made)
(covid_tpp_prob: 2250 changes made)

observation |
   interval |      Freq.     Percent        Cum.
------------+-----------------------------------
          0 |      6,312       43.91       43.91
          1 |      7,275       50.61       94.51
          2 |        789        5.49      100.00
------------+-----------------------------------
      Total |     14,376      100.00

           |   Failure/censoring
           |     indicator for
           |  outcome: covid prob
observatio |         case
n interval |         0          1 |     Total
-----------+----------------------+----------
         0 |       984      2,237 |     3,221 
         1 |       484      3,276 |     3,760 
         2 |        31        367 |       398 
-----------+----------------------+----------
     Total |     1,499      5,880 |     7,379 
(17,543 observations deleted)
(391 observations deleted)
  256

    Variable |        Obs        Mean    Std. Dev.       Min        Max
-------------+---------------------------------------------------------
total_foll~p |        281       19013           0      19013      19013

 ( 1)  1bn.vaccine#2.kids_cat4 = 0
 ( 2)  1bn.vaccine#1.kids_cat4 = 0

           chi2(  2) =    0.06
         Prob > chi2 =    0.9683
(12,445 real changes made)

                id:  patient_id
     failure event:  covid_tpp_prob != 0 & covid_tpp_prob < .
obs. time interval:  (stime_covid_tpp_prob[_n-1], stime_covid_tpp_prob]
 enter on or after:  time enter_date
 exit on or before:  failure
    t for analysis:  (time-origin)
            origin:  time enter_date

------------------------------------------------------------------------------
     16,082  total observations
      3,956  observations end on or before enter()
------------------------------------------------------------------------------
     12,126  observations remaining, representing
     12,126  subjects
     11,427  failures in single-failure-per-subject data
    539,445  total analysis time at risk and under observation
                                                at risk from t =         0
                                     earliest observed entry t =         0
                                          last observed exit t =       306
(8,043 missing values generated)
(12,880 missing values generated)
(1,198 observations (episodes) created)
(13,324 real changes made)
(1,052 observations (episodes) created)
(789 real changes made)
(covid_tpp_prob: 2250 changes made)

observation |
   interval |      Freq.     Percent        Cum.
------------+-----------------------------------
          0 |      6,312       43.91       43.91
          1 |      7,275       50.61       94.51
          2 |        789        5.49      100.00
------------+-----------------------------------
      Total |     14,376      100.00

           |   Failure/censoring
           |     indicator for
           |  outcome: covid prob
observatio |         case
n interval |         0          1 |     Total
-----------+----------------------+----------
         0 |       939      2,152 |     3,091 
         1 |       486      3,029 |     3,515 
         2 |        25        366 |       391 
-----------+----------------------+----------
     Total |     1,450      5,547 |     6,997 
(17,543 observations deleted)
(398 observations deleted)
  257

    Variable |        Obs        Mean    Std. Dev.       Min        Max
-------------+---------------------------------------------------------
total_foll~p |        280       19656           0      19656      19656

 ( 1)  1bn.vaccine#2.kids_cat4 = 0
 ( 2)  1bn.vaccine#1.kids_cat4 = 0

           chi2(  2) =    0.75
         Prob > chi2 =    0.6878
(12,445 real changes made)

                id:  patient_id
     failure event:  covid_tpp_prob != 0 & covid_tpp_prob < .
obs. time interval:  (stime_covid_tpp_prob[_n-1], stime_covid_tpp_prob]
 enter on or after:  time enter_date
 exit on or before:  failure
    t for analysis:  (time-origin)
            origin:  time enter_date

------------------------------------------------------------------------------
     16,082  total observations
      3,956  observations end on or before enter()
------------------------------------------------------------------------------
     12,126  observations remaining, representing
     12,126  subjects
     11,427  failures in single-failure-per-subject data
    539,445  total analysis time at risk and under observation
                                                at risk from t =         0
                                     earliest observed entry t =         0
                                          last observed exit t =       306
(8,043 missing values generated)
(12,880 missing values generated)
(1,198 observations (episodes) created)
(13,324 real changes made)
(1,052 observations (episodes) created)
(789 real changes made)
(covid_tpp_prob: 2250 changes made)

observation |
   interval |      Freq.     Percent        Cum.
------------+-----------------------------------
          0 |      6,312       43.91       43.91
          1 |      7,275       50.61       94.51
          2 |        789        5.49      100.00
------------+-----------------------------------
      Total |     14,376      100.00

           |   Failure/censoring
           |     indicator for
           |  outcome: covid prob
observatio |         case
n interval |         0          1 |     Total
-----------+----------------------+----------
         0 |       296        648 |       944 
         1 |       149        991 |     1,140 
         2 |         7        109 |       116 
-----------+----------------------+----------
     Total |       452      1,748 |     2,200 
(17,543 observations deleted)
(673 observations deleted)
  78

    Variable |        Obs        Mean    Std. Dev.       Min        Max
-------------+---------------------------------------------------------
total_foll~p |         85        6562           0       6562       6562

 ( 1)  1bn.vaccine#2.kids_cat4 = 0
 ( 2)  1bn.vaccine#1.kids_cat4 = 0

           chi2(  2) =    1.31
         Prob > chi2 =    0.5198
(12,445 real changes made)

                id:  patient_id
     failure event:  covid_tpp_prob != 0 & covid_tpp_prob < .
obs. time interval:  (stime_covid_tpp_prob[_n-1], stime_covid_tpp_prob]
 enter on or after:  time enter_date
 exit on or before:  failure
    t for analysis:  (time-origin)
            origin:  time enter_date

------------------------------------------------------------------------------
     16,082  total observations
      3,956  observations end on or before enter()
------------------------------------------------------------------------------
     12,126  observations remaining, representing
     12,126  subjects
     11,427  failures in single-failure-per-subject data
    539,445  total analysis time at risk and under observation
                                                at risk from t =         0
                                     earliest observed entry t =         0
                                          last observed exit t =       306
(8,043 missing values generated)
(12,880 missing values generated)
(1,198 observations (episodes) created)
(13,324 real changes made)
(1,052 observations (episodes) created)
(789 real changes made)
(covid_tpp_prob: 2250 changes made)

observation |
   interval |      Freq.     Percent        Cum.
------------+-----------------------------------
          0 |      6,312       43.91       43.91
          1 |      7,275       50.61       94.51
          2 |        789        5.49      100.00
------------+-----------------------------------
      Total |     14,376      100.00

           |   Failure/censoring
           |     indicator for
           |  outcome: covid prob
observatio |         case
n interval |         0          1 |     Total
-----------+----------------------+----------
         0 |     1,627      3,741 |     5,368 
         1 |       821      5,314 |     6,135 
         2 |        49        624 |       673 
-----------+----------------------+----------
     Total |     2,497      9,679 |    12,176 
(17,543 observations deleted)
(116 observations deleted)
  435

    Variable |        Obs        Mean    Std. Dev.       Min        Max
-------------+---------------------------------------------------------
total_foll~p |        476       32107           0      32107      32107

 ( 1)  1bn.vaccine#2.kids_cat4 = 0
 ( 2)  1bn.vaccine#1.kids_cat4 = 0

           chi2(  2) =    0.34
         Prob > chi2 =    0.8446

. file write tablecontents_int _n

. 
. file close tablecontents_int

. 
. postclose HRestimates_int

. 
. log close
      name:  <unnamed>
       log:  /workspace/logs/11_an_interaction_HR_tables_forest_vaccine_sex_shi
> eld_covid_tpp_prob.log
  log type:  text
 closed on:  28 Oct 2021, 13:54:43
-------------------------------------------------------------------------------
