-------------------------------------------------------------------------------
      name:  <unnamed>
       log:  /workspace/logs/11_an_interaction_HR_tables_forest_vaccine_covidad
> mission.log
  log type:  text
 opened on:  17 Aug 2021, 08:04:36

. 
. *****************************************************************************
> ******************************************
. *Generic code to ouput the HRs across outcomes for all levels of a particular
>  variables, in the right shape for table
. cap prog drop outputHRsforvar

. prog define outputHRsforvar
  1. syntax, variable(string) min(real) max(real) outcome(string)
  2. file write tablecontents_int _tab ("exposure") _tab ("exposure level") _ta
> b ("vaccine") ///
> _tab ("outcome") _tab ("strata") _tab ("strata_level") ///
> _tab ("HR")  _tab ("lci")  _tab ("uci") _tab ("pval") _n
  3. foreach vaccine in 0 1 {
  4. forvalues i=`min'/`max'{
  5. foreach strata in male shield {
  6. 
. forvalues level=0/1 {
  7. 
. local endwith "_tab"
  8. 
.         *put the varname and condition to left so that alignment can be check
> ed vs shell
.         file write tablecontents_int  _tab ("`variable'") _tab ("`i'") _tab (
> "`vaccine'") _tab ("`outcome'") _tab ("`strata'") _tab ("`level'") _tab
  9. 
.         foreach modeltype of any fulladj {
 10. 
.                 local noestimatesflag 0 /*reset*/
 11. 
. *CHANGE THE OUTCOME BELOW TO LAST IF BRINGING IN MORE COLS
.                 if "`modeltype'"=="fulladj" local endwith "_n"
 12. 
.                 ***********************
.                 *1) GET THE RIGHT ESTIMATES INTO MEMORY
. 
.                 if "`modeltype'"=="fulladj" {
 13.                                 cap estimates use ./output/an_interaction_
> cox_models_`outcome'_kids_cat4_vaccine_0`strata'`level'
 14.                                 if _rc!=0 local noestimatesflag 1
 15.                                 }
 16.                 ***********************
.                 *2) WRITE THE HRs TO THE OUTPUT FILE
. 
.                 if `noestimatesflag'==0{
 17.                         if `vaccine'==0 {
 18.                         test 1.vaccine#`i'.`variable'
 19.                         *overall p-value for interaction: test 1.vaccine#1
> .`variable' test 1.`vaccine'#2.`variable'
.                         local pval=r(p)
 20.                         cap lincom `i'.`variable', eform
 21.                         if _rc==0 file write tablecontents_int %4.2f (r(es
> timate)) _tab %4.2f (r(lb)) _tab %4.2f (r(ub)) _tab %4.2f (`pval') `endwith'
 22. 
.                                 else file write tablecontents_int %4.2f ("ERR
>  IN MODEL") `endwith'
 23.                                 }
 24.                         if `vaccine'==1 {
 25.                         cap lincom `i'.`variable'+ 1.vaccine#`i'.`variable
> ', eform
 26.                         if _rc==0 file write tablecontents_int %4.2f (r(es
> timate)) _tab %4.2f (r(lb)) _tab %4.2f (r(ub)) _tab  `endwith'
 27.                                 else file write tablecontents_int %4.2f ("
> ERR IN MODEL") `endwith'
 28.                                 }
 29.                         }
 30.                         else file write tablecontents_int %4.2f ("DID NOT 
> FIT") `endwith'
 31. 
.                 *3) Save the estimates for plotting
.                 if `noestimatesflag'==0{
 32.                         if "`modeltype'"=="fulladj" {
 33.                                 local hr = r(estimate)
 34.                                 local lb = r(lb)
 35.                                 local ub = r(ub)
 36.                                 cap gen `variable'=.
 37.                                 test 1.vaccine#2.`variable' 1.vaccine#1.`v
> ariable'
 38.                                 local pval=r(p)
 39.                                 post HRestimates_int ("`vaccine'") ("`outc
> ome'") ("`variable'") ("`strata'") (`i') (`level') (`hr') (`lb') (`ub') (`pva
> l')
 40.                                 drop `variable'
 41.                         }
 42.                 }
 43.                 }
 44.                 } /*level*/
 45.                 } /*full adj*/
 46. 
. } /*variable levels*/
 47. } /*agebands*/
 48. end

. *****************************************************************************
> ******************************************
. 
. *MAIN CODE TO PRODUCE TABLE CONTENTS
. cap file close tablecontents_int

. file open tablecontents_int using ./output/11_an_int_tab_contents_HRtable_`ou
> tcome'_vaccine_strat.txt, t w replace
(note: file ./output/11_an_int_tab_contents_HRtable_covidadmission_vaccine_stra
> t.txt not found)

. 
. tempfile HRestimates_int

. cap postutil clear

. postfile HRestimates_int str10 vaccine str10 outcome str27 variable str27 str
> ata i level hr lci uci pval using `HRestimates_int'

. 
. *Primary exposure
. outputHRsforvar, variable("kids_cat4") min(1) max(3) outcome(`outcome')

 ( 1)  1.vaccine#1.kids_cat4 = 0

           chi2(  1) =    0.00
         Prob > chi2 =    0.9783

 ( 1)  1.vaccine#2.kids_cat4 = 0
 ( 2)  1.vaccine#1.kids_cat4 = 0

           chi2(  2) =  890.56
         Prob > chi2 =    0.0000

 ( 1)  1.vaccine#1.kids_cat4 = 0

           chi2(  1) =10103.07
         Prob > chi2 =    0.0000

 ( 1)  1.vaccine#2.kids_cat4 = 0
 ( 2)  1.vaccine#1.kids_cat4 = 0

           chi2(  2) =10141.54
         Prob > chi2 =    0.0000

 ( 1)  1.vaccine#1.kids_cat4 = 0

           chi2(  1) = 2694.64
         Prob > chi2 =    0.0000

 ( 1)  1o.vaccine#2o.kids_cat4 = 0
 ( 2)  1.vaccine#1.kids_cat4 = 0
       Constraint 1 dropped

           chi2(  1) = 2694.64
         Prob > chi2 =    0.0000

 ( 1)  1.vaccine#1.kids_cat4 = 0

           chi2(  1) =    1.11
         Prob > chi2 =    0.2929

 ( 1)  1.vaccine#2.kids_cat4 = 0
 ( 2)  1.vaccine#1.kids_cat4 = 0

           chi2(  2) =    1.59
         Prob > chi2 =    0.4520

 ( 1)  1.vaccine#2.kids_cat4 = 0

           chi2(  1) =  890.38
         Prob > chi2 =    0.0000

 ( 1)  1.vaccine#2.kids_cat4 = 0
 ( 2)  1.vaccine#1.kids_cat4 = 0

           chi2(  2) =  890.56
         Prob > chi2 =    0.0000

 ( 1)  1.vaccine#2.kids_cat4 = 0

           chi2(  1) =    1.96
         Prob > chi2 =    0.1610

 ( 1)  1.vaccine#2.kids_cat4 = 0
 ( 2)  1.vaccine#1.kids_cat4 = 0

           chi2(  2) =10141.54
         Prob > chi2 =    0.0000

 ( 1)  1o.vaccine#2o.kids_cat4 = 0
       Constraint 1 dropped

           chi2(  0) =       .
         Prob > chi2 =         .

 ( 1)  1o.vaccine#2o.kids_cat4 = 0
 ( 2)  1.vaccine#1.kids_cat4 = 0
       Constraint 1 dropped

           chi2(  1) = 2694.64
         Prob > chi2 =    0.0000

 ( 1)  1.vaccine#2.kids_cat4 = 0

           chi2(  1) =    0.47
         Prob > chi2 =    0.4914

 ( 1)  1.vaccine#2.kids_cat4 = 0
 ( 2)  1.vaccine#1.kids_cat4 = 0

           chi2(  2) =    1.59
         Prob > chi2 =    0.4520

 ( 1)  1.vaccine#3.kids_cat4 = 0

           chi2(  1) =    1.67
         Prob > chi2 =    0.1963

 ( 1)  1.vaccine#2.kids_cat4 = 0
 ( 2)  1.vaccine#1.kids_cat4 = 0

           chi2(  2) =  890.56
         Prob > chi2 =    0.0000

 ( 1)  1.vaccine#3.kids_cat4 = 0

           chi2(  1) =    1.19
         Prob > chi2 =    0.2763

 ( 1)  1.vaccine#2.kids_cat4 = 0
 ( 2)  1.vaccine#1.kids_cat4 = 0

           chi2(  2) =10141.54
         Prob > chi2 =    0.0000

 ( 1)  1.vaccine#3.kids_cat4 = 0

           chi2(  1) =    0.29
         Prob > chi2 =    0.5907

 ( 1)  1o.vaccine#2o.kids_cat4 = 0
 ( 2)  1.vaccine#1.kids_cat4 = 0
       Constraint 1 dropped

           chi2(  1) = 2694.64
         Prob > chi2 =    0.0000

 ( 1)  1.vaccine#3.kids_cat4 = 0

           chi2(  1) =    2.89
         Prob > chi2 =    0.0889

 ( 1)  1.vaccine#2.kids_cat4 = 0
 ( 2)  1.vaccine#1.kids_cat4 = 0

           chi2(  2) =    1.59
         Prob > chi2 =    0.4520

 ( 1)  1.vaccine#2.kids_cat4 = 0
 ( 2)  1.vaccine#1.kids_cat4 = 0

           chi2(  2) =  890.56
         Prob > chi2 =    0.0000

 ( 1)  1.vaccine#2.kids_cat4 = 0
 ( 2)  1.vaccine#1.kids_cat4 = 0

           chi2(  2) =10141.54
         Prob > chi2 =    0.0000

 ( 1)  1o.vaccine#2o.kids_cat4 = 0
 ( 2)  1.vaccine#1.kids_cat4 = 0
       Constraint 1 dropped

           chi2(  1) = 2694.64
         Prob > chi2 =    0.0000

 ( 1)  1.vaccine#2.kids_cat4 = 0
 ( 2)  1.vaccine#1.kids_cat4 = 0

           chi2(  2) =    1.59
         Prob > chi2 =    0.4520

 ( 1)  1.vaccine#2.kids_cat4 = 0
 ( 2)  1.vaccine#1.kids_cat4 = 0

           chi2(  2) =  890.56
         Prob > chi2 =    0.0000

 ( 1)  1.vaccine#2.kids_cat4 = 0
 ( 2)  1.vaccine#1.kids_cat4 = 0

           chi2(  2) =10141.54
         Prob > chi2 =    0.0000

 ( 1)  1o.vaccine#2o.kids_cat4 = 0
 ( 2)  1.vaccine#1.kids_cat4 = 0
       Constraint 1 dropped

           chi2(  1) = 2694.64
         Prob > chi2 =    0.0000

 ( 1)  1.vaccine#2.kids_cat4 = 0
 ( 2)  1.vaccine#1.kids_cat4 = 0

           chi2(  2) =    1.59
         Prob > chi2 =    0.4520

 ( 1)  1.vaccine#2.kids_cat4 = 0
 ( 2)  1.vaccine#1.kids_cat4 = 0

           chi2(  2) =  890.56
         Prob > chi2 =    0.0000

 ( 1)  1.vaccine#2.kids_cat4 = 0
 ( 2)  1.vaccine#1.kids_cat4 = 0

           chi2(  2) =10141.54
         Prob > chi2 =    0.0000

 ( 1)  1o.vaccine#2o.kids_cat4 = 0
 ( 2)  1.vaccine#1.kids_cat4 = 0
       Constraint 1 dropped

           chi2(  1) = 2694.64
         Prob > chi2 =    0.0000

 ( 1)  1.vaccine#2.kids_cat4 = 0
 ( 2)  1.vaccine#1.kids_cat4 = 0

           chi2(  2) =    1.59
         Prob > chi2 =    0.4520

. file write tablecontents_int _n

. 
. file close tablecontents_int

. 
. postclose HRestimates_int

. 
. log close
      name:  <unnamed>
       log:  /workspace/logs/11_an_interaction_HR_tables_forest_vaccine_covidad
> mission.log
  log type:  text
 closed on:  17 Aug 2021, 08:04:37
-------------------------------------------------------------------------------
