-------------------------------------------------------------------------------
      name:  <unnamed>
       log:  /workspace/logs/15_an_tablecontents_HRtable_all_outcomes_ANALYSES.
> log
  log type:  text
 opened on:  28 Oct 2021, 11:51:42

. 
. 
. *****************************************************************************
> ******************************************
. *Generic code to ouput the HRs across outcomes for all levels of a particular
>  variables, in the right shape for table
. cap prog drop outputHRsforvar

. prog define outputHRsforvar
  1. syntax, variable(string) min(real) max(real)
  2. file write tablecontents_all_outcomes ("period") _tab ("age") _tab ("expos
> ure") _tab ("exposure level") ///
> _tab ("outcome") _tab ("HR")  _tab ("lci")  _tab ("uci")  _n
  3. foreach period in 0 1 2 3 4 {
  4. forvalues x=0/1 {
  5. foreach outcome in  covid_tpp_prob covidadmission covid_death  {
  6. forvalues i=1/3 {
  7. local endwith "_tab"
  8. 
.         *put the varname and condition to left so that alignment can be check
> ed vs shell
.         file write tablecontents_all_outcomes ("`period'") _tab ("`x'") _tab 
> ("`variable'") _tab ("`i'") _tab ("`outcome'") _tab
  9. 
.         foreach modeltype of any plus_ethadj {
 10.         
.                 local noestimatesflag 0 /*reset*/
 11. 
. *CHANGE THE OUTCOME BELOW TO LAST IF BRINGING IN MORE COLS
.                 if "`modeltype'"=="plus_ethadj" local endwith "_n"
 12. 
.                 ***********************
.                 *1) GET THE RIGHT ESTIMATES INTO MEMORY
.         
.                 if "`modeltype'"=="plus_ethadj" {
 13.                                 cap estimates use ./output/an_multivariate
> _cox_models_`outcome'_`variable'_FULLYADJMODEL_ageband_`x'_timeperiod`period'
 14.                                 if _rc!=0 local noestimatesflag 1
 15.                                 }
 16.                 
.                 ***********************
.                 *2) WRITE THE HRs TO THE OUTPUT FILE
.                 
.                 if `noestimatesflag'==0 & "`modeltype'"=="plus_ethadj"  {
 17.                         cap lincom `i'.`variable', eform
 18.                         if _rc==0 file write tablecontents_all_outcomes %4
> .2f (r(estimate)) _tab %4.2f (r(lb)) _tab %4.2f (r(ub)) _tab (e(N))  `endwith
> '
 19.                                 else file write tablecontents_all_outcomes
>  %4.2f ("ERR IN MODEL") `endwith'
 20.                         }
 21.                         
.                 *3) Save the estimates for plotting
.                 if `noestimatesflag'==0{
 22.                         if "`modeltype'"=="plus_ethadj"   {
 23.                                 local hr = r(estimate)
 24.                                 local lb = r(lb)
 25.                                 local ub = r(ub)
 26.                                 post HRestimates_all_outcomes ("`period'")
>  ("`x'") ("`outcome'") ("`variable'") (`i') (`hr') (`lb') (`ub')
 27.                                 }
 28.                 }       
 29.                 } /*min adj, full adj*/
 30.         } /*datasets*/
 31.                 
. } /*variable levels*/
 32. } /*age levels*/
 33. } /*sense levels*/
 34. 
. end

. 
. *MAIN CODE TO PRODUCE TABLE CONTENTS
. 
. 
. cap file close tablecontents_all_outcomes

. file open tablecontents_all_outcomes using ./output/15_an_tablecontents_HRtab
> le_all_outcomes_ANALYSES.txt, t w replace 
(note: file ./output/15_an_tablecontents_HRtable_all_outcomes_ANALYSES.txt not 
> found)

. 
. tempfile HRestimates_all_outcomes

. cap postutil clear

. postfile HRestimates_all_outcomes str10 period str10 x str10 outcome str27 va
> riable i hr lci uci using `HRestimates_all_outcomes'

. 
. 
. *Primary exposure
. outputHRsforvar, variable("kids_cat4") min(1) max(3) 

. file write tablecontents_all_outcomes _n

. 
. file close tablecontents_all_outcomes

. 
. postclose HRestimates_all_outcomes

. 
. use `HRestimates_all_outcomes', clear

. save ./output/HRestimates_all_outcomes, replace
(note: file ./output/HRestimates_all_outcomes.dta not found)
file ./output/HRestimates_all_outcomes.dta saved

. 
. log close
      name:  <unnamed>
       log:  /workspace/logs/15_an_tablecontents_HRtable_all_outcomes_ANALYSES.
> log
  log type:  text
 closed on:  28 Oct 2021, 11:51:44
-------------------------------------------------------------------------------
