-------------------------------------------------------------------------------
      name:  <unnamed>
       log:  /workspace/logs/comorbidity.log
  log type:  text
 opened on:  15 Mar 2023, 12:20:25

. import delimited "output/input_comorbidity", clear
(11 vars, 200,000 obs)

. tab stroke_gp stroke_hes, row col

+-------------------+
| Key               |
|-------------------|
|     frequency     |
|  row percentage   |
| column percentage |
+-------------------+

           |      stroke_hes
 stroke_gp |         0          1 |     Total
-----------+----------------------+----------
         0 |   127,935     32,065 |   160,000 
           |     79.96      20.04 |    100.00 
           |     79.96      80.16 |     80.00 
-----------+----------------------+----------
         1 |    32,065      7,935 |    40,000 
           |     80.16      19.84 |    100.00 
           |     20.04      19.84 |     20.00 
-----------+----------------------+----------
     Total |   160,000     40,000 |   200,000 
           |     80.00      20.00 |    100.00 
           |    100.00     100.00 |    100.00 

. tab lung_cancer_gp lung_cancer_hes, row col

+-------------------+
| Key               |
|-------------------|
|     frequency     |
|  row percentage   |
| column percentage |
+-------------------+

lung_cance |    lung_cancer_hes
      r_gp |         0          1 |     Total
-----------+----------------------+----------
         0 |   127,971     32,029 |   160,000 
           |     79.98      20.02 |    100.00 
           |     79.98      80.07 |     80.00 
-----------+----------------------+----------
         1 |    32,029      7,971 |    40,000 
           |     80.07      19.93 |    100.00 
           |     20.02      19.93 |     20.00 
-----------+----------------------+----------
     Total |   160,000     40,000 |   200,000 
           |     80.00      20.00 |    100.00 
           |    100.00     100.00 |    100.00 

. tab hypertension_gp hypertension_hes, row col

+-------------------+
| Key               |
|-------------------|
|     frequency     |
|  row percentage   |
| column percentage |
+-------------------+

hypertensi |   hypertension_hes
     on_gp |         0          1 |     Total
-----------+----------------------+----------
         0 |   127,951     32,049 |   160,000 
           |     79.97      20.03 |    100.00 
           |     79.97      80.12 |     80.00 
-----------+----------------------+----------
         1 |    32,049      7,951 |    40,000 
           |     80.12      19.88 |    100.00 
           |     20.03      19.88 |     20.00 
-----------+----------------------+----------
     Total |   160,000     40,000 |   200,000 
           |     80.00      20.00 |    100.00 
           |    100.00     100.00 |    100.00 

. tab asthma_gp asthma_hes, row col

+-------------------+
| Key               |
|-------------------|
|     frequency     |
|  row percentage   |
| column percentage |
+-------------------+

           |      asthma_hes
 asthma_gp |         0          1 |     Total
-----------+----------------------+----------
         0 |   127,995     32,005 |   160,000 
           |     80.00      20.00 |    100.00 
           |     80.00      80.01 |     80.00 
-----------+----------------------+----------
         1 |    32,005      7,995 |    40,000 
           |     80.01      19.99 |    100.00 
           |     20.00      19.99 |     20.00 
-----------+----------------------+----------
     Total |   160,000     40,000 |   200,000 
           |     80.00      20.00 |    100.00 
           |    100.00     100.00 |    100.00 

. tab epilepsy_gp epilepsy_hes, row col

+-------------------+
| Key               |
|-------------------|
|     frequency     |
|  row percentage   |
| column percentage |
+-------------------+

epilepsy_g |     epilepsy_hes
         p |         0          1 |     Total
-----------+----------------------+----------
         0 |   128,088     31,912 |   160,000 
           |     80.05      19.95 |    100.00 
           |     80.05      79.78 |     80.00 
-----------+----------------------+----------
         1 |    31,912      8,088 |    40,000 
           |     79.78      20.22 |    100.00 
           |     19.95      20.22 |     20.00 
-----------+----------------------+----------
     Total |   160,000     40,000 |   200,000 
           |     80.00      20.00 |    100.00 
           |    100.00     100.00 |    100.00 

. log close
      name:  <unnamed>
       log:  /workspace/logs/comorbidity.log
  log type:  text
 closed on:  15 Mar 2023, 12:20:26
-------------------------------------------------------------------------------
